2021-09-06 10:05:07,332 :: INFO :: Start experiment: luna-276376
2021-09-06 10:05:07,335 :: INFO :: Control node : Starting of control node serial interface
2021-09-06 10:05:07,338 :: INFO :: Control node : reset
2021-09-06 10:05:07,341 :: INFO :: Reset Control Node
2021-09-06 10:05:10,304 :: INFO :: Control node : start power of open node
2021-09-06 10:05:10,361 :: INFO :: Node OpenOCD: Setup of openocd node
2021-09-06 10:05:13,412 :: INFO :: Node OpenOCD: flash of openocd node
2021-09-06 10:05:13,427 :: INFO :: Flash firmware on OpenOCD: /tmp/tmpwGkjpv--11b39be0afbe655a47f82e084cf5704d_unicast-sender-count-60T-191B.iotlab-m3
2021-09-06 10:05:20,381 :: INFO :: Control node : Start experiment
2021-09-06 10:05:20,455 :: INFO :: Control Node set time delay: 1800 us
2021-09-06 10:05:20,501 :: INFO :: Control node : profile configuration
2021-09-06 10:05:20,508 :: INFO :: Configure profile on Control Node
2021-09-06 10:05:20,587 :: INFO :: Start experiment succeeded
2021-09-06 11:06:26,418 :: INFO :: Gateway Manager : Stop experiment
2021-09-06 11:06:26,427 :: INFO :: Stop experiment
2021-09-06 11:06:26,436 :: INFO :: Control node : stop of the experiment
2021-09-06 11:06:26,443 :: INFO :: Control node : profile configuration
2021-09-06 11:06:26,449 :: INFO :: Configure profile on Control Node
2021-09-06 11:06:26,521 :: INFO :: Control node : start power of open node
2021-09-06 11:06:26,562 :: INFO :: Node OpenOCD: teardown of openocd node
2021-09-06 11:06:29,633 :: INFO :: openocd node debugger stop
2021-09-06 11:06:30,316 :: INFO :: Node OpenOCD: flash of openocd node
2021-09-06 11:06:30,331 :: INFO :: Flash firmware on OpenOCD: /usr/lib/python2.7/site-packages/gateway_code/static/m3_idle.elf
2021-09-06 11:06:32,899 :: INFO :: Control node : Stop control node serial interface
2021-09-06 11:06:32,907 :: INFO :: Control node : stop power of open node
2021-09-06 11:06:32,999 :: INFO :: Control node : reset
2021-09-06 11:06:33,005 :: INFO :: Reset Control Node
2021-09-06 11:06:35,892 :: INFO :: Stop experiment succeeded
