2021-09-06 10:05:07,312 :: INFO :: Start experiment: luna-276376
2021-09-06 10:05:07,316 :: INFO :: Control node : Starting of control node serial interface
2021-09-06 10:05:07,319 :: INFO :: Control node : reset
2021-09-06 10:05:07,321 :: INFO :: Reset Control Node
2021-09-06 10:05:10,275 :: INFO :: Control node : start power of open node
2021-09-06 10:05:10,330 :: INFO :: Node OpenOCD: Setup of openocd node
2021-09-06 10:05:13,377 :: INFO :: Node OpenOCD: flash of openocd node
2021-09-06 10:05:13,392 :: INFO :: Flash firmware on OpenOCD: /tmp/tmppfeL3l--ddd0625ff8382e7208c25657471d6a4a_unicast-receiver-count.iotlab-m3
2021-09-06 10:05:19,934 :: INFO :: Control node : Start experiment
2021-09-06 10:05:19,991 :: INFO :: Control Node set time delay: 1800 us
2021-09-06 10:05:20,024 :: INFO :: Control node : profile configuration
2021-09-06 10:05:20,031 :: INFO :: Configure profile on Control Node
2021-09-06 10:05:20,112 :: INFO :: Start experiment succeeded
2021-09-06 11:06:26,425 :: INFO :: Gateway Manager : Stop experiment
2021-09-06 11:06:26,434 :: INFO :: Stop experiment
2021-09-06 11:06:26,443 :: INFO :: Control node : stop of the experiment
2021-09-06 11:06:26,453 :: INFO :: Control node : profile configuration
2021-09-06 11:06:26,460 :: INFO :: Configure profile on Control Node
2021-09-06 11:06:26,535 :: INFO :: Control node : start power of open node
2021-09-06 11:06:26,580 :: INFO :: Node OpenOCD: teardown of openocd node
2021-09-06 11:06:29,659 :: INFO :: openocd node debugger stop
2021-09-06 11:06:30,354 :: INFO :: Node OpenOCD: flash of openocd node
2021-09-06 11:06:30,369 :: INFO :: Flash firmware on OpenOCD: /usr/lib/python2.7/site-packages/gateway_code/static/m3_idle.elf
2021-09-06 11:06:32,918 :: INFO :: Control node : Stop control node serial interface
2021-09-06 11:06:32,926 :: INFO :: Control node : stop power of open node
2021-09-06 11:06:33,002 :: INFO :: Control node : reset
2021-09-06 11:06:33,009 :: INFO :: Reset Control Node
2021-09-06 11:06:35,900 :: INFO :: Stop experiment succeeded
