2021-09-06 10:05:07,305 :: INFO :: Start experiment: luna-276376
2021-09-06 10:05:07,309 :: INFO :: Control node : Starting of control node serial interface
2021-09-06 10:05:07,312 :: INFO :: Control node : reset
2021-09-06 10:05:07,314 :: INFO :: Reset Control Node
2021-09-06 10:05:10,272 :: INFO :: Control node : start power of open node
2021-09-06 10:05:10,328 :: INFO :: Node OpenOCD: Setup of openocd node
2021-09-06 10:05:13,372 :: INFO :: Node OpenOCD: flash of openocd node
2021-09-06 10:05:13,387 :: INFO :: Flash firmware on OpenOCD: /tmp/tmpgkoGQ4--11b39be0afbe655a47f82e084cf5704d_unicast-sender-count-60T-191B.iotlab-m3
2021-09-06 10:05:20,397 :: INFO :: Control node : Start experiment
2021-09-06 10:05:20,448 :: INFO :: Control Node set time delay: 1526 us
2021-09-06 10:05:20,480 :: INFO :: Control node : profile configuration
2021-09-06 10:05:20,487 :: INFO :: Configure profile on Control Node
2021-09-06 10:05:20,529 :: INFO :: Start experiment succeeded
2021-09-06 11:06:26,422 :: INFO :: Gateway Manager : Stop experiment
2021-09-06 11:06:26,431 :: INFO :: Stop experiment
2021-09-06 11:06:26,440 :: INFO :: Control node : stop of the experiment
2021-09-06 11:06:26,447 :: INFO :: Control node : profile configuration
2021-09-06 11:06:26,454 :: INFO :: Configure profile on Control Node
2021-09-06 11:06:26,529 :: INFO :: Control node : start power of open node
2021-09-06 11:06:26,574 :: INFO :: Node OpenOCD: teardown of openocd node
2021-09-06 11:06:29,626 :: INFO :: openocd node debugger stop
2021-09-06 11:06:30,311 :: INFO :: Node OpenOCD: flash of openocd node
2021-09-06 11:06:30,326 :: INFO :: Flash firmware on OpenOCD: /usr/lib/python2.7/site-packages/gateway_code/static/m3_idle.elf
2021-09-06 11:06:32,890 :: INFO :: Control node : Stop control node serial interface
2021-09-06 11:06:32,899 :: INFO :: Control node : stop power of open node
2021-09-06 11:06:33,007 :: INFO :: Control node : reset
2021-09-06 11:06:33,013 :: INFO :: Reset Control Node
2021-09-06 11:06:35,901 :: INFO :: Stop experiment succeeded
