2021-09-06 10:05:07,304 :: INFO :: Start experiment: luna-276376
2021-09-06 10:05:07,307 :: INFO :: Control node : Starting of control node serial interface
2021-09-06 10:05:07,310 :: INFO :: Control node : reset
2021-09-06 10:05:07,313 :: INFO :: Reset Control Node
2021-09-06 10:05:10,264 :: INFO :: Control node : start power of open node
2021-09-06 10:05:10,320 :: INFO :: Node OpenOCD: Setup of openocd node
2021-09-06 10:05:13,371 :: INFO :: Node OpenOCD: flash of openocd node
2021-09-06 10:05:13,386 :: INFO :: Flash firmware on OpenOCD: /tmp/tmpNk4oXn--11b39be0afbe655a47f82e084cf5704d_unicast-sender-count-60T-191B.iotlab-m3
2021-09-06 10:05:20,195 :: INFO :: Control node : Start experiment
2021-09-06 10:05:20,251 :: INFO :: Control Node set time delay: 1159 us
2021-09-06 10:05:20,275 :: INFO :: Control node : profile configuration
2021-09-06 10:05:20,282 :: INFO :: Configure profile on Control Node
2021-09-06 10:05:20,360 :: INFO :: Start experiment succeeded
2021-09-06 11:06:26,452 :: INFO :: Gateway Manager : Stop experiment
2021-09-06 11:06:26,461 :: INFO :: Stop experiment
2021-09-06 11:06:26,469 :: INFO :: Control node : stop of the experiment
2021-09-06 11:06:26,477 :: INFO :: Control node : profile configuration
2021-09-06 11:06:26,484 :: INFO :: Configure profile on Control Node
2021-09-06 11:06:26,559 :: INFO :: Control node : start power of open node
2021-09-06 11:06:26,602 :: INFO :: Node OpenOCD: teardown of openocd node
2021-09-06 11:06:29,653 :: INFO :: openocd node debugger stop
2021-09-06 11:06:30,337 :: INFO :: Node OpenOCD: flash of openocd node
2021-09-06 11:06:30,344 :: INFO :: Flash firmware on OpenOCD: /usr/lib/python2.7/site-packages/gateway_code/static/m3_idle.elf
2021-09-06 11:06:32,804 :: INFO :: Control node : Stop control node serial interface
2021-09-06 11:06:32,809 :: INFO :: Control node : stop power of open node
2021-09-06 11:06:32,869 :: INFO :: Control node : reset
2021-09-06 11:06:32,873 :: INFO :: Reset Control Node
2021-09-06 11:06:35,752 :: INFO :: Stop experiment succeeded
