2021-09-05 15:42:57,174 :: INFO :: Start experiment: luna-276358
2021-09-05 15:42:57,178 :: INFO :: Control node : Starting of control node serial interface
2021-09-05 15:42:57,181 :: INFO :: Control node : reset
2021-09-05 15:42:57,183 :: INFO :: Reset Control Node
2021-09-05 15:43:00,082 :: INFO :: Control node : start power of open node
2021-09-05 15:43:00,137 :: INFO :: Node OpenOCD: Setup of openocd node
2021-09-05 15:43:03,182 :: INFO :: Node OpenOCD: flash of openocd node
2021-09-05 15:43:03,201 :: INFO :: Flash firmware on OpenOCD: /tmp/tmpwOVWOB--3e6b491341ebfbb107b5d3aaa6c4431d_unicast-sender-count-10T-191B.iotlab-m3
2021-09-05 15:43:10,133 :: INFO :: Control node : Start experiment
2021-09-05 15:43:10,199 :: INFO :: Control Node set time delay: 1831 us
2021-09-05 15:43:10,221 :: INFO :: Control node : profile configuration
2021-09-05 15:43:10,227 :: INFO :: Configure profile on Control Node
2021-09-05 15:43:10,270 :: INFO :: Start experiment succeeded
2021-09-05 16:44:16,162 :: INFO :: Gateway Manager : Stop experiment
2021-09-05 16:44:16,176 :: INFO :: Stop experiment
2021-09-05 16:44:16,185 :: INFO :: Control node : stop of the experiment
2021-09-05 16:44:16,196 :: INFO :: Control node : profile configuration
2021-09-05 16:44:16,207 :: INFO :: Configure profile on Control Node
2021-09-05 16:44:16,297 :: INFO :: Control node : start power of open node
2021-09-05 16:44:16,341 :: INFO :: Node OpenOCD: teardown of openocd node
2021-09-05 16:44:19,396 :: INFO :: openocd node debugger stop
2021-09-05 16:44:20,052 :: INFO :: Node OpenOCD: flash of openocd node
2021-09-05 16:44:20,059 :: INFO :: Flash firmware on OpenOCD: /usr/lib/python2.7/site-packages/gateway_code/static/m3_idle.elf
2021-09-05 16:44:22,520 :: INFO :: Control node : Stop control node serial interface
2021-09-05 16:44:22,529 :: INFO :: Control node : stop power of open node
2021-09-05 16:44:22,622 :: INFO :: Control node : reset
2021-09-05 16:44:22,628 :: INFO :: Reset Control Node
2021-09-05 16:44:25,519 :: INFO :: Stop experiment succeeded
