2021-09-05 15:42:57,180 :: INFO :: Start experiment: luna-276358
2021-09-05 15:42:57,183 :: INFO :: Control node : Starting of control node serial interface
2021-09-05 15:42:57,186 :: INFO :: Control node : reset
2021-09-05 15:42:57,189 :: INFO :: Reset Control Node
2021-09-05 15:43:00,140 :: INFO :: Control node : start power of open node
2021-09-05 15:43:00,196 :: INFO :: Node OpenOCD: Setup of openocd node
2021-09-05 15:43:03,232 :: INFO :: Node OpenOCD: flash of openocd node
2021-09-05 15:43:03,241 :: INFO :: Flash firmware on OpenOCD: /tmp/tmpwYOM97--3e6b491341ebfbb107b5d3aaa6c4431d_unicast-sender-count-10T-191B.iotlab-m3
2021-09-05 15:43:10,128 :: INFO :: Control node : Start experiment
2021-09-05 15:43:10,174 :: INFO :: Control Node set time delay: 1648 us
2021-09-05 15:43:10,201 :: INFO :: Control node : profile configuration
2021-09-05 15:43:10,205 :: INFO :: Configure profile on Control Node
2021-09-05 15:43:10,246 :: INFO :: Start experiment succeeded
2021-09-05 16:44:16,207 :: INFO :: Gateway Manager : Stop experiment
2021-09-05 16:44:16,228 :: INFO :: Stop experiment
2021-09-05 16:44:16,246 :: INFO :: Control node : stop of the experiment
2021-09-05 16:44:16,269 :: INFO :: Control node : profile configuration
2021-09-05 16:44:16,286 :: INFO :: Configure profile on Control Node
2021-09-05 16:44:16,445 :: INFO :: Control node : start power of open node
2021-09-05 16:44:16,465 :: INFO :: Node OpenOCD: teardown of openocd node
2021-09-05 16:44:19,521 :: INFO :: openocd node debugger stop
2021-09-05 16:44:20,205 :: INFO :: Node OpenOCD: flash of openocd node
2021-09-05 16:44:20,220 :: INFO :: Flash firmware on OpenOCD: /usr/lib/python2.7/site-packages/gateway_code/static/m3_idle.elf
2021-09-05 16:44:22,835 :: INFO :: Control node : Stop control node serial interface
2021-09-05 16:44:22,843 :: INFO :: Control node : stop power of open node
2021-09-05 16:44:22,960 :: INFO :: Control node : reset
2021-09-05 16:44:22,967 :: INFO :: Reset Control Node
2021-09-05 16:44:25,864 :: INFO :: Stop experiment succeeded
