2021-09-05 15:42:57,200 :: INFO :: Start experiment: luna-276358
2021-09-05 15:42:57,203 :: INFO :: Control node : Starting of control node serial interface
2021-09-05 15:42:57,206 :: INFO :: Control node : reset
2021-09-05 15:42:57,209 :: INFO :: Reset Control Node
2021-09-05 15:43:00,165 :: INFO :: Control node : start power of open node
2021-09-05 15:43:00,219 :: INFO :: Node OpenOCD: Setup of openocd node
2021-09-05 15:43:03,266 :: INFO :: Node OpenOCD: flash of openocd node
2021-09-05 15:43:03,282 :: INFO :: Flash firmware on OpenOCD: /tmp/tmpNk06nZ--3e6b491341ebfbb107b5d3aaa6c4431d_unicast-sender-count-10T-191B.iotlab-m3
2021-09-05 15:43:10,236 :: INFO :: Control node : Start experiment
2021-09-05 15:43:10,285 :: INFO :: Control Node set time delay: 1099 us
2021-09-05 15:43:10,317 :: INFO :: Control node : profile configuration
2021-09-05 15:43:10,324 :: INFO :: Configure profile on Control Node
2021-09-05 15:43:10,403 :: INFO :: Start experiment succeeded
2021-09-05 16:44:16,179 :: INFO :: Gateway Manager : Stop experiment
2021-09-05 16:44:16,191 :: INFO :: Stop experiment
2021-09-05 16:44:16,202 :: INFO :: Control node : stop of the experiment
2021-09-05 16:44:16,214 :: INFO :: Control node : profile configuration
2021-09-05 16:44:16,222 :: INFO :: Configure profile on Control Node
2021-09-05 16:44:16,311 :: INFO :: Control node : start power of open node
2021-09-05 16:44:16,355 :: INFO :: Node OpenOCD: teardown of openocd node
2021-09-05 16:44:19,401 :: INFO :: openocd node debugger stop
2021-09-05 16:44:19,992 :: INFO :: Node OpenOCD: flash of openocd node
2021-09-05 16:44:20,006 :: INFO :: Flash firmware on OpenOCD: /usr/lib/python2.7/site-packages/gateway_code/static/m3_idle.elf
2021-09-05 16:44:22,580 :: INFO :: Control node : Stop control node serial interface
2021-09-05 16:44:22,585 :: INFO :: Control node : stop power of open node
2021-09-05 16:44:22,638 :: INFO :: Control node : reset
2021-09-05 16:44:22,642 :: INFO :: Reset Control Node
2021-09-05 16:44:25,567 :: INFO :: Stop experiment succeeded
