2021-09-05 15:42:57,217 :: INFO :: Start experiment: luna-276358
2021-09-05 15:42:57,221 :: INFO :: Control node : Starting of control node serial interface
2021-09-05 15:42:57,223 :: INFO :: Control node : reset
2021-09-05 15:42:57,226 :: INFO :: Reset Control Node
2021-09-05 15:43:00,229 :: INFO :: Control node : start power of open node
2021-09-05 15:43:00,286 :: INFO :: Node OpenOCD: Setup of openocd node
2021-09-05 15:43:03,329 :: INFO :: Node OpenOCD: flash of openocd node
2021-09-05 15:43:03,343 :: INFO :: Flash firmware on OpenOCD: /tmp/tmpGpBfF2--3e6b491341ebfbb107b5d3aaa6c4431d_unicast-sender-count-10T-191B.iotlab-m3
2021-09-05 15:43:10,299 :: INFO :: Control node : Start experiment
2021-09-05 15:43:10,357 :: INFO :: Control Node set time delay: 1648 us
2021-09-05 15:43:10,379 :: INFO :: Control node : profile configuration
2021-09-05 15:43:10,387 :: INFO :: Configure profile on Control Node
2021-09-05 15:43:10,425 :: INFO :: Start experiment succeeded
2021-09-05 16:44:16,156 :: INFO :: Gateway Manager : Stop experiment
2021-09-05 16:44:16,165 :: INFO :: Stop experiment
2021-09-05 16:44:16,173 :: INFO :: Control node : stop of the experiment
2021-09-05 16:44:16,180 :: INFO :: Control node : profile configuration
2021-09-05 16:44:16,187 :: INFO :: Configure profile on Control Node
2021-09-05 16:44:16,270 :: INFO :: Control node : start power of open node
2021-09-05 16:44:16,311 :: INFO :: Node OpenOCD: teardown of openocd node
2021-09-05 16:44:19,381 :: INFO :: openocd node debugger stop
2021-09-05 16:44:20,063 :: INFO :: Node OpenOCD: flash of openocd node
2021-09-05 16:44:20,077 :: INFO :: Flash firmware on OpenOCD: /usr/lib/python2.7/site-packages/gateway_code/static/m3_idle.elf
2021-09-05 16:44:22,638 :: INFO :: Control node : Stop control node serial interface
2021-09-05 16:44:22,642 :: INFO :: Control node : stop power of open node
2021-09-05 16:44:22,693 :: INFO :: Control node : reset
2021-09-05 16:44:22,697 :: INFO :: Reset Control Node
2021-09-05 16:44:25,617 :: INFO :: Stop experiment succeeded
