2021-09-05 15:42:57,206 :: INFO :: Start experiment: luna-276358
2021-09-05 15:42:57,209 :: INFO :: Control node : Starting of control node serial interface
2021-09-05 15:42:57,212 :: INFO :: Control node : reset
2021-09-05 15:42:57,215 :: INFO :: Reset Control Node
2021-09-05 15:43:00,171 :: INFO :: Control node : start power of open node
2021-09-05 15:43:00,229 :: INFO :: Node OpenOCD: Setup of openocd node
2021-09-05 15:43:03,277 :: INFO :: Node OpenOCD: flash of openocd node
2021-09-05 15:43:03,292 :: INFO :: Flash firmware on OpenOCD: /tmp/tmpDDdWkk--3e6b491341ebfbb107b5d3aaa6c4431d_unicast-sender-count-10T-191B.iotlab-m3
2021-09-05 15:43:10,294 :: INFO :: Control node : Start experiment
2021-09-05 15:43:10,346 :: INFO :: Control Node set time delay: 1801 us
2021-09-05 15:43:10,364 :: INFO :: Control node : profile configuration
2021-09-05 15:43:10,367 :: INFO :: Configure profile on Control Node
2021-09-05 15:43:10,410 :: INFO :: Start experiment succeeded
2021-09-05 16:44:16,179 :: INFO :: Gateway Manager : Stop experiment
2021-09-05 16:44:16,193 :: INFO :: Stop experiment
2021-09-05 16:44:16,206 :: INFO :: Control node : stop of the experiment
2021-09-05 16:44:16,219 :: INFO :: Control node : profile configuration
2021-09-05 16:44:16,229 :: INFO :: Configure profile on Control Node
2021-09-05 16:44:16,324 :: INFO :: Control node : start power of open node
2021-09-05 16:44:16,368 :: INFO :: Node OpenOCD: teardown of openocd node
2021-09-05 16:44:19,419 :: INFO :: openocd node debugger stop
2021-09-05 16:44:19,999 :: INFO :: Node OpenOCD: flash of openocd node
2021-09-05 16:44:20,014 :: INFO :: Flash firmware on OpenOCD: /usr/lib/python2.7/site-packages/gateway_code/static/m3_idle.elf
2021-09-05 16:44:22,593 :: INFO :: Control node : Stop control node serial interface
2021-09-05 16:44:22,602 :: INFO :: Control node : stop power of open node
2021-09-05 16:44:22,714 :: INFO :: Control node : reset
2021-09-05 16:44:22,720 :: INFO :: Reset Control Node
2021-09-05 16:44:25,558 :: INFO :: Stop experiment succeeded
