2021-09-05 15:42:57,120 :: INFO :: Start experiment: luna-276358
2021-09-05 15:42:57,123 :: INFO :: Control node : Starting of control node serial interface
2021-09-05 15:42:57,126 :: INFO :: Control node : reset
2021-09-05 15:42:57,129 :: INFO :: Reset Control Node
2021-09-05 15:43:00,083 :: INFO :: Control node : start power of open node
2021-09-05 15:43:00,138 :: INFO :: Node OpenOCD: Setup of openocd node
2021-09-05 15:43:03,170 :: INFO :: Node OpenOCD: flash of openocd node
2021-09-05 15:43:03,179 :: INFO :: Flash firmware on OpenOCD: /tmp/tmps3WaUD--3e6b491341ebfbb107b5d3aaa6c4431d_unicast-sender-count-10T-191B.iotlab-m3
2021-09-05 15:43:10,133 :: INFO :: Control node : Start experiment
2021-09-05 15:43:10,181 :: INFO :: Control Node set time delay: 1557 us
2021-09-05 15:43:10,199 :: INFO :: Control node : profile configuration
2021-09-05 15:43:10,203 :: INFO :: Configure profile on Control Node
2021-09-05 15:43:10,247 :: INFO :: Start experiment succeeded
2021-09-05 16:44:16,167 :: INFO :: Gateway Manager : Stop experiment
2021-09-05 16:44:16,180 :: INFO :: Stop experiment
2021-09-05 16:44:16,189 :: INFO :: Control node : stop of the experiment
2021-09-05 16:44:16,196 :: INFO :: Control node : profile configuration
2021-09-05 16:44:16,203 :: INFO :: Configure profile on Control Node
2021-09-05 16:44:16,278 :: INFO :: Control node : start power of open node
2021-09-05 16:44:16,321 :: INFO :: Node OpenOCD: teardown of openocd node
2021-09-05 16:44:19,372 :: INFO :: openocd node debugger stop
2021-09-05 16:44:20,052 :: INFO :: Node OpenOCD: flash of openocd node
2021-09-05 16:44:20,059 :: INFO :: Flash firmware on OpenOCD: /usr/lib/python2.7/site-packages/gateway_code/static/m3_idle.elf
2021-09-05 16:44:22,515 :: INFO :: Control node : Stop control node serial interface
2021-09-05 16:44:22,524 :: INFO :: Control node : stop power of open node
2021-09-05 16:44:22,605 :: INFO :: Control node : reset
2021-09-05 16:44:22,612 :: INFO :: Reset Control Node
2021-09-05 16:44:25,500 :: INFO :: Stop experiment succeeded
