2021-09-05 15:42:57,164 :: INFO :: Start experiment: luna-276358
2021-09-05 15:42:57,168 :: INFO :: Control node : Starting of control node serial interface
2021-09-05 15:42:57,171 :: INFO :: Control node : reset
2021-09-05 15:42:57,174 :: INFO :: Reset Control Node
2021-09-05 15:43:00,126 :: INFO :: Control node : start power of open node
2021-09-05 15:43:00,183 :: INFO :: Node OpenOCD: Setup of openocd node
2021-09-05 15:43:03,229 :: INFO :: Node OpenOCD: flash of openocd node
2021-09-05 15:43:03,237 :: INFO :: Flash firmware on OpenOCD: /tmp/tmpJFQ6kh--3e6b491341ebfbb107b5d3aaa6c4431d_unicast-sender-count-10T-191B.iotlab-m3
2021-09-05 15:43:10,291 :: INFO :: Control node : Start experiment
2021-09-05 15:43:10,326 :: INFO :: Control Node set time delay: 1434 us
2021-09-05 15:43:10,342 :: INFO :: Control node : profile configuration
2021-09-05 15:43:10,346 :: INFO :: Configure profile on Control Node
2021-09-05 15:43:10,390 :: INFO :: Start experiment succeeded
2021-09-05 16:44:16,159 :: INFO :: Gateway Manager : Stop experiment
2021-09-05 16:44:16,168 :: INFO :: Stop experiment
2021-09-05 16:44:16,177 :: INFO :: Control node : stop of the experiment
2021-09-05 16:44:16,184 :: INFO :: Control node : profile configuration
2021-09-05 16:44:16,191 :: INFO :: Configure profile on Control Node
2021-09-05 16:44:16,266 :: INFO :: Control node : start power of open node
2021-09-05 16:44:16,309 :: INFO :: Node OpenOCD: teardown of openocd node
2021-09-05 16:44:19,383 :: INFO :: openocd node debugger stop
2021-09-05 16:44:20,075 :: INFO :: Node OpenOCD: flash of openocd node
2021-09-05 16:44:20,090 :: INFO :: Flash firmware on OpenOCD: /usr/lib/python2.7/site-packages/gateway_code/static/m3_idle.elf
2021-09-05 16:44:22,652 :: INFO :: Control node : Stop control node serial interface
2021-09-05 16:44:22,660 :: INFO :: Control node : stop power of open node
2021-09-05 16:44:22,777 :: INFO :: Control node : reset
2021-09-05 16:44:22,783 :: INFO :: Reset Control Node
2021-09-05 16:44:25,619 :: INFO :: Stop experiment succeeded
