2021-09-05 15:42:57,181 :: INFO :: Start experiment: luna-276358
2021-09-05 15:42:57,185 :: INFO :: Control node : Starting of control node serial interface
2021-09-05 15:42:57,188 :: INFO :: Control node : reset
2021-09-05 15:42:57,191 :: INFO :: Reset Control Node
2021-09-05 15:43:00,201 :: INFO :: Control node : start power of open node
2021-09-05 15:43:00,258 :: INFO :: Node OpenOCD: Setup of openocd node
2021-09-05 15:43:03,297 :: INFO :: Node OpenOCD: flash of openocd node
2021-09-05 15:43:03,314 :: INFO :: Flash firmware on OpenOCD: /tmp/tmpaJNsck--3e6b491341ebfbb107b5d3aaa6c4431d_unicast-sender-count-10T-191B.iotlab-m3
2021-09-05 15:43:10,172 :: INFO :: Control node : Start experiment
2021-09-05 15:43:10,216 :: INFO :: Control Node set time delay: 1373 us
2021-09-05 15:43:10,249 :: INFO :: Control node : profile configuration
2021-09-05 15:43:10,256 :: INFO :: Configure profile on Control Node
2021-09-05 15:43:10,335 :: INFO :: Start experiment succeeded
2021-09-05 16:44:16,162 :: INFO :: Gateway Manager : Stop experiment
2021-09-05 16:44:16,170 :: INFO :: Stop experiment
2021-09-05 16:44:16,179 :: INFO :: Control node : stop of the experiment
2021-09-05 16:44:16,186 :: INFO :: Control node : profile configuration
2021-09-05 16:44:16,193 :: INFO :: Configure profile on Control Node
2021-09-05 16:44:16,267 :: INFO :: Control node : start power of open node
2021-09-05 16:44:16,308 :: INFO :: Node OpenOCD: teardown of openocd node
2021-09-05 16:44:19,367 :: INFO :: openocd node debugger stop
2021-09-05 16:44:20,047 :: INFO :: Node OpenOCD: flash of openocd node
2021-09-05 16:44:20,054 :: INFO :: Flash firmware on OpenOCD: /usr/lib/python2.7/site-packages/gateway_code/static/m3_idle.elf
2021-09-05 16:44:22,511 :: INFO :: Control node : Stop control node serial interface
2021-09-05 16:44:22,520 :: INFO :: Control node : stop power of open node
2021-09-05 16:44:22,622 :: INFO :: Control node : reset
2021-09-05 16:44:22,628 :: INFO :: Reset Control Node
2021-09-05 16:44:25,514 :: INFO :: Stop experiment succeeded
