2021-09-05 15:42:57,186 :: INFO :: Start experiment: luna-276358
2021-09-05 15:42:57,190 :: INFO :: Control node : Starting of control node serial interface
2021-09-05 15:42:57,193 :: INFO :: Control node : reset
2021-09-05 15:42:57,195 :: INFO :: Reset Control Node
2021-09-05 15:43:00,150 :: INFO :: Control node : start power of open node
2021-09-05 15:43:00,205 :: INFO :: Node OpenOCD: Setup of openocd node
2021-09-05 15:43:03,249 :: INFO :: Node OpenOCD: flash of openocd node
2021-09-05 15:43:03,256 :: INFO :: Flash firmware on OpenOCD: /tmp/tmpR6xOG0--3e6b491341ebfbb107b5d3aaa6c4431d_unicast-sender-count-10T-191B.iotlab-m3
2021-09-05 15:43:10,202 :: INFO :: Control node : Start experiment
2021-09-05 15:43:10,250 :: INFO :: Control Node set time delay: 1129 us
2021-09-05 15:43:10,278 :: INFO :: Control node : profile configuration
2021-09-05 15:43:10,282 :: INFO :: Configure profile on Control Node
2021-09-05 15:43:10,324 :: INFO :: Start experiment succeeded
2021-09-05 16:44:16,174 :: INFO :: Gateway Manager : Stop experiment
2021-09-05 16:44:16,183 :: INFO :: Stop experiment
2021-09-05 16:44:16,191 :: INFO :: Control node : stop of the experiment
2021-09-05 16:44:16,199 :: INFO :: Control node : profile configuration
2021-09-05 16:44:16,209 :: INFO :: Configure profile on Control Node
2021-09-05 16:44:16,282 :: INFO :: Control node : start power of open node
2021-09-05 16:44:16,325 :: INFO :: Node OpenOCD: teardown of openocd node
2021-09-05 16:44:19,378 :: INFO :: openocd node debugger stop
2021-09-05 16:44:20,060 :: INFO :: Node OpenOCD: flash of openocd node
2021-09-05 16:44:20,067 :: INFO :: Flash firmware on OpenOCD: /usr/lib/python2.7/site-packages/gateway_code/static/m3_idle.elf
2021-09-05 16:44:22,522 :: INFO :: Control node : Stop control node serial interface
2021-09-05 16:44:22,531 :: INFO :: Control node : stop power of open node
2021-09-05 16:44:22,633 :: INFO :: Control node : reset
2021-09-05 16:44:22,640 :: INFO :: Reset Control Node
2021-09-05 16:44:25,525 :: INFO :: Stop experiment succeeded
