2021-09-05 15:42:57,205 :: INFO :: Start experiment: luna-276358
2021-09-05 15:42:57,208 :: INFO :: Control node : Starting of control node serial interface
2021-09-05 15:42:57,211 :: INFO :: Control node : reset
2021-09-05 15:42:57,214 :: INFO :: Reset Control Node
2021-09-05 15:43:00,226 :: INFO :: Control node : start power of open node
2021-09-05 15:43:00,286 :: INFO :: Node OpenOCD: Setup of openocd node
2021-09-05 15:43:03,325 :: INFO :: Node OpenOCD: flash of openocd node
2021-09-05 15:43:03,340 :: INFO :: Flash firmware on OpenOCD: /tmp/tmpcNJ3d7--3e6b491341ebfbb107b5d3aaa6c4431d_unicast-sender-count-10T-191B.iotlab-m3
2021-09-05 15:43:10,269 :: INFO :: Control node : Start experiment
2021-09-05 15:43:10,318 :: INFO :: Control Node set time delay: 1404 us
2021-09-05 15:43:10,336 :: INFO :: Control node : profile configuration
2021-09-05 15:43:10,340 :: INFO :: Configure profile on Control Node
2021-09-05 15:43:10,381 :: INFO :: Start experiment succeeded
2021-09-05 16:44:16,152 :: INFO :: Gateway Manager : Stop experiment
2021-09-05 16:44:16,161 :: INFO :: Stop experiment
2021-09-05 16:44:16,170 :: INFO :: Control node : stop of the experiment
2021-09-05 16:44:16,177 :: INFO :: Control node : profile configuration
2021-09-05 16:44:16,184 :: INFO :: Configure profile on Control Node
2021-09-05 16:44:16,260 :: INFO :: Control node : start power of open node
2021-09-05 16:44:16,304 :: INFO :: Node OpenOCD: teardown of openocd node
2021-09-05 16:44:19,372 :: INFO :: openocd node debugger stop
2021-09-05 16:44:20,058 :: INFO :: Node OpenOCD: flash of openocd node
2021-09-05 16:44:20,073 :: INFO :: Flash firmware on OpenOCD: /usr/lib/python2.7/site-packages/gateway_code/static/m3_idle.elf
2021-09-05 16:44:22,692 :: INFO :: Control node : Stop control node serial interface
2021-09-05 16:44:22,700 :: INFO :: Control node : stop power of open node
2021-09-05 16:44:22,794 :: INFO :: Control node : reset
2021-09-05 16:44:22,801 :: INFO :: Reset Control Node
2021-09-05 16:44:25,685 :: INFO :: Stop experiment succeeded
