2021-09-05 15:42:57,215 :: INFO :: Start experiment: luna-276358
2021-09-05 15:42:57,219 :: INFO :: Control node : Starting of control node serial interface
2021-09-05 15:42:57,221 :: INFO :: Control node : reset
2021-09-05 15:42:57,224 :: INFO :: Reset Control Node
2021-09-05 15:43:00,182 :: INFO :: Control node : start power of open node
2021-09-05 15:43:00,238 :: INFO :: Node OpenOCD: Setup of openocd node
2021-09-05 15:43:03,288 :: INFO :: Node OpenOCD: flash of openocd node
2021-09-05 15:43:03,303 :: INFO :: Flash firmware on OpenOCD: /tmp/tmpmLuIaH--3e6b491341ebfbb107b5d3aaa6c4431d_unicast-sender-count-10T-191B.iotlab-m3
2021-09-05 15:43:10,194 :: INFO :: Control node : Start experiment
2021-09-05 15:43:10,267 :: INFO :: Control Node set time delay: 1831 us
2021-09-05 15:43:10,301 :: INFO :: Control node : profile configuration
2021-09-05 15:43:10,308 :: INFO :: Configure profile on Control Node
2021-09-05 15:43:10,387 :: INFO :: Start experiment succeeded
2021-09-05 16:44:16,173 :: INFO :: Gateway Manager : Stop experiment
2021-09-05 16:44:16,182 :: INFO :: Stop experiment
2021-09-05 16:44:16,190 :: INFO :: Control node : stop of the experiment
2021-09-05 16:44:16,201 :: INFO :: Control node : profile configuration
2021-09-05 16:44:16,208 :: INFO :: Configure profile on Control Node
2021-09-05 16:44:16,280 :: INFO :: Control node : start power of open node
2021-09-05 16:44:16,323 :: INFO :: Node OpenOCD: teardown of openocd node
2021-09-05 16:44:19,375 :: INFO :: openocd node debugger stop
2021-09-05 16:44:20,058 :: INFO :: Node OpenOCD: flash of openocd node
2021-09-05 16:44:20,072 :: INFO :: Flash firmware on OpenOCD: /usr/lib/python2.7/site-packages/gateway_code/static/m3_idle.elf
2021-09-05 16:44:22,641 :: INFO :: Control node : Stop control node serial interface
2021-09-05 16:44:22,649 :: INFO :: Control node : stop power of open node
2021-09-05 16:44:22,743 :: INFO :: Control node : reset
2021-09-05 16:44:22,750 :: INFO :: Reset Control Node
2021-09-05 16:44:25,623 :: INFO :: Stop experiment succeeded
