2021-09-05 15:42:57,217 :: INFO :: Start experiment: luna-276358
2021-09-05 15:42:57,221 :: INFO :: Control node : Starting of control node serial interface
2021-09-05 15:42:57,224 :: INFO :: Control node : reset
2021-09-05 15:42:57,227 :: INFO :: Reset Control Node
2021-09-05 15:43:00,239 :: INFO :: Control node : start power of open node
2021-09-05 15:43:00,299 :: INFO :: Node OpenOCD: Setup of openocd node
2021-09-05 15:43:03,339 :: INFO :: Node OpenOCD: flash of openocd node
2021-09-05 15:43:03,354 :: INFO :: Flash firmware on OpenOCD: /tmp/tmpfabfTF--3e6b491341ebfbb107b5d3aaa6c4431d_unicast-sender-count-10T-191B.iotlab-m3
2021-09-05 15:43:10,222 :: INFO :: Control node : Start experiment
2021-09-05 15:43:10,282 :: INFO :: Control Node set time delay: 1862 us
2021-09-05 15:43:10,314 :: INFO :: Control node : profile configuration
2021-09-05 15:43:10,321 :: INFO :: Configure profile on Control Node
2021-09-05 15:43:10,400 :: INFO :: Start experiment succeeded
2021-09-05 16:44:16,199 :: INFO :: Gateway Manager : Stop experiment
2021-09-05 16:44:16,218 :: INFO :: Stop experiment
2021-09-05 16:44:16,237 :: INFO :: Control node : stop of the experiment
2021-09-05 16:44:16,252 :: INFO :: Control node : profile configuration
2021-09-05 16:44:16,267 :: INFO :: Configure profile on Control Node
2021-09-05 16:44:16,440 :: INFO :: Control node : start power of open node
2021-09-05 16:44:16,460 :: INFO :: Node OpenOCD: teardown of openocd node
2021-09-05 16:44:19,491 :: INFO :: openocd node debugger stop
2021-09-05 16:44:20,185 :: INFO :: Node OpenOCD: flash of openocd node
2021-09-05 16:44:20,199 :: INFO :: Flash firmware on OpenOCD: /usr/lib/python2.7/site-packages/gateway_code/static/m3_idle.elf
2021-09-05 16:44:22,788 :: INFO :: Control node : Stop control node serial interface
2021-09-05 16:44:22,792 :: INFO :: Control node : stop power of open node
2021-09-05 16:44:22,851 :: INFO :: Control node : reset
2021-09-05 16:44:22,855 :: INFO :: Reset Control Node
2021-09-05 16:44:25,742 :: INFO :: Stop experiment succeeded
