2021-09-05 15:42:57,200 :: INFO :: Start experiment: luna-276358
2021-09-05 15:42:57,203 :: INFO :: Control node : Starting of control node serial interface
2021-09-05 15:42:57,206 :: INFO :: Control node : reset
2021-09-05 15:42:57,209 :: INFO :: Reset Control Node
2021-09-05 15:43:00,159 :: INFO :: Control node : start power of open node
2021-09-05 15:43:00,214 :: INFO :: Node OpenOCD: Setup of openocd node
2021-09-05 15:43:03,257 :: INFO :: Node OpenOCD: flash of openocd node
2021-09-05 15:43:03,275 :: INFO :: Flash firmware on OpenOCD: /tmp/tmpmacc5J--3e6b491341ebfbb107b5d3aaa6c4431d_unicast-sender-count-10T-191B.iotlab-m3
2021-09-05 15:43:10,168 :: INFO :: Control node : Start experiment
2021-09-05 15:43:10,226 :: INFO :: Control Node set time delay: 1892 us
2021-09-05 15:43:10,242 :: INFO :: Control node : profile configuration
2021-09-05 15:43:10,249 :: INFO :: Configure profile on Control Node
2021-09-05 15:43:10,330 :: INFO :: Start experiment succeeded
2021-09-05 16:44:16,171 :: INFO :: Gateway Manager : Stop experiment
2021-09-05 16:44:16,180 :: INFO :: Stop experiment
2021-09-05 16:44:16,188 :: INFO :: Control node : stop of the experiment
2021-09-05 16:44:16,195 :: INFO :: Control node : profile configuration
2021-09-05 16:44:16,205 :: INFO :: Configure profile on Control Node
2021-09-05 16:44:16,276 :: INFO :: Control node : start power of open node
2021-09-05 16:44:16,318 :: INFO :: Node OpenOCD: teardown of openocd node
2021-09-05 16:44:19,389 :: INFO :: openocd node debugger stop
2021-09-05 16:44:20,071 :: INFO :: Node OpenOCD: flash of openocd node
2021-09-05 16:44:20,085 :: INFO :: Flash firmware on OpenOCD: /usr/lib/python2.7/site-packages/gateway_code/static/m3_idle.elf
2021-09-05 16:44:22,648 :: INFO :: Control node : Stop control node serial interface
2021-09-05 16:44:22,657 :: INFO :: Control node : stop power of open node
2021-09-05 16:44:22,755 :: INFO :: Control node : reset
2021-09-05 16:44:22,762 :: INFO :: Reset Control Node
2021-09-05 16:44:25,646 :: INFO :: Stop experiment succeeded
