2021-09-05 15:42:57,203 :: INFO :: Start experiment: luna-276358
2021-09-05 15:42:57,206 :: INFO :: Control node : Starting of control node serial interface
2021-09-05 15:42:57,209 :: INFO :: Control node : reset
2021-09-05 15:42:57,212 :: INFO :: Reset Control Node
2021-09-05 15:43:00,164 :: INFO :: Control node : start power of open node
2021-09-05 15:43:00,191 :: INFO :: Node OpenOCD: Setup of openocd node
2021-09-05 15:43:03,225 :: INFO :: Node OpenOCD: flash of openocd node
2021-09-05 15:43:03,241 :: INFO :: Flash firmware on OpenOCD: /tmp/tmpQ1h8Gv--3e6b491341ebfbb107b5d3aaa6c4431d_unicast-sender-count-10T-191B.iotlab-m3
2021-09-05 15:43:10,256 :: INFO :: Control node : Start experiment
2021-09-05 15:43:10,303 :: INFO :: Control Node set time delay: 1526 us
2021-09-05 15:43:10,336 :: INFO :: Control node : profile configuration
2021-09-05 15:43:10,342 :: INFO :: Configure profile on Control Node
2021-09-05 15:43:10,385 :: INFO :: Start experiment succeeded
2021-09-05 16:44:16,169 :: INFO :: Gateway Manager : Stop experiment
2021-09-05 16:44:16,180 :: INFO :: Stop experiment
2021-09-05 16:44:16,189 :: INFO :: Control node : stop of the experiment
2021-09-05 16:44:16,196 :: INFO :: Control node : profile configuration
2021-09-05 16:44:16,203 :: INFO :: Configure profile on Control Node
2021-09-05 16:44:16,280 :: INFO :: Control node : start power of open node
2021-09-05 16:44:16,312 :: INFO :: Node OpenOCD: teardown of openocd node
2021-09-05 16:44:19,400 :: INFO :: openocd node debugger stop
2021-09-05 16:44:20,084 :: INFO :: Node OpenOCD: flash of openocd node
2021-09-05 16:44:20,091 :: INFO :: Flash firmware on OpenOCD: /usr/lib/python2.7/site-packages/gateway_code/static/m3_idle.elf
2021-09-05 16:44:22,500 :: INFO :: Control node : Stop control node serial interface
2021-09-05 16:44:22,509 :: INFO :: Control node : stop power of open node
2021-09-05 16:44:22,613 :: INFO :: Control node : reset
2021-09-05 16:44:22,620 :: INFO :: Reset Control Node
2021-09-05 16:44:25,506 :: INFO :: Stop experiment succeeded
