2021-09-05 14:41:09,680 :: INFO :: Start experiment: luna-276357
2021-09-05 14:41:09,683 :: INFO :: Control node : Starting of control node serial interface
2021-09-05 14:41:09,686 :: INFO :: Control node : reset
2021-09-05 14:41:09,689 :: INFO :: Reset Control Node
2021-09-05 14:41:12,645 :: INFO :: Control node : start power of open node
2021-09-05 14:41:12,702 :: INFO :: Node OpenOCD: Setup of openocd node
2021-09-05 14:41:15,748 :: INFO :: Node OpenOCD: flash of openocd node
2021-09-05 14:41:15,763 :: INFO :: Flash firmware on OpenOCD: /tmp/tmpk6QgxV--c646a7bd7eca22cfbffed9b70d2e0c90_unicast-sender-count-60T-100B.iotlab-m3
2021-09-05 14:41:22,794 :: INFO :: Control node : Start experiment
2021-09-05 14:41:22,845 :: INFO :: Control Node set time delay: 1892 us
2021-09-05 14:41:22,874 :: INFO :: Control node : profile configuration
2021-09-05 14:41:22,877 :: INFO :: Configure profile on Control Node
2021-09-05 14:41:22,919 :: INFO :: Start experiment succeeded
2021-09-05 15:42:28,663 :: INFO :: Gateway Manager : Stop experiment
2021-09-05 15:42:28,672 :: INFO :: Stop experiment
2021-09-05 15:42:28,681 :: INFO :: Control node : stop of the experiment
2021-09-05 15:42:28,689 :: INFO :: Control node : profile configuration
2021-09-05 15:42:28,699 :: INFO :: Configure profile on Control Node
2021-09-05 15:42:28,776 :: INFO :: Control node : start power of open node
2021-09-05 15:42:28,821 :: INFO :: Node OpenOCD: teardown of openocd node
2021-09-05 15:42:31,873 :: INFO :: openocd node debugger stop
2021-09-05 15:42:32,565 :: INFO :: Node OpenOCD: flash of openocd node
2021-09-05 15:42:32,579 :: INFO :: Flash firmware on OpenOCD: /usr/lib/python2.7/site-packages/gateway_code/static/m3_idle.elf
2021-09-05 15:42:35,149 :: INFO :: Control node : Stop control node serial interface
2021-09-05 15:42:35,157 :: INFO :: Control node : stop power of open node
2021-09-05 15:42:35,275 :: INFO :: Control node : reset
2021-09-05 15:42:35,282 :: INFO :: Reset Control Node
2021-09-05 15:42:38,117 :: INFO :: Stop experiment succeeded
