2021-09-05 14:41:09,671 :: INFO :: Start experiment: luna-276357
2021-09-05 14:41:09,675 :: INFO :: Control node : Starting of control node serial interface
2021-09-05 14:41:09,678 :: INFO :: Control node : reset
2021-09-05 14:41:09,680 :: INFO :: Reset Control Node
2021-09-05 14:41:12,634 :: INFO :: Control node : start power of open node
2021-09-05 14:41:12,690 :: INFO :: Node OpenOCD: Setup of openocd node
2021-09-05 14:41:15,737 :: INFO :: Node OpenOCD: flash of openocd node
2021-09-05 14:41:15,751 :: INFO :: Flash firmware on OpenOCD: /tmp/tmpn7i8lI--c646a7bd7eca22cfbffed9b70d2e0c90_unicast-sender-count-60T-100B.iotlab-m3
2021-09-05 14:41:22,661 :: INFO :: Control node : Start experiment
2021-09-05 14:41:22,717 :: INFO :: Control Node set time delay: 1495 us
2021-09-05 14:41:22,740 :: INFO :: Control node : profile configuration
2021-09-05 14:41:22,747 :: INFO :: Configure profile on Control Node
2021-09-05 14:41:22,825 :: INFO :: Start experiment succeeded
2021-09-05 15:42:28,691 :: INFO :: Gateway Manager : Stop experiment
2021-09-05 15:42:28,712 :: INFO :: Stop experiment
2021-09-05 15:42:28,731 :: INFO :: Control node : stop of the experiment
2021-09-05 15:42:28,747 :: INFO :: Control node : profile configuration
2021-09-05 15:42:28,770 :: INFO :: Configure profile on Control Node
2021-09-05 15:42:28,868 :: INFO :: Control node : start power of open node
2021-09-05 15:42:28,899 :: INFO :: Node OpenOCD: teardown of openocd node
2021-09-05 15:42:31,934 :: INFO :: openocd node debugger stop
2021-09-05 15:42:32,617 :: INFO :: Node OpenOCD: flash of openocd node
2021-09-05 15:42:32,632 :: INFO :: Flash firmware on OpenOCD: /usr/lib/python2.7/site-packages/gateway_code/static/m3_idle.elf
2021-09-05 15:42:35,248 :: INFO :: Control node : Stop control node serial interface
2021-09-05 15:42:35,257 :: INFO :: Control node : stop power of open node
2021-09-05 15:42:35,353 :: INFO :: Control node : reset
2021-09-05 15:42:35,359 :: INFO :: Reset Control Node
2021-09-05 15:42:38,250 :: INFO :: Stop experiment succeeded
