2021-09-05 14:41:09,628 :: INFO :: Start experiment: luna-276357
2021-09-05 14:41:09,631 :: INFO :: Control node : Starting of control node serial interface
2021-09-05 14:41:09,634 :: INFO :: Control node : reset
2021-09-05 14:41:09,636 :: INFO :: Reset Control Node
2021-09-05 14:41:12,540 :: INFO :: Control node : start power of open node
2021-09-05 14:41:12,594 :: INFO :: Node OpenOCD: Setup of openocd node
2021-09-05 14:41:15,633 :: INFO :: Node OpenOCD: flash of openocd node
2021-09-05 14:41:15,651 :: INFO :: Flash firmware on OpenOCD: /tmp/tmp_1QV8g--c646a7bd7eca22cfbffed9b70d2e0c90_unicast-sender-count-60T-100B.iotlab-m3
2021-09-05 14:41:22,596 :: INFO :: Control node : Start experiment
2021-09-05 14:41:22,644 :: INFO :: Control Node set time delay: 1831 us
2021-09-05 14:41:22,673 :: INFO :: Control node : profile configuration
2021-09-05 14:41:22,679 :: INFO :: Configure profile on Control Node
2021-09-05 14:41:22,725 :: INFO :: Start experiment succeeded
2021-09-05 15:42:28,659 :: INFO :: Gateway Manager : Stop experiment
2021-09-05 15:42:28,669 :: INFO :: Stop experiment
2021-09-05 15:42:28,677 :: INFO :: Control node : stop of the experiment
2021-09-05 15:42:28,685 :: INFO :: Control node : profile configuration
2021-09-05 15:42:28,692 :: INFO :: Configure profile on Control Node
2021-09-05 15:42:28,766 :: INFO :: Control node : start power of open node
2021-09-05 15:42:28,807 :: INFO :: Node OpenOCD: teardown of openocd node
2021-09-05 15:42:31,844 :: INFO :: openocd node debugger stop
2021-09-05 15:42:32,523 :: INFO :: Node OpenOCD: flash of openocd node
2021-09-05 15:42:32,537 :: INFO :: Flash firmware on OpenOCD: /usr/lib/python2.7/site-packages/gateway_code/static/m3_idle.elf
2021-09-05 15:42:35,099 :: INFO :: Control node : Stop control node serial interface
2021-09-05 15:42:35,105 :: INFO :: Control node : stop power of open node
2021-09-05 15:42:35,181 :: INFO :: Control node : reset
2021-09-05 15:42:35,188 :: INFO :: Reset Control Node
2021-09-05 15:42:38,124 :: INFO :: Stop experiment succeeded
