2021-09-05 14:41:09,671 :: INFO :: Start experiment: luna-276357
2021-09-05 14:41:09,674 :: INFO :: Control node : Starting of control node serial interface
2021-09-05 14:41:09,677 :: INFO :: Control node : reset
2021-09-05 14:41:09,680 :: INFO :: Reset Control Node
2021-09-05 14:41:12,632 :: INFO :: Control node : start power of open node
2021-09-05 14:41:12,659 :: INFO :: Node OpenOCD: Setup of openocd node
2021-09-05 14:41:15,690 :: INFO :: Node OpenOCD: flash of openocd node
2021-09-05 14:41:15,708 :: INFO :: Flash firmware on OpenOCD: /tmp/tmp6YZu5P--c646a7bd7eca22cfbffed9b70d2e0c90_unicast-sender-count-60T-100B.iotlab-m3
2021-09-05 14:41:22,664 :: INFO :: Control node : Start experiment
2021-09-05 14:41:22,724 :: INFO :: Control Node set time delay: 1892 us
2021-09-05 14:41:22,757 :: INFO :: Control node : profile configuration
2021-09-05 14:41:22,764 :: INFO :: Configure profile on Control Node
2021-09-05 14:41:22,845 :: INFO :: Start experiment succeeded
2021-09-05 15:42:28,652 :: INFO :: Gateway Manager : Stop experiment
2021-09-05 15:42:28,663 :: INFO :: Stop experiment
2021-09-05 15:42:28,672 :: INFO :: Control node : stop of the experiment
2021-09-05 15:42:28,680 :: INFO :: Control node : profile configuration
2021-09-05 15:42:28,688 :: INFO :: Configure profile on Control Node
2021-09-05 15:42:28,768 :: INFO :: Control node : start power of open node
2021-09-05 15:42:28,814 :: INFO :: Node OpenOCD: teardown of openocd node
2021-09-05 15:42:31,867 :: INFO :: openocd node debugger stop
2021-09-05 15:42:32,553 :: INFO :: Node OpenOCD: flash of openocd node
2021-09-05 15:42:32,560 :: INFO :: Flash firmware on OpenOCD: /usr/lib/python2.7/site-packages/gateway_code/static/m3_idle.elf
2021-09-05 15:42:35,070 :: INFO :: Control node : Stop control node serial interface
2021-09-05 15:42:35,075 :: INFO :: Control node : stop power of open node
2021-09-05 15:42:35,129 :: INFO :: Control node : reset
2021-09-05 15:42:35,136 :: INFO :: Reset Control Node
2021-09-05 15:42:38,023 :: INFO :: Stop experiment succeeded
