2021-09-05 14:41:09,698 :: INFO :: Start experiment: luna-276357
2021-09-05 14:41:09,702 :: INFO :: Control node : Starting of control node serial interface
2021-09-05 14:41:09,704 :: INFO :: Control node : reset
2021-09-05 14:41:09,707 :: INFO :: Reset Control Node
2021-09-05 14:41:12,612 :: INFO :: Control node : start power of open node
2021-09-05 14:41:12,640 :: INFO :: Node OpenOCD: Setup of openocd node
2021-09-05 14:41:15,680 :: INFO :: Node OpenOCD: flash of openocd node
2021-09-05 14:41:15,698 :: INFO :: Flash firmware on OpenOCD: /tmp/tmpS0DNqD--c646a7bd7eca22cfbffed9b70d2e0c90_unicast-sender-count-60T-100B.iotlab-m3
2021-09-05 14:41:22,564 :: INFO :: Control node : Start experiment
2021-09-05 14:41:22,622 :: INFO :: Control Node set time delay: 1892 us
2021-09-05 14:41:22,654 :: INFO :: Control node : profile configuration
2021-09-05 14:41:22,661 :: INFO :: Configure profile on Control Node
2021-09-05 14:41:22,739 :: INFO :: Start experiment succeeded
2021-09-05 15:42:28,669 :: INFO :: Gateway Manager : Stop experiment
2021-09-05 15:42:28,678 :: INFO :: Stop experiment
2021-09-05 15:42:28,687 :: INFO :: Control node : stop of the experiment
2021-09-05 15:42:28,697 :: INFO :: Control node : profile configuration
2021-09-05 15:42:28,704 :: INFO :: Configure profile on Control Node
2021-09-05 15:42:28,775 :: INFO :: Control node : start power of open node
2021-09-05 15:42:28,817 :: INFO :: Node OpenOCD: teardown of openocd node
2021-09-05 15:42:31,870 :: INFO :: openocd node debugger stop
2021-09-05 15:42:32,555 :: INFO :: Node OpenOCD: flash of openocd node
2021-09-05 15:42:32,562 :: INFO :: Flash firmware on OpenOCD: /usr/lib/python2.7/site-packages/gateway_code/static/m3_idle.elf
2021-09-05 15:42:35,019 :: INFO :: Control node : Stop control node serial interface
2021-09-05 15:42:35,027 :: INFO :: Control node : stop power of open node
2021-09-05 15:42:35,130 :: INFO :: Control node : reset
2021-09-05 15:42:35,137 :: INFO :: Reset Control Node
2021-09-05 15:42:38,009 :: INFO :: Stop experiment succeeded
