2021-09-05 14:41:09,707 :: INFO :: Start experiment: luna-276357
2021-09-05 14:41:09,710 :: INFO :: Control node : Starting of control node serial interface
2021-09-05 14:41:09,713 :: INFO :: Control node : reset
2021-09-05 14:41:09,716 :: INFO :: Reset Control Node
2021-09-05 14:41:12,654 :: INFO :: Control node : start power of open node
2021-09-05 14:41:12,681 :: INFO :: Node OpenOCD: Setup of openocd node
2021-09-05 14:41:15,720 :: INFO :: Node OpenOCD: flash of openocd node
2021-09-05 14:41:15,738 :: INFO :: Flash firmware on OpenOCD: /tmp/tmpamZkak--c646a7bd7eca22cfbffed9b70d2e0c90_unicast-sender-count-60T-100B.iotlab-m3
2021-09-05 14:41:22,700 :: INFO :: Control node : Start experiment
2021-09-05 14:41:22,752 :: INFO :: Control Node set time delay: 1831 us
2021-09-05 14:41:22,780 :: INFO :: Control node : profile configuration
2021-09-05 14:41:22,783 :: INFO :: Configure profile on Control Node
2021-09-05 14:41:22,825 :: INFO :: Start experiment succeeded
2021-09-05 15:42:28,648 :: INFO :: Gateway Manager : Stop experiment
2021-09-05 15:42:28,657 :: INFO :: Stop experiment
2021-09-05 15:42:28,666 :: INFO :: Control node : stop of the experiment
2021-09-05 15:42:28,674 :: INFO :: Control node : profile configuration
2021-09-05 15:42:28,684 :: INFO :: Configure profile on Control Node
2021-09-05 15:42:28,757 :: INFO :: Control node : start power of open node
2021-09-05 15:42:28,800 :: INFO :: Node OpenOCD: teardown of openocd node
2021-09-05 15:42:31,856 :: INFO :: openocd node debugger stop
2021-09-05 15:42:32,549 :: INFO :: Node OpenOCD: flash of openocd node
2021-09-05 15:42:32,563 :: INFO :: Flash firmware on OpenOCD: /usr/lib/python2.7/site-packages/gateway_code/static/m3_idle.elf
2021-09-05 15:42:35,178 :: INFO :: Control node : Stop control node serial interface
2021-09-05 15:42:35,183 :: INFO :: Control node : stop power of open node
2021-09-05 15:42:35,248 :: INFO :: Control node : reset
2021-09-05 15:42:35,255 :: INFO :: Reset Control Node
2021-09-05 15:42:38,139 :: INFO :: Stop experiment succeeded
