2021-09-05 14:41:09,633 :: INFO :: Start experiment: luna-276357
2021-09-05 14:41:09,637 :: INFO :: Control node : Starting of control node serial interface
2021-09-05 14:41:09,640 :: INFO :: Control node : reset
2021-09-05 14:41:09,642 :: INFO :: Reset Control Node
2021-09-05 14:41:12,550 :: INFO :: Control node : start power of open node
2021-09-05 14:41:12,604 :: INFO :: Node OpenOCD: Setup of openocd node
2021-09-05 14:41:15,641 :: INFO :: Node OpenOCD: flash of openocd node
2021-09-05 14:41:15,660 :: INFO :: Flash firmware on OpenOCD: /tmp/tmpK8SGrN--c646a7bd7eca22cfbffed9b70d2e0c90_unicast-sender-count-60T-100B.iotlab-m3
2021-09-05 14:41:22,553 :: INFO :: Control node : Start experiment
2021-09-05 14:41:22,603 :: INFO :: Control Node set time delay: 1190 us
2021-09-05 14:41:22,632 :: INFO :: Control node : profile configuration
2021-09-05 14:41:22,639 :: INFO :: Configure profile on Control Node
2021-09-05 14:41:22,719 :: INFO :: Start experiment succeeded
2021-09-05 15:42:28,660 :: INFO :: Gateway Manager : Stop experiment
2021-09-05 15:42:28,669 :: INFO :: Stop experiment
2021-09-05 15:42:28,677 :: INFO :: Control node : stop of the experiment
2021-09-05 15:42:28,684 :: INFO :: Control node : profile configuration
2021-09-05 15:42:28,690 :: INFO :: Configure profile on Control Node
2021-09-05 15:42:28,761 :: INFO :: Control node : start power of open node
2021-09-05 15:42:28,803 :: INFO :: Node OpenOCD: teardown of openocd node
2021-09-05 15:42:31,862 :: INFO :: openocd node debugger stop
2021-09-05 15:42:32,543 :: INFO :: Node OpenOCD: flash of openocd node
2021-09-05 15:42:32,551 :: INFO :: Flash firmware on OpenOCD: /usr/lib/python2.7/site-packages/gateway_code/static/m3_idle.elf
2021-09-05 15:42:35,059 :: INFO :: Control node : Stop control node serial interface
2021-09-05 15:42:35,068 :: INFO :: Control node : stop power of open node
2021-09-05 15:42:35,175 :: INFO :: Control node : reset
2021-09-05 15:42:35,182 :: INFO :: Reset Control Node
2021-09-05 15:42:38,019 :: INFO :: Stop experiment succeeded
