2021-09-05 14:41:09,680 :: INFO :: Start experiment: luna-276357
2021-09-05 14:41:09,683 :: INFO :: Control node : Starting of control node serial interface
2021-09-05 14:41:09,686 :: INFO :: Control node : reset
2021-09-05 14:41:09,689 :: INFO :: Reset Control Node
2021-09-05 14:41:12,642 :: INFO :: Control node : start power of open node
2021-09-05 14:41:12,698 :: INFO :: Node OpenOCD: Setup of openocd node
2021-09-05 14:41:15,742 :: INFO :: Node OpenOCD: flash of openocd node
2021-09-05 14:41:15,757 :: INFO :: Flash firmware on OpenOCD: /tmp/tmpvubQKc--c646a7bd7eca22cfbffed9b70d2e0c90_unicast-sender-count-60T-100B.iotlab-m3
2021-09-05 14:41:22,718 :: INFO :: Control node : Start experiment
2021-09-05 14:41:22,794 :: INFO :: Control Node set time delay: 1892 us
2021-09-05 14:41:22,833 :: INFO :: Control node : profile configuration
2021-09-05 14:41:22,840 :: INFO :: Configure profile on Control Node
2021-09-05 14:41:22,919 :: INFO :: Start experiment succeeded
2021-09-05 15:42:28,706 :: INFO :: Gateway Manager : Stop experiment
2021-09-05 15:42:28,716 :: INFO :: Stop experiment
2021-09-05 15:42:28,724 :: INFO :: Control node : stop of the experiment
2021-09-05 15:42:28,732 :: INFO :: Control node : profile configuration
2021-09-05 15:42:28,740 :: INFO :: Configure profile on Control Node
2021-09-05 15:42:28,817 :: INFO :: Control node : start power of open node
2021-09-05 15:42:28,860 :: INFO :: Node OpenOCD: teardown of openocd node
2021-09-05 15:42:31,910 :: INFO :: openocd node debugger stop
2021-09-05 15:42:32,599 :: INFO :: Node OpenOCD: flash of openocd node
2021-09-05 15:42:32,613 :: INFO :: Flash firmware on OpenOCD: /usr/lib/python2.7/site-packages/gateway_code/static/m3_idle.elf
2021-09-05 15:42:35,122 :: INFO :: Control node : Stop control node serial interface
2021-09-05 15:42:35,130 :: INFO :: Control node : stop power of open node
2021-09-05 15:42:35,234 :: INFO :: Control node : reset
2021-09-05 15:42:35,241 :: INFO :: Reset Control Node
2021-09-05 15:42:38,124 :: INFO :: Stop experiment succeeded
