2021-09-05 14:41:09,700 :: INFO :: Start experiment: luna-276357
2021-09-05 14:41:09,703 :: INFO :: Control node : Starting of control node serial interface
2021-09-05 14:41:09,706 :: INFO :: Control node : reset
2021-09-05 14:41:09,709 :: INFO :: Reset Control Node
2021-09-05 14:41:12,608 :: INFO :: Control node : start power of open node
2021-09-05 14:41:12,636 :: INFO :: Node OpenOCD: Setup of openocd node
2021-09-05 14:41:15,673 :: INFO :: Node OpenOCD: flash of openocd node
2021-09-05 14:41:15,691 :: INFO :: Flash firmware on OpenOCD: /tmp/tmpqcpKDy--c646a7bd7eca22cfbffed9b70d2e0c90_unicast-sender-count-60T-100B.iotlab-m3
2021-09-05 14:41:22,695 :: INFO :: Control node : Start experiment
2021-09-05 14:41:22,745 :: INFO :: Control Node set time delay: 1740 us
2021-09-05 14:41:22,775 :: INFO :: Control node : profile configuration
2021-09-05 14:41:22,778 :: INFO :: Configure profile on Control Node
2021-09-05 14:41:22,820 :: INFO :: Start experiment succeeded
2021-09-05 15:42:28,696 :: INFO :: Gateway Manager : Stop experiment
2021-09-05 15:42:28,706 :: INFO :: Stop experiment
2021-09-05 15:42:28,715 :: INFO :: Control node : stop of the experiment
2021-09-05 15:42:28,722 :: INFO :: Control node : profile configuration
2021-09-05 15:42:28,729 :: INFO :: Configure profile on Control Node
2021-09-05 15:42:28,807 :: INFO :: Control node : start power of open node
2021-09-05 15:42:28,851 :: INFO :: Node OpenOCD: teardown of openocd node
2021-09-05 15:42:31,902 :: INFO :: openocd node debugger stop
2021-09-05 15:42:32,486 :: INFO :: Node OpenOCD: flash of openocd node
2021-09-05 15:42:32,501 :: INFO :: Flash firmware on OpenOCD: /usr/lib/python2.7/site-packages/gateway_code/static/m3_idle.elf
2021-09-05 15:42:35,051 :: INFO :: Control node : Stop control node serial interface
2021-09-05 15:42:35,060 :: INFO :: Control node : stop power of open node
2021-09-05 15:42:35,165 :: INFO :: Control node : reset
2021-09-05 15:42:35,172 :: INFO :: Reset Control Node
2021-09-05 15:42:38,056 :: INFO :: Stop experiment succeeded
