2021-09-05 14:41:09,647 :: INFO :: Start experiment: luna-276357
2021-09-05 14:41:09,651 :: INFO :: Control node : Starting of control node serial interface
2021-09-05 14:41:09,654 :: INFO :: Control node : reset
2021-09-05 14:41:09,656 :: INFO :: Reset Control Node
2021-09-05 14:41:12,606 :: INFO :: Control node : start power of open node
2021-09-05 14:41:12,660 :: INFO :: Node OpenOCD: Setup of openocd node
2021-09-05 14:41:15,711 :: INFO :: Node OpenOCD: flash of openocd node
2021-09-05 14:41:15,726 :: INFO :: Flash firmware on OpenOCD: /tmp/tmpaSE_F2--c646a7bd7eca22cfbffed9b70d2e0c90_unicast-sender-count-60T-100B.iotlab-m3
2021-09-05 14:41:22,591 :: INFO :: Control node : Start experiment
2021-09-05 14:41:22,666 :: INFO :: Control Node set time delay: 1496 us
2021-09-05 14:41:22,700 :: INFO :: Control node : profile configuration
2021-09-05 14:41:22,707 :: INFO :: Configure profile on Control Node
2021-09-05 14:41:22,785 :: INFO :: Start experiment succeeded
2021-09-05 15:42:28,675 :: INFO :: Gateway Manager : Stop experiment
2021-09-05 15:42:28,688 :: INFO :: Stop experiment
2021-09-05 15:42:28,696 :: INFO :: Control node : stop of the experiment
2021-09-05 15:42:28,704 :: INFO :: Control node : profile configuration
2021-09-05 15:42:28,711 :: INFO :: Configure profile on Control Node
2021-09-05 15:42:28,787 :: INFO :: Control node : start power of open node
2021-09-05 15:42:28,831 :: INFO :: Node OpenOCD: teardown of openocd node
2021-09-05 15:42:31,880 :: INFO :: openocd node debugger stop
2021-09-05 15:42:32,577 :: INFO :: Node OpenOCD: flash of openocd node
2021-09-05 15:42:32,591 :: INFO :: Flash firmware on OpenOCD: /usr/lib/python2.7/site-packages/gateway_code/static/m3_idle.elf
2021-09-05 15:42:35,152 :: INFO :: Control node : Stop control node serial interface
2021-09-05 15:42:35,161 :: INFO :: Control node : stop power of open node
2021-09-05 15:42:35,254 :: INFO :: Control node : reset
2021-09-05 15:42:35,260 :: INFO :: Reset Control Node
2021-09-05 15:42:38,100 :: INFO :: Stop experiment succeeded
