2021-09-05 19:49:02,051 :: INFO :: Start experiment: luna-276362
2021-09-05 19:49:02,054 :: INFO :: Control node : Starting of control node serial interface
2021-09-05 19:49:02,057 :: INFO :: Control node : reset
2021-09-05 19:49:02,059 :: INFO :: Reset Control Node
2021-09-05 19:49:05,010 :: INFO :: Control node : start power of open node
2021-09-05 19:49:05,066 :: INFO :: Node OpenOCD: Setup of openocd node
2021-09-05 19:49:08,109 :: INFO :: Node OpenOCD: flash of openocd node
2021-09-05 19:49:08,124 :: INFO :: Flash firmware on OpenOCD: /tmp/tmpRn5m4J--9eca698c47b1367377dfc6ae1bda6964_unicast-sender-count-60T-20B.iotlab-m3
2021-09-05 19:49:15,133 :: INFO :: Control node : Start experiment
2021-09-05 19:49:15,183 :: INFO :: Control Node set time delay: 1099 us
2021-09-05 19:49:15,210 :: INFO :: Control node : profile configuration
2021-09-05 19:49:15,214 :: INFO :: Configure profile on Control Node
2021-09-05 19:49:15,256 :: INFO :: Start experiment succeeded
2021-09-05 20:49:21,259 :: INFO :: Gateway Manager : Stop experiment
2021-09-05 20:49:21,268 :: INFO :: Stop experiment
2021-09-05 20:49:21,277 :: INFO :: Control node : stop of the experiment
2021-09-05 20:49:21,284 :: INFO :: Control node : profile configuration
2021-09-05 20:49:21,291 :: INFO :: Configure profile on Control Node
2021-09-05 20:49:21,367 :: INFO :: Control node : start power of open node
2021-09-05 20:49:21,411 :: INFO :: Node OpenOCD: teardown of openocd node
2021-09-05 20:49:24,470 :: INFO :: openocd node debugger stop
2021-09-05 20:49:25,149 :: INFO :: Node OpenOCD: flash of openocd node
2021-09-05 20:49:25,156 :: INFO :: Flash firmware on OpenOCD: /usr/lib/python2.7/site-packages/gateway_code/static/m3_idle.elf
2021-09-05 20:49:27,670 :: INFO :: Control node : Stop control node serial interface
2021-09-05 20:49:27,679 :: INFO :: Control node : stop power of open node
2021-09-05 20:49:27,778 :: INFO :: Control node : reset
2021-09-05 20:49:27,785 :: INFO :: Reset Control Node
2021-09-05 20:49:30,658 :: INFO :: Stop experiment succeeded
