2021-09-05 19:49:02,009 :: INFO :: Start experiment: luna-276362
2021-09-05 19:49:02,013 :: INFO :: Control node : Starting of control node serial interface
2021-09-05 19:49:02,016 :: INFO :: Control node : reset
2021-09-05 19:49:02,018 :: INFO :: Reset Control Node
2021-09-05 19:49:04,941 :: INFO :: Control node : start power of open node
2021-09-05 19:49:04,970 :: INFO :: Node OpenOCD: Setup of openocd node
2021-09-05 19:49:08,009 :: INFO :: Node OpenOCD: flash of openocd node
2021-09-05 19:49:08,027 :: INFO :: Flash firmware on OpenOCD: /tmp/tmpBfRgR3--9eca698c47b1367377dfc6ae1bda6964_unicast-sender-count-60T-20B.iotlab-m3
2021-09-05 19:49:14,990 :: INFO :: Control node : Start experiment
2021-09-05 19:49:15,065 :: INFO :: Control Node set time delay: 1740 us
2021-09-05 19:49:15,111 :: INFO :: Control node : profile configuration
2021-09-05 19:49:15,118 :: INFO :: Configure profile on Control Node
2021-09-05 19:49:15,199 :: INFO :: Start experiment succeeded
2021-09-05 20:49:21,251 :: INFO :: Gateway Manager : Stop experiment
2021-09-05 20:49:21,260 :: INFO :: Stop experiment
2021-09-05 20:49:21,269 :: INFO :: Control node : stop of the experiment
2021-09-05 20:49:21,276 :: INFO :: Control node : profile configuration
2021-09-05 20:49:21,284 :: INFO :: Configure profile on Control Node
2021-09-05 20:49:21,362 :: INFO :: Control node : start power of open node
2021-09-05 20:49:21,406 :: INFO :: Node OpenOCD: teardown of openocd node
2021-09-05 20:49:24,474 :: INFO :: openocd node debugger stop
2021-09-05 20:49:25,155 :: INFO :: Node OpenOCD: flash of openocd node
2021-09-05 20:49:25,162 :: INFO :: Flash firmware on OpenOCD: /usr/lib/python2.7/site-packages/gateway_code/static/m3_idle.elf
2021-09-05 20:49:27,673 :: INFO :: Control node : Stop control node serial interface
2021-09-05 20:49:27,682 :: INFO :: Control node : stop power of open node
2021-09-05 20:49:27,762 :: INFO :: Control node : reset
2021-09-05 20:49:27,769 :: INFO :: Reset Control Node
2021-09-05 20:49:30,658 :: INFO :: Stop experiment succeeded
