2021-09-05 19:49:01,966 :: INFO :: Start experiment: luna-276362
2021-09-05 19:49:01,970 :: INFO :: Control node : Starting of control node serial interface
2021-09-05 19:49:01,973 :: INFO :: Control node : reset
2021-09-05 19:49:01,975 :: INFO :: Reset Control Node
2021-09-05 19:49:04,930 :: INFO :: Control node : start power of open node
2021-09-05 19:49:04,986 :: INFO :: Node OpenOCD: Setup of openocd node
2021-09-05 19:49:08,037 :: INFO :: Node OpenOCD: flash of openocd node
2021-09-05 19:49:08,052 :: INFO :: Flash firmware on OpenOCD: /tmp/tmpK6Nd5y--9eca698c47b1367377dfc6ae1bda6964_unicast-sender-count-60T-20B.iotlab-m3
2021-09-05 19:49:15,058 :: INFO :: Control node : Start experiment
2021-09-05 19:49:15,109 :: INFO :: Control Node set time delay: 1496 us
2021-09-05 19:49:15,133 :: INFO :: Control node : profile configuration
2021-09-05 19:49:15,137 :: INFO :: Configure profile on Control Node
2021-09-05 19:49:15,178 :: INFO :: Start experiment succeeded
2021-09-05 20:49:21,289 :: INFO :: Gateway Manager : Stop experiment
2021-09-05 20:49:21,310 :: INFO :: Stop experiment
2021-09-05 20:49:21,329 :: INFO :: Control node : stop of the experiment
2021-09-05 20:49:21,346 :: INFO :: Control node : profile configuration
2021-09-05 20:49:21,350 :: INFO :: Configure profile on Control Node
2021-09-05 20:49:21,390 :: INFO :: Control node : start power of open node
2021-09-05 20:49:21,414 :: INFO :: Node OpenOCD: teardown of openocd node
2021-09-05 20:49:24,471 :: INFO :: openocd node debugger stop
2021-09-05 20:49:25,155 :: INFO :: Node OpenOCD: flash of openocd node
2021-09-05 20:49:25,170 :: INFO :: Flash firmware on OpenOCD: /usr/lib/python2.7/site-packages/gateway_code/static/m3_idle.elf
2021-09-05 20:49:27,737 :: INFO :: Control node : Stop control node serial interface
2021-09-05 20:49:27,746 :: INFO :: Control node : stop power of open node
2021-09-05 20:49:27,855 :: INFO :: Control node : reset
2021-09-05 20:49:27,862 :: INFO :: Reset Control Node
2021-09-05 20:49:30,699 :: INFO :: Stop experiment succeeded
