2021-09-05 19:49:02,054 :: INFO :: Start experiment: luna-276362
2021-09-05 19:49:02,057 :: INFO :: Control node : Starting of control node serial interface
2021-09-05 19:49:02,060 :: INFO :: Control node : reset
2021-09-05 19:49:02,063 :: INFO :: Reset Control Node
2021-09-05 19:49:04,982 :: INFO :: Control node : start power of open node
2021-09-05 19:49:05,010 :: INFO :: Node OpenOCD: Setup of openocd node
2021-09-05 19:49:08,046 :: INFO :: Node OpenOCD: flash of openocd node
2021-09-05 19:49:08,064 :: INFO :: Flash firmware on OpenOCD: /tmp/tmpmlkoDN--9eca698c47b1367377dfc6ae1bda6964_unicast-sender-count-60T-20B.iotlab-m3
2021-09-05 19:49:14,959 :: INFO :: Control node : Start experiment
2021-09-05 19:49:15,008 :: INFO :: Control Node set time delay: 1251 us
2021-09-05 19:49:15,040 :: INFO :: Control node : profile configuration
2021-09-05 19:49:15,046 :: INFO :: Configure profile on Control Node
2021-09-05 19:49:15,126 :: INFO :: Start experiment succeeded
2021-09-05 20:49:21,284 :: INFO :: Gateway Manager : Stop experiment
2021-09-05 20:49:21,303 :: INFO :: Stop experiment
2021-09-05 20:49:21,312 :: INFO :: Control node : stop of the experiment
2021-09-05 20:49:21,319 :: INFO :: Control node : profile configuration
2021-09-05 20:49:21,329 :: INFO :: Configure profile on Control Node
2021-09-05 20:49:21,403 :: INFO :: Control node : start power of open node
2021-09-05 20:49:21,446 :: INFO :: Node OpenOCD: teardown of openocd node
2021-09-05 20:49:24,507 :: INFO :: openocd node debugger stop
2021-09-05 20:49:25,181 :: INFO :: Node OpenOCD: flash of openocd node
2021-09-05 20:49:25,196 :: INFO :: Flash firmware on OpenOCD: /usr/lib/python2.7/site-packages/gateway_code/static/m3_idle.elf
2021-09-05 20:49:27,735 :: INFO :: Control node : Stop control node serial interface
2021-09-05 20:49:27,744 :: INFO :: Control node : stop power of open node
2021-09-05 20:49:27,822 :: INFO :: Control node : reset
2021-09-05 20:49:27,829 :: INFO :: Reset Control Node
2021-09-05 20:49:30,714 :: INFO :: Stop experiment succeeded
