2021-09-05 19:49:02,014 :: INFO :: Start experiment: luna-276362
2021-09-05 19:49:02,018 :: INFO :: Control node : Starting of control node serial interface
2021-09-05 19:49:02,021 :: INFO :: Control node : reset
2021-09-05 19:49:02,024 :: INFO :: Reset Control Node
2021-09-05 19:49:04,977 :: INFO :: Control node : start power of open node
2021-09-05 19:49:05,034 :: INFO :: Node OpenOCD: Setup of openocd node
2021-09-05 19:49:08,075 :: INFO :: Node OpenOCD: flash of openocd node
2021-09-05 19:49:08,091 :: INFO :: Flash firmware on OpenOCD: /tmp/tmpLJIA_3--9eca698c47b1367377dfc6ae1bda6964_unicast-sender-count-60T-20B.iotlab-m3
2021-09-05 19:49:15,047 :: INFO :: Control node : Start experiment
2021-09-05 19:49:15,099 :: INFO :: Control Node set time delay: 1373 us
2021-09-05 19:49:15,130 :: INFO :: Control node : profile configuration
2021-09-05 19:49:15,137 :: INFO :: Configure profile on Control Node
2021-09-05 19:49:15,204 :: INFO :: Start experiment succeeded
2021-09-05 20:49:21,279 :: INFO :: Gateway Manager : Stop experiment
2021-09-05 20:49:21,299 :: INFO :: Stop experiment
2021-09-05 20:49:21,315 :: INFO :: Control node : stop of the experiment
2021-09-05 20:49:21,330 :: INFO :: Control node : profile configuration
2021-09-05 20:49:21,350 :: INFO :: Configure profile on Control Node
2021-09-05 20:49:21,505 :: INFO :: Control node : start power of open node
2021-09-05 20:49:21,554 :: INFO :: Node OpenOCD: teardown of openocd node
2021-09-05 20:49:24,616 :: INFO :: openocd node debugger stop
2021-09-05 20:49:25,309 :: INFO :: Node OpenOCD: flash of openocd node
2021-09-05 20:49:25,324 :: INFO :: Flash firmware on OpenOCD: /usr/lib/python2.7/site-packages/gateway_code/static/m3_idle.elf
2021-09-05 20:49:27,937 :: INFO :: Control node : Stop control node serial interface
2021-09-05 20:49:27,942 :: INFO :: Control node : stop power of open node
2021-09-05 20:49:27,994 :: INFO :: Control node : reset
2021-09-05 20:49:28,000 :: INFO :: Reset Control Node
2021-09-05 20:49:30,895 :: INFO :: Stop experiment succeeded
