2021-09-05 19:49:02,050 :: INFO :: Start experiment: luna-276362
2021-09-05 19:49:02,053 :: INFO :: Control node : Starting of control node serial interface
2021-09-05 19:49:02,056 :: INFO :: Control node : reset
2021-09-05 19:49:02,058 :: INFO :: Reset Control Node
2021-09-05 19:49:05,010 :: INFO :: Control node : start power of open node
2021-09-05 19:49:05,064 :: INFO :: Node OpenOCD: Setup of openocd node
2021-09-05 19:49:08,116 :: INFO :: Node OpenOCD: flash of openocd node
2021-09-05 19:49:08,131 :: INFO :: Flash firmware on OpenOCD: /tmp/tmpWOGsWi--9eca698c47b1367377dfc6ae1bda6964_unicast-sender-count-60T-20B.iotlab-m3
2021-09-05 19:49:14,931 :: INFO :: Control node : Start experiment
2021-09-05 19:49:14,989 :: INFO :: Control Node set time delay: 1190 us
2021-09-05 19:49:15,021 :: INFO :: Control node : profile configuration
2021-09-05 19:49:15,028 :: INFO :: Configure profile on Control Node
2021-09-05 19:49:15,106 :: INFO :: Start experiment succeeded
2021-09-05 20:49:21,281 :: INFO :: Gateway Manager : Stop experiment
2021-09-05 20:49:21,299 :: INFO :: Stop experiment
2021-09-05 20:49:21,310 :: INFO :: Control node : stop of the experiment
2021-09-05 20:49:21,317 :: INFO :: Control node : profile configuration
2021-09-05 20:49:21,324 :: INFO :: Configure profile on Control Node
2021-09-05 20:49:21,395 :: INFO :: Control node : start power of open node
2021-09-05 20:49:21,436 :: INFO :: Node OpenOCD: teardown of openocd node
2021-09-05 20:49:24,485 :: INFO :: openocd node debugger stop
2021-09-05 20:49:25,170 :: INFO :: Node OpenOCD: flash of openocd node
2021-09-05 20:49:25,177 :: INFO :: Flash firmware on OpenOCD: /usr/lib/python2.7/site-packages/gateway_code/static/m3_idle.elf
2021-09-05 20:49:27,735 :: INFO :: Control node : Stop control node serial interface
2021-09-05 20:49:27,744 :: INFO :: Control node : stop power of open node
2021-09-05 20:49:27,828 :: INFO :: Control node : reset
2021-09-05 20:49:27,835 :: INFO :: Reset Control Node
2021-09-05 20:49:30,721 :: INFO :: Stop experiment succeeded
