2021-09-05 19:49:02,038 :: INFO :: Start experiment: luna-276362
2021-09-05 19:49:02,042 :: INFO :: Control node : Starting of control node serial interface
2021-09-05 19:49:02,044 :: INFO :: Control node : reset
2021-09-05 19:49:02,047 :: INFO :: Reset Control Node
2021-09-05 19:49:04,998 :: INFO :: Control node : start power of open node
2021-09-05 19:49:05,055 :: INFO :: Node OpenOCD: Setup of openocd node
2021-09-05 19:49:08,102 :: INFO :: Node OpenOCD: flash of openocd node
2021-09-05 19:49:08,117 :: INFO :: Flash firmware on OpenOCD: /tmp/tmpmwJtRx--9eca698c47b1367377dfc6ae1bda6964_unicast-sender-count-60T-20B.iotlab-m3
2021-09-05 19:49:15,128 :: INFO :: Control node : Start experiment
2021-09-05 19:49:15,191 :: INFO :: Control Node set time delay: 1831 us
2021-09-05 19:49:15,204 :: INFO :: Control node : profile configuration
2021-09-05 19:49:15,207 :: INFO :: Configure profile on Control Node
2021-09-05 19:49:15,249 :: INFO :: Start experiment succeeded
2021-09-05 20:49:21,243 :: INFO :: Gateway Manager : Stop experiment
2021-09-05 20:49:21,253 :: INFO :: Stop experiment
2021-09-05 20:49:21,261 :: INFO :: Control node : stop of the experiment
2021-09-05 20:49:21,268 :: INFO :: Control node : profile configuration
2021-09-05 20:49:21,279 :: INFO :: Configure profile on Control Node
2021-09-05 20:49:21,351 :: INFO :: Control node : start power of open node
2021-09-05 20:49:21,395 :: INFO :: Node OpenOCD: teardown of openocd node
2021-09-05 20:49:24,458 :: INFO :: openocd node debugger stop
2021-09-05 20:49:25,139 :: INFO :: Node OpenOCD: flash of openocd node
2021-09-05 20:49:25,146 :: INFO :: Flash firmware on OpenOCD: /usr/lib/python2.7/site-packages/gateway_code/static/m3_idle.elf
2021-09-05 20:49:27,659 :: INFO :: Control node : Stop control node serial interface
2021-09-05 20:49:27,668 :: INFO :: Control node : stop power of open node
2021-09-05 20:49:27,766 :: INFO :: Control node : reset
2021-09-05 20:49:27,773 :: INFO :: Reset Control Node
2021-09-05 20:49:30,645 :: INFO :: Stop experiment succeeded
