2021-09-05 19:49:02,041 :: INFO :: Start experiment: luna-276362
2021-09-05 19:49:02,045 :: INFO :: Control node : Starting of control node serial interface
2021-09-05 19:49:02,047 :: INFO :: Control node : reset
2021-09-05 19:49:02,050 :: INFO :: Reset Control Node
2021-09-05 19:49:04,994 :: INFO :: Control node : start power of open node
2021-09-05 19:49:05,009 :: INFO :: Node OpenOCD: Setup of openocd node
2021-09-05 19:49:08,041 :: INFO :: Node OpenOCD: flash of openocd node
2021-09-05 19:49:08,059 :: INFO :: Flash firmware on OpenOCD: /tmp/tmpPpyIjO--9eca698c47b1367377dfc6ae1bda6964_unicast-sender-count-60T-20B.iotlab-m3
2021-09-05 19:49:14,956 :: INFO :: Control node : Start experiment
2021-09-05 19:49:15,007 :: INFO :: Control Node set time delay: 1801 us
2021-09-05 19:49:15,040 :: INFO :: Control node : profile configuration
2021-09-05 19:49:15,046 :: INFO :: Configure profile on Control Node
2021-09-05 19:49:15,125 :: INFO :: Start experiment succeeded
2021-09-05 20:49:21,251 :: INFO :: Gateway Manager : Stop experiment
2021-09-05 20:49:21,260 :: INFO :: Stop experiment
2021-09-05 20:49:21,269 :: INFO :: Control node : stop of the experiment
2021-09-05 20:49:21,276 :: INFO :: Control node : profile configuration
2021-09-05 20:49:21,283 :: INFO :: Configure profile on Control Node
2021-09-05 20:49:21,358 :: INFO :: Control node : start power of open node
2021-09-05 20:49:21,403 :: INFO :: Node OpenOCD: teardown of openocd node
2021-09-05 20:49:24,469 :: INFO :: openocd node debugger stop
2021-09-05 20:49:25,157 :: INFO :: Node OpenOCD: flash of openocd node
2021-09-05 20:49:25,172 :: INFO :: Flash firmware on OpenOCD: /usr/lib/python2.7/site-packages/gateway_code/static/m3_idle.elf
2021-09-05 20:49:27,746 :: INFO :: Control node : Stop control node serial interface
2021-09-05 20:49:27,755 :: INFO :: Control node : stop power of open node
2021-09-05 20:49:27,850 :: INFO :: Control node : reset
2021-09-05 20:49:27,856 :: INFO :: Reset Control Node
2021-09-05 20:49:30,734 :: INFO :: Stop experiment succeeded
