2021-09-05 19:49:02,033 :: INFO :: Start experiment: luna-276362
2021-09-05 19:49:02,036 :: INFO :: Control node : Starting of control node serial interface
2021-09-05 19:49:02,039 :: INFO :: Control node : reset
2021-09-05 19:49:02,042 :: INFO :: Reset Control Node
2021-09-05 19:49:04,994 :: INFO :: Control node : start power of open node
2021-09-05 19:49:05,049 :: INFO :: Node OpenOCD: Setup of openocd node
2021-09-05 19:49:08,088 :: INFO :: Node OpenOCD: flash of openocd node
2021-09-05 19:49:08,106 :: INFO :: Flash firmware on OpenOCD: /tmp/tmpLzWBP5--9eca698c47b1367377dfc6ae1bda6964_unicast-sender-count-60T-20B.iotlab-m3
2021-09-05 19:49:14,982 :: INFO :: Control node : Start experiment
2021-09-05 19:49:15,069 :: INFO :: Control Node set time delay: 1862 us
2021-09-05 19:49:15,086 :: INFO :: Control node : profile configuration
2021-09-05 19:49:15,092 :: INFO :: Configure profile on Control Node
2021-09-05 19:49:15,172 :: INFO :: Start experiment succeeded
2021-09-05 20:49:21,245 :: INFO :: Gateway Manager : Stop experiment
2021-09-05 20:49:21,254 :: INFO :: Stop experiment
2021-09-05 20:49:21,262 :: INFO :: Control node : stop of the experiment
2021-09-05 20:49:21,269 :: INFO :: Control node : profile configuration
2021-09-05 20:49:21,279 :: INFO :: Configure profile on Control Node
2021-09-05 20:49:21,351 :: INFO :: Control node : start power of open node
2021-09-05 20:49:21,395 :: INFO :: Node OpenOCD: teardown of openocd node
2021-09-05 20:49:24,484 :: INFO :: openocd node debugger stop
2021-09-05 20:49:25,169 :: INFO :: Node OpenOCD: flash of openocd node
2021-09-05 20:49:25,176 :: INFO :: Flash firmware on OpenOCD: /usr/lib/python2.7/site-packages/gateway_code/static/m3_idle.elf
2021-09-05 20:49:27,684 :: INFO :: Control node : Stop control node serial interface
2021-09-05 20:49:27,689 :: INFO :: Control node : stop power of open node
2021-09-05 20:49:27,745 :: INFO :: Control node : reset
2021-09-05 20:49:27,749 :: INFO :: Reset Control Node
2021-09-05 20:49:30,663 :: INFO :: Stop experiment succeeded
