2021-09-05 20:49:46,248 :: INFO :: Start experiment: luna-276363
2021-09-05 20:49:46,251 :: INFO :: Control node : Starting of control node serial interface
2021-09-05 20:49:46,254 :: INFO :: Control node : reset
2021-09-05 20:49:46,257 :: INFO :: Reset Control Node
2021-09-05 20:49:49,213 :: INFO :: Control node : start power of open node
2021-09-05 20:49:49,267 :: INFO :: Node OpenOCD: Setup of openocd node
2021-09-05 20:49:52,309 :: INFO :: Node OpenOCD: flash of openocd node
2021-09-05 20:49:52,324 :: INFO :: Flash firmware on OpenOCD: /tmp/tmpyJRben--9eca698c47b1367377dfc6ae1bda6964_unicast-sender-count-60T-20B.iotlab-m3
2021-09-05 20:49:59,334 :: INFO :: Control node : Start experiment
2021-09-05 20:49:59,384 :: INFO :: Control Node set time delay: 1648 us
2021-09-05 20:49:59,403 :: INFO :: Control node : profile configuration
2021-09-05 20:49:59,407 :: INFO :: Configure profile on Control Node
2021-09-05 20:49:59,448 :: INFO :: Start experiment succeeded
2021-09-05 21:50:05,426 :: INFO :: Gateway Manager : Stop experiment
2021-09-05 21:50:05,435 :: INFO :: Stop experiment
2021-09-05 21:50:05,443 :: INFO :: Control node : stop of the experiment
2021-09-05 21:50:05,450 :: INFO :: Control node : profile configuration
2021-09-05 21:50:05,457 :: INFO :: Configure profile on Control Node
2021-09-05 21:50:05,527 :: INFO :: Control node : start power of open node
2021-09-05 21:50:05,571 :: INFO :: Node OpenOCD: teardown of openocd node
2021-09-05 21:50:08,605 :: INFO :: openocd node debugger stop
2021-09-05 21:50:09,288 :: INFO :: Node OpenOCD: flash of openocd node
2021-09-05 21:50:09,303 :: INFO :: Flash firmware on OpenOCD: /usr/lib/python2.7/site-packages/gateway_code/static/m3_idle.elf
2021-09-05 21:50:11,863 :: INFO :: Control node : Stop control node serial interface
2021-09-05 21:50:11,868 :: INFO :: Control node : stop power of open node
2021-09-05 21:50:11,922 :: INFO :: Control node : reset
2021-09-05 21:50:11,926 :: INFO :: Reset Control Node
2021-09-05 21:50:14,853 :: INFO :: Stop experiment succeeded
