2021-09-05 20:49:46,256 :: INFO :: Start experiment: luna-276363
2021-09-05 20:49:46,260 :: INFO :: Control node : Starting of control node serial interface
2021-09-05 20:49:46,263 :: INFO :: Control node : reset
2021-09-05 20:49:46,265 :: INFO :: Reset Control Node
2021-09-05 20:49:49,168 :: INFO :: Control node : start power of open node
2021-09-05 20:49:49,198 :: INFO :: Node OpenOCD: Setup of openocd node
2021-09-05 20:49:52,235 :: INFO :: Node OpenOCD: flash of openocd node
2021-09-05 20:49:52,253 :: INFO :: Flash firmware on OpenOCD: /tmp/tmpoSAnb7--9eca698c47b1367377dfc6ae1bda6964_unicast-sender-count-60T-20B.iotlab-m3
2021-09-05 20:49:59,244 :: INFO :: Control node : Start experiment
2021-09-05 20:49:59,303 :: INFO :: Control Node set time delay: 1221 us
2021-09-05 20:49:59,320 :: INFO :: Control node : profile configuration
2021-09-05 20:49:59,324 :: INFO :: Configure profile on Control Node
2021-09-05 20:49:59,369 :: INFO :: Start experiment succeeded
2021-09-05 21:50:05,438 :: INFO :: Gateway Manager : Stop experiment
2021-09-05 21:50:05,447 :: INFO :: Stop experiment
2021-09-05 21:50:05,455 :: INFO :: Control node : stop of the experiment
2021-09-05 21:50:05,463 :: INFO :: Control node : profile configuration
2021-09-05 21:50:05,470 :: INFO :: Configure profile on Control Node
2021-09-05 21:50:05,546 :: INFO :: Control node : start power of open node
2021-09-05 21:50:05,590 :: INFO :: Node OpenOCD: teardown of openocd node
2021-09-05 21:50:08,674 :: INFO :: openocd node debugger stop
2021-09-05 21:50:09,362 :: INFO :: Node OpenOCD: flash of openocd node
2021-09-05 21:50:09,377 :: INFO :: Flash firmware on OpenOCD: /usr/lib/python2.7/site-packages/gateway_code/static/m3_idle.elf
2021-09-05 21:50:11,943 :: INFO :: Control node : Stop control node serial interface
2021-09-05 21:50:11,952 :: INFO :: Control node : stop power of open node
2021-09-05 21:50:12,052 :: INFO :: Control node : reset
2021-09-05 21:50:12,059 :: INFO :: Reset Control Node
2021-09-05 21:50:14,944 :: INFO :: Stop experiment succeeded
