2021-09-05 20:49:46,297 :: INFO :: Start experiment: luna-276363
2021-09-05 20:49:46,300 :: INFO :: Control node : Starting of control node serial interface
2021-09-05 20:49:46,303 :: INFO :: Control node : reset
2021-09-05 20:49:46,305 :: INFO :: Reset Control Node
2021-09-05 20:49:49,194 :: INFO :: Control node : start power of open node
2021-09-05 20:49:49,221 :: INFO :: Node OpenOCD: Setup of openocd node
2021-09-05 20:49:52,262 :: INFO :: Node OpenOCD: flash of openocd node
2021-09-05 20:49:52,280 :: INFO :: Flash firmware on OpenOCD: /tmp/tmp0mIVbF--9eca698c47b1367377dfc6ae1bda6964_unicast-sender-count-60T-20B.iotlab-m3
2021-09-05 20:49:59,179 :: INFO :: Control node : Start experiment
2021-09-05 20:49:59,245 :: INFO :: Control Node set time delay: 1068 us
2021-09-05 20:49:59,274 :: INFO :: Control node : profile configuration
2021-09-05 20:49:59,281 :: INFO :: Configure profile on Control Node
2021-09-05 20:49:59,361 :: INFO :: Start experiment succeeded
2021-09-05 21:50:05,436 :: INFO :: Gateway Manager : Stop experiment
2021-09-05 21:50:05,445 :: INFO :: Stop experiment
2021-09-05 21:50:05,454 :: INFO :: Control node : stop of the experiment
2021-09-05 21:50:05,461 :: INFO :: Control node : profile configuration
2021-09-05 21:50:05,471 :: INFO :: Configure profile on Control Node
2021-09-05 21:50:05,547 :: INFO :: Control node : start power of open node
2021-09-05 21:50:05,590 :: INFO :: Node OpenOCD: teardown of openocd node
2021-09-05 21:50:08,672 :: INFO :: openocd node debugger stop
2021-09-05 21:50:09,262 :: INFO :: Node OpenOCD: flash of openocd node
2021-09-05 21:50:09,276 :: INFO :: Flash firmware on OpenOCD: /usr/lib/python2.7/site-packages/gateway_code/static/m3_idle.elf
2021-09-05 21:50:11,852 :: INFO :: Control node : Stop control node serial interface
2021-09-05 21:50:11,861 :: INFO :: Control node : stop power of open node
2021-09-05 21:50:11,963 :: INFO :: Control node : reset
2021-09-05 21:50:11,969 :: INFO :: Reset Control Node
2021-09-05 21:50:14,789 :: INFO :: Stop experiment succeeded
