2021-09-05 20:49:46,306 :: INFO :: Start experiment: luna-276363
2021-09-05 20:49:46,310 :: INFO :: Control node : Starting of control node serial interface
2021-09-05 20:49:46,312 :: INFO :: Control node : reset
2021-09-05 20:49:46,315 :: INFO :: Reset Control Node
2021-09-05 20:49:49,265 :: INFO :: Control node : start power of open node
2021-09-05 20:49:49,321 :: INFO :: Node OpenOCD: Setup of openocd node
2021-09-05 20:49:52,361 :: INFO :: Node OpenOCD: flash of openocd node
2021-09-05 20:49:52,376 :: INFO :: Flash firmware on OpenOCD: /tmp/tmplG0pdP--9eca698c47b1367377dfc6ae1bda6964_unicast-sender-count-60T-20B.iotlab-m3
2021-09-05 20:49:59,323 :: INFO :: Control node : Start experiment
2021-09-05 20:49:59,418 :: INFO :: Control Node set time delay: 1373 us
2021-09-05 20:49:59,434 :: INFO :: Control node : profile configuration
2021-09-05 20:49:59,441 :: INFO :: Configure profile on Control Node
2021-09-05 20:49:59,521 :: INFO :: Start experiment succeeded
2021-09-05 21:50:05,430 :: INFO :: Gateway Manager : Stop experiment
2021-09-05 21:50:05,440 :: INFO :: Stop experiment
2021-09-05 21:50:05,448 :: INFO :: Control node : stop of the experiment
2021-09-05 21:50:05,456 :: INFO :: Control node : profile configuration
2021-09-05 21:50:05,463 :: INFO :: Configure profile on Control Node
2021-09-05 21:50:05,538 :: INFO :: Control node : start power of open node
2021-09-05 21:50:05,582 :: INFO :: Node OpenOCD: teardown of openocd node
2021-09-05 21:50:08,651 :: INFO :: openocd node debugger stop
2021-09-05 21:50:09,335 :: INFO :: Node OpenOCD: flash of openocd node
2021-09-05 21:50:09,342 :: INFO :: Flash firmware on OpenOCD: /usr/lib/python2.7/site-packages/gateway_code/static/m3_idle.elf
2021-09-05 21:50:11,851 :: INFO :: Control node : Stop control node serial interface
2021-09-05 21:50:11,859 :: INFO :: Control node : stop power of open node
2021-09-05 21:50:11,947 :: INFO :: Control node : reset
2021-09-05 21:50:11,953 :: INFO :: Reset Control Node
2021-09-05 21:50:14,838 :: INFO :: Stop experiment succeeded
