2021-09-05 20:49:46,235 :: INFO :: Start experiment: luna-276363
2021-09-05 20:49:46,239 :: INFO :: Control node : Starting of control node serial interface
2021-09-05 20:49:46,242 :: INFO :: Control node : reset
2021-09-05 20:49:46,244 :: INFO :: Reset Control Node
2021-09-05 20:49:49,201 :: INFO :: Control node : start power of open node
2021-09-05 20:49:49,255 :: INFO :: Node OpenOCD: Setup of openocd node
2021-09-05 20:49:52,296 :: INFO :: Node OpenOCD: flash of openocd node
2021-09-05 20:49:52,311 :: INFO :: Flash firmware on OpenOCD: /tmp/tmpMKaELr--9eca698c47b1367377dfc6ae1bda6964_unicast-sender-count-60T-20B.iotlab-m3
2021-09-05 20:49:59,313 :: INFO :: Control node : Start experiment
2021-09-05 20:49:59,366 :: INFO :: Control Node set time delay: 1343 us
2021-09-05 20:49:59,393 :: INFO :: Control node : profile configuration
2021-09-05 20:49:59,397 :: INFO :: Configure profile on Control Node
2021-09-05 20:49:59,439 :: INFO :: Start experiment succeeded
2021-09-05 21:50:05,471 :: INFO :: Gateway Manager : Stop experiment
2021-09-05 21:50:05,481 :: INFO :: Stop experiment
2021-09-05 21:50:05,489 :: INFO :: Control node : stop of the experiment
2021-09-05 21:50:05,496 :: INFO :: Control node : profile configuration
2021-09-05 21:50:05,504 :: INFO :: Configure profile on Control Node
2021-09-05 21:50:05,579 :: INFO :: Control node : start power of open node
2021-09-05 21:50:05,624 :: INFO :: Node OpenOCD: teardown of openocd node
2021-09-05 21:50:08,669 :: INFO :: openocd node debugger stop
2021-09-05 21:50:09,365 :: INFO :: Node OpenOCD: flash of openocd node
2021-09-05 21:50:09,379 :: INFO :: Flash firmware on OpenOCD: /usr/lib/python2.7/site-packages/gateway_code/static/m3_idle.elf
2021-09-05 21:50:11,949 :: INFO :: Control node : Stop control node serial interface
2021-09-05 21:50:11,958 :: INFO :: Control node : stop power of open node
2021-09-05 21:50:12,068 :: INFO :: Control node : reset
2021-09-05 21:50:12,075 :: INFO :: Reset Control Node
2021-09-05 21:50:14,962 :: INFO :: Stop experiment succeeded
