2021-09-05 20:49:46,251 :: INFO :: Start experiment: luna-276363
2021-09-05 20:49:46,254 :: INFO :: Control node : Starting of control node serial interface
2021-09-05 20:49:46,257 :: INFO :: Control node : reset
2021-09-05 20:49:46,260 :: INFO :: Reset Control Node
2021-09-05 20:49:49,265 :: INFO :: Control node : start power of open node
2021-09-05 20:49:49,327 :: INFO :: Node OpenOCD: Setup of openocd node
2021-09-05 20:49:52,364 :: INFO :: Node OpenOCD: flash of openocd node
2021-09-05 20:49:52,379 :: INFO :: Flash firmware on OpenOCD: /tmp/tmpRPJu3c--9eca698c47b1367377dfc6ae1bda6964_unicast-sender-count-60T-20B.iotlab-m3
2021-09-05 20:49:59,387 :: INFO :: Control node : Start experiment
2021-09-05 20:49:59,449 :: INFO :: Control Node set time delay: 1862 us
2021-09-05 20:49:59,472 :: INFO :: Control node : profile configuration
2021-09-05 20:49:59,479 :: INFO :: Configure profile on Control Node
2021-09-05 20:49:59,520 :: INFO :: Start experiment succeeded
2021-09-05 21:50:05,421 :: INFO :: Gateway Manager : Stop experiment
2021-09-05 21:50:05,431 :: INFO :: Stop experiment
2021-09-05 21:50:05,439 :: INFO :: Control node : stop of the experiment
2021-09-05 21:50:05,446 :: INFO :: Control node : profile configuration
2021-09-05 21:50:05,454 :: INFO :: Configure profile on Control Node
2021-09-05 21:50:05,531 :: INFO :: Control node : start power of open node
2021-09-05 21:50:05,574 :: INFO :: Node OpenOCD: teardown of openocd node
2021-09-05 21:50:08,614 :: INFO :: openocd node debugger stop
2021-09-05 21:50:09,307 :: INFO :: Node OpenOCD: flash of openocd node
2021-09-05 21:50:09,323 :: INFO :: Flash firmware on OpenOCD: /usr/lib/python2.7/site-packages/gateway_code/static/m3_idle.elf
2021-09-05 21:50:11,890 :: INFO :: Control node : Stop control node serial interface
2021-09-05 21:50:11,898 :: INFO :: Control node : stop power of open node
2021-09-05 21:50:12,002 :: INFO :: Control node : reset
2021-09-05 21:50:12,009 :: INFO :: Reset Control Node
2021-09-05 21:50:14,893 :: INFO :: Stop experiment succeeded
