2021-09-06 00:52:44,119 :: INFO :: Start experiment: luna-276367
2021-09-06 00:52:44,123 :: INFO :: Control node : Starting of control node serial interface
2021-09-06 00:52:44,125 :: INFO :: Control node : reset
2021-09-06 00:52:44,128 :: INFO :: Reset Control Node
2021-09-06 00:52:47,082 :: INFO :: Control node : start power of open node
2021-09-06 00:52:47,138 :: INFO :: Node OpenOCD: Setup of openocd node
2021-09-06 00:52:50,191 :: INFO :: Node OpenOCD: flash of openocd node
2021-09-06 00:52:50,205 :: INFO :: Flash firmware on OpenOCD: /tmp/tmpIIrySK--3e6b491341ebfbb107b5d3aaa6c4431d_unicast-sender-count-10T-191B.iotlab-m3
2021-09-06 00:52:57,148 :: INFO :: Control node : Start experiment
2021-09-06 00:52:57,218 :: INFO :: Control Node set time delay: 1831 us
2021-09-06 00:52:57,249 :: INFO :: Control node : profile configuration
2021-09-06 00:52:57,256 :: INFO :: Configure profile on Control Node
2021-09-06 00:52:57,334 :: INFO :: Start experiment succeeded
2021-09-06 01:53:03,137 :: INFO :: Gateway Manager : Stop experiment
2021-09-06 01:53:03,168 :: INFO :: Stop experiment
2021-09-06 01:53:03,202 :: INFO :: Control node : stop of the experiment
2021-09-06 01:53:03,238 :: INFO :: Control node : profile configuration
2021-09-06 01:53:03,262 :: INFO :: Configure profile on Control Node
2021-09-06 01:53:03,397 :: INFO :: Control node : start power of open node
2021-09-06 01:53:03,417 :: INFO :: Node OpenOCD: teardown of openocd node
2021-09-06 01:53:06,455 :: INFO :: openocd node debugger stop
2021-09-06 01:53:07,148 :: INFO :: Node OpenOCD: flash of openocd node
2021-09-06 01:53:07,162 :: INFO :: Flash firmware on OpenOCD: /usr/lib/python2.7/site-packages/gateway_code/static/m3_idle.elf
2021-09-06 01:53:09,702 :: INFO :: Control node : Stop control node serial interface
2021-09-06 01:53:09,711 :: INFO :: Control node : stop power of open node
2021-09-06 01:53:09,829 :: INFO :: Control node : reset
2021-09-06 01:53:09,835 :: INFO :: Reset Control Node
2021-09-06 01:53:12,726 :: INFO :: Stop experiment succeeded
