2021-09-06 00:52:44,109 :: INFO :: Start experiment: luna-276367
2021-09-06 00:52:44,113 :: INFO :: Control node : Starting of control node serial interface
2021-09-06 00:52:44,116 :: INFO :: Control node : reset
2021-09-06 00:52:44,118 :: INFO :: Reset Control Node
2021-09-06 00:52:47,073 :: INFO :: Control node : start power of open node
2021-09-06 00:52:47,132 :: INFO :: Node OpenOCD: Setup of openocd node
2021-09-06 00:52:50,182 :: INFO :: Node OpenOCD: flash of openocd node
2021-09-06 00:52:50,198 :: INFO :: Flash firmware on OpenOCD: /tmp/tmpSgipw_--3e6b491341ebfbb107b5d3aaa6c4431d_unicast-sender-count-10T-191B.iotlab-m3
2021-09-06 00:52:57,210 :: INFO :: Control node : Start experiment
2021-09-06 00:52:57,255 :: INFO :: Control Node set time delay: 1465 us
2021-09-06 00:52:57,288 :: INFO :: Control node : profile configuration
2021-09-06 00:52:57,294 :: INFO :: Configure profile on Control Node
2021-09-06 00:52:57,337 :: INFO :: Start experiment succeeded
2021-09-06 01:53:03,103 :: INFO :: Gateway Manager : Stop experiment
2021-09-06 01:53:03,112 :: INFO :: Stop experiment
2021-09-06 01:53:03,121 :: INFO :: Control node : stop of the experiment
2021-09-06 01:53:03,131 :: INFO :: Control node : profile configuration
2021-09-06 01:53:03,139 :: INFO :: Configure profile on Control Node
2021-09-06 01:53:03,223 :: INFO :: Control node : start power of open node
2021-09-06 01:53:03,267 :: INFO :: Node OpenOCD: teardown of openocd node
2021-09-06 01:53:06,319 :: INFO :: openocd node debugger stop
2021-09-06 01:53:07,004 :: INFO :: Node OpenOCD: flash of openocd node
2021-09-06 01:53:07,018 :: INFO :: Flash firmware on OpenOCD: /usr/lib/python2.7/site-packages/gateway_code/static/m3_idle.elf
2021-09-06 01:53:09,584 :: INFO :: Control node : Stop control node serial interface
2021-09-06 01:53:09,589 :: INFO :: Control node : stop power of open node
2021-09-06 01:53:09,646 :: INFO :: Control node : reset
2021-09-06 01:53:09,653 :: INFO :: Reset Control Node
2021-09-06 01:53:12,543 :: INFO :: Stop experiment succeeded
