2021-09-06 00:52:44,080 :: INFO :: Start experiment: luna-276367
2021-09-06 00:52:44,083 :: INFO :: Control node : Starting of control node serial interface
2021-09-06 00:52:44,086 :: INFO :: Control node : reset
2021-09-06 00:52:44,089 :: INFO :: Reset Control Node
2021-09-06 00:52:47,045 :: INFO :: Control node : start power of open node
2021-09-06 00:52:47,104 :: INFO :: Node OpenOCD: Setup of openocd node
2021-09-06 00:52:50,150 :: INFO :: Node OpenOCD: flash of openocd node
2021-09-06 00:52:50,165 :: INFO :: Flash firmware on OpenOCD: /tmp/tmplDMORV--3e6b491341ebfbb107b5d3aaa6c4431d_unicast-sender-count-10T-191B.iotlab-m3
2021-09-06 00:52:57,119 :: INFO :: Control node : Start experiment
2021-09-06 00:52:57,179 :: INFO :: Control Node set time delay: 1739 us
2021-09-06 00:52:57,201 :: INFO :: Control node : profile configuration
2021-09-06 00:52:57,208 :: INFO :: Configure profile on Control Node
2021-09-06 00:52:57,258 :: INFO :: Start experiment succeeded
2021-09-06 01:53:03,099 :: INFO :: Gateway Manager : Stop experiment
2021-09-06 01:53:03,108 :: INFO :: Stop experiment
2021-09-06 01:53:03,116 :: INFO :: Control node : stop of the experiment
2021-09-06 01:53:03,124 :: INFO :: Control node : profile configuration
2021-09-06 01:53:03,134 :: INFO :: Configure profile on Control Node
2021-09-06 01:53:03,207 :: INFO :: Control node : start power of open node
2021-09-06 01:53:03,251 :: INFO :: Node OpenOCD: teardown of openocd node
2021-09-06 01:53:06,309 :: INFO :: openocd node debugger stop
2021-09-06 01:53:06,988 :: INFO :: Node OpenOCD: flash of openocd node
2021-09-06 01:53:07,003 :: INFO :: Flash firmware on OpenOCD: /usr/lib/python2.7/site-packages/gateway_code/static/m3_idle.elf
2021-09-06 01:53:09,572 :: INFO :: Control node : Stop control node serial interface
2021-09-06 01:53:09,577 :: INFO :: Control node : stop power of open node
2021-09-06 01:53:09,633 :: INFO :: Control node : reset
2021-09-06 01:53:09,636 :: INFO :: Reset Control Node
2021-09-06 01:53:12,566 :: INFO :: Stop experiment succeeded
