2021-09-06 00:52:44,137 :: INFO :: Start experiment: luna-276367
2021-09-06 00:52:44,140 :: INFO :: Control node : Starting of control node serial interface
2021-09-06 00:52:44,143 :: INFO :: Control node : reset
2021-09-06 00:52:44,146 :: INFO :: Reset Control Node
2021-09-06 00:52:47,095 :: INFO :: Control node : start power of open node
2021-09-06 00:52:47,149 :: INFO :: Node OpenOCD: Setup of openocd node
2021-09-06 00:52:50,189 :: INFO :: Node OpenOCD: flash of openocd node
2021-09-06 00:52:50,206 :: INFO :: Flash firmware on OpenOCD: /tmp/tmpAJU3GY--3e6b491341ebfbb107b5d3aaa6c4431d_unicast-sender-count-10T-191B.iotlab-m3
2021-09-06 00:52:57,142 :: INFO :: Control node : Start experiment
2021-09-06 00:52:57,192 :: INFO :: Control Node set time delay: 1892 us
2021-09-06 00:52:57,226 :: INFO :: Control node : profile configuration
2021-09-06 00:52:57,233 :: INFO :: Configure profile on Control Node
2021-09-06 00:52:57,279 :: INFO :: Start experiment succeeded
2021-09-06 01:53:03,114 :: INFO :: Gateway Manager : Stop experiment
2021-09-06 01:53:03,127 :: INFO :: Stop experiment
2021-09-06 01:53:03,140 :: INFO :: Control node : stop of the experiment
2021-09-06 01:53:03,151 :: INFO :: Control node : profile configuration
2021-09-06 01:53:03,161 :: INFO :: Configure profile on Control Node
2021-09-06 01:53:03,252 :: INFO :: Control node : start power of open node
2021-09-06 01:53:03,296 :: INFO :: Node OpenOCD: teardown of openocd node
2021-09-06 01:53:06,344 :: INFO :: openocd node debugger stop
2021-09-06 01:53:07,031 :: INFO :: Node OpenOCD: flash of openocd node
2021-09-06 01:53:07,045 :: INFO :: Flash firmware on OpenOCD: /usr/lib/python2.7/site-packages/gateway_code/static/m3_idle.elf
2021-09-06 01:53:09,612 :: INFO :: Control node : Stop control node serial interface
2021-09-06 01:53:09,621 :: INFO :: Control node : stop power of open node
2021-09-06 01:53:09,759 :: INFO :: Control node : reset
2021-09-06 01:53:09,767 :: INFO :: Reset Control Node
2021-09-06 01:53:12,604 :: INFO :: Stop experiment succeeded
