2021-09-06 00:52:44,143 :: INFO :: Start experiment: luna-276367
2021-09-06 00:52:44,146 :: INFO :: Control node : Starting of control node serial interface
2021-09-06 00:52:44,149 :: INFO :: Control node : reset
2021-09-06 00:52:44,152 :: INFO :: Reset Control Node
2021-09-06 00:52:47,077 :: INFO :: Control node : start power of open node
2021-09-06 00:52:47,106 :: INFO :: Node OpenOCD: Setup of openocd node
2021-09-06 00:52:50,144 :: INFO :: Node OpenOCD: flash of openocd node
2021-09-06 00:52:50,163 :: INFO :: Flash firmware on OpenOCD: /tmp/tmpbdSXcK--3e6b491341ebfbb107b5d3aaa6c4431d_unicast-sender-count-10T-191B.iotlab-m3
2021-09-06 00:52:57,112 :: INFO :: Control node : Start experiment
2021-09-06 00:52:57,189 :: INFO :: Control Node set time delay: 1220 us
2021-09-06 00:52:57,215 :: INFO :: Control node : profile configuration
2021-09-06 00:52:57,223 :: INFO :: Configure profile on Control Node
2021-09-06 00:52:57,304 :: INFO :: Start experiment succeeded
2021-09-06 01:53:03,108 :: INFO :: Gateway Manager : Stop experiment
2021-09-06 01:53:03,117 :: INFO :: Stop experiment
2021-09-06 01:53:03,125 :: INFO :: Control node : stop of the experiment
2021-09-06 01:53:03,133 :: INFO :: Control node : profile configuration
2021-09-06 01:53:03,140 :: INFO :: Configure profile on Control Node
2021-09-06 01:53:03,226 :: INFO :: Control node : start power of open node
2021-09-06 01:53:03,270 :: INFO :: Node OpenOCD: teardown of openocd node
2021-09-06 01:53:06,320 :: INFO :: openocd node debugger stop
2021-09-06 01:53:07,004 :: INFO :: Node OpenOCD: flash of openocd node
2021-09-06 01:53:07,020 :: INFO :: Flash firmware on OpenOCD: /usr/lib/python2.7/site-packages/gateway_code/static/m3_idle.elf
2021-09-06 01:53:09,589 :: INFO :: Control node : Stop control node serial interface
2021-09-06 01:53:09,598 :: INFO :: Control node : stop power of open node
2021-09-06 01:53:09,697 :: INFO :: Control node : reset
2021-09-06 01:53:09,704 :: INFO :: Reset Control Node
2021-09-06 01:53:12,590 :: INFO :: Stop experiment succeeded
