2021-09-06 00:52:44,143 :: INFO :: Start experiment: luna-276367
2021-09-06 00:52:44,146 :: INFO :: Control node : Starting of control node serial interface
2021-09-06 00:52:44,149 :: INFO :: Control node : reset
2021-09-06 00:52:44,152 :: INFO :: Reset Control Node
2021-09-06 00:52:47,102 :: INFO :: Control node : start power of open node
2021-09-06 00:52:47,157 :: INFO :: Node OpenOCD: Setup of openocd node
2021-09-06 00:52:50,200 :: INFO :: Node OpenOCD: flash of openocd node
2021-09-06 00:52:50,218 :: INFO :: Flash firmware on OpenOCD: /tmp/tmpx7ZV6l--3e6b491341ebfbb107b5d3aaa6c4431d_unicast-sender-count-10T-191B.iotlab-m3
2021-09-06 00:52:57,182 :: INFO :: Control node : Start experiment
2021-09-06 00:52:57,240 :: INFO :: Control Node set time delay: 1373 us
2021-09-06 00:52:57,249 :: INFO :: Control node : profile configuration
2021-09-06 00:52:57,252 :: INFO :: Configure profile on Control Node
2021-09-06 00:52:57,295 :: INFO :: Start experiment succeeded
2021-09-06 01:53:03,110 :: INFO :: Gateway Manager : Stop experiment
2021-09-06 01:53:03,120 :: INFO :: Stop experiment
2021-09-06 01:53:03,128 :: INFO :: Control node : stop of the experiment
2021-09-06 01:53:03,136 :: INFO :: Control node : profile configuration
2021-09-06 01:53:03,145 :: INFO :: Configure profile on Control Node
2021-09-06 01:53:03,219 :: INFO :: Control node : start power of open node
2021-09-06 01:53:03,263 :: INFO :: Node OpenOCD: teardown of openocd node
2021-09-06 01:53:06,320 :: INFO :: openocd node debugger stop
2021-09-06 01:53:06,977 :: INFO :: Node OpenOCD: flash of openocd node
2021-09-06 01:53:06,984 :: INFO :: Flash firmware on OpenOCD: /usr/lib/python2.7/site-packages/gateway_code/static/m3_idle.elf
2021-09-06 01:53:09,490 :: INFO :: Control node : Stop control node serial interface
2021-09-06 01:53:09,494 :: INFO :: Control node : stop power of open node
2021-09-06 01:53:09,550 :: INFO :: Control node : reset
2021-09-06 01:53:09,556 :: INFO :: Reset Control Node
2021-09-06 01:53:12,447 :: INFO :: Stop experiment succeeded
