2021-09-06 00:52:44,105 :: INFO :: Start experiment: luna-276367
2021-09-06 00:52:44,108 :: INFO :: Control node : Starting of control node serial interface
2021-09-06 00:52:44,111 :: INFO :: Control node : reset
2021-09-06 00:52:44,114 :: INFO :: Reset Control Node
2021-09-06 00:52:47,067 :: INFO :: Control node : start power of open node
2021-09-06 00:52:47,124 :: INFO :: Node OpenOCD: Setup of openocd node
2021-09-06 00:52:50,167 :: INFO :: Node OpenOCD: flash of openocd node
2021-09-06 00:52:50,182 :: INFO :: Flash firmware on OpenOCD: /tmp/tmpLkQJhI--3e6b491341ebfbb107b5d3aaa6c4431d_unicast-sender-count-10T-191B.iotlab-m3
2021-09-06 00:52:57,065 :: INFO :: Control node : Start experiment
2021-09-06 00:52:57,119 :: INFO :: Control Node set time delay: 1862 us
2021-09-06 00:52:57,153 :: INFO :: Control node : profile configuration
2021-09-06 00:52:57,160 :: INFO :: Configure profile on Control Node
2021-09-06 00:52:57,239 :: INFO :: Start experiment succeeded
2021-09-06 01:53:03,097 :: INFO :: Gateway Manager : Stop experiment
2021-09-06 01:53:03,106 :: INFO :: Stop experiment
2021-09-06 01:53:03,115 :: INFO :: Control node : stop of the experiment
2021-09-06 01:53:03,122 :: INFO :: Control node : profile configuration
2021-09-06 01:53:03,130 :: INFO :: Configure profile on Control Node
2021-09-06 01:53:03,205 :: INFO :: Control node : start power of open node
2021-09-06 01:53:03,249 :: INFO :: Node OpenOCD: teardown of openocd node
2021-09-06 01:53:06,268 :: INFO :: openocd node debugger stop
2021-09-06 01:53:06,831 :: INFO :: Node OpenOCD: flash of openocd node
2021-09-06 01:53:06,846 :: INFO :: Flash firmware on OpenOCD: /usr/lib/python2.7/site-packages/gateway_code/static/m3_idle.elf
2021-09-06 01:53:09,418 :: INFO :: Control node : Stop control node serial interface
2021-09-06 01:53:09,427 :: INFO :: Control node : stop power of open node
2021-09-06 01:53:09,524 :: INFO :: Control node : reset
2021-09-06 01:53:09,531 :: INFO :: Reset Control Node
2021-09-06 01:53:12,373 :: INFO :: Stop experiment succeeded
