2021-09-06 00:52:44,077 :: INFO :: Start experiment: luna-276367
2021-09-06 00:52:44,081 :: INFO :: Control node : Starting of control node serial interface
2021-09-06 00:52:44,084 :: INFO :: Control node : reset
2021-09-06 00:52:44,086 :: INFO :: Reset Control Node
2021-09-06 00:52:47,090 :: INFO :: Control node : start power of open node
2021-09-06 00:52:47,149 :: INFO :: Node OpenOCD: Setup of openocd node
2021-09-06 00:52:50,192 :: INFO :: Node OpenOCD: flash of openocd node
2021-09-06 00:52:50,207 :: INFO :: Flash firmware on OpenOCD: /tmp/tmpOWf8q4--3e6b491341ebfbb107b5d3aaa6c4431d_unicast-sender-count-10T-191B.iotlab-m3
2021-09-06 00:52:57,059 :: INFO :: Control node : Start experiment
2021-09-06 00:52:57,112 :: INFO :: Control Node set time delay: 1801 us
2021-09-06 00:52:57,144 :: INFO :: Control node : profile configuration
2021-09-06 00:52:57,150 :: INFO :: Configure profile on Control Node
2021-09-06 00:52:57,228 :: INFO :: Start experiment succeeded
2021-09-06 01:53:03,100 :: INFO :: Gateway Manager : Stop experiment
2021-09-06 01:53:03,113 :: INFO :: Stop experiment
2021-09-06 01:53:03,123 :: INFO :: Control node : stop of the experiment
2021-09-06 01:53:03,131 :: INFO :: Control node : profile configuration
2021-09-06 01:53:03,138 :: INFO :: Configure profile on Control Node
2021-09-06 01:53:03,212 :: INFO :: Control node : start power of open node
2021-09-06 01:53:03,254 :: INFO :: Node OpenOCD: teardown of openocd node
2021-09-06 01:53:06,305 :: INFO :: openocd node debugger stop
2021-09-06 01:53:06,993 :: INFO :: Node OpenOCD: flash of openocd node
2021-09-06 01:53:07,007 :: INFO :: Flash firmware on OpenOCD: /usr/lib/python2.7/site-packages/gateway_code/static/m3_idle.elf
2021-09-06 01:53:09,497 :: INFO :: Control node : Stop control node serial interface
2021-09-06 01:53:09,505 :: INFO :: Control node : stop power of open node
2021-09-06 01:53:09,620 :: INFO :: Control node : reset
2021-09-06 01:53:09,628 :: INFO :: Reset Control Node
2021-09-06 01:53:12,512 :: INFO :: Stop experiment succeeded
