2021-09-06 00:52:44,130 :: INFO :: Start experiment: luna-276367
2021-09-06 00:52:44,134 :: INFO :: Control node : Starting of control node serial interface
2021-09-06 00:52:44,137 :: INFO :: Control node : reset
2021-09-06 00:52:44,139 :: INFO :: Reset Control Node
2021-09-06 00:52:47,051 :: INFO :: Control node : start power of open node
2021-09-06 00:52:47,080 :: INFO :: Node OpenOCD: Setup of openocd node
2021-09-06 00:52:50,117 :: INFO :: Node OpenOCD: flash of openocd node
2021-09-06 00:52:50,135 :: INFO :: Flash firmware on OpenOCD: /tmp/tmpmrGRA4--3e6b491341ebfbb107b5d3aaa6c4431d_unicast-sender-count-10T-191B.iotlab-m3
2021-09-06 00:52:57,032 :: INFO :: Control node : Start experiment
2021-09-06 00:52:57,105 :: INFO :: Control Node set time delay: 1159 us
2021-09-06 00:52:57,121 :: INFO :: Control node : profile configuration
2021-09-06 00:52:57,128 :: INFO :: Configure profile on Control Node
2021-09-06 00:52:57,208 :: INFO :: Start experiment succeeded
2021-09-06 01:53:03,099 :: INFO :: Gateway Manager : Stop experiment
2021-09-06 01:53:03,108 :: INFO :: Stop experiment
2021-09-06 01:53:03,116 :: INFO :: Control node : stop of the experiment
2021-09-06 01:53:03,124 :: INFO :: Control node : profile configuration
2021-09-06 01:53:03,134 :: INFO :: Configure profile on Control Node
2021-09-06 01:53:03,208 :: INFO :: Control node : start power of open node
2021-09-06 01:53:03,251 :: INFO :: Node OpenOCD: teardown of openocd node
2021-09-06 01:53:06,323 :: INFO :: openocd node debugger stop
2021-09-06 01:53:07,006 :: INFO :: Node OpenOCD: flash of openocd node
2021-09-06 01:53:07,021 :: INFO :: Flash firmware on OpenOCD: /usr/lib/python2.7/site-packages/gateway_code/static/m3_idle.elf
2021-09-06 01:53:09,638 :: INFO :: Control node : Stop control node serial interface
2021-09-06 01:53:09,643 :: INFO :: Control node : stop power of open node
2021-09-06 01:53:09,710 :: INFO :: Control node : reset
2021-09-06 01:53:09,717 :: INFO :: Reset Control Node
2021-09-06 01:53:12,608 :: INFO :: Stop experiment succeeded
