2021-09-06 00:52:44,126 :: INFO :: Start experiment: luna-276367
2021-09-06 00:52:44,129 :: INFO :: Control node : Starting of control node serial interface
2021-09-06 00:52:44,132 :: INFO :: Control node : reset
2021-09-06 00:52:44,135 :: INFO :: Reset Control Node
2021-09-06 00:52:47,088 :: INFO :: Control node : start power of open node
2021-09-06 00:52:47,143 :: INFO :: Node OpenOCD: Setup of openocd node
2021-09-06 00:52:50,193 :: INFO :: Node OpenOCD: flash of openocd node
2021-09-06 00:52:50,208 :: INFO :: Flash firmware on OpenOCD: /tmp/tmpgyccNY--3e6b491341ebfbb107b5d3aaa6c4431d_unicast-sender-count-10T-191B.iotlab-m3
2021-09-06 00:52:57,101 :: INFO :: Control node : Start experiment
2021-09-06 00:52:57,152 :: INFO :: Control Node set time delay: 1862 us
2021-09-06 00:52:57,184 :: INFO :: Control node : profile configuration
2021-09-06 00:52:57,191 :: INFO :: Configure profile on Control Node
2021-09-06 00:52:57,269 :: INFO :: Start experiment succeeded
2021-09-06 01:53:03,114 :: INFO :: Gateway Manager : Stop experiment
2021-09-06 01:53:03,126 :: INFO :: Stop experiment
2021-09-06 01:53:03,135 :: INFO :: Control node : stop of the experiment
2021-09-06 01:53:03,144 :: INFO :: Control node : profile configuration
2021-09-06 01:53:03,152 :: INFO :: Configure profile on Control Node
2021-09-06 01:53:03,225 :: INFO :: Control node : start power of open node
2021-09-06 01:53:03,267 :: INFO :: Node OpenOCD: teardown of openocd node
2021-09-06 01:53:06,320 :: INFO :: openocd node debugger stop
2021-09-06 01:53:07,012 :: INFO :: Node OpenOCD: flash of openocd node
2021-09-06 01:53:07,026 :: INFO :: Flash firmware on OpenOCD: /usr/lib/python2.7/site-packages/gateway_code/static/m3_idle.elf
2021-09-06 01:53:09,539 :: INFO :: Control node : Stop control node serial interface
2021-09-06 01:53:09,548 :: INFO :: Control node : stop power of open node
2021-09-06 01:53:09,633 :: INFO :: Control node : reset
2021-09-06 01:53:09,640 :: INFO :: Reset Control Node
2021-09-06 01:53:12,523 :: INFO :: Stop experiment succeeded
