2021-09-06 00:52:44,154 :: INFO :: Start experiment: luna-276367
2021-09-06 00:52:44,158 :: INFO :: Control node : Starting of control node serial interface
2021-09-06 00:52:44,160 :: INFO :: Control node : reset
2021-09-06 00:52:44,163 :: INFO :: Reset Control Node
2021-09-06 00:52:47,119 :: INFO :: Control node : start power of open node
2021-09-06 00:52:47,176 :: INFO :: Node OpenOCD: Setup of openocd node
2021-09-06 00:52:50,228 :: INFO :: Node OpenOCD: flash of openocd node
2021-09-06 00:52:50,242 :: INFO :: Flash firmware on OpenOCD: /tmp/tmpO_xq8o--ddd0625ff8382e7208c25657471d6a4a_unicast-receiver-count.iotlab-m3
2021-09-06 00:52:56,788 :: INFO :: Control node : Start experiment
2021-09-06 00:52:56,856 :: INFO :: Control Node set time delay: 1831 us
2021-09-06 00:52:56,881 :: INFO :: Control node : profile configuration
2021-09-06 00:52:56,888 :: INFO :: Configure profile on Control Node
2021-09-06 00:52:56,967 :: INFO :: Start experiment succeeded
2021-09-06 01:53:03,100 :: INFO :: Gateway Manager : Stop experiment
2021-09-06 01:53:03,108 :: INFO :: Stop experiment
2021-09-06 01:53:03,115 :: INFO :: Control node : stop of the experiment
2021-09-06 01:53:03,122 :: INFO :: Control node : profile configuration
2021-09-06 01:53:03,128 :: INFO :: Configure profile on Control Node
2021-09-06 01:53:03,195 :: INFO :: Control node : start power of open node
2021-09-06 01:53:03,235 :: INFO :: Node OpenOCD: teardown of openocd node
2021-09-06 01:53:06,284 :: INFO :: openocd node debugger stop
2021-09-06 01:53:06,964 :: INFO :: Node OpenOCD: flash of openocd node
2021-09-06 01:53:06,971 :: INFO :: Flash firmware on OpenOCD: /usr/lib/python2.7/site-packages/gateway_code/static/m3_idle.elf
2021-09-06 01:53:09,479 :: INFO :: Control node : Stop control node serial interface
2021-09-06 01:53:09,483 :: INFO :: Control node : stop power of open node
2021-09-06 01:53:09,551 :: INFO :: Control node : reset
2021-09-06 01:53:09,554 :: INFO :: Reset Control Node
2021-09-06 01:53:12,445 :: INFO :: Stop experiment succeeded
