2021-09-06 00:52:44,148 :: INFO :: Start experiment: luna-276367
2021-09-06 00:52:44,152 :: INFO :: Control node : Starting of control node serial interface
2021-09-06 00:52:44,154 :: INFO :: Control node : reset
2021-09-06 00:52:44,157 :: INFO :: Reset Control Node
2021-09-06 00:52:47,111 :: INFO :: Control node : start power of open node
2021-09-06 00:52:47,148 :: INFO :: Node OpenOCD: Setup of openocd node
2021-09-06 00:52:50,186 :: INFO :: Node OpenOCD: flash of openocd node
2021-09-06 00:52:50,204 :: INFO :: Flash firmware on OpenOCD: /tmp/tmp1P123A--3e6b491341ebfbb107b5d3aaa6c4431d_unicast-sender-count-10T-191B.iotlab-m3
2021-09-06 00:52:57,098 :: INFO :: Control node : Start experiment
2021-09-06 00:52:57,137 :: INFO :: Control Node set time delay: 1954 us
2021-09-06 00:52:57,170 :: INFO :: Control node : profile configuration
2021-09-06 00:52:57,177 :: INFO :: Configure profile on Control Node
2021-09-06 00:52:57,254 :: INFO :: Start experiment succeeded
2021-09-06 01:53:03,102 :: INFO :: Gateway Manager : Stop experiment
2021-09-06 01:53:03,112 :: INFO :: Stop experiment
2021-09-06 01:53:03,124 :: INFO :: Control node : stop of the experiment
2021-09-06 01:53:03,132 :: INFO :: Control node : profile configuration
2021-09-06 01:53:03,139 :: INFO :: Configure profile on Control Node
2021-09-06 01:53:03,213 :: INFO :: Control node : start power of open node
2021-09-06 01:53:03,258 :: INFO :: Node OpenOCD: teardown of openocd node
2021-09-06 01:53:06,333 :: INFO :: openocd node debugger stop
2021-09-06 01:53:07,016 :: INFO :: Node OpenOCD: flash of openocd node
2021-09-06 01:53:07,023 :: INFO :: Flash firmware on OpenOCD: /usr/lib/python2.7/site-packages/gateway_code/static/m3_idle.elf
2021-09-06 01:53:09,480 :: INFO :: Control node : Stop control node serial interface
2021-09-06 01:53:09,489 :: INFO :: Control node : stop power of open node
2021-09-06 01:53:09,596 :: INFO :: Control node : reset
2021-09-06 01:53:09,603 :: INFO :: Reset Control Node
2021-09-06 01:53:12,489 :: INFO :: Stop experiment succeeded
