2021-09-05 06:26:50,526 :: INFO :: Start experiment: luna-276349
2021-09-05 06:26:50,529 :: INFO :: Control node : Starting of control node serial interface
2021-09-05 06:26:50,532 :: INFO :: Control node : reset
2021-09-05 06:26:50,535 :: INFO :: Reset Control Node
2021-09-05 06:26:53,492 :: INFO :: Control node : start power of open node
2021-09-05 06:26:53,547 :: INFO :: Node OpenOCD: Setup of openocd node
2021-09-05 06:26:56,601 :: INFO :: Node OpenOCD: flash of openocd node
2021-09-05 06:26:56,615 :: INFO :: Flash firmware on OpenOCD: /tmp/tmpmWXxxF--3e6b491341ebfbb107b5d3aaa6c4431d_unicast-sender-count-10T-191B.iotlab-m3
2021-09-05 06:27:03,525 :: INFO :: Control node : Start experiment
2021-09-05 06:27:03,590 :: INFO :: Control Node set time delay: 1220 us
2021-09-05 06:27:03,614 :: INFO :: Control node : profile configuration
2021-09-05 06:27:03,620 :: INFO :: Configure profile on Control Node
2021-09-05 06:27:03,702 :: INFO :: Start experiment succeeded
2021-09-05 07:28:09,575 :: INFO :: Gateway Manager : Stop experiment
2021-09-05 07:28:09,593 :: INFO :: Stop experiment
2021-09-05 07:28:09,611 :: INFO :: Control node : stop of the experiment
2021-09-05 07:28:09,626 :: INFO :: Control node : profile configuration
2021-09-05 07:28:09,641 :: INFO :: Configure profile on Control Node
2021-09-05 07:28:09,809 :: INFO :: Control node : start power of open node
2021-09-05 07:28:09,831 :: INFO :: Node OpenOCD: teardown of openocd node
2021-09-05 07:28:12,883 :: INFO :: openocd node debugger stop
2021-09-05 07:28:13,576 :: INFO :: Node OpenOCD: flash of openocd node
2021-09-05 07:28:13,591 :: INFO :: Flash firmware on OpenOCD: /usr/lib/python2.7/site-packages/gateway_code/static/m3_idle.elf
2021-09-05 07:28:16,132 :: INFO :: Control node : Stop control node serial interface
2021-09-05 07:28:16,141 :: INFO :: Control node : stop power of open node
2021-09-05 07:28:16,244 :: INFO :: Control node : reset
2021-09-05 07:28:16,251 :: INFO :: Reset Control Node
2021-09-05 07:28:19,090 :: INFO :: Stop experiment succeeded
