2021-09-05 06:26:50,539 :: INFO :: Start experiment: luna-276349
2021-09-05 06:26:50,542 :: INFO :: Control node : Starting of control node serial interface
2021-09-05 06:26:50,545 :: INFO :: Control node : reset
2021-09-05 06:26:50,548 :: INFO :: Reset Control Node
2021-09-05 06:26:53,506 :: INFO :: Control node : start power of open node
2021-09-05 06:26:53,562 :: INFO :: Node OpenOCD: Setup of openocd node
2021-09-05 06:26:56,606 :: INFO :: Node OpenOCD: flash of openocd node
2021-09-05 06:26:56,621 :: INFO :: Flash firmware on OpenOCD: /tmp/tmpQBjfWl--3e6b491341ebfbb107b5d3aaa6c4431d_unicast-sender-count-10T-191B.iotlab-m3
2021-09-05 06:27:03,528 :: INFO :: Control node : Start experiment
2021-09-05 06:27:03,579 :: INFO :: Control Node set time delay: 1831 us
2021-09-05 06:27:03,606 :: INFO :: Control node : profile configuration
2021-09-05 06:27:03,610 :: INFO :: Configure profile on Control Node
2021-09-05 06:27:03,652 :: INFO :: Start experiment succeeded
2021-09-05 07:28:09,576 :: INFO :: Gateway Manager : Stop experiment
2021-09-05 07:28:09,594 :: INFO :: Stop experiment
2021-09-05 07:28:09,611 :: INFO :: Control node : stop of the experiment
2021-09-05 07:28:09,631 :: INFO :: Control node : profile configuration
2021-09-05 07:28:09,646 :: INFO :: Configure profile on Control Node
2021-09-05 07:28:09,768 :: INFO :: Control node : start power of open node
2021-09-05 07:28:09,797 :: INFO :: Node OpenOCD: teardown of openocd node
2021-09-05 07:28:12,845 :: INFO :: openocd node debugger stop
2021-09-05 07:28:13,529 :: INFO :: Node OpenOCD: flash of openocd node
2021-09-05 07:28:13,537 :: INFO :: Flash firmware on OpenOCD: /usr/lib/python2.7/site-packages/gateway_code/static/m3_idle.elf
2021-09-05 07:28:15,993 :: INFO :: Control node : Stop control node serial interface
2021-09-05 07:28:16,002 :: INFO :: Control node : stop power of open node
2021-09-05 07:28:16,100 :: INFO :: Control node : reset
2021-09-05 07:28:16,107 :: INFO :: Reset Control Node
2021-09-05 07:28:18,944 :: INFO :: Stop experiment succeeded
