2021-09-05 06:26:50,525 :: INFO :: Start experiment: luna-276349
2021-09-05 06:26:50,528 :: INFO :: Control node : Starting of control node serial interface
2021-09-05 06:26:50,531 :: INFO :: Control node : reset
2021-09-05 06:26:50,533 :: INFO :: Reset Control Node
2021-09-05 06:26:53,491 :: INFO :: Control node : start power of open node
2021-09-05 06:26:53,546 :: INFO :: Node OpenOCD: Setup of openocd node
2021-09-05 06:26:56,599 :: INFO :: Node OpenOCD: flash of openocd node
2021-09-05 06:26:56,614 :: INFO :: Flash firmware on OpenOCD: /tmp/tmpKNcCcr--3e6b491341ebfbb107b5d3aaa6c4431d_unicast-sender-count-10T-191B.iotlab-m3
2021-09-05 06:27:03,553 :: INFO :: Control node : Start experiment
2021-09-05 06:27:03,603 :: INFO :: Control Node set time delay: 1435 us
2021-09-05 06:27:03,635 :: INFO :: Control node : profile configuration
2021-09-05 06:27:03,642 :: INFO :: Configure profile on Control Node
2021-09-05 06:27:03,683 :: INFO :: Start experiment succeeded
2021-09-05 07:28:09,540 :: INFO :: Gateway Manager : Stop experiment
2021-09-05 07:28:09,549 :: INFO :: Stop experiment
2021-09-05 07:28:09,558 :: INFO :: Control node : stop of the experiment
2021-09-05 07:28:09,566 :: INFO :: Control node : profile configuration
2021-09-05 07:28:09,573 :: INFO :: Configure profile on Control Node
2021-09-05 07:28:09,651 :: INFO :: Control node : start power of open node
2021-09-05 07:28:09,697 :: INFO :: Node OpenOCD: teardown of openocd node
2021-09-05 07:28:12,751 :: INFO :: openocd node debugger stop
2021-09-05 07:28:13,433 :: INFO :: Node OpenOCD: flash of openocd node
2021-09-05 07:28:13,440 :: INFO :: Flash firmware on OpenOCD: /usr/lib/python2.7/site-packages/gateway_code/static/m3_idle.elf
2021-09-05 07:28:15,953 :: INFO :: Control node : Stop control node serial interface
2021-09-05 07:28:15,962 :: INFO :: Control node : stop power of open node
2021-09-05 07:28:16,047 :: INFO :: Control node : reset
2021-09-05 07:28:16,053 :: INFO :: Reset Control Node
2021-09-05 07:28:18,927 :: INFO :: Stop experiment succeeded
