2021-09-05 06:26:50,558 :: INFO :: Start experiment: luna-276349
2021-09-05 06:26:50,561 :: INFO :: Control node : Starting of control node serial interface
2021-09-05 06:26:50,564 :: INFO :: Control node : reset
2021-09-05 06:26:50,567 :: INFO :: Reset Control Node
2021-09-05 06:26:53,567 :: INFO :: Control node : start power of open node
2021-09-05 06:26:53,626 :: INFO :: Node OpenOCD: Setup of openocd node
2021-09-05 06:26:56,673 :: INFO :: Node OpenOCD: flash of openocd node
2021-09-05 06:26:56,689 :: INFO :: Flash firmware on OpenOCD: /tmp/tmp3lhLJy--3e6b491341ebfbb107b5d3aaa6c4431d_unicast-sender-count-10T-191B.iotlab-m3
2021-09-05 06:27:03,657 :: INFO :: Control node : Start experiment
2021-09-05 06:27:03,711 :: INFO :: Control Node set time delay: 1191 us
2021-09-05 06:27:03,740 :: INFO :: Control node : profile configuration
2021-09-05 06:27:03,746 :: INFO :: Configure profile on Control Node
2021-09-05 06:27:03,789 :: INFO :: Start experiment succeeded
2021-09-05 07:28:09,573 :: INFO :: Gateway Manager : Stop experiment
2021-09-05 07:28:09,584 :: INFO :: Stop experiment
2021-09-05 07:28:09,592 :: INFO :: Control node : stop of the experiment
2021-09-05 07:28:09,599 :: INFO :: Control node : profile configuration
2021-09-05 07:28:09,605 :: INFO :: Configure profile on Control Node
2021-09-05 07:28:09,692 :: INFO :: Control node : start power of open node
2021-09-05 07:28:09,734 :: INFO :: Node OpenOCD: teardown of openocd node
2021-09-05 07:28:12,778 :: INFO :: openocd node debugger stop
2021-09-05 07:28:13,464 :: INFO :: Node OpenOCD: flash of openocd node
2021-09-05 07:28:13,471 :: INFO :: Flash firmware on OpenOCD: /usr/lib/python2.7/site-packages/gateway_code/static/m3_idle.elf
2021-09-05 07:28:15,976 :: INFO :: Control node : Stop control node serial interface
2021-09-05 07:28:15,980 :: INFO :: Control node : stop power of open node
2021-09-05 07:28:16,062 :: INFO :: Control node : reset
2021-09-05 07:28:16,069 :: INFO :: Reset Control Node
2021-09-05 07:28:18,957 :: INFO :: Stop experiment succeeded
