2021-09-05 06:26:50,541 :: INFO :: Start experiment: luna-276349
2021-09-05 06:26:50,544 :: INFO :: Control node : Starting of control node serial interface
2021-09-05 06:26:50,547 :: INFO :: Control node : reset
2021-09-05 06:26:50,549 :: INFO :: Reset Control Node
2021-09-05 06:26:53,507 :: INFO :: Control node : start power of open node
2021-09-05 06:26:53,564 :: INFO :: Node OpenOCD: Setup of openocd node
2021-09-05 06:26:56,609 :: INFO :: Node OpenOCD: flash of openocd node
2021-09-05 06:26:56,624 :: INFO :: Flash firmware on OpenOCD: /tmp/tmpaU1T73--3e6b491341ebfbb107b5d3aaa6c4431d_unicast-sender-count-10T-191B.iotlab-m3
2021-09-05 06:27:03,465 :: INFO :: Control node : Start experiment
2021-09-05 06:27:03,539 :: INFO :: Control Node set time delay: 1800 us
2021-09-05 06:27:03,572 :: INFO :: Control node : profile configuration
2021-09-05 06:27:03,578 :: INFO :: Configure profile on Control Node
2021-09-05 06:27:03,658 :: INFO :: Start experiment succeeded
2021-09-05 07:28:09,540 :: INFO :: Gateway Manager : Stop experiment
2021-09-05 07:28:09,549 :: INFO :: Stop experiment
2021-09-05 07:28:09,558 :: INFO :: Control node : stop of the experiment
2021-09-05 07:28:09,570 :: INFO :: Control node : profile configuration
2021-09-05 07:28:09,577 :: INFO :: Configure profile on Control Node
2021-09-05 07:28:09,666 :: INFO :: Control node : start power of open node
2021-09-05 07:28:09,710 :: INFO :: Node OpenOCD: teardown of openocd node
2021-09-05 07:28:12,762 :: INFO :: openocd node debugger stop
2021-09-05 07:28:13,450 :: INFO :: Node OpenOCD: flash of openocd node
2021-09-05 07:28:13,464 :: INFO :: Flash firmware on OpenOCD: /usr/lib/python2.7/site-packages/gateway_code/static/m3_idle.elf
2021-09-05 07:28:16,085 :: INFO :: Control node : Stop control node serial interface
2021-09-05 07:28:16,094 :: INFO :: Control node : stop power of open node
2021-09-05 07:28:16,184 :: INFO :: Control node : reset
2021-09-05 07:28:16,191 :: INFO :: Reset Control Node
2021-09-05 07:28:19,079 :: INFO :: Stop experiment succeeded
