2021-09-06 09:03:25,407 :: INFO :: Start experiment: luna-276375
2021-09-06 09:03:25,411 :: INFO :: Control node : Starting of control node serial interface
2021-09-06 09:03:25,414 :: INFO :: Control node : reset
2021-09-06 09:03:25,416 :: INFO :: Reset Control Node
2021-09-06 09:03:28,340 :: INFO :: Control node : start power of open node
2021-09-06 09:03:28,368 :: INFO :: Node OpenOCD: Setup of openocd node
2021-09-06 09:03:31,408 :: INFO :: Node OpenOCD: flash of openocd node
2021-09-06 09:03:31,426 :: INFO :: Flash firmware on OpenOCD: /tmp/tmpRT0PVf--cb924b41fcfd3e3c0bada58631722ec6_unicast-sender-count-30T-100B.iotlab-m3
2021-09-06 09:03:38,322 :: INFO :: Control node : Start experiment
2021-09-06 09:03:38,407 :: INFO :: Control Node set time delay: 1831 us
2021-09-06 09:03:38,424 :: INFO :: Control node : profile configuration
2021-09-06 09:03:38,431 :: INFO :: Configure profile on Control Node
2021-09-06 09:03:38,510 :: INFO :: Start experiment succeeded
2021-09-06 10:04:44,569 :: INFO :: Gateway Manager : Stop experiment
2021-09-06 10:04:44,578 :: INFO :: Stop experiment
2021-09-06 10:04:44,586 :: INFO :: Control node : stop of the experiment
2021-09-06 10:04:44,593 :: INFO :: Control node : profile configuration
2021-09-06 10:04:44,600 :: INFO :: Configure profile on Control Node
2021-09-06 10:04:44,672 :: INFO :: Control node : start power of open node
2021-09-06 10:04:44,714 :: INFO :: Node OpenOCD: teardown of openocd node
2021-09-06 10:04:47,765 :: INFO :: openocd node debugger stop
2021-09-06 10:04:48,446 :: INFO :: Node OpenOCD: flash of openocd node
2021-09-06 10:04:48,453 :: INFO :: Flash firmware on OpenOCD: /usr/lib/python2.7/site-packages/gateway_code/static/m3_idle.elf
2021-09-06 10:04:50,912 :: INFO :: Control node : Stop control node serial interface
2021-09-06 10:04:50,921 :: INFO :: Control node : stop power of open node
2021-09-06 10:04:51,030 :: INFO :: Control node : reset
2021-09-06 10:04:51,036 :: INFO :: Reset Control Node
2021-09-06 10:04:53,932 :: INFO :: Stop experiment succeeded
