2021-09-06 09:03:25,407 :: INFO :: Start experiment: luna-276375
2021-09-06 09:03:25,411 :: INFO :: Control node : Starting of control node serial interface
2021-09-06 09:03:25,414 :: INFO :: Control node : reset
2021-09-06 09:03:25,416 :: INFO :: Reset Control Node
2021-09-06 09:03:28,373 :: INFO :: Control node : start power of open node
2021-09-06 09:03:28,427 :: INFO :: Node OpenOCD: Setup of openocd node
2021-09-06 09:03:31,475 :: INFO :: Node OpenOCD: flash of openocd node
2021-09-06 09:03:31,491 :: INFO :: Flash firmware on OpenOCD: /tmp/tmplbnjCO--cb924b41fcfd3e3c0bada58631722ec6_unicast-sender-count-30T-100B.iotlab-m3
2021-09-06 09:03:38,476 :: INFO :: Control node : Start experiment
2021-09-06 09:03:38,525 :: INFO :: Control Node set time delay: 1770 us
2021-09-06 09:03:38,543 :: INFO :: Control node : profile configuration
2021-09-06 09:03:38,547 :: INFO :: Configure profile on Control Node
2021-09-06 09:03:38,591 :: INFO :: Start experiment succeeded
2021-09-06 10:04:44,578 :: INFO :: Gateway Manager : Stop experiment
2021-09-06 10:04:44,587 :: INFO :: Stop experiment
2021-09-06 10:04:44,596 :: INFO :: Control node : stop of the experiment
2021-09-06 10:04:44,604 :: INFO :: Control node : profile configuration
2021-09-06 10:04:44,613 :: INFO :: Configure profile on Control Node
2021-09-06 10:04:44,688 :: INFO :: Control node : start power of open node
2021-09-06 10:04:44,734 :: INFO :: Node OpenOCD: teardown of openocd node
2021-09-06 10:04:47,792 :: INFO :: openocd node debugger stop
2021-09-06 10:04:48,476 :: INFO :: Node OpenOCD: flash of openocd node
2021-09-06 10:04:48,492 :: INFO :: Flash firmware on OpenOCD: /usr/lib/python2.7/site-packages/gateway_code/static/m3_idle.elf
2021-09-06 10:04:51,120 :: INFO :: Control node : Stop control node serial interface
2021-09-06 10:04:51,129 :: INFO :: Control node : stop power of open node
2021-09-06 10:04:51,205 :: INFO :: Control node : reset
2021-09-06 10:04:51,212 :: INFO :: Reset Control Node
2021-09-06 10:04:54,102 :: INFO :: Stop experiment succeeded
