2021-09-05 18:48:17,974 :: INFO :: Start experiment: luna-276361
2021-09-05 18:48:17,978 :: INFO :: Control node : Starting of control node serial interface
2021-09-05 18:48:17,980 :: INFO :: Control node : reset
2021-09-05 18:48:17,983 :: INFO :: Reset Control Node
2021-09-05 18:48:20,918 :: INFO :: Control node : start power of open node
2021-09-05 18:48:20,946 :: INFO :: Node OpenOCD: Setup of openocd node
2021-09-05 18:48:23,988 :: INFO :: Node OpenOCD: flash of openocd node
2021-09-05 18:48:24,006 :: INFO :: Flash firmware on OpenOCD: /tmp/tmpdX2yCw--a14ddd1a1d6cc1c4ffb46cbabc9d20fe_unicast-sender-count-10T-20B.iotlab-m3
2021-09-05 18:48:31,012 :: INFO :: Control node : Start experiment
2021-09-05 18:48:31,061 :: INFO :: Control Node set time delay: 1221 us
2021-09-05 18:48:31,093 :: INFO :: Control node : profile configuration
2021-09-05 18:48:31,098 :: INFO :: Configure profile on Control Node
2021-09-05 18:48:31,137 :: INFO :: Start experiment succeeded
2021-09-05 19:48:37,093 :: INFO :: Gateway Manager : Stop experiment
2021-09-05 19:48:37,103 :: INFO :: Stop experiment
2021-09-05 19:48:37,112 :: INFO :: Control node : stop of the experiment
2021-09-05 19:48:37,119 :: INFO :: Control node : profile configuration
2021-09-05 19:48:37,126 :: INFO :: Configure profile on Control Node
2021-09-05 19:48:37,220 :: INFO :: Control node : start power of open node
2021-09-05 19:48:37,262 :: INFO :: Node OpenOCD: teardown of openocd node
2021-09-05 19:48:40,311 :: INFO :: openocd node debugger stop
2021-09-05 19:48:41,002 :: INFO :: Node OpenOCD: flash of openocd node
2021-09-05 19:48:41,016 :: INFO :: Flash firmware on OpenOCD: /usr/lib/python2.7/site-packages/gateway_code/static/m3_idle.elf
2021-09-05 19:48:43,638 :: INFO :: Control node : Stop control node serial interface
2021-09-05 19:48:43,647 :: INFO :: Control node : stop power of open node
2021-09-05 19:48:43,760 :: INFO :: Control node : reset
2021-09-05 19:48:43,766 :: INFO :: Reset Control Node
2021-09-05 19:48:46,660 :: INFO :: Stop experiment succeeded
