2021-09-05 18:48:18,034 :: INFO :: Start experiment: luna-276361
2021-09-05 18:48:18,037 :: INFO :: Control node : Starting of control node serial interface
2021-09-05 18:48:18,040 :: INFO :: Control node : reset
2021-09-05 18:48:18,043 :: INFO :: Reset Control Node
2021-09-05 18:48:20,964 :: INFO :: Control node : start power of open node
2021-09-05 18:48:20,992 :: INFO :: Node OpenOCD: Setup of openocd node
2021-09-05 18:48:24,028 :: INFO :: Node OpenOCD: flash of openocd node
2021-09-05 18:48:24,046 :: INFO :: Flash firmware on OpenOCD: /tmp/tmpPWgSQ3--a14ddd1a1d6cc1c4ffb46cbabc9d20fe_unicast-sender-count-10T-20B.iotlab-m3
2021-09-05 18:48:31,021 :: INFO :: Control node : Start experiment
2021-09-05 18:48:31,084 :: INFO :: Control Node set time delay: 1465 us
2021-09-05 18:48:31,107 :: INFO :: Control node : profile configuration
2021-09-05 18:48:31,111 :: INFO :: Configure profile on Control Node
2021-09-05 18:48:31,154 :: INFO :: Start experiment succeeded
2021-09-05 19:48:37,162 :: INFO :: Gateway Manager : Stop experiment
2021-09-05 19:48:37,174 :: INFO :: Stop experiment
2021-09-05 19:48:37,186 :: INFO :: Control node : stop of the experiment
2021-09-05 19:48:37,198 :: INFO :: Control node : profile configuration
2021-09-05 19:48:37,211 :: INFO :: Configure profile on Control Node
2021-09-05 19:48:37,288 :: INFO :: Control node : start power of open node
2021-09-05 19:48:37,332 :: INFO :: Node OpenOCD: teardown of openocd node
2021-09-05 19:48:40,382 :: INFO :: openocd node debugger stop
2021-09-05 19:48:41,044 :: INFO :: Node OpenOCD: flash of openocd node
2021-09-05 19:48:41,051 :: INFO :: Flash firmware on OpenOCD: /usr/lib/python2.7/site-packages/gateway_code/static/m3_idle.elf
2021-09-05 19:48:43,558 :: INFO :: Control node : Stop control node serial interface
2021-09-05 19:48:43,563 :: INFO :: Control node : stop power of open node
2021-09-05 19:48:43,621 :: INFO :: Control node : reset
2021-09-05 19:48:43,625 :: INFO :: Reset Control Node
2021-09-05 19:48:46,562 :: INFO :: Stop experiment succeeded
