2021-09-05 18:48:17,988 :: INFO :: Start experiment: luna-276361
2021-09-05 18:48:17,991 :: INFO :: Control node : Starting of control node serial interface
2021-09-05 18:48:17,994 :: INFO :: Control node : reset
2021-09-05 18:48:17,997 :: INFO :: Reset Control Node
2021-09-05 18:48:20,951 :: INFO :: Control node : start power of open node
2021-09-05 18:48:21,008 :: INFO :: Node OpenOCD: Setup of openocd node
2021-09-05 18:48:24,059 :: INFO :: Node OpenOCD: flash of openocd node
2021-09-05 18:48:24,074 :: INFO :: Flash firmware on OpenOCD: /tmp/tmpcbgDMc--a14ddd1a1d6cc1c4ffb46cbabc9d20fe_unicast-sender-count-10T-20B.iotlab-m3
2021-09-05 18:48:30,973 :: INFO :: Control node : Start experiment
2021-09-05 18:48:31,025 :: INFO :: Control Node set time delay: 1404 us
2021-09-05 18:48:31,059 :: INFO :: Control node : profile configuration
2021-09-05 18:48:31,065 :: INFO :: Configure profile on Control Node
2021-09-05 18:48:31,146 :: INFO :: Start experiment succeeded
2021-09-05 19:48:37,089 :: INFO :: Gateway Manager : Stop experiment
2021-09-05 19:48:37,099 :: INFO :: Stop experiment
2021-09-05 19:48:37,108 :: INFO :: Control node : stop of the experiment
2021-09-05 19:48:37,115 :: INFO :: Control node : profile configuration
2021-09-05 19:48:37,123 :: INFO :: Configure profile on Control Node
2021-09-05 19:48:37,201 :: INFO :: Control node : start power of open node
2021-09-05 19:48:37,245 :: INFO :: Node OpenOCD: teardown of openocd node
2021-09-05 19:48:40,300 :: INFO :: openocd node debugger stop
2021-09-05 19:48:40,985 :: INFO :: Node OpenOCD: flash of openocd node
2021-09-05 19:48:41,000 :: INFO :: Flash firmware on OpenOCD: /usr/lib/python2.7/site-packages/gateway_code/static/m3_idle.elf
2021-09-05 19:48:43,572 :: INFO :: Control node : Stop control node serial interface
2021-09-05 19:48:43,581 :: INFO :: Control node : stop power of open node
2021-09-05 19:48:43,696 :: INFO :: Control node : reset
2021-09-05 19:48:43,703 :: INFO :: Reset Control Node
2021-09-05 19:48:46,591 :: INFO :: Stop experiment succeeded
