2021-09-05 18:48:17,990 :: INFO :: Start experiment: luna-276361
2021-09-05 18:48:17,994 :: INFO :: Control node : Starting of control node serial interface
2021-09-05 18:48:17,996 :: INFO :: Control node : reset
2021-09-05 18:48:17,999 :: INFO :: Reset Control Node
2021-09-05 18:48:20,940 :: INFO :: Control node : start power of open node
2021-09-05 18:48:20,957 :: INFO :: Node OpenOCD: Setup of openocd node
2021-09-05 18:48:23,989 :: INFO :: Node OpenOCD: flash of openocd node
2021-09-05 18:48:24,007 :: INFO :: Flash firmware on OpenOCD: /tmp/tmp7nbfTn--a14ddd1a1d6cc1c4ffb46cbabc9d20fe_unicast-sender-count-10T-20B.iotlab-m3
2021-09-05 18:48:30,953 :: INFO :: Control node : Start experiment
2021-09-05 18:48:31,027 :: INFO :: Control Node set time delay: 1861 us
2021-09-05 18:48:31,063 :: INFO :: Control node : profile configuration
2021-09-05 18:48:31,070 :: INFO :: Configure profile on Control Node
2021-09-05 18:48:31,148 :: INFO :: Start experiment succeeded
2021-09-05 19:48:37,134 :: INFO :: Gateway Manager : Stop experiment
2021-09-05 19:48:37,143 :: INFO :: Stop experiment
2021-09-05 19:48:37,152 :: INFO :: Control node : stop of the experiment
2021-09-05 19:48:37,159 :: INFO :: Control node : profile configuration
2021-09-05 19:48:37,166 :: INFO :: Configure profile on Control Node
2021-09-05 19:48:37,238 :: INFO :: Control node : start power of open node
2021-09-05 19:48:37,280 :: INFO :: Node OpenOCD: teardown of openocd node
2021-09-05 19:48:40,328 :: INFO :: openocd node debugger stop
2021-09-05 19:48:40,979 :: INFO :: Node OpenOCD: flash of openocd node
2021-09-05 19:48:40,986 :: INFO :: Flash firmware on OpenOCD: /usr/lib/python2.7/site-packages/gateway_code/static/m3_idle.elf
2021-09-05 19:48:43,549 :: INFO :: Control node : Stop control node serial interface
2021-09-05 19:48:43,554 :: INFO :: Control node : stop power of open node
2021-09-05 19:48:43,608 :: INFO :: Control node : reset
2021-09-05 19:48:43,612 :: INFO :: Reset Control Node
2021-09-05 19:48:46,535 :: INFO :: Stop experiment succeeded
