2021-09-05 18:48:17,998 :: INFO :: Start experiment: luna-276361
2021-09-05 18:48:18,002 :: INFO :: Control node : Starting of control node serial interface
2021-09-05 18:48:18,004 :: INFO :: Control node : reset
2021-09-05 18:48:18,007 :: INFO :: Reset Control Node
2021-09-05 18:48:20,963 :: INFO :: Control node : start power of open node
2021-09-05 18:48:21,019 :: INFO :: Node OpenOCD: Setup of openocd node
2021-09-05 18:48:24,071 :: INFO :: Node OpenOCD: flash of openocd node
2021-09-05 18:48:24,086 :: INFO :: Flash firmware on OpenOCD: /tmp/tmpF4HU_v--a14ddd1a1d6cc1c4ffb46cbabc9d20fe_unicast-sender-count-10T-20B.iotlab-m3
2021-09-05 18:48:31,049 :: INFO :: Control node : Start experiment
2021-09-05 18:48:31,098 :: INFO :: Control Node set time delay: 1709 us
2021-09-05 18:48:31,125 :: INFO :: Control node : profile configuration
2021-09-05 18:48:31,129 :: INFO :: Configure profile on Control Node
2021-09-05 18:48:31,170 :: INFO :: Start experiment succeeded
2021-09-05 19:48:37,090 :: INFO :: Gateway Manager : Stop experiment
2021-09-05 19:48:37,099 :: INFO :: Stop experiment
2021-09-05 19:48:37,108 :: INFO :: Control node : stop of the experiment
2021-09-05 19:48:37,115 :: INFO :: Control node : profile configuration
2021-09-05 19:48:37,122 :: INFO :: Configure profile on Control Node
2021-09-05 19:48:37,197 :: INFO :: Control node : start power of open node
2021-09-05 19:48:37,241 :: INFO :: Node OpenOCD: teardown of openocd node
2021-09-05 19:48:40,311 :: INFO :: openocd node debugger stop
2021-09-05 19:48:40,993 :: INFO :: Node OpenOCD: flash of openocd node
2021-09-05 19:48:41,007 :: INFO :: Flash firmware on OpenOCD: /usr/lib/python2.7/site-packages/gateway_code/static/m3_idle.elf
2021-09-05 19:48:43,578 :: INFO :: Control node : Stop control node serial interface
2021-09-05 19:48:43,586 :: INFO :: Control node : stop power of open node
2021-09-05 19:48:43,692 :: INFO :: Control node : reset
2021-09-05 19:48:43,699 :: INFO :: Reset Control Node
2021-09-05 19:48:46,587 :: INFO :: Stop experiment succeeded
