2021-09-05 18:48:18,020 :: INFO :: Start experiment: luna-276361
2021-09-05 18:48:18,024 :: INFO :: Control node : Starting of control node serial interface
2021-09-05 18:48:18,027 :: INFO :: Control node : reset
2021-09-05 18:48:18,029 :: INFO :: Reset Control Node
2021-09-05 18:48:20,984 :: INFO :: Control node : start power of open node
2021-09-05 18:48:21,040 :: INFO :: Node OpenOCD: Setup of openocd node
2021-09-05 18:48:24,081 :: INFO :: Node OpenOCD: flash of openocd node
2021-09-05 18:48:24,096 :: INFO :: Flash firmware on OpenOCD: /tmp/tmphdla2k--ddd0625ff8382e7208c25657471d6a4a_unicast-receiver-count.iotlab-m3
2021-09-05 18:48:30,707 :: INFO :: Control node : Start experiment
2021-09-05 18:48:30,733 :: INFO :: Control Node set time delay: 1312 us
2021-09-05 18:48:30,750 :: INFO :: Control node : profile configuration
2021-09-05 18:48:30,754 :: INFO :: Configure profile on Control Node
2021-09-05 18:48:30,799 :: INFO :: Start experiment succeeded
2021-09-05 19:48:37,090 :: INFO :: Gateway Manager : Stop experiment
2021-09-05 19:48:37,098 :: INFO :: Stop experiment
2021-09-05 19:48:37,106 :: INFO :: Control node : stop of the experiment
2021-09-05 19:48:37,112 :: INFO :: Control node : profile configuration
2021-09-05 19:48:37,119 :: INFO :: Configure profile on Control Node
2021-09-05 19:48:37,188 :: INFO :: Control node : start power of open node
2021-09-05 19:48:37,228 :: INFO :: Node OpenOCD: teardown of openocd node
2021-09-05 19:48:40,261 :: INFO :: openocd node debugger stop
2021-09-05 19:48:40,947 :: INFO :: Node OpenOCD: flash of openocd node
2021-09-05 19:48:40,961 :: INFO :: Flash firmware on OpenOCD: /usr/lib/python2.7/site-packages/gateway_code/static/m3_idle.elf
2021-09-05 19:48:43,538 :: INFO :: Control node : Stop control node serial interface
2021-09-05 19:48:43,546 :: INFO :: Control node : stop power of open node
2021-09-05 19:48:43,644 :: INFO :: Control node : reset
2021-09-05 19:48:43,651 :: INFO :: Reset Control Node
2021-09-05 19:48:46,541 :: INFO :: Stop experiment succeeded
