2021-09-05 18:48:18,012 :: INFO :: Start experiment: luna-276361
2021-09-05 18:48:18,015 :: INFO :: Control node : Starting of control node serial interface
2021-09-05 18:48:18,018 :: INFO :: Control node : reset
2021-09-05 18:48:18,020 :: INFO :: Reset Control Node
2021-09-05 18:48:20,976 :: INFO :: Control node : start power of open node
2021-09-05 18:48:21,032 :: INFO :: Node OpenOCD: Setup of openocd node
2021-09-05 18:48:24,083 :: INFO :: Node OpenOCD: flash of openocd node
2021-09-05 18:48:24,098 :: INFO :: Flash firmware on OpenOCD: /tmp/tmpixq_a1--a14ddd1a1d6cc1c4ffb46cbabc9d20fe_unicast-sender-count-10T-20B.iotlab-m3
2021-09-05 18:48:30,933 :: INFO :: Control node : Start experiment
2021-09-05 18:48:30,981 :: INFO :: Control Node set time delay: 1129 us
2021-09-05 18:48:31,003 :: INFO :: Control node : profile configuration
2021-09-05 18:48:31,010 :: INFO :: Configure profile on Control Node
2021-09-05 18:48:31,089 :: INFO :: Start experiment succeeded
2021-09-05 19:48:37,090 :: INFO :: Gateway Manager : Stop experiment
2021-09-05 19:48:37,099 :: INFO :: Stop experiment
2021-09-05 19:48:37,108 :: INFO :: Control node : stop of the experiment
2021-09-05 19:48:37,116 :: INFO :: Control node : profile configuration
2021-09-05 19:48:37,123 :: INFO :: Configure profile on Control Node
2021-09-05 19:48:37,199 :: INFO :: Control node : start power of open node
2021-09-05 19:48:37,243 :: INFO :: Node OpenOCD: teardown of openocd node
2021-09-05 19:48:40,302 :: INFO :: openocd node debugger stop
2021-09-05 19:48:40,984 :: INFO :: Node OpenOCD: flash of openocd node
2021-09-05 19:48:40,991 :: INFO :: Flash firmware on OpenOCD: /usr/lib/python2.7/site-packages/gateway_code/static/m3_idle.elf
2021-09-05 19:48:43,446 :: INFO :: Control node : Stop control node serial interface
2021-09-05 19:48:43,451 :: INFO :: Control node : stop power of open node
2021-09-05 19:48:43,508 :: INFO :: Control node : reset
2021-09-05 19:48:43,514 :: INFO :: Reset Control Node
2021-09-05 19:48:46,405 :: INFO :: Stop experiment succeeded
