2021-09-06 14:12:15,785 :: INFO :: Start experiment: luna-276389
2021-09-06 14:12:15,789 :: INFO :: Control node : Starting of control node serial interface
2021-09-06 14:12:15,792 :: INFO :: Control node : reset
2021-09-06 14:12:15,794 :: INFO :: Reset Control Node
2021-09-06 14:12:18,700 :: INFO :: Control node : start power of open node
2021-09-06 14:12:18,754 :: INFO :: Node OpenOCD: Setup of openocd node
2021-09-06 14:12:21,796 :: INFO :: Node OpenOCD: flash of openocd node
2021-09-06 14:12:21,813 :: INFO :: Flash firmware on OpenOCD: /tmp/tmpEtuV2k--d4a0543b7d1f359d92f0e4afc0b7f0cf_unicast-sender-count-30T-20B.iotlab-m3
2021-09-06 14:12:28,737 :: INFO :: Control node : Start experiment
2021-09-06 14:12:28,796 :: INFO :: Control Node set time delay: 1160 us
2021-09-06 14:12:28,821 :: INFO :: Control node : profile configuration
2021-09-06 14:12:28,827 :: INFO :: Configure profile on Control Node
2021-09-06 14:12:28,868 :: INFO :: Start experiment succeeded
2021-09-06 15:13:34,883 :: INFO :: Gateway Manager : Stop experiment
2021-09-06 15:13:34,895 :: INFO :: Stop experiment
2021-09-06 15:13:34,903 :: INFO :: Control node : stop of the experiment
2021-09-06 15:13:34,910 :: INFO :: Control node : profile configuration
2021-09-06 15:13:34,918 :: INFO :: Configure profile on Control Node
2021-09-06 15:13:34,995 :: INFO :: Control node : start power of open node
2021-09-06 15:13:35,039 :: INFO :: Node OpenOCD: teardown of openocd node
2021-09-06 15:13:38,098 :: INFO :: openocd node debugger stop
2021-09-06 15:13:38,791 :: INFO :: Node OpenOCD: flash of openocd node
2021-09-06 15:13:38,806 :: INFO :: Flash firmware on OpenOCD: /usr/lib/python2.7/site-packages/gateway_code/static/m3_idle.elf
2021-09-06 15:13:41,367 :: INFO :: Control node : Stop control node serial interface
2021-09-06 15:13:41,372 :: INFO :: Control node : stop power of open node
2021-09-06 15:13:41,417 :: INFO :: Control node : reset
2021-09-06 15:13:41,420 :: INFO :: Reset Control Node
2021-09-06 15:13:44,336 :: INFO :: Stop experiment succeeded
