2021-09-06 14:12:15,704 :: INFO :: Start experiment: luna-276389
2021-09-06 14:12:15,707 :: INFO :: Control node : Starting of control node serial interface
2021-09-06 14:12:15,710 :: INFO :: Control node : reset
2021-09-06 14:12:15,713 :: INFO :: Reset Control Node
2021-09-06 14:12:18,671 :: INFO :: Control node : start power of open node
2021-09-06 14:12:18,725 :: INFO :: Node OpenOCD: Setup of openocd node
2021-09-06 14:12:21,776 :: INFO :: Node OpenOCD: flash of openocd node
2021-09-06 14:12:21,791 :: INFO :: Flash firmware on OpenOCD: /tmp/tmpuLoWGL--d4a0543b7d1f359d92f0e4afc0b7f0cf_unicast-sender-count-30T-20B.iotlab-m3
2021-09-06 14:12:28,802 :: INFO :: Control node : Start experiment
2021-09-06 14:12:28,848 :: INFO :: Control Node set time delay: 1160 us
2021-09-06 14:12:28,878 :: INFO :: Control node : profile configuration
2021-09-06 14:12:28,881 :: INFO :: Configure profile on Control Node
2021-09-06 14:12:28,926 :: INFO :: Start experiment succeeded
2021-09-06 15:13:34,887 :: INFO :: Gateway Manager : Stop experiment
2021-09-06 15:13:34,908 :: INFO :: Stop experiment
2021-09-06 15:13:34,928 :: INFO :: Control node : stop of the experiment
2021-09-06 15:13:34,947 :: INFO :: Control node : profile configuration
2021-09-06 15:13:34,964 :: INFO :: Configure profile on Control Node
2021-09-06 15:13:35,077 :: INFO :: Control node : start power of open node
2021-09-06 15:13:35,106 :: INFO :: Node OpenOCD: teardown of openocd node
2021-09-06 15:13:38,139 :: INFO :: openocd node debugger stop
2021-09-06 15:13:38,822 :: INFO :: Node OpenOCD: flash of openocd node
2021-09-06 15:13:38,837 :: INFO :: Flash firmware on OpenOCD: /usr/lib/python2.7/site-packages/gateway_code/static/m3_idle.elf
2021-09-06 15:13:41,452 :: INFO :: Control node : Stop control node serial interface
2021-09-06 15:13:41,461 :: INFO :: Control node : stop power of open node
2021-09-06 15:13:41,563 :: INFO :: Control node : reset
2021-09-06 15:13:41,570 :: INFO :: Reset Control Node
2021-09-06 15:13:44,458 :: INFO :: Stop experiment succeeded
