2021-09-06 14:12:15,797 :: INFO :: Start experiment: luna-276389
2021-09-06 14:12:15,801 :: INFO :: Control node : Starting of control node serial interface
2021-09-06 14:12:15,804 :: INFO :: Control node : reset
2021-09-06 14:12:15,806 :: INFO :: Reset Control Node
2021-09-06 14:12:18,747 :: INFO :: Control node : start power of open node
2021-09-06 14:12:18,762 :: INFO :: Node OpenOCD: Setup of openocd node
2021-09-06 14:12:21,800 :: INFO :: Node OpenOCD: flash of openocd node
2021-09-06 14:12:21,819 :: INFO :: Flash firmware on OpenOCD: /tmp/tmp5cwVT3--d4a0543b7d1f359d92f0e4afc0b7f0cf_unicast-sender-count-30T-20B.iotlab-m3
2021-09-06 14:12:28,773 :: INFO :: Control node : Start experiment
2021-09-06 14:12:28,841 :: INFO :: Control Node set time delay: 1038 us
2021-09-06 14:12:28,875 :: INFO :: Control node : profile configuration
2021-09-06 14:12:28,881 :: INFO :: Configure profile on Control Node
2021-09-06 14:12:28,962 :: INFO :: Start experiment succeeded
2021-09-06 15:13:34,916 :: INFO :: Gateway Manager : Stop experiment
2021-09-06 15:13:34,936 :: INFO :: Stop experiment
2021-09-06 15:13:34,955 :: INFO :: Control node : stop of the experiment
2021-09-06 15:13:34,978 :: INFO :: Control node : profile configuration
2021-09-06 15:13:34,995 :: INFO :: Configure profile on Control Node
2021-09-06 15:13:35,160 :: INFO :: Control node : start power of open node
2021-09-06 15:13:35,180 :: INFO :: Node OpenOCD: teardown of openocd node
2021-09-06 15:13:38,227 :: INFO :: openocd node debugger stop
2021-09-06 15:13:38,921 :: INFO :: Node OpenOCD: flash of openocd node
2021-09-06 15:13:38,936 :: INFO :: Flash firmware on OpenOCD: /usr/lib/python2.7/site-packages/gateway_code/static/m3_idle.elf
2021-09-06 15:13:41,553 :: INFO :: Control node : Stop control node serial interface
2021-09-06 15:13:41,562 :: INFO :: Control node : stop power of open node
2021-09-06 15:13:41,646 :: INFO :: Control node : reset
2021-09-06 15:13:41,653 :: INFO :: Reset Control Node
2021-09-06 15:13:44,543 :: INFO :: Stop experiment succeeded
