2021-09-06 13:10:23,271 :: INFO :: Start experiment: luna-276379
2021-09-06 13:10:23,274 :: INFO :: Control node : Starting of control node serial interface
2021-09-06 13:10:23,277 :: INFO :: Control node : reset
2021-09-06 13:10:23,280 :: INFO :: Reset Control Node
2021-09-06 13:10:26,242 :: INFO :: Control node : start power of open node
2021-09-06 13:10:26,300 :: INFO :: Node OpenOCD: Setup of openocd node
2021-09-06 13:10:29,343 :: INFO :: Node OpenOCD: flash of openocd node
2021-09-06 13:10:29,358 :: INFO :: Flash firmware on OpenOCD: /tmp/tmpoiPbJg--a14ddd1a1d6cc1c4ffb46cbabc9d20fe_unicast-sender-count-10T-20B.iotlab-m3
2021-09-06 13:10:36,304 :: INFO :: Control node : Start experiment
2021-09-06 13:10:36,400 :: INFO :: Control Node set time delay: 1587 us
2021-09-06 13:10:36,425 :: INFO :: Control node : profile configuration
2021-09-06 13:10:36,432 :: INFO :: Configure profile on Control Node
2021-09-06 13:10:36,511 :: INFO :: Start experiment succeeded
2021-09-06 14:11:42,326 :: INFO :: Gateway Manager : Stop experiment
2021-09-06 14:11:42,335 :: INFO :: Stop experiment
2021-09-06 14:11:42,344 :: INFO :: Control node : stop of the experiment
2021-09-06 14:11:42,352 :: INFO :: Control node : profile configuration
2021-09-06 14:11:42,359 :: INFO :: Configure profile on Control Node
2021-09-06 14:11:42,433 :: INFO :: Control node : start power of open node
2021-09-06 14:11:42,476 :: INFO :: Node OpenOCD: teardown of openocd node
2021-09-06 14:11:45,531 :: INFO :: openocd node debugger stop
2021-09-06 14:11:46,228 :: INFO :: Node OpenOCD: flash of openocd node
2021-09-06 14:11:46,242 :: INFO :: Flash firmware on OpenOCD: /usr/lib/python2.7/site-packages/gateway_code/static/m3_idle.elf
2021-09-06 14:11:48,815 :: INFO :: Control node : Stop control node serial interface
2021-09-06 14:11:48,824 :: INFO :: Control node : stop power of open node
2021-09-06 14:11:48,925 :: INFO :: Control node : reset
2021-09-06 14:11:48,933 :: INFO :: Reset Control Node
2021-09-06 14:11:51,823 :: INFO :: Stop experiment succeeded
