2021-09-06 13:10:23,295 :: INFO :: Start experiment: luna-276379
2021-09-06 13:10:23,298 :: INFO :: Control node : Starting of control node serial interface
2021-09-06 13:10:23,301 :: INFO :: Control node : reset
2021-09-06 13:10:23,304 :: INFO :: Reset Control Node
2021-09-06 13:10:26,321 :: INFO :: Control node : start power of open node
2021-09-06 13:10:26,353 :: INFO :: Node OpenOCD: Setup of openocd node
2021-09-06 13:10:29,388 :: INFO :: Node OpenOCD: flash of openocd node
2021-09-06 13:10:29,403 :: INFO :: Flash firmware on OpenOCD: /tmp/tmpjukGgr--a14ddd1a1d6cc1c4ffb46cbabc9d20fe_unicast-sender-count-10T-20B.iotlab-m3
2021-09-06 13:10:36,324 :: INFO :: Control node : Start experiment
2021-09-06 13:10:36,377 :: INFO :: Control Node set time delay: 1770 us
2021-09-06 13:10:36,410 :: INFO :: Control node : profile configuration
2021-09-06 13:10:36,417 :: INFO :: Configure profile on Control Node
2021-09-06 13:10:36,495 :: INFO :: Start experiment succeeded
2021-09-06 14:11:42,331 :: INFO :: Gateway Manager : Stop experiment
2021-09-06 14:11:42,340 :: INFO :: Stop experiment
2021-09-06 14:11:42,348 :: INFO :: Control node : stop of the experiment
2021-09-06 14:11:42,356 :: INFO :: Control node : profile configuration
2021-09-06 14:11:42,363 :: INFO :: Configure profile on Control Node
2021-09-06 14:11:42,438 :: INFO :: Control node : start power of open node
2021-09-06 14:11:42,482 :: INFO :: Node OpenOCD: teardown of openocd node
2021-09-06 14:11:45,533 :: INFO :: openocd node debugger stop
2021-09-06 14:11:46,227 :: INFO :: Node OpenOCD: flash of openocd node
2021-09-06 14:11:46,242 :: INFO :: Flash firmware on OpenOCD: /usr/lib/python2.7/site-packages/gateway_code/static/m3_idle.elf
2021-09-06 14:11:48,802 :: INFO :: Control node : Stop control node serial interface
2021-09-06 14:11:48,811 :: INFO :: Control node : stop power of open node
2021-09-06 14:11:48,909 :: INFO :: Control node : reset
2021-09-06 14:11:48,916 :: INFO :: Reset Control Node
2021-09-06 14:11:51,802 :: INFO :: Stop experiment succeeded
