2021-09-06 13:10:23,272 :: INFO :: Start experiment: luna-276379
2021-09-06 13:10:23,275 :: INFO :: Control node : Starting of control node serial interface
2021-09-06 13:10:23,278 :: INFO :: Control node : reset
2021-09-06 13:10:23,281 :: INFO :: Reset Control Node
2021-09-06 13:10:26,236 :: INFO :: Control node : start power of open node
2021-09-06 13:10:26,293 :: INFO :: Node OpenOCD: Setup of openocd node
2021-09-06 13:10:29,340 :: INFO :: Node OpenOCD: flash of openocd node
2021-09-06 13:10:29,354 :: INFO :: Flash firmware on OpenOCD: /tmp/tmpRpOi5G--a14ddd1a1d6cc1c4ffb46cbabc9d20fe_unicast-sender-count-10T-20B.iotlab-m3
2021-09-06 13:10:36,304 :: INFO :: Control node : Start experiment
2021-09-06 13:10:36,367 :: INFO :: Control Node set time delay: 1496 us
2021-09-06 13:10:36,394 :: INFO :: Control node : profile configuration
2021-09-06 13:10:36,397 :: INFO :: Configure profile on Control Node
2021-09-06 13:10:36,439 :: INFO :: Start experiment succeeded
2021-09-06 14:11:42,325 :: INFO :: Gateway Manager : Stop experiment
2021-09-06 14:11:42,346 :: INFO :: Stop experiment
2021-09-06 14:11:42,366 :: INFO :: Control node : stop of the experiment
2021-09-06 14:11:42,383 :: INFO :: Control node : profile configuration
2021-09-06 14:11:42,405 :: INFO :: Configure profile on Control Node
2021-09-06 14:11:42,529 :: INFO :: Control node : start power of open node
2021-09-06 14:11:42,550 :: INFO :: Node OpenOCD: teardown of openocd node
2021-09-06 14:11:45,585 :: INFO :: openocd node debugger stop
2021-09-06 14:11:46,269 :: INFO :: Node OpenOCD: flash of openocd node
2021-09-06 14:11:46,278 :: INFO :: Flash firmware on OpenOCD: /usr/lib/python2.7/site-packages/gateway_code/static/m3_idle.elf
2021-09-06 14:11:48,781 :: INFO :: Control node : Stop control node serial interface
2021-09-06 14:11:48,785 :: INFO :: Control node : stop power of open node
2021-09-06 14:11:48,846 :: INFO :: Control node : reset
2021-09-06 14:11:48,852 :: INFO :: Reset Control Node
2021-09-06 14:11:51,736 :: INFO :: Stop experiment succeeded
