2021-09-06 13:10:23,303 :: INFO :: Start experiment: luna-276379
2021-09-06 13:10:23,306 :: INFO :: Control node : Starting of control node serial interface
2021-09-06 13:10:23,309 :: INFO :: Control node : reset
2021-09-06 13:10:23,312 :: INFO :: Reset Control Node
2021-09-06 13:10:26,320 :: INFO :: Control node : start power of open node
2021-09-06 13:10:26,377 :: INFO :: Node OpenOCD: Setup of openocd node
2021-09-06 13:10:29,419 :: INFO :: Node OpenOCD: flash of openocd node
2021-09-06 13:10:29,434 :: INFO :: Flash firmware on OpenOCD: /tmp/tmpkJwfFf--a14ddd1a1d6cc1c4ffb46cbabc9d20fe_unicast-sender-count-10T-20B.iotlab-m3
2021-09-06 13:10:36,398 :: INFO :: Control node : Start experiment
2021-09-06 13:10:36,457 :: INFO :: Control Node set time delay: 1801 us
2021-09-06 13:10:36,489 :: INFO :: Control node : profile configuration
2021-09-06 13:10:36,496 :: INFO :: Configure profile on Control Node
2021-09-06 13:10:36,543 :: INFO :: Start experiment succeeded
2021-09-06 14:11:42,295 :: INFO :: Gateway Manager : Stop experiment
2021-09-06 14:11:42,304 :: INFO :: Stop experiment
2021-09-06 14:11:42,312 :: INFO :: Control node : stop of the experiment
2021-09-06 14:11:42,321 :: INFO :: Control node : profile configuration
2021-09-06 14:11:42,328 :: INFO :: Configure profile on Control Node
2021-09-06 14:11:42,398 :: INFO :: Control node : start power of open node
2021-09-06 14:11:42,439 :: INFO :: Node OpenOCD: teardown of openocd node
2021-09-06 14:11:45,493 :: INFO :: openocd node debugger stop
2021-09-06 14:11:46,176 :: INFO :: Node OpenOCD: flash of openocd node
2021-09-06 14:11:46,191 :: INFO :: Flash firmware on OpenOCD: /usr/lib/python2.7/site-packages/gateway_code/static/m3_idle.elf
2021-09-06 14:11:48,810 :: INFO :: Control node : Stop control node serial interface
2021-09-06 14:11:48,819 :: INFO :: Control node : stop power of open node
2021-09-06 14:11:48,932 :: INFO :: Control node : reset
2021-09-06 14:11:48,939 :: INFO :: Reset Control Node
2021-09-06 14:11:51,771 :: INFO :: Stop experiment succeeded
