2021-09-06 13:10:23,254 :: INFO :: Start experiment: luna-276379
2021-09-06 13:10:23,258 :: INFO :: Control node : Starting of control node serial interface
2021-09-06 13:10:23,261 :: INFO :: Control node : reset
2021-09-06 13:10:23,263 :: INFO :: Reset Control Node
2021-09-06 13:10:26,221 :: INFO :: Control node : start power of open node
2021-09-06 13:10:26,276 :: INFO :: Node OpenOCD: Setup of openocd node
2021-09-06 13:10:29,318 :: INFO :: Node OpenOCD: flash of openocd node
2021-09-06 13:10:29,333 :: INFO :: Flash firmware on OpenOCD: /tmp/tmp2HP4i2--a14ddd1a1d6cc1c4ffb46cbabc9d20fe_unicast-sender-count-10T-20B.iotlab-m3
2021-09-06 13:10:36,220 :: INFO :: Control node : Start experiment
2021-09-06 13:10:36,289 :: INFO :: Control Node set time delay: 1740 us
2021-09-06 13:10:36,312 :: INFO :: Control node : profile configuration
2021-09-06 13:10:36,318 :: INFO :: Configure profile on Control Node
2021-09-06 13:10:36,397 :: INFO :: Start experiment succeeded
2021-09-06 14:11:42,288 :: INFO :: Gateway Manager : Stop experiment
2021-09-06 14:11:42,298 :: INFO :: Stop experiment
2021-09-06 14:11:42,306 :: INFO :: Control node : stop of the experiment
2021-09-06 14:11:42,314 :: INFO :: Control node : profile configuration
2021-09-06 14:11:42,321 :: INFO :: Configure profile on Control Node
2021-09-06 14:11:42,396 :: INFO :: Control node : start power of open node
2021-09-06 14:11:42,439 :: INFO :: Node OpenOCD: teardown of openocd node
2021-09-06 14:11:45,485 :: INFO :: openocd node debugger stop
2021-09-06 14:11:46,176 :: INFO :: Node OpenOCD: flash of openocd node
2021-09-06 14:11:46,191 :: INFO :: Flash firmware on OpenOCD: /usr/lib/python2.7/site-packages/gateway_code/static/m3_idle.elf
2021-09-06 14:11:48,753 :: INFO :: Control node : Stop control node serial interface
2021-09-06 14:11:48,758 :: INFO :: Control node : stop power of open node
2021-09-06 14:11:48,807 :: INFO :: Control node : reset
2021-09-06 14:11:48,811 :: INFO :: Reset Control Node
2021-09-06 14:11:51,724 :: INFO :: Stop experiment succeeded
