2021-09-06 13:10:23,255 :: INFO :: Start experiment: luna-276379
2021-09-06 13:10:23,258 :: INFO :: Control node : Starting of control node serial interface
2021-09-06 13:10:23,261 :: INFO :: Control node : reset
2021-09-06 13:10:23,264 :: INFO :: Reset Control Node
2021-09-06 13:10:26,165 :: INFO :: Control node : start power of open node
2021-09-06 13:10:26,222 :: INFO :: Node OpenOCD: Setup of openocd node
2021-09-06 13:10:29,271 :: INFO :: Node OpenOCD: flash of openocd node
2021-09-06 13:10:29,289 :: INFO :: Flash firmware on OpenOCD: /tmp/tmpddCz5y--a14ddd1a1d6cc1c4ffb46cbabc9d20fe_unicast-sender-count-10T-20B.iotlab-m3
2021-09-06 13:10:36,162 :: INFO :: Control node : Start experiment
2021-09-06 13:10:36,204 :: INFO :: Control Node set time delay: 1465 us
2021-09-06 13:10:36,236 :: INFO :: Control node : profile configuration
2021-09-06 13:10:36,243 :: INFO :: Configure profile on Control Node
2021-09-06 13:10:36,322 :: INFO :: Start experiment succeeded
2021-09-06 14:11:42,302 :: INFO :: Gateway Manager : Stop experiment
2021-09-06 14:11:42,311 :: INFO :: Stop experiment
2021-09-06 14:11:42,320 :: INFO :: Control node : stop of the experiment
2021-09-06 14:11:42,327 :: INFO :: Control node : profile configuration
2021-09-06 14:11:42,338 :: INFO :: Configure profile on Control Node
2021-09-06 14:11:42,411 :: INFO :: Control node : start power of open node
2021-09-06 14:11:42,454 :: INFO :: Node OpenOCD: teardown of openocd node
2021-09-06 14:11:45,513 :: INFO :: openocd node debugger stop
2021-09-06 14:11:46,204 :: INFO :: Node OpenOCD: flash of openocd node
2021-09-06 14:11:46,218 :: INFO :: Flash firmware on OpenOCD: /usr/lib/python2.7/site-packages/gateway_code/static/m3_idle.elf
2021-09-06 14:11:48,784 :: INFO :: Control node : Stop control node serial interface
2021-09-06 14:11:48,789 :: INFO :: Control node : stop power of open node
2021-09-06 14:11:48,864 :: INFO :: Control node : reset
2021-09-06 14:11:48,870 :: INFO :: Reset Control Node
2021-09-06 14:11:51,741 :: INFO :: Stop experiment succeeded
