2021-09-06 13:10:23,240 :: INFO :: Start experiment: luna-276379
2021-09-06 13:10:23,244 :: INFO :: Control node : Starting of control node serial interface
2021-09-06 13:10:23,247 :: INFO :: Control node : reset
2021-09-06 13:10:23,249 :: INFO :: Reset Control Node
2021-09-06 13:10:26,198 :: INFO :: Control node : start power of open node
2021-09-06 13:10:26,255 :: INFO :: Node OpenOCD: Setup of openocd node
2021-09-06 13:10:29,295 :: INFO :: Node OpenOCD: flash of openocd node
2021-09-06 13:10:29,311 :: INFO :: Flash firmware on OpenOCD: /tmp/tmpFUOtwr--ddd0625ff8382e7208c25657471d6a4a_unicast-receiver-count.iotlab-m3
2021-09-06 13:10:35,847 :: INFO :: Control node : Start experiment
2021-09-06 13:10:35,935 :: INFO :: Control Node set time delay: 1892 us
2021-09-06 13:10:35,951 :: INFO :: Control node : profile configuration
2021-09-06 13:10:35,958 :: INFO :: Configure profile on Control Node
2021-09-06 13:10:36,038 :: INFO :: Start experiment succeeded
2021-09-06 14:11:42,297 :: INFO :: Gateway Manager : Stop experiment
2021-09-06 14:11:42,307 :: INFO :: Stop experiment
2021-09-06 14:11:42,315 :: INFO :: Control node : stop of the experiment
2021-09-06 14:11:42,322 :: INFO :: Control node : profile configuration
2021-09-06 14:11:42,333 :: INFO :: Configure profile on Control Node
2021-09-06 14:11:42,405 :: INFO :: Control node : start power of open node
2021-09-06 14:11:42,449 :: INFO :: Node OpenOCD: teardown of openocd node
2021-09-06 14:11:45,499 :: INFO :: openocd node debugger stop
2021-09-06 14:11:46,183 :: INFO :: Node OpenOCD: flash of openocd node
2021-09-06 14:11:46,198 :: INFO :: Flash firmware on OpenOCD: /usr/lib/python2.7/site-packages/gateway_code/static/m3_idle.elf
2021-09-06 14:11:48,766 :: INFO :: Control node : Stop control node serial interface
2021-09-06 14:11:48,771 :: INFO :: Control node : stop power of open node
2021-09-06 14:11:48,826 :: INFO :: Control node : reset
2021-09-06 14:11:48,829 :: INFO :: Reset Control Node
2021-09-06 14:11:51,756 :: INFO :: Stop experiment succeeded
