2021-09-06 13:10:23,289 :: INFO :: Start experiment: luna-276379
2021-09-06 13:10:23,292 :: INFO :: Control node : Starting of control node serial interface
2021-09-06 13:10:23,295 :: INFO :: Control node : reset
2021-09-06 13:10:23,298 :: INFO :: Reset Control Node
2021-09-06 13:10:26,260 :: INFO :: Control node : start power of open node
2021-09-06 13:10:26,315 :: INFO :: Node OpenOCD: Setup of openocd node
2021-09-06 13:10:29,356 :: INFO :: Node OpenOCD: flash of openocd node
2021-09-06 13:10:29,372 :: INFO :: Flash firmware on OpenOCD: /tmp/tmpbEawnb--a14ddd1a1d6cc1c4ffb46cbabc9d20fe_unicast-sender-count-10T-20B.iotlab-m3
2021-09-06 13:10:36,389 :: INFO :: Control node : Start experiment
2021-09-06 13:10:36,446 :: INFO :: Control Node set time delay: 1862 us
2021-09-06 13:10:36,474 :: INFO :: Control node : profile configuration
2021-09-06 13:10:36,477 :: INFO :: Configure profile on Control Node
2021-09-06 13:10:36,519 :: INFO :: Start experiment succeeded
2021-09-06 14:11:42,282 :: INFO :: Gateway Manager : Stop experiment
2021-09-06 14:11:42,292 :: INFO :: Stop experiment
2021-09-06 14:11:42,300 :: INFO :: Control node : stop of the experiment
2021-09-06 14:11:42,307 :: INFO :: Control node : profile configuration
2021-09-06 14:11:42,316 :: INFO :: Configure profile on Control Node
2021-09-06 14:11:42,385 :: INFO :: Control node : start power of open node
2021-09-06 14:11:42,427 :: INFO :: Node OpenOCD: teardown of openocd node
2021-09-06 14:11:45,480 :: INFO :: openocd node debugger stop
2021-09-06 14:11:46,137 :: INFO :: Node OpenOCD: flash of openocd node
2021-09-06 14:11:46,144 :: INFO :: Flash firmware on OpenOCD: /usr/lib/python2.7/site-packages/gateway_code/static/m3_idle.elf
2021-09-06 14:11:48,601 :: INFO :: Control node : Stop control node serial interface
2021-09-06 14:11:48,610 :: INFO :: Control node : stop power of open node
2021-09-06 14:11:48,714 :: INFO :: Control node : reset
2021-09-06 14:11:48,720 :: INFO :: Reset Control Node
2021-09-06 14:11:51,611 :: INFO :: Stop experiment succeeded
