2021-09-06 07:00:01,790 :: INFO :: Start experiment: luna-276373
2021-09-06 07:00:01,793 :: INFO :: Control node : Starting of control node serial interface
2021-09-06 07:00:01,796 :: INFO :: Control node : reset
2021-09-06 07:00:01,800 :: INFO :: Reset Control Node
2021-09-06 07:00:04,755 :: INFO :: Control node : start power of open node
2021-09-06 07:00:04,812 :: INFO :: Node OpenOCD: Setup of openocd node
2021-09-06 07:00:07,853 :: INFO :: Node OpenOCD: flash of openocd node
2021-09-06 07:00:07,868 :: INFO :: Flash firmware on OpenOCD: /tmp/tmpnW6XIi--93e977ac3781fe5042fd86dcc34ed19b_unicast-sender-count-10T-100B.iotlab-m3
2021-09-06 07:00:14,769 :: INFO :: Control node : Start experiment
2021-09-06 07:00:14,821 :: INFO :: Control Node set time delay: 1404 us
2021-09-06 07:00:14,854 :: INFO :: Control node : profile configuration
2021-09-06 07:00:14,860 :: INFO :: Configure profile on Control Node
2021-09-06 07:00:14,940 :: INFO :: Start experiment succeeded
2021-09-06 08:01:20,989 :: INFO :: Gateway Manager : Stop experiment
2021-09-06 08:01:21,003 :: INFO :: Stop experiment
2021-09-06 08:01:21,011 :: INFO :: Control node : stop of the experiment
2021-09-06 08:01:21,019 :: INFO :: Control node : profile configuration
2021-09-06 08:01:21,026 :: INFO :: Configure profile on Control Node
2021-09-06 08:01:21,117 :: INFO :: Control node : start power of open node
2021-09-06 08:01:21,162 :: INFO :: Node OpenOCD: teardown of openocd node
2021-09-06 08:01:24,200 :: INFO :: openocd node debugger stop
2021-09-06 08:01:24,894 :: INFO :: Node OpenOCD: flash of openocd node
2021-09-06 08:01:24,908 :: INFO :: Flash firmware on OpenOCD: /usr/lib/python2.7/site-packages/gateway_code/static/m3_idle.elf
2021-09-06 08:01:27,476 :: INFO :: Control node : Stop control node serial interface
2021-09-06 08:01:27,484 :: INFO :: Control node : stop power of open node
2021-09-06 08:01:27,588 :: INFO :: Control node : reset
2021-09-06 08:01:27,595 :: INFO :: Reset Control Node
2021-09-06 08:01:30,482 :: INFO :: Stop experiment succeeded
