2021-09-06 07:00:01,792 :: INFO :: Start experiment: luna-276373
2021-09-06 07:00:01,796 :: INFO :: Control node : Starting of control node serial interface
2021-09-06 07:00:01,798 :: INFO :: Control node : reset
2021-09-06 07:00:01,801 :: INFO :: Reset Control Node
2021-09-06 07:00:04,753 :: INFO :: Control node : start power of open node
2021-09-06 07:00:04,809 :: INFO :: Node OpenOCD: Setup of openocd node
2021-09-06 07:00:07,854 :: INFO :: Node OpenOCD: flash of openocd node
2021-09-06 07:00:07,868 :: INFO :: Flash firmware on OpenOCD: /tmp/tmpdiHjNB--93e977ac3781fe5042fd86dcc34ed19b_unicast-sender-count-10T-100B.iotlab-m3
2021-09-06 07:00:14,762 :: INFO :: Control node : Start experiment
2021-09-06 07:00:14,815 :: INFO :: Control Node set time delay: 1923 us
2021-09-06 07:00:14,849 :: INFO :: Control node : profile configuration
2021-09-06 07:00:14,855 :: INFO :: Configure profile on Control Node
2021-09-06 07:00:14,934 :: INFO :: Start experiment succeeded
2021-09-06 08:01:20,977 :: INFO :: Gateway Manager : Stop experiment
2021-09-06 08:01:20,997 :: INFO :: Stop experiment
2021-09-06 08:01:21,006 :: INFO :: Control node : stop of the experiment
2021-09-06 08:01:21,014 :: INFO :: Control node : profile configuration
2021-09-06 08:01:21,021 :: INFO :: Configure profile on Control Node
2021-09-06 08:01:21,127 :: INFO :: Control node : start power of open node
2021-09-06 08:01:21,169 :: INFO :: Node OpenOCD: teardown of openocd node
2021-09-06 08:01:24,206 :: INFO :: openocd node debugger stop
2021-09-06 08:01:24,894 :: INFO :: Node OpenOCD: flash of openocd node
2021-09-06 08:01:24,909 :: INFO :: Flash firmware on OpenOCD: /usr/lib/python2.7/site-packages/gateway_code/static/m3_idle.elf
2021-09-06 08:01:27,527 :: INFO :: Control node : Stop control node serial interface
2021-09-06 08:01:27,536 :: INFO :: Control node : stop power of open node
2021-09-06 08:01:27,631 :: INFO :: Control node : reset
2021-09-06 08:01:27,637 :: INFO :: Reset Control Node
2021-09-06 08:01:30,530 :: INFO :: Stop experiment succeeded
