2021-09-06 07:00:01,807 :: INFO :: Start experiment: luna-276373
2021-09-06 07:00:01,810 :: INFO :: Control node : Starting of control node serial interface
2021-09-06 07:00:01,813 :: INFO :: Control node : reset
2021-09-06 07:00:01,815 :: INFO :: Reset Control Node
2021-09-06 07:00:04,775 :: INFO :: Control node : start power of open node
2021-09-06 07:00:04,829 :: INFO :: Node OpenOCD: Setup of openocd node
2021-09-06 07:00:07,879 :: INFO :: Node OpenOCD: flash of openocd node
2021-09-06 07:00:07,893 :: INFO :: Flash firmware on OpenOCD: /tmp/tmplQgCTO--93e977ac3781fe5042fd86dcc34ed19b_unicast-sender-count-10T-100B.iotlab-m3
2021-09-06 07:00:14,810 :: INFO :: Control node : Start experiment
2021-09-06 07:00:14,859 :: INFO :: Control Node set time delay: 1892 us
2021-09-06 07:00:14,886 :: INFO :: Control node : profile configuration
2021-09-06 07:00:14,890 :: INFO :: Configure profile on Control Node
2021-09-06 07:00:14,931 :: INFO :: Start experiment succeeded
2021-09-06 08:01:20,983 :: INFO :: Gateway Manager : Stop experiment
2021-09-06 08:01:21,003 :: INFO :: Stop experiment
2021-09-06 08:01:21,011 :: INFO :: Control node : stop of the experiment
2021-09-06 08:01:21,019 :: INFO :: Control node : profile configuration
2021-09-06 08:01:21,026 :: INFO :: Configure profile on Control Node
2021-09-06 08:01:21,113 :: INFO :: Control node : start power of open node
2021-09-06 08:01:21,157 :: INFO :: Node OpenOCD: teardown of openocd node
2021-09-06 08:01:24,197 :: INFO :: openocd node debugger stop
2021-09-06 08:01:24,882 :: INFO :: Node OpenOCD: flash of openocd node
2021-09-06 08:01:24,889 :: INFO :: Flash firmware on OpenOCD: /usr/lib/python2.7/site-packages/gateway_code/static/m3_idle.elf
2021-09-06 08:01:27,395 :: INFO :: Control node : Stop control node serial interface
2021-09-06 08:01:27,404 :: INFO :: Control node : stop power of open node
2021-09-06 08:01:27,505 :: INFO :: Control node : reset
2021-09-06 08:01:27,512 :: INFO :: Reset Control Node
2021-09-06 08:01:30,401 :: INFO :: Stop experiment succeeded
