2021-09-06 07:00:01,834 :: INFO :: Start experiment: luna-276373
2021-09-06 07:00:01,837 :: INFO :: Control node : Starting of control node serial interface
2021-09-06 07:00:01,840 :: INFO :: Control node : reset
2021-09-06 07:00:01,844 :: INFO :: Reset Control Node
2021-09-06 07:00:04,804 :: INFO :: Control node : start power of open node
2021-09-06 07:00:04,860 :: INFO :: Node OpenOCD: Setup of openocd node
2021-09-06 07:00:07,900 :: INFO :: Node OpenOCD: flash of openocd node
2021-09-06 07:00:07,914 :: INFO :: Flash firmware on OpenOCD: /tmp/tmpktjGaI--93e977ac3781fe5042fd86dcc34ed19b_unicast-sender-count-10T-100B.iotlab-m3
2021-09-06 07:00:14,877 :: INFO :: Control node : Start experiment
2021-09-06 07:00:14,926 :: INFO :: Control Node set time delay: 1770 us
2021-09-06 07:00:14,959 :: INFO :: Control node : profile configuration
2021-09-06 07:00:14,965 :: INFO :: Configure profile on Control Node
2021-09-06 07:00:15,008 :: INFO :: Start experiment succeeded
2021-09-06 08:01:20,942 :: INFO :: Gateway Manager : Stop experiment
2021-09-06 08:01:20,951 :: INFO :: Stop experiment
2021-09-06 08:01:20,960 :: INFO :: Control node : stop of the experiment
2021-09-06 08:01:20,967 :: INFO :: Control node : profile configuration
2021-09-06 08:01:20,974 :: INFO :: Configure profile on Control Node
2021-09-06 08:01:21,050 :: INFO :: Control node : start power of open node
2021-09-06 08:01:21,094 :: INFO :: Node OpenOCD: teardown of openocd node
2021-09-06 08:01:24,176 :: INFO :: openocd node debugger stop
2021-09-06 08:01:24,858 :: INFO :: Node OpenOCD: flash of openocd node
2021-09-06 08:01:24,865 :: INFO :: Flash firmware on OpenOCD: /usr/lib/python2.7/site-packages/gateway_code/static/m3_idle.elf
2021-09-06 08:01:27,376 :: INFO :: Control node : Stop control node serial interface
2021-09-06 08:01:27,385 :: INFO :: Control node : stop power of open node
2021-09-06 08:01:27,499 :: INFO :: Control node : reset
2021-09-06 08:01:27,506 :: INFO :: Reset Control Node
2021-09-06 08:01:30,392 :: INFO :: Stop experiment succeeded
