2021-09-06 07:00:01,781 :: INFO :: Start experiment: luna-276373
2021-09-06 07:00:01,784 :: INFO :: Control node : Starting of control node serial interface
2021-09-06 07:00:01,787 :: INFO :: Control node : reset
2021-09-06 07:00:01,790 :: INFO :: Reset Control Node
2021-09-06 07:00:04,744 :: INFO :: Control node : start power of open node
2021-09-06 07:00:04,800 :: INFO :: Node OpenOCD: Setup of openocd node
2021-09-06 07:00:07,843 :: INFO :: Node OpenOCD: flash of openocd node
2021-09-06 07:00:07,858 :: INFO :: Flash firmware on OpenOCD: /tmp/tmpTvt1jD--93e977ac3781fe5042fd86dcc34ed19b_unicast-sender-count-10T-100B.iotlab-m3
2021-09-06 07:00:14,788 :: INFO :: Control node : Start experiment
2021-09-06 07:00:14,837 :: INFO :: Control Node set time delay: 1129 us
2021-09-06 07:00:14,870 :: INFO :: Control node : profile configuration
2021-09-06 07:00:14,876 :: INFO :: Configure profile on Control Node
2021-09-06 07:00:14,955 :: INFO :: Start experiment succeeded
2021-09-06 08:01:20,982 :: INFO :: Gateway Manager : Stop experiment
2021-09-06 08:01:21,001 :: INFO :: Stop experiment
2021-09-06 08:01:21,009 :: INFO :: Control node : stop of the experiment
2021-09-06 08:01:21,016 :: INFO :: Control node : profile configuration
2021-09-06 08:01:21,023 :: INFO :: Configure profile on Control Node
2021-09-06 08:01:21,106 :: INFO :: Control node : start power of open node
2021-09-06 08:01:21,147 :: INFO :: Node OpenOCD: teardown of openocd node
2021-09-06 08:01:24,190 :: INFO :: openocd node debugger stop
2021-09-06 08:01:24,878 :: INFO :: Node OpenOCD: flash of openocd node
2021-09-06 08:01:24,893 :: INFO :: Flash firmware on OpenOCD: /usr/lib/python2.7/site-packages/gateway_code/static/m3_idle.elf
2021-09-06 08:01:27,457 :: INFO :: Control node : Stop control node serial interface
2021-09-06 08:01:27,462 :: INFO :: Control node : stop power of open node
2021-09-06 08:01:27,559 :: INFO :: Control node : reset
2021-09-06 08:01:27,566 :: INFO :: Reset Control Node
2021-09-06 08:01:30,457 :: INFO :: Stop experiment succeeded
