2021-09-06 04:56:38,492 :: INFO :: Start experiment: luna-276371
2021-09-06 04:56:38,495 :: INFO :: Control node : Starting of control node serial interface
2021-09-06 04:56:38,498 :: INFO :: Control node : reset
2021-09-06 04:56:38,501 :: INFO :: Reset Control Node
2021-09-06 04:56:41,514 :: INFO :: Control node : start power of open node
2021-09-06 04:56:41,573 :: INFO :: Node OpenOCD: Setup of openocd node
2021-09-06 04:56:44,611 :: INFO :: Node OpenOCD: flash of openocd node
2021-09-06 04:56:44,626 :: INFO :: Flash firmware on OpenOCD: /tmp/tmpDQXbn2--d4a0543b7d1f359d92f0e4afc0b7f0cf_unicast-sender-count-30T-20B.iotlab-m3
2021-09-06 04:56:51,487 :: INFO :: Control node : Start experiment
2021-09-06 04:56:51,546 :: INFO :: Control Node set time delay: 1190 us
2021-09-06 04:56:51,579 :: INFO :: Control node : profile configuration
2021-09-06 04:56:51,586 :: INFO :: Configure profile on Control Node
2021-09-06 04:56:51,666 :: INFO :: Start experiment succeeded
2021-09-06 05:57:57,427 :: INFO :: Gateway Manager : Stop experiment
2021-09-06 05:57:57,437 :: INFO :: Stop experiment
2021-09-06 05:57:57,445 :: INFO :: Control node : stop of the experiment
2021-09-06 05:57:57,455 :: INFO :: Control node : profile configuration
2021-09-06 05:57:57,462 :: INFO :: Configure profile on Control Node
2021-09-06 05:57:57,533 :: INFO :: Control node : start power of open node
2021-09-06 05:57:57,576 :: INFO :: Node OpenOCD: teardown of openocd node
2021-09-06 05:58:00,625 :: INFO :: openocd node debugger stop
2021-09-06 05:58:01,295 :: INFO :: Node OpenOCD: flash of openocd node
2021-09-06 05:58:01,302 :: INFO :: Flash firmware on OpenOCD: /usr/lib/python2.7/site-packages/gateway_code/static/m3_idle.elf
2021-09-06 05:58:03,811 :: INFO :: Control node : Stop control node serial interface
2021-09-06 05:58:03,816 :: INFO :: Control node : stop power of open node
2021-09-06 05:58:03,872 :: INFO :: Control node : reset
2021-09-06 05:58:03,876 :: INFO :: Reset Control Node
2021-09-06 05:58:06,814 :: INFO :: Stop experiment succeeded
