2021-09-06 04:56:38,466 :: INFO :: Start experiment: luna-276371
2021-09-06 04:56:38,470 :: INFO :: Control node : Starting of control node serial interface
2021-09-06 04:56:38,472 :: INFO :: Control node : reset
2021-09-06 04:56:38,475 :: INFO :: Reset Control Node
2021-09-06 04:56:41,365 :: INFO :: Control node : start power of open node
2021-09-06 04:56:41,392 :: INFO :: Node OpenOCD: Setup of openocd node
2021-09-06 04:56:44,430 :: INFO :: Node OpenOCD: flash of openocd node
2021-09-06 04:56:44,448 :: INFO :: Flash firmware on OpenOCD: /tmp/tmpHNAco8--d4a0543b7d1f359d92f0e4afc0b7f0cf_unicast-sender-count-30T-20B.iotlab-m3
2021-09-06 04:56:51,342 :: INFO :: Control node : Start experiment
2021-09-06 04:56:51,438 :: INFO :: Control Node set time delay: 1221 us
2021-09-06 04:56:51,462 :: INFO :: Control node : profile configuration
2021-09-06 04:56:51,469 :: INFO :: Configure profile on Control Node
2021-09-06 04:56:51,549 :: INFO :: Start experiment succeeded
2021-09-06 05:57:57,426 :: INFO :: Gateway Manager : Stop experiment
2021-09-06 05:57:57,435 :: INFO :: Stop experiment
2021-09-06 05:57:57,444 :: INFO :: Control node : stop of the experiment
2021-09-06 05:57:57,451 :: INFO :: Control node : profile configuration
2021-09-06 05:57:57,458 :: INFO :: Configure profile on Control Node
2021-09-06 05:57:57,531 :: INFO :: Control node : start power of open node
2021-09-06 05:57:57,575 :: INFO :: Node OpenOCD: teardown of openocd node
2021-09-06 05:58:00,639 :: INFO :: openocd node debugger stop
2021-09-06 05:58:01,325 :: INFO :: Node OpenOCD: flash of openocd node
2021-09-06 05:58:01,332 :: INFO :: Flash firmware on OpenOCD: /usr/lib/python2.7/site-packages/gateway_code/static/m3_idle.elf
2021-09-06 05:58:03,858 :: INFO :: Control node : Stop control node serial interface
2021-09-06 05:58:03,867 :: INFO :: Control node : stop power of open node
2021-09-06 05:58:03,981 :: INFO :: Control node : reset
2021-09-06 05:58:03,988 :: INFO :: Reset Control Node
2021-09-06 05:58:06,876 :: INFO :: Stop experiment succeeded
