2021-09-06 22:17:22,860 :: INFO :: Start experiment: luna-276387
2021-09-06 22:17:22,863 :: INFO :: Control node : Starting of control node serial interface
2021-09-06 22:17:22,866 :: INFO :: Control node : reset
2021-09-06 22:17:22,869 :: INFO :: Reset Control Node
2021-09-06 22:17:25,817 :: INFO :: Control node : start power of open node
2021-09-06 22:17:25,875 :: INFO :: Node OpenOCD: Setup of openocd node
2021-09-06 22:17:28,921 :: INFO :: Node OpenOCD: flash of openocd node
2021-09-06 22:17:28,937 :: INFO :: Flash firmware on OpenOCD: /tmp/tmpFgD8bC--11b39be0afbe655a47f82e084cf5704d_unicast-sender-count-60T-191B.iotlab-m3
2021-09-06 22:17:35,941 :: INFO :: Control node : Start experiment
2021-09-06 22:17:36,006 :: INFO :: Control Node set time delay: 1862 us
2021-09-06 22:17:36,019 :: INFO :: Control node : profile configuration
2021-09-06 22:17:36,022 :: INFO :: Configure profile on Control Node
2021-09-06 22:17:36,064 :: INFO :: Start experiment succeeded
2021-09-06 23:18:41,903 :: INFO :: Gateway Manager : Stop experiment
2021-09-06 23:18:41,912 :: INFO :: Stop experiment
2021-09-06 23:18:41,921 :: INFO :: Control node : stop of the experiment
2021-09-06 23:18:41,929 :: INFO :: Control node : profile configuration
2021-09-06 23:18:41,940 :: INFO :: Configure profile on Control Node
2021-09-06 23:18:42,012 :: INFO :: Control node : start power of open node
2021-09-06 23:18:42,056 :: INFO :: Node OpenOCD: teardown of openocd node
2021-09-06 23:18:45,097 :: INFO :: openocd node debugger stop
2021-09-06 23:18:45,785 :: INFO :: Node OpenOCD: flash of openocd node
2021-09-06 23:18:45,800 :: INFO :: Flash firmware on OpenOCD: /usr/lib/python2.7/site-packages/gateway_code/static/m3_idle.elf
2021-09-06 23:18:48,367 :: INFO :: Control node : Stop control node serial interface
2021-09-06 23:18:48,376 :: INFO :: Control node : stop power of open node
2021-09-06 23:18:48,466 :: INFO :: Control node : reset
2021-09-06 23:18:48,472 :: INFO :: Reset Control Node
2021-09-06 23:18:51,359 :: INFO :: Stop experiment succeeded
