2021-09-06 22:17:22,831 :: INFO :: Start experiment: luna-276387
2021-09-06 22:17:22,835 :: INFO :: Control node : Starting of control node serial interface
2021-09-06 22:17:22,838 :: INFO :: Control node : reset
2021-09-06 22:17:22,840 :: INFO :: Reset Control Node
2021-09-06 22:17:25,782 :: INFO :: Control node : start power of open node
2021-09-06 22:17:25,798 :: INFO :: Node OpenOCD: Setup of openocd node
2021-09-06 22:17:28,835 :: INFO :: Node OpenOCD: flash of openocd node
2021-09-06 22:17:28,853 :: INFO :: Flash firmware on OpenOCD: /tmp/tmpcNSFC4--11b39be0afbe655a47f82e084cf5704d_unicast-sender-count-60T-191B.iotlab-m3
2021-09-06 22:17:35,861 :: INFO :: Control node : Start experiment
2021-09-06 22:17:35,917 :: INFO :: Control Node set time delay: 1190 us
2021-09-06 22:17:35,935 :: INFO :: Control node : profile configuration
2021-09-06 22:17:35,939 :: INFO :: Configure profile on Control Node
2021-09-06 22:17:35,979 :: INFO :: Start experiment succeeded
2021-09-06 23:18:41,872 :: INFO :: Gateway Manager : Stop experiment
2021-09-06 23:18:41,882 :: INFO :: Stop experiment
2021-09-06 23:18:41,890 :: INFO :: Control node : stop of the experiment
2021-09-06 23:18:41,898 :: INFO :: Control node : profile configuration
2021-09-06 23:18:41,905 :: INFO :: Configure profile on Control Node
2021-09-06 23:18:41,981 :: INFO :: Control node : start power of open node
2021-09-06 23:18:42,025 :: INFO :: Node OpenOCD: teardown of openocd node
2021-09-06 23:18:45,075 :: INFO :: openocd node debugger stop
2021-09-06 23:18:45,760 :: INFO :: Node OpenOCD: flash of openocd node
2021-09-06 23:18:45,774 :: INFO :: Flash firmware on OpenOCD: /usr/lib/python2.7/site-packages/gateway_code/static/m3_idle.elf
2021-09-06 23:18:48,393 :: INFO :: Control node : Stop control node serial interface
2021-09-06 23:18:48,402 :: INFO :: Control node : stop power of open node
2021-09-06 23:18:48,508 :: INFO :: Control node : reset
2021-09-06 23:18:48,514 :: INFO :: Reset Control Node
2021-09-06 23:18:51,399 :: INFO :: Stop experiment succeeded
