2021-09-06 22:17:22,832 :: INFO :: Start experiment: luna-276387
2021-09-06 22:17:22,835 :: INFO :: Control node : Starting of control node serial interface
2021-09-06 22:17:22,838 :: INFO :: Control node : reset
2021-09-06 22:17:22,841 :: INFO :: Reset Control Node
2021-09-06 22:17:25,798 :: INFO :: Control node : start power of open node
2021-09-06 22:17:25,853 :: INFO :: Node OpenOCD: Setup of openocd node
2021-09-06 22:17:28,897 :: INFO :: Node OpenOCD: flash of openocd node
2021-09-06 22:17:28,912 :: INFO :: Flash firmware on OpenOCD: /tmp/tmprFA2Lw--11b39be0afbe655a47f82e084cf5704d_unicast-sender-count-60T-191B.iotlab-m3
2021-09-06 22:17:35,811 :: INFO :: Control node : Start experiment
2021-09-06 22:17:35,860 :: INFO :: Control Node set time delay: 1831 us
2021-09-06 22:17:35,883 :: INFO :: Control node : profile configuration
2021-09-06 22:17:35,890 :: INFO :: Configure profile on Control Node
2021-09-06 22:17:35,970 :: INFO :: Start experiment succeeded
2021-09-06 23:18:41,874 :: INFO :: Gateway Manager : Stop experiment
2021-09-06 23:18:41,884 :: INFO :: Stop experiment
2021-09-06 23:18:41,892 :: INFO :: Control node : stop of the experiment
2021-09-06 23:18:41,900 :: INFO :: Control node : profile configuration
2021-09-06 23:18:41,907 :: INFO :: Configure profile on Control Node
2021-09-06 23:18:41,983 :: INFO :: Control node : start power of open node
2021-09-06 23:18:42,027 :: INFO :: Node OpenOCD: teardown of openocd node
2021-09-06 23:18:45,085 :: INFO :: openocd node debugger stop
2021-09-06 23:18:45,777 :: INFO :: Node OpenOCD: flash of openocd node
2021-09-06 23:18:45,792 :: INFO :: Flash firmware on OpenOCD: /usr/lib/python2.7/site-packages/gateway_code/static/m3_idle.elf
2021-09-06 23:18:48,383 :: INFO :: Control node : Stop control node serial interface
2021-09-06 23:18:48,388 :: INFO :: Control node : stop power of open node
2021-09-06 23:18:48,463 :: INFO :: Control node : reset
2021-09-06 23:18:48,470 :: INFO :: Reset Control Node
2021-09-06 23:18:51,354 :: INFO :: Stop experiment succeeded
