2021-09-06 22:17:22,841 :: INFO :: Start experiment: luna-276387
2021-09-06 22:17:22,844 :: INFO :: Control node : Starting of control node serial interface
2021-09-06 22:17:22,847 :: INFO :: Control node : reset
2021-09-06 22:17:22,850 :: INFO :: Reset Control Node
2021-09-06 22:17:25,775 :: INFO :: Control node : start power of open node
2021-09-06 22:17:25,803 :: INFO :: Node OpenOCD: Setup of openocd node
2021-09-06 22:17:28,839 :: INFO :: Node OpenOCD: flash of openocd node
2021-09-06 22:17:28,857 :: INFO :: Flash firmware on OpenOCD: /tmp/tmpucJ2Mt--11b39be0afbe655a47f82e084cf5704d_unicast-sender-count-60T-191B.iotlab-m3
2021-09-06 22:17:35,776 :: INFO :: Control node : Start experiment
2021-09-06 22:17:35,847 :: INFO :: Control Node set time delay: 1892 us
2021-09-06 22:17:35,863 :: INFO :: Control node : profile configuration
2021-09-06 22:17:35,870 :: INFO :: Configure profile on Control Node
2021-09-06 22:17:35,917 :: INFO :: Start experiment succeeded
2021-09-06 23:18:41,869 :: INFO :: Gateway Manager : Stop experiment
2021-09-06 23:18:41,879 :: INFO :: Stop experiment
2021-09-06 23:18:41,887 :: INFO :: Control node : stop of the experiment
2021-09-06 23:18:41,894 :: INFO :: Control node : profile configuration
2021-09-06 23:18:41,902 :: INFO :: Configure profile on Control Node
2021-09-06 23:18:41,978 :: INFO :: Control node : start power of open node
2021-09-06 23:18:42,021 :: INFO :: Node OpenOCD: teardown of openocd node
2021-09-06 23:18:45,055 :: INFO :: openocd node debugger stop
2021-09-06 23:18:45,736 :: INFO :: Node OpenOCD: flash of openocd node
2021-09-06 23:18:45,750 :: INFO :: Flash firmware on OpenOCD: /usr/lib/python2.7/site-packages/gateway_code/static/m3_idle.elf
2021-09-06 23:18:48,368 :: INFO :: Control node : Stop control node serial interface
2021-09-06 23:18:48,377 :: INFO :: Control node : stop power of open node
2021-09-06 23:18:48,490 :: INFO :: Control node : reset
2021-09-06 23:18:48,496 :: INFO :: Reset Control Node
2021-09-06 23:18:51,382 :: INFO :: Stop experiment succeeded
