2021-09-06 22:17:22,866 :: INFO :: Start experiment: luna-276387
2021-09-06 22:17:22,869 :: INFO :: Control node : Starting of control node serial interface
2021-09-06 22:17:22,872 :: INFO :: Control node : reset
2021-09-06 22:17:22,875 :: INFO :: Reset Control Node
2021-09-06 22:17:25,830 :: INFO :: Control node : start power of open node
2021-09-06 22:17:25,887 :: INFO :: Node OpenOCD: Setup of openocd node
2021-09-06 22:17:28,930 :: INFO :: Node OpenOCD: flash of openocd node
2021-09-06 22:17:28,945 :: INFO :: Flash firmware on OpenOCD: /tmp/tmpd8iH8L--11b39be0afbe655a47f82e084cf5704d_unicast-sender-count-60T-191B.iotlab-m3
2021-09-06 22:17:35,953 :: INFO :: Control node : Start experiment
2021-09-06 22:17:36,006 :: INFO :: Control Node set time delay: 1496 us
2021-09-06 22:17:36,036 :: INFO :: Control node : profile configuration
2021-09-06 22:17:36,039 :: INFO :: Configure profile on Control Node
2021-09-06 22:17:36,081 :: INFO :: Start experiment succeeded
2021-09-06 23:18:41,898 :: INFO :: Gateway Manager : Stop experiment
2021-09-06 23:18:41,908 :: INFO :: Stop experiment
2021-09-06 23:18:41,916 :: INFO :: Control node : stop of the experiment
2021-09-06 23:18:41,924 :: INFO :: Control node : profile configuration
2021-09-06 23:18:41,931 :: INFO :: Configure profile on Control Node
2021-09-06 23:18:42,005 :: INFO :: Control node : start power of open node
2021-09-06 23:18:42,052 :: INFO :: Node OpenOCD: teardown of openocd node
2021-09-06 23:18:45,090 :: INFO :: openocd node debugger stop
2021-09-06 23:18:45,774 :: INFO :: Node OpenOCD: flash of openocd node
2021-09-06 23:18:45,789 :: INFO :: Flash firmware on OpenOCD: /usr/lib/python2.7/site-packages/gateway_code/static/m3_idle.elf
2021-09-06 23:18:48,357 :: INFO :: Control node : Stop control node serial interface
2021-09-06 23:18:48,362 :: INFO :: Control node : stop power of open node
2021-09-06 23:18:48,413 :: INFO :: Control node : reset
2021-09-06 23:18:48,417 :: INFO :: Reset Control Node
2021-09-06 23:18:51,326 :: INFO :: Stop experiment succeeded
