2021-09-06 22:17:22,852 :: INFO :: Start experiment: luna-276387
2021-09-06 22:17:22,855 :: INFO :: Control node : Starting of control node serial interface
2021-09-06 22:17:22,858 :: INFO :: Control node : reset
2021-09-06 22:17:22,861 :: INFO :: Reset Control Node
2021-09-06 22:17:25,815 :: INFO :: Control node : start power of open node
2021-09-06 22:17:25,871 :: INFO :: Node OpenOCD: Setup of openocd node
2021-09-06 22:17:28,915 :: INFO :: Node OpenOCD: flash of openocd node
2021-09-06 22:17:28,930 :: INFO :: Flash firmware on OpenOCD: /tmp/tmpT980yQ--11b39be0afbe655a47f82e084cf5704d_unicast-sender-count-60T-191B.iotlab-m3
2021-09-06 22:17:35,867 :: INFO :: Control node : Start experiment
2021-09-06 22:17:35,917 :: INFO :: Control Node set time delay: 1831 us
2021-09-06 22:17:35,950 :: INFO :: Control node : profile configuration
2021-09-06 22:17:35,957 :: INFO :: Configure profile on Control Node
2021-09-06 22:17:35,999 :: INFO :: Start experiment succeeded
2021-09-06 23:18:41,899 :: INFO :: Gateway Manager : Stop experiment
2021-09-06 23:18:41,908 :: INFO :: Stop experiment
2021-09-06 23:18:41,918 :: INFO :: Control node : stop of the experiment
2021-09-06 23:18:41,925 :: INFO :: Control node : profile configuration
2021-09-06 23:18:41,932 :: INFO :: Configure profile on Control Node
2021-09-06 23:18:42,011 :: INFO :: Control node : start power of open node
2021-09-06 23:18:42,055 :: INFO :: Node OpenOCD: teardown of openocd node
2021-09-06 23:18:45,101 :: INFO :: openocd node debugger stop
2021-09-06 23:18:45,788 :: INFO :: Node OpenOCD: flash of openocd node
2021-09-06 23:18:45,803 :: INFO :: Flash firmware on OpenOCD: /usr/lib/python2.7/site-packages/gateway_code/static/m3_idle.elf
2021-09-06 23:18:48,373 :: INFO :: Control node : Stop control node serial interface
2021-09-06 23:18:48,382 :: INFO :: Control node : stop power of open node
2021-09-06 23:18:48,466 :: INFO :: Control node : reset
2021-09-06 23:18:48,473 :: INFO :: Reset Control Node
2021-09-06 23:18:51,360 :: INFO :: Stop experiment succeeded
