2021-09-06 22:17:22,835 :: INFO :: Start experiment: luna-276387
2021-09-06 22:17:22,839 :: INFO :: Control node : Starting of control node serial interface
2021-09-06 22:17:22,841 :: INFO :: Control node : reset
2021-09-06 22:17:22,844 :: INFO :: Reset Control Node
2021-09-06 22:17:25,792 :: INFO :: Control node : start power of open node
2021-09-06 22:17:25,847 :: INFO :: Node OpenOCD: Setup of openocd node
2021-09-06 22:17:28,898 :: INFO :: Node OpenOCD: flash of openocd node
2021-09-06 22:17:28,917 :: INFO :: Flash firmware on OpenOCD: /tmp/tmpL6uoNd--11b39be0afbe655a47f82e084cf5704d_unicast-sender-count-60T-191B.iotlab-m3
2021-09-06 22:17:35,857 :: INFO :: Control node : Start experiment
2021-09-06 22:17:35,912 :: INFO :: Control Node set time delay: 1129 us
2021-09-06 22:17:35,945 :: INFO :: Control node : profile configuration
2021-09-06 22:17:35,952 :: INFO :: Configure profile on Control Node
2021-09-06 22:17:36,031 :: INFO :: Start experiment succeeded
2021-09-06 23:18:41,872 :: INFO :: Gateway Manager : Stop experiment
2021-09-06 23:18:41,881 :: INFO :: Stop experiment
2021-09-06 23:18:41,889 :: INFO :: Control node : stop of the experiment
2021-09-06 23:18:41,897 :: INFO :: Control node : profile configuration
2021-09-06 23:18:41,907 :: INFO :: Configure profile on Control Node
2021-09-06 23:18:41,978 :: INFO :: Control node : start power of open node
2021-09-06 23:18:42,021 :: INFO :: Node OpenOCD: teardown of openocd node
2021-09-06 23:18:45,079 :: INFO :: openocd node debugger stop
2021-09-06 23:18:45,773 :: INFO :: Node OpenOCD: flash of openocd node
2021-09-06 23:18:45,787 :: INFO :: Flash firmware on OpenOCD: /usr/lib/python2.7/site-packages/gateway_code/static/m3_idle.elf
2021-09-06 23:18:48,284 :: INFO :: Control node : Stop control node serial interface
2021-09-06 23:18:48,293 :: INFO :: Control node : stop power of open node
2021-09-06 23:18:48,381 :: INFO :: Control node : reset
2021-09-06 23:18:48,388 :: INFO :: Reset Control Node
2021-09-06 23:18:51,226 :: INFO :: Stop experiment succeeded
