2021-09-06 22:17:22,838 :: INFO :: Start experiment: luna-276387
2021-09-06 22:17:22,842 :: INFO :: Control node : Starting of control node serial interface
2021-09-06 22:17:22,845 :: INFO :: Control node : reset
2021-09-06 22:17:22,847 :: INFO :: Reset Control Node
2021-09-06 22:17:25,748 :: INFO :: Control node : start power of open node
2021-09-06 22:17:25,803 :: INFO :: Node OpenOCD: Setup of openocd node
2021-09-06 22:17:28,844 :: INFO :: Node OpenOCD: flash of openocd node
2021-09-06 22:17:28,862 :: INFO :: Flash firmware on OpenOCD: /tmp/tmpnrbwBb--11b39be0afbe655a47f82e084cf5704d_unicast-sender-count-60T-191B.iotlab-m3
2021-09-06 22:17:35,832 :: INFO :: Control node : Start experiment
2021-09-06 22:17:35,923 :: INFO :: Control Node set time delay: 1342 us
2021-09-06 22:17:35,959 :: INFO :: Control node : profile configuration
2021-09-06 22:17:35,963 :: INFO :: Configure profile on Control Node
2021-09-06 22:17:36,004 :: INFO :: Start experiment succeeded
2021-09-06 23:18:41,858 :: INFO :: Gateway Manager : Stop experiment
2021-09-06 23:18:41,867 :: INFO :: Stop experiment
2021-09-06 23:18:41,874 :: INFO :: Control node : stop of the experiment
2021-09-06 23:18:41,881 :: INFO :: Control node : profile configuration
2021-09-06 23:18:41,887 :: INFO :: Configure profile on Control Node
2021-09-06 23:18:41,956 :: INFO :: Control node : start power of open node
2021-09-06 23:18:41,994 :: INFO :: Node OpenOCD: teardown of openocd node
2021-09-06 23:18:45,036 :: INFO :: openocd node debugger stop
2021-09-06 23:18:45,721 :: INFO :: Node OpenOCD: flash of openocd node
2021-09-06 23:18:45,735 :: INFO :: Flash firmware on OpenOCD: /usr/lib/python2.7/site-packages/gateway_code/static/m3_idle.elf
2021-09-06 23:18:48,361 :: INFO :: Control node : Stop control node serial interface
2021-09-06 23:18:48,366 :: INFO :: Control node : stop power of open node
2021-09-06 23:18:48,421 :: INFO :: Control node : reset
2021-09-06 23:18:48,428 :: INFO :: Reset Control Node
2021-09-06 23:18:51,312 :: INFO :: Stop experiment succeeded
