2021-09-06 22:17:22,840 :: INFO :: Start experiment: luna-276387
2021-09-06 22:17:22,844 :: INFO :: Control node : Starting of control node serial interface
2021-09-06 22:17:22,847 :: INFO :: Control node : reset
2021-09-06 22:17:22,849 :: INFO :: Reset Control Node
2021-09-06 22:17:25,802 :: INFO :: Control node : start power of open node
2021-09-06 22:17:25,856 :: INFO :: Node OpenOCD: Setup of openocd node
2021-09-06 22:17:28,901 :: INFO :: Node OpenOCD: flash of openocd node
2021-09-06 22:17:28,916 :: INFO :: Flash firmware on OpenOCD: /tmp/tmp6PU2Ex--11b39be0afbe655a47f82e084cf5704d_unicast-sender-count-60T-191B.iotlab-m3
2021-09-06 22:17:35,921 :: INFO :: Control node : Start experiment
2021-09-06 22:17:35,978 :: INFO :: Control Node set time delay: 1190 us
2021-09-06 22:17:36,004 :: INFO :: Control node : profile configuration
2021-09-06 22:17:36,011 :: INFO :: Configure profile on Control Node
2021-09-06 22:17:36,061 :: INFO :: Start experiment succeeded
2021-09-06 23:18:41,866 :: INFO :: Gateway Manager : Stop experiment
2021-09-06 23:18:41,875 :: INFO :: Stop experiment
2021-09-06 23:18:41,883 :: INFO :: Control node : stop of the experiment
2021-09-06 23:18:41,889 :: INFO :: Control node : profile configuration
2021-09-06 23:18:41,896 :: INFO :: Configure profile on Control Node
2021-09-06 23:18:41,971 :: INFO :: Control node : start power of open node
2021-09-06 23:18:42,014 :: INFO :: Node OpenOCD: teardown of openocd node
2021-09-06 23:18:45,054 :: INFO :: openocd node debugger stop
2021-09-06 23:18:45,729 :: INFO :: Node OpenOCD: flash of openocd node
2021-09-06 23:18:45,736 :: INFO :: Flash firmware on OpenOCD: /usr/lib/python2.7/site-packages/gateway_code/static/m3_idle.elf
2021-09-06 23:18:48,241 :: INFO :: Control node : Stop control node serial interface
2021-09-06 23:18:48,250 :: INFO :: Control node : stop power of open node
2021-09-06 23:18:48,361 :: INFO :: Control node : reset
2021-09-06 23:18:48,368 :: INFO :: Reset Control Node
2021-09-06 23:18:51,256 :: INFO :: Stop experiment succeeded
