2021-09-06 22:17:22,848 :: INFO :: Start experiment: luna-276387
2021-09-06 22:17:22,852 :: INFO :: Control node : Starting of control node serial interface
2021-09-06 22:17:22,855 :: INFO :: Control node : reset
2021-09-06 22:17:22,857 :: INFO :: Reset Control Node
2021-09-06 22:17:25,810 :: INFO :: Control node : start power of open node
2021-09-06 22:17:25,864 :: INFO :: Node OpenOCD: Setup of openocd node
2021-09-06 22:17:28,915 :: INFO :: Node OpenOCD: flash of openocd node
2021-09-06 22:17:28,930 :: INFO :: Flash firmware on OpenOCD: /tmp/tmpniaxIr--ddd0625ff8382e7208c25657471d6a4a_unicast-receiver-count.iotlab-m3
2021-09-06 22:17:35,560 :: INFO :: Control node : Start experiment
2021-09-06 22:17:35,587 :: INFO :: Control Node set time delay: 1251 us
2021-09-06 22:17:35,605 :: INFO :: Control node : profile configuration
2021-09-06 22:17:35,609 :: INFO :: Configure profile on Control Node
2021-09-06 22:17:35,653 :: INFO :: Start experiment succeeded
2021-09-06 23:18:41,859 :: INFO :: Gateway Manager : Stop experiment
2021-09-06 23:18:41,868 :: INFO :: Stop experiment
2021-09-06 23:18:41,875 :: INFO :: Control node : stop of the experiment
2021-09-06 23:18:41,882 :: INFO :: Control node : profile configuration
2021-09-06 23:18:41,888 :: INFO :: Configure profile on Control Node
2021-09-06 23:18:41,957 :: INFO :: Control node : start power of open node
2021-09-06 23:18:41,997 :: INFO :: Node OpenOCD: teardown of openocd node
2021-09-06 23:18:45,038 :: INFO :: openocd node debugger stop
2021-09-06 23:18:45,720 :: INFO :: Node OpenOCD: flash of openocd node
2021-09-06 23:18:45,734 :: INFO :: Flash firmware on OpenOCD: /usr/lib/python2.7/site-packages/gateway_code/static/m3_idle.elf
2021-09-06 23:18:48,303 :: INFO :: Control node : Stop control node serial interface
2021-09-06 23:18:48,308 :: INFO :: Control node : stop power of open node
2021-09-06 23:18:48,365 :: INFO :: Control node : reset
2021-09-06 23:18:48,372 :: INFO :: Reset Control Node
2021-09-06 23:18:51,261 :: INFO :: Stop experiment succeeded
