2021-09-05 17:46:31,771 :: INFO :: Start experiment: luna-276360
2021-09-05 17:46:31,775 :: INFO :: Control node : Starting of control node serial interface
2021-09-05 17:46:31,777 :: INFO :: Control node : reset
2021-09-05 17:46:31,780 :: INFO :: Reset Control Node
2021-09-05 17:46:34,708 :: INFO :: Control node : start power of open node
2021-09-05 17:46:34,736 :: INFO :: Node OpenOCD: Setup of openocd node
2021-09-05 17:46:37,775 :: INFO :: Node OpenOCD: flash of openocd node
2021-09-05 17:46:37,793 :: INFO :: Flash firmware on OpenOCD: /tmp/tmpPWu5Im--11b39be0afbe655a47f82e084cf5704d_unicast-sender-count-60T-191B.iotlab-m3
2021-09-05 17:46:44,753 :: INFO :: Control node : Start experiment
2021-09-05 17:46:44,818 :: INFO :: Control Node set time delay: 1923 us
2021-09-05 17:46:44,834 :: INFO :: Control node : profile configuration
2021-09-05 17:46:44,841 :: INFO :: Configure profile on Control Node
2021-09-05 17:46:44,909 :: INFO :: Start experiment succeeded
2021-09-05 18:47:50,872 :: INFO :: Gateway Manager : Stop experiment
2021-09-05 18:47:50,892 :: INFO :: Stop experiment
2021-09-05 18:47:50,909 :: INFO :: Control node : stop of the experiment
2021-09-05 18:47:50,925 :: INFO :: Control node : profile configuration
2021-09-05 18:47:50,946 :: INFO :: Configure profile on Control Node
2021-09-05 18:47:51,082 :: INFO :: Control node : start power of open node
2021-09-05 18:47:51,102 :: INFO :: Node OpenOCD: teardown of openocd node
2021-09-05 18:47:54,134 :: INFO :: openocd node debugger stop
2021-09-05 18:47:54,826 :: INFO :: Node OpenOCD: flash of openocd node
2021-09-05 18:47:54,843 :: INFO :: Flash firmware on OpenOCD: /usr/lib/python2.7/site-packages/gateway_code/static/m3_idle.elf
2021-09-05 18:47:57,461 :: INFO :: Control node : Stop control node serial interface
2021-09-05 18:47:57,469 :: INFO :: Control node : stop power of open node
2021-09-05 18:47:57,566 :: INFO :: Control node : reset
2021-09-05 18:47:57,573 :: INFO :: Reset Control Node
2021-09-05 18:48:00,460 :: INFO :: Stop experiment succeeded
