2021-09-05 17:46:31,696 :: INFO :: Start experiment: luna-276360
2021-09-05 17:46:31,700 :: INFO :: Control node : Starting of control node serial interface
2021-09-05 17:46:31,703 :: INFO :: Control node : reset
2021-09-05 17:46:31,705 :: INFO :: Reset Control Node
2021-09-05 17:46:34,594 :: INFO :: Control node : start power of open node
2021-09-05 17:46:34,623 :: INFO :: Node OpenOCD: Setup of openocd node
2021-09-05 17:46:37,661 :: INFO :: Node OpenOCD: flash of openocd node
2021-09-05 17:46:37,679 :: INFO :: Flash firmware on OpenOCD: /tmp/tmp93HBta--11b39be0afbe655a47f82e084cf5704d_unicast-sender-count-60T-191B.iotlab-m3
2021-09-05 17:46:44,739 :: INFO :: Control node : Start experiment
2021-09-05 17:46:44,786 :: INFO :: Control Node set time delay: 1312 us
2021-09-05 17:46:44,804 :: INFO :: Control node : profile configuration
2021-09-05 17:46:44,807 :: INFO :: Configure profile on Control Node
2021-09-05 17:46:44,853 :: INFO :: Start experiment succeeded
2021-09-05 18:47:50,863 :: INFO :: Gateway Manager : Stop experiment
2021-09-05 18:47:50,872 :: INFO :: Stop experiment
2021-09-05 18:47:50,880 :: INFO :: Control node : stop of the experiment
2021-09-05 18:47:50,888 :: INFO :: Control node : profile configuration
2021-09-05 18:47:50,895 :: INFO :: Configure profile on Control Node
2021-09-05 18:47:50,970 :: INFO :: Control node : start power of open node
2021-09-05 18:47:51,016 :: INFO :: Node OpenOCD: teardown of openocd node
2021-09-05 18:47:54,069 :: INFO :: openocd node debugger stop
2021-09-05 18:47:54,757 :: INFO :: Node OpenOCD: flash of openocd node
2021-09-05 18:47:54,764 :: INFO :: Flash firmware on OpenOCD: /usr/lib/python2.7/site-packages/gateway_code/static/m3_idle.elf
2021-09-05 18:47:57,273 :: INFO :: Control node : Stop control node serial interface
2021-09-05 18:47:57,278 :: INFO :: Control node : stop power of open node
2021-09-05 18:47:57,338 :: INFO :: Control node : reset
2021-09-05 18:47:57,342 :: INFO :: Reset Control Node
2021-09-05 18:48:00,266 :: INFO :: Stop experiment succeeded
