2021-09-05 17:46:31,729 :: INFO :: Start experiment: luna-276360
2021-09-05 17:46:31,732 :: INFO :: Control node : Starting of control node serial interface
2021-09-05 17:46:31,735 :: INFO :: Control node : reset
2021-09-05 17:46:31,737 :: INFO :: Reset Control Node
2021-09-05 17:46:34,691 :: INFO :: Control node : start power of open node
2021-09-05 17:46:34,747 :: INFO :: Node OpenOCD: Setup of openocd node
2021-09-05 17:46:37,801 :: INFO :: Node OpenOCD: flash of openocd node
2021-09-05 17:46:37,817 :: INFO :: Flash firmware on OpenOCD: /tmp/tmpuFJcuE--11b39be0afbe655a47f82e084cf5704d_unicast-sender-count-60T-191B.iotlab-m3
2021-09-05 17:46:44,720 :: INFO :: Control node : Start experiment
2021-09-05 17:46:44,766 :: INFO :: Control Node set time delay: 1739 us
2021-09-05 17:46:44,799 :: INFO :: Control node : profile configuration
2021-09-05 17:46:44,805 :: INFO :: Configure profile on Control Node
2021-09-05 17:46:44,884 :: INFO :: Start experiment succeeded
2021-09-05 18:47:50,817 :: INFO :: Gateway Manager : Stop experiment
2021-09-05 18:47:50,826 :: INFO :: Stop experiment
2021-09-05 18:47:50,835 :: INFO :: Control node : stop of the experiment
2021-09-05 18:47:50,842 :: INFO :: Control node : profile configuration
2021-09-05 18:47:50,849 :: INFO :: Configure profile on Control Node
2021-09-05 18:47:50,926 :: INFO :: Control node : start power of open node
2021-09-05 18:47:50,968 :: INFO :: Node OpenOCD: teardown of openocd node
2021-09-05 18:47:54,049 :: INFO :: openocd node debugger stop
2021-09-05 18:47:54,732 :: INFO :: Node OpenOCD: flash of openocd node
2021-09-05 18:47:54,739 :: INFO :: Flash firmware on OpenOCD: /usr/lib/python2.7/site-packages/gateway_code/static/m3_idle.elf
2021-09-05 18:47:57,246 :: INFO :: Control node : Stop control node serial interface
2021-09-05 18:47:57,255 :: INFO :: Control node : stop power of open node
2021-09-05 18:47:57,355 :: INFO :: Control node : reset
2021-09-05 18:47:57,362 :: INFO :: Reset Control Node
2021-09-05 18:48:00,253 :: INFO :: Stop experiment succeeded
