2021-09-05 17:46:31,674 :: INFO :: Start experiment: luna-276360
2021-09-05 17:46:31,677 :: INFO :: Control node : Starting of control node serial interface
2021-09-05 17:46:31,680 :: INFO :: Control node : reset
2021-09-05 17:46:31,683 :: INFO :: Reset Control Node
2021-09-05 17:46:34,635 :: INFO :: Control node : start power of open node
2021-09-05 17:46:34,690 :: INFO :: Node OpenOCD: Setup of openocd node
2021-09-05 17:46:37,733 :: INFO :: Node OpenOCD: flash of openocd node
2021-09-05 17:46:37,748 :: INFO :: Flash firmware on OpenOCD: /tmp/tmpIBBjvB--11b39be0afbe655a47f82e084cf5704d_unicast-sender-count-60T-191B.iotlab-m3
2021-09-05 17:46:44,644 :: INFO :: Control node : Start experiment
2021-09-05 17:46:44,691 :: INFO :: Control Node set time delay: 1343 us
2021-09-05 17:46:44,717 :: INFO :: Control node : profile configuration
2021-09-05 17:46:44,724 :: INFO :: Configure profile on Control Node
2021-09-05 17:46:44,804 :: INFO :: Start experiment succeeded
2021-09-05 18:47:50,822 :: INFO :: Gateway Manager : Stop experiment
2021-09-05 18:47:50,831 :: INFO :: Stop experiment
2021-09-05 18:47:50,839 :: INFO :: Control node : stop of the experiment
2021-09-05 18:47:50,847 :: INFO :: Control node : profile configuration
2021-09-05 18:47:50,857 :: INFO :: Configure profile on Control Node
2021-09-05 18:47:50,930 :: INFO :: Control node : start power of open node
2021-09-05 18:47:50,975 :: INFO :: Node OpenOCD: teardown of openocd node
2021-09-05 18:47:54,038 :: INFO :: openocd node debugger stop
2021-09-05 18:47:54,693 :: INFO :: Node OpenOCD: flash of openocd node
2021-09-05 18:47:54,700 :: INFO :: Flash firmware on OpenOCD: /usr/lib/python2.7/site-packages/gateway_code/static/m3_idle.elf
2021-09-05 18:47:57,208 :: INFO :: Control node : Stop control node serial interface
2021-09-05 18:47:57,213 :: INFO :: Control node : stop power of open node
2021-09-05 18:47:57,267 :: INFO :: Control node : reset
2021-09-05 18:47:57,271 :: INFO :: Reset Control Node
2021-09-05 18:48:00,193 :: INFO :: Stop experiment succeeded
