2021-09-05 17:46:31,744 :: INFO :: Start experiment: luna-276360
2021-09-05 17:46:31,748 :: INFO :: Control node : Starting of control node serial interface
2021-09-05 17:46:31,750 :: INFO :: Control node : reset
2021-09-05 17:46:31,753 :: INFO :: Reset Control Node
2021-09-05 17:46:34,702 :: INFO :: Control node : start power of open node
2021-09-05 17:46:34,760 :: INFO :: Node OpenOCD: Setup of openocd node
2021-09-05 17:46:37,811 :: INFO :: Node OpenOCD: flash of openocd node
2021-09-05 17:46:37,826 :: INFO :: Flash firmware on OpenOCD: /tmp/tmptY23Lf--ddd0625ff8382e7208c25657471d6a4a_unicast-receiver-count.iotlab-m3
2021-09-05 17:46:44,480 :: INFO :: Control node : Start experiment
2021-09-05 17:46:44,545 :: INFO :: Control Node set time delay: 1831 us
2021-09-05 17:46:44,553 :: INFO :: Control node : profile configuration
2021-09-05 17:46:44,557 :: INFO :: Configure profile on Control Node
2021-09-05 17:46:44,598 :: INFO :: Start experiment succeeded
2021-09-05 18:47:50,845 :: INFO :: Gateway Manager : Stop experiment
2021-09-05 18:47:50,855 :: INFO :: Stop experiment
2021-09-05 18:47:50,864 :: INFO :: Control node : stop of the experiment
2021-09-05 18:47:50,871 :: INFO :: Control node : profile configuration
2021-09-05 18:47:50,878 :: INFO :: Configure profile on Control Node
2021-09-05 18:47:50,955 :: INFO :: Control node : start power of open node
2021-09-05 18:47:50,998 :: INFO :: Node OpenOCD: teardown of openocd node
2021-09-05 18:47:54,061 :: INFO :: openocd node debugger stop
2021-09-05 18:47:54,753 :: INFO :: Node OpenOCD: flash of openocd node
2021-09-05 18:47:54,768 :: INFO :: Flash firmware on OpenOCD: /usr/lib/python2.7/site-packages/gateway_code/static/m3_idle.elf
2021-09-05 18:47:57,239 :: INFO :: Control node : Stop control node serial interface
2021-09-05 18:47:57,244 :: INFO :: Control node : stop power of open node
2021-09-05 18:47:57,299 :: INFO :: Control node : reset
2021-09-05 18:47:57,302 :: INFO :: Reset Control Node
2021-09-05 18:48:00,230 :: INFO :: Stop experiment succeeded
