2021-09-05 17:46:31,753 :: INFO :: Start experiment: luna-276360
2021-09-05 17:46:31,756 :: INFO :: Control node : Starting of control node serial interface
2021-09-05 17:46:31,759 :: INFO :: Control node : reset
2021-09-05 17:46:31,762 :: INFO :: Reset Control Node
2021-09-05 17:46:34,666 :: INFO :: Control node : start power of open node
2021-09-05 17:46:34,695 :: INFO :: Node OpenOCD: Setup of openocd node
2021-09-05 17:46:37,728 :: INFO :: Node OpenOCD: flash of openocd node
2021-09-05 17:46:37,746 :: INFO :: Flash firmware on OpenOCD: /tmp/tmp5mgcTe--11b39be0afbe655a47f82e084cf5704d_unicast-sender-count-60T-191B.iotlab-m3
2021-09-05 17:46:44,635 :: INFO :: Control node : Start experiment
2021-09-05 17:46:44,697 :: INFO :: Control Node set time delay: 1892 us
2021-09-05 17:46:44,730 :: INFO :: Control node : profile configuration
2021-09-05 17:46:44,737 :: INFO :: Configure profile on Control Node
2021-09-05 17:46:44,816 :: INFO :: Start experiment succeeded
2021-09-05 18:47:50,829 :: INFO :: Gateway Manager : Stop experiment
2021-09-05 18:47:50,838 :: INFO :: Stop experiment
2021-09-05 18:47:50,847 :: INFO :: Control node : stop of the experiment
2021-09-05 18:47:50,854 :: INFO :: Control node : profile configuration
2021-09-05 18:47:50,862 :: INFO :: Configure profile on Control Node
2021-09-05 18:47:50,938 :: INFO :: Control node : start power of open node
2021-09-05 18:47:50,982 :: INFO :: Node OpenOCD: teardown of openocd node
2021-09-05 18:47:54,023 :: INFO :: openocd node debugger stop
2021-09-05 18:47:54,687 :: INFO :: Node OpenOCD: flash of openocd node
2021-09-05 18:47:54,694 :: INFO :: Flash firmware on OpenOCD: /usr/lib/python2.7/site-packages/gateway_code/static/m3_idle.elf
2021-09-05 18:47:57,201 :: INFO :: Control node : Stop control node serial interface
2021-09-05 18:47:57,209 :: INFO :: Control node : stop power of open node
2021-09-05 18:47:57,301 :: INFO :: Control node : reset
2021-09-05 18:47:57,307 :: INFO :: Reset Control Node
2021-09-05 18:48:00,195 :: INFO :: Stop experiment succeeded
