2021-09-05 17:46:31,762 :: INFO :: Start experiment: luna-276360
2021-09-05 17:46:31,766 :: INFO :: Control node : Starting of control node serial interface
2021-09-05 17:46:31,768 :: INFO :: Control node : reset
2021-09-05 17:46:31,771 :: INFO :: Reset Control Node
2021-09-05 17:46:34,725 :: INFO :: Control node : start power of open node
2021-09-05 17:46:34,783 :: INFO :: Node OpenOCD: Setup of openocd node
2021-09-05 17:46:37,837 :: INFO :: Node OpenOCD: flash of openocd node
2021-09-05 17:46:37,851 :: INFO :: Flash firmware on OpenOCD: /tmp/tmpdHWcKy--11b39be0afbe655a47f82e084cf5704d_unicast-sender-count-60T-191B.iotlab-m3
2021-09-05 17:46:44,741 :: INFO :: Control node : Start experiment
2021-09-05 17:46:44,795 :: INFO :: Control Node set time delay: 1404 us
2021-09-05 17:46:44,820 :: INFO :: Control node : profile configuration
2021-09-05 17:46:44,826 :: INFO :: Configure profile on Control Node
2021-09-05 17:46:44,905 :: INFO :: Start experiment succeeded
2021-09-05 18:47:50,816 :: INFO :: Gateway Manager : Stop experiment
2021-09-05 18:47:50,826 :: INFO :: Stop experiment
2021-09-05 18:47:50,835 :: INFO :: Control node : stop of the experiment
2021-09-05 18:47:50,842 :: INFO :: Control node : profile configuration
2021-09-05 18:47:50,849 :: INFO :: Configure profile on Control Node
2021-09-05 18:47:50,925 :: INFO :: Control node : start power of open node
2021-09-05 18:47:50,968 :: INFO :: Node OpenOCD: teardown of openocd node
2021-09-05 18:47:54,026 :: INFO :: openocd node debugger stop
2021-09-05 18:47:54,715 :: INFO :: Node OpenOCD: flash of openocd node
2021-09-05 18:47:54,729 :: INFO :: Flash firmware on OpenOCD: /usr/lib/python2.7/site-packages/gateway_code/static/m3_idle.elf
2021-09-05 18:47:57,268 :: INFO :: Control node : Stop control node serial interface
2021-09-05 18:47:57,277 :: INFO :: Control node : stop power of open node
2021-09-05 18:47:57,358 :: INFO :: Control node : reset
2021-09-05 18:47:57,365 :: INFO :: Reset Control Node
2021-09-05 18:48:00,254 :: INFO :: Stop experiment succeeded
