2021-09-05 17:46:31,754 :: INFO :: Start experiment: luna-276360
2021-09-05 17:46:31,758 :: INFO :: Control node : Starting of control node serial interface
2021-09-05 17:46:31,760 :: INFO :: Control node : reset
2021-09-05 17:46:31,763 :: INFO :: Reset Control Node
2021-09-05 17:46:34,718 :: INFO :: Control node : start power of open node
2021-09-05 17:46:34,774 :: INFO :: Node OpenOCD: Setup of openocd node
2021-09-05 17:46:37,826 :: INFO :: Node OpenOCD: flash of openocd node
2021-09-05 17:46:37,841 :: INFO :: Flash firmware on OpenOCD: /tmp/tmpMjIuPm--11b39be0afbe655a47f82e084cf5704d_unicast-sender-count-60T-191B.iotlab-m3
2021-09-05 17:46:44,865 :: INFO :: Control node : Start experiment
2021-09-05 17:46:44,916 :: INFO :: Control Node set time delay: 1464 us
2021-09-05 17:46:44,946 :: INFO :: Control node : profile configuration
2021-09-05 17:46:44,949 :: INFO :: Configure profile on Control Node
2021-09-05 17:46:44,991 :: INFO :: Start experiment succeeded
2021-09-05 18:47:50,855 :: INFO :: Gateway Manager : Stop experiment
2021-09-05 18:47:50,876 :: INFO :: Stop experiment
2021-09-05 18:47:50,895 :: INFO :: Control node : stop of the experiment
2021-09-05 18:47:50,911 :: INFO :: Control node : profile configuration
2021-09-05 18:47:50,933 :: INFO :: Configure profile on Control Node
2021-09-05 18:47:51,098 :: INFO :: Control node : start power of open node
2021-09-05 18:47:51,118 :: INFO :: Node OpenOCD: teardown of openocd node
2021-09-05 18:47:54,163 :: INFO :: openocd node debugger stop
2021-09-05 18:47:54,849 :: INFO :: Node OpenOCD: flash of openocd node
2021-09-05 18:47:54,857 :: INFO :: Flash firmware on OpenOCD: /usr/lib/python2.7/site-packages/gateway_code/static/m3_idle.elf
2021-09-05 18:47:57,359 :: INFO :: Control node : Stop control node serial interface
2021-09-05 18:47:57,364 :: INFO :: Control node : stop power of open node
2021-09-05 18:47:57,424 :: INFO :: Control node : reset
2021-09-05 18:47:57,428 :: INFO :: Reset Control Node
2021-09-05 18:48:00,355 :: INFO :: Stop experiment succeeded
