2021-09-05 17:46:31,704 :: INFO :: Start experiment: luna-276360
2021-09-05 17:46:31,707 :: INFO :: Control node : Starting of control node serial interface
2021-09-05 17:46:31,710 :: INFO :: Control node : reset
2021-09-05 17:46:31,713 :: INFO :: Reset Control Node
2021-09-05 17:46:34,667 :: INFO :: Control node : start power of open node
2021-09-05 17:46:34,724 :: INFO :: Node OpenOCD: Setup of openocd node
2021-09-05 17:46:37,765 :: INFO :: Node OpenOCD: flash of openocd node
2021-09-05 17:46:37,780 :: INFO :: Flash firmware on OpenOCD: /tmp/tmpbef9hq--11b39be0afbe655a47f82e084cf5704d_unicast-sender-count-60T-191B.iotlab-m3
2021-09-05 17:46:44,655 :: INFO :: Control node : Start experiment
2021-09-05 17:46:44,708 :: INFO :: Control Node set time delay: 1862 us
2021-09-05 17:46:44,739 :: INFO :: Control node : profile configuration
2021-09-05 17:46:44,746 :: INFO :: Configure profile on Control Node
2021-09-05 17:46:44,825 :: INFO :: Start experiment succeeded
2021-09-05 18:47:50,849 :: INFO :: Gateway Manager : Stop experiment
2021-09-05 18:47:50,860 :: INFO :: Stop experiment
2021-09-05 18:47:50,868 :: INFO :: Control node : stop of the experiment
2021-09-05 18:47:50,876 :: INFO :: Control node : profile configuration
2021-09-05 18:47:50,886 :: INFO :: Configure profile on Control Node
2021-09-05 18:47:50,959 :: INFO :: Control node : start power of open node
2021-09-05 18:47:51,005 :: INFO :: Node OpenOCD: teardown of openocd node
2021-09-05 18:47:54,048 :: INFO :: openocd node debugger stop
2021-09-05 18:47:54,739 :: INFO :: Node OpenOCD: flash of openocd node
2021-09-05 18:47:54,753 :: INFO :: Flash firmware on OpenOCD: /usr/lib/python2.7/site-packages/gateway_code/static/m3_idle.elf
2021-09-05 18:47:57,372 :: INFO :: Control node : Stop control node serial interface
2021-09-05 18:47:57,381 :: INFO :: Control node : stop power of open node
2021-09-05 18:47:57,531 :: INFO :: Control node : reset
2021-09-05 18:47:57,538 :: INFO :: Reset Control Node
2021-09-05 18:48:00,420 :: INFO :: Stop experiment succeeded
