2021-09-05 17:46:31,722 :: INFO :: Start experiment: luna-276360
2021-09-05 17:46:31,726 :: INFO :: Control node : Starting of control node serial interface
2021-09-05 17:46:31,728 :: INFO :: Control node : reset
2021-09-05 17:46:31,731 :: INFO :: Reset Control Node
2021-09-05 17:46:34,681 :: INFO :: Control node : start power of open node
2021-09-05 17:46:34,715 :: INFO :: Node OpenOCD: Setup of openocd node
2021-09-05 17:46:37,747 :: INFO :: Node OpenOCD: flash of openocd node
2021-09-05 17:46:37,765 :: INFO :: Flash firmware on OpenOCD: /tmp/tmpsgQ5pP--11b39be0afbe655a47f82e084cf5704d_unicast-sender-count-60T-191B.iotlab-m3
2021-09-05 17:46:44,690 :: INFO :: Control node : Start experiment
2021-09-05 17:46:44,741 :: INFO :: Control Node set time delay: 1862 us
2021-09-05 17:46:44,773 :: INFO :: Control node : profile configuration
2021-09-05 17:46:44,780 :: INFO :: Configure profile on Control Node
2021-09-05 17:46:44,822 :: INFO :: Start experiment succeeded
2021-09-05 18:47:50,828 :: INFO :: Gateway Manager : Stop experiment
2021-09-05 18:47:50,838 :: INFO :: Stop experiment
2021-09-05 18:47:50,846 :: INFO :: Control node : stop of the experiment
2021-09-05 18:47:50,853 :: INFO :: Control node : profile configuration
2021-09-05 18:47:50,861 :: INFO :: Configure profile on Control Node
2021-09-05 18:47:50,937 :: INFO :: Control node : start power of open node
2021-09-05 18:47:50,982 :: INFO :: Node OpenOCD: teardown of openocd node
2021-09-05 18:47:54,035 :: INFO :: openocd node debugger stop
2021-09-05 18:47:54,724 :: INFO :: Node OpenOCD: flash of openocd node
2021-09-05 18:47:54,739 :: INFO :: Flash firmware on OpenOCD: /usr/lib/python2.7/site-packages/gateway_code/static/m3_idle.elf
2021-09-05 18:47:57,357 :: INFO :: Control node : Stop control node serial interface
2021-09-05 18:47:57,366 :: INFO :: Control node : stop power of open node
2021-09-05 18:47:57,474 :: INFO :: Control node : reset
2021-09-05 18:47:57,481 :: INFO :: Reset Control Node
2021-09-05 18:48:00,314 :: INFO :: Stop experiment succeeded
