2021-09-05 17:46:31,770 :: INFO :: Start experiment: luna-276360
2021-09-05 17:46:31,773 :: INFO :: Control node : Starting of control node serial interface
2021-09-05 17:46:31,776 :: INFO :: Control node : reset
2021-09-05 17:46:31,778 :: INFO :: Reset Control Node
2021-09-05 17:46:34,732 :: INFO :: Control node : start power of open node
2021-09-05 17:46:34,789 :: INFO :: Node OpenOCD: Setup of openocd node
2021-09-05 17:46:37,834 :: INFO :: Node OpenOCD: flash of openocd node
2021-09-05 17:46:37,849 :: INFO :: Flash firmware on OpenOCD: /tmp/tmpgNhy1N--11b39be0afbe655a47f82e084cf5704d_unicast-sender-count-60T-191B.iotlab-m3
2021-09-05 17:46:44,818 :: INFO :: Control node : Start experiment
2021-09-05 17:46:44,868 :: INFO :: Control Node set time delay: 1953 us
2021-09-05 17:46:44,900 :: INFO :: Control node : profile configuration
2021-09-05 17:46:44,906 :: INFO :: Configure profile on Control Node
2021-09-05 17:46:44,957 :: INFO :: Start experiment succeeded
2021-09-05 18:47:50,833 :: INFO :: Gateway Manager : Stop experiment
2021-09-05 18:47:50,843 :: INFO :: Stop experiment
2021-09-05 18:47:50,852 :: INFO :: Control node : stop of the experiment
2021-09-05 18:47:50,860 :: INFO :: Control node : profile configuration
2021-09-05 18:47:50,868 :: INFO :: Configure profile on Control Node
2021-09-05 18:47:50,946 :: INFO :: Control node : start power of open node
2021-09-05 18:47:50,989 :: INFO :: Node OpenOCD: teardown of openocd node
2021-09-05 18:47:54,036 :: INFO :: openocd node debugger stop
2021-09-05 18:47:54,694 :: INFO :: Node OpenOCD: flash of openocd node
2021-09-05 18:47:54,701 :: INFO :: Flash firmware on OpenOCD: /usr/lib/python2.7/site-packages/gateway_code/static/m3_idle.elf
2021-09-05 18:47:57,210 :: INFO :: Control node : Stop control node serial interface
2021-09-05 18:47:57,219 :: INFO :: Control node : stop power of open node
2021-09-05 18:47:57,324 :: INFO :: Control node : reset
2021-09-05 18:47:57,331 :: INFO :: Reset Control Node
2021-09-05 18:48:00,216 :: INFO :: Stop experiment succeeded
