2021-09-05 17:46:31,763 :: INFO :: Start experiment: luna-276360
2021-09-05 17:46:31,766 :: INFO :: Control node : Starting of control node serial interface
2021-09-05 17:46:31,769 :: INFO :: Control node : reset
2021-09-05 17:46:31,772 :: INFO :: Reset Control Node
2021-09-05 17:46:34,733 :: INFO :: Control node : start power of open node
2021-09-05 17:46:34,791 :: INFO :: Node OpenOCD: Setup of openocd node
2021-09-05 17:46:37,832 :: INFO :: Node OpenOCD: flash of openocd node
2021-09-05 17:46:37,847 :: INFO :: Flash firmware on OpenOCD: /tmp/tmpf9ErkH--11b39be0afbe655a47f82e084cf5704d_unicast-sender-count-60T-191B.iotlab-m3
2021-09-05 17:46:44,811 :: INFO :: Control node : Start experiment
2021-09-05 17:46:44,864 :: INFO :: Control Node set time delay: 1648 us
2021-09-05 17:46:44,898 :: INFO :: Control node : profile configuration
2021-09-05 17:46:44,904 :: INFO :: Configure profile on Control Node
2021-09-05 17:46:44,951 :: INFO :: Start experiment succeeded
2021-09-05 18:47:50,823 :: INFO :: Gateway Manager : Stop experiment
2021-09-05 18:47:50,832 :: INFO :: Stop experiment
2021-09-05 18:47:50,840 :: INFO :: Control node : stop of the experiment
2021-09-05 18:47:50,847 :: INFO :: Control node : profile configuration
2021-09-05 18:47:50,854 :: INFO :: Configure profile on Control Node
2021-09-05 18:47:50,926 :: INFO :: Control node : start power of open node
2021-09-05 18:47:50,968 :: INFO :: Node OpenOCD: teardown of openocd node
2021-09-05 18:47:54,029 :: INFO :: openocd node debugger stop
2021-09-05 18:47:54,715 :: INFO :: Node OpenOCD: flash of openocd node
2021-09-05 18:47:54,722 :: INFO :: Flash firmware on OpenOCD: /usr/lib/python2.7/site-packages/gateway_code/static/m3_idle.elf
2021-09-05 18:47:57,229 :: INFO :: Control node : Stop control node serial interface
2021-09-05 18:47:57,240 :: INFO :: Control node : stop power of open node
2021-09-05 18:47:57,351 :: INFO :: Control node : reset
2021-09-05 18:47:57,354 :: INFO :: Reset Control Node
2021-09-05 18:48:00,217 :: INFO :: Stop experiment succeeded
