2021-09-05 17:46:31,753 :: INFO :: Start experiment: luna-276360
2021-09-05 17:46:31,756 :: INFO :: Control node : Starting of control node serial interface
2021-09-05 17:46:31,759 :: INFO :: Control node : reset
2021-09-05 17:46:31,762 :: INFO :: Reset Control Node
2021-09-05 17:46:34,716 :: INFO :: Control node : start power of open node
2021-09-05 17:46:34,774 :: INFO :: Node OpenOCD: Setup of openocd node
2021-09-05 17:46:37,825 :: INFO :: Node OpenOCD: flash of openocd node
2021-09-05 17:46:37,841 :: INFO :: Flash firmware on OpenOCD: /tmp/tmpmwRYRE--11b39be0afbe655a47f82e084cf5704d_unicast-sender-count-60T-191B.iotlab-m3
2021-09-05 17:46:44,747 :: INFO :: Control node : Start experiment
2021-09-05 17:46:44,810 :: INFO :: Control Node set time delay: 1068 us
2021-09-05 17:46:44,831 :: INFO :: Control node : profile configuration
2021-09-05 17:46:44,838 :: INFO :: Configure profile on Control Node
2021-09-05 17:46:44,917 :: INFO :: Start experiment succeeded
2021-09-05 18:47:50,826 :: INFO :: Gateway Manager : Stop experiment
2021-09-05 18:47:50,836 :: INFO :: Stop experiment
2021-09-05 18:47:50,844 :: INFO :: Control node : stop of the experiment
2021-09-05 18:47:50,852 :: INFO :: Control node : profile configuration
2021-09-05 18:47:50,862 :: INFO :: Configure profile on Control Node
2021-09-05 18:47:50,937 :: INFO :: Control node : start power of open node
2021-09-05 18:47:50,981 :: INFO :: Node OpenOCD: teardown of openocd node
2021-09-05 18:47:54,043 :: INFO :: openocd node debugger stop
2021-09-05 18:47:54,737 :: INFO :: Node OpenOCD: flash of openocd node
2021-09-05 18:47:54,751 :: INFO :: Flash firmware on OpenOCD: /usr/lib/python2.7/site-packages/gateway_code/static/m3_idle.elf
2021-09-05 18:47:57,369 :: INFO :: Control node : Stop control node serial interface
2021-09-05 18:47:57,374 :: INFO :: Control node : stop power of open node
2021-09-05 18:47:57,435 :: INFO :: Control node : reset
2021-09-05 18:47:57,442 :: INFO :: Reset Control Node
2021-09-05 18:48:00,320 :: INFO :: Stop experiment succeeded
