2021-09-06 20:22:39,213 :: INFO :: Start experiment: luna-276395
2021-09-06 20:22:39,217 :: INFO :: Control node : Starting of control node serial interface
2021-09-06 20:22:39,220 :: INFO :: Control node : reset
2021-09-06 20:22:39,222 :: INFO :: Reset Control Node
2021-09-06 20:22:42,177 :: INFO :: Control node : start power of open node
2021-09-06 20:22:42,234 :: INFO :: Node OpenOCD: Setup of openocd node
2021-09-06 20:22:45,287 :: INFO :: Node OpenOCD: flash of openocd node
2021-09-06 20:22:45,302 :: INFO :: Flash firmware on OpenOCD: /tmp/tmppdDbtj--07af995c71c4c03e0b354753e4bf4313_unicast-sender-count-30T-191B.iotlab-m3
2021-09-06 20:22:52,256 :: INFO :: Control node : Start experiment
2021-09-06 20:22:52,332 :: INFO :: Control Node set time delay: 1495 us
2021-09-06 20:22:52,370 :: INFO :: Control node : profile configuration
2021-09-06 20:22:52,377 :: INFO :: Configure profile on Control Node
2021-09-06 20:22:52,457 :: INFO :: Start experiment succeeded
2021-09-06 21:23:58,220 :: INFO :: Gateway Manager : Stop experiment
2021-09-06 21:23:58,229 :: INFO :: Stop experiment
2021-09-06 21:23:58,238 :: INFO :: Control node : stop of the experiment
2021-09-06 21:23:58,246 :: INFO :: Control node : profile configuration
2021-09-06 21:23:58,253 :: INFO :: Configure profile on Control Node
2021-09-06 21:23:58,332 :: INFO :: Control node : start power of open node
2021-09-06 21:23:58,376 :: INFO :: Node OpenOCD: teardown of openocd node
2021-09-06 21:24:01,437 :: INFO :: openocd node debugger stop
2021-09-06 21:24:02,090 :: INFO :: Node OpenOCD: flash of openocd node
2021-09-06 21:24:02,105 :: INFO :: Flash firmware on OpenOCD: /usr/lib/python2.7/site-packages/gateway_code/static/m3_idle.elf
2021-09-06 21:24:04,724 :: INFO :: Control node : Stop control node serial interface
2021-09-06 21:24:04,729 :: INFO :: Control node : stop power of open node
2021-09-06 21:24:04,807 :: INFO :: Control node : reset
2021-09-06 21:24:04,814 :: INFO :: Reset Control Node
2021-09-06 21:24:07,703 :: INFO :: Stop experiment succeeded
