2021-09-06 20:22:39,253 :: INFO :: Start experiment: luna-276395
2021-09-06 20:22:39,257 :: INFO :: Control node : Starting of control node serial interface
2021-09-06 20:22:39,260 :: INFO :: Control node : reset
2021-09-06 20:22:39,262 :: INFO :: Reset Control Node
2021-09-06 20:22:42,216 :: INFO :: Control node : start power of open node
2021-09-06 20:22:42,271 :: INFO :: Node OpenOCD: Setup of openocd node
2021-09-06 20:22:45,322 :: INFO :: Node OpenOCD: flash of openocd node
2021-09-06 20:22:45,337 :: INFO :: Flash firmware on OpenOCD: /tmp/tmpfnrSk5--ddd0625ff8382e7208c25657471d6a4a_unicast-receiver-count.iotlab-m3
2021-09-06 20:22:51,876 :: INFO :: Control node : Start experiment
2021-09-06 20:22:51,951 :: INFO :: Control Node set time delay: 1679 us
2021-09-06 20:22:51,971 :: INFO :: Control node : profile configuration
2021-09-06 20:22:51,978 :: INFO :: Configure profile on Control Node
2021-09-06 20:22:52,057 :: INFO :: Start experiment succeeded
2021-09-06 21:23:58,217 :: INFO :: Gateway Manager : Stop experiment
2021-09-06 21:23:58,226 :: INFO :: Stop experiment
2021-09-06 21:23:58,234 :: INFO :: Control node : stop of the experiment
2021-09-06 21:23:58,242 :: INFO :: Control node : profile configuration
2021-09-06 21:23:58,249 :: INFO :: Configure profile on Control Node
2021-09-06 21:23:58,324 :: INFO :: Control node : start power of open node
2021-09-06 21:23:58,367 :: INFO :: Node OpenOCD: teardown of openocd node
2021-09-06 21:24:01,434 :: INFO :: openocd node debugger stop
2021-09-06 21:24:01,997 :: INFO :: Node OpenOCD: flash of openocd node
2021-09-06 21:24:02,013 :: INFO :: Flash firmware on OpenOCD: /usr/lib/python2.7/site-packages/gateway_code/static/m3_idle.elf
2021-09-06 21:24:04,634 :: INFO :: Control node : Stop control node serial interface
2021-09-06 21:24:04,643 :: INFO :: Control node : stop power of open node
2021-09-06 21:24:04,747 :: INFO :: Control node : reset
2021-09-06 21:24:04,754 :: INFO :: Reset Control Node
2021-09-06 21:24:07,643 :: INFO :: Stop experiment succeeded
