2021-09-06 16:06:49,374 :: INFO :: Start experiment: luna-276381
2021-09-06 16:06:49,377 :: INFO :: Control node : Starting of control node serial interface
2021-09-06 16:06:49,380 :: INFO :: Control node : reset
2021-09-06 16:06:49,383 :: INFO :: Reset Control Node
2021-09-06 16:06:52,340 :: INFO :: Control node : start power of open node
2021-09-06 16:06:52,397 :: INFO :: Node OpenOCD: Setup of openocd node
2021-09-06 16:06:55,439 :: INFO :: Node OpenOCD: flash of openocd node
2021-09-06 16:06:55,453 :: INFO :: Flash firmware on OpenOCD: /tmp/tmpexOmlN--9eca698c47b1367377dfc6ae1bda6964_unicast-sender-count-60T-20B.iotlab-m3
2021-09-06 16:07:02,327 :: INFO :: Control node : Start experiment
2021-09-06 16:07:02,403 :: INFO :: Control Node set time delay: 1130 us
2021-09-06 16:07:02,451 :: INFO :: Control node : profile configuration
2021-09-06 16:07:02,458 :: INFO :: Configure profile on Control Node
2021-09-06 16:07:02,536 :: INFO :: Start experiment succeeded
2021-09-06 17:08:08,655 :: INFO :: Gateway Manager : Stop experiment
2021-09-06 17:08:08,666 :: INFO :: Stop experiment
2021-09-06 17:08:08,674 :: INFO :: Control node : stop of the experiment
2021-09-06 17:08:08,681 :: INFO :: Control node : profile configuration
2021-09-06 17:08:08,689 :: INFO :: Configure profile on Control Node
2021-09-06 17:08:08,764 :: INFO :: Control node : start power of open node
2021-09-06 17:08:08,808 :: INFO :: Node OpenOCD: teardown of openocd node
2021-09-06 17:08:11,862 :: INFO :: openocd node debugger stop
2021-09-06 17:08:12,554 :: INFO :: Node OpenOCD: flash of openocd node
2021-09-06 17:08:12,568 :: INFO :: Flash firmware on OpenOCD: /usr/lib/python2.7/site-packages/gateway_code/static/m3_idle.elf
2021-09-06 17:08:15,132 :: INFO :: Control node : Stop control node serial interface
2021-09-06 17:08:15,137 :: INFO :: Control node : stop power of open node
2021-09-06 17:08:15,188 :: INFO :: Control node : reset
2021-09-06 17:08:15,192 :: INFO :: Reset Control Node
2021-09-06 17:08:18,107 :: INFO :: Stop experiment succeeded
