2021-09-06 16:06:49,356 :: INFO :: Start experiment: luna-276381
2021-09-06 16:06:49,360 :: INFO :: Control node : Starting of control node serial interface
2021-09-06 16:06:49,362 :: INFO :: Control node : reset
2021-09-06 16:06:49,365 :: INFO :: Reset Control Node
2021-09-06 16:06:52,324 :: INFO :: Control node : start power of open node
2021-09-06 16:06:52,350 :: INFO :: Node OpenOCD: Setup of openocd node
2021-09-06 16:06:55,383 :: INFO :: Node OpenOCD: flash of openocd node
2021-09-06 16:06:55,401 :: INFO :: Flash firmware on OpenOCD: /tmp/tmpArNKU2--9eca698c47b1367377dfc6ae1bda6964_unicast-sender-count-60T-20B.iotlab-m3
2021-09-06 16:07:02,342 :: INFO :: Control node : Start experiment
2021-09-06 16:07:02,415 :: INFO :: Control Node set time delay: 1495 us
2021-09-06 16:07:02,424 :: INFO :: Control node : profile configuration
2021-09-06 16:07:02,428 :: INFO :: Configure profile on Control Node
2021-09-06 16:07:02,469 :: INFO :: Start experiment succeeded
2021-09-06 17:08:08,615 :: INFO :: Gateway Manager : Stop experiment
2021-09-06 17:08:08,624 :: INFO :: Stop experiment
2021-09-06 17:08:08,633 :: INFO :: Control node : stop of the experiment
2021-09-06 17:08:08,640 :: INFO :: Control node : profile configuration
2021-09-06 17:08:08,647 :: INFO :: Configure profile on Control Node
2021-09-06 17:08:08,724 :: INFO :: Control node : start power of open node
2021-09-06 17:08:08,769 :: INFO :: Node OpenOCD: teardown of openocd node
2021-09-06 17:08:11,824 :: INFO :: openocd node debugger stop
2021-09-06 17:08:12,519 :: INFO :: Node OpenOCD: flash of openocd node
2021-09-06 17:08:12,533 :: INFO :: Flash firmware on OpenOCD: /usr/lib/python2.7/site-packages/gateway_code/static/m3_idle.elf
2021-09-06 17:08:15,069 :: INFO :: Control node : Stop control node serial interface
2021-09-06 17:08:15,074 :: INFO :: Control node : stop power of open node
2021-09-06 17:08:15,131 :: INFO :: Control node : reset
2021-09-06 17:08:15,135 :: INFO :: Reset Control Node
2021-09-06 17:08:18,061 :: INFO :: Stop experiment succeeded
