2021-09-06 16:06:49,369 :: INFO :: Start experiment: luna-276381
2021-09-06 16:06:49,373 :: INFO :: Control node : Starting of control node serial interface
2021-09-06 16:06:49,376 :: INFO :: Control node : reset
2021-09-06 16:06:49,379 :: INFO :: Reset Control Node
2021-09-06 16:06:52,345 :: INFO :: Control node : start power of open node
2021-09-06 16:06:52,402 :: INFO :: Node OpenOCD: Setup of openocd node
2021-09-06 16:06:55,447 :: INFO :: Node OpenOCD: flash of openocd node
2021-09-06 16:06:55,462 :: INFO :: Flash firmware on OpenOCD: /tmp/tmpRxYvTR--9eca698c47b1367377dfc6ae1bda6964_unicast-sender-count-60T-20B.iotlab-m3
2021-09-06 16:07:02,365 :: INFO :: Control node : Start experiment
2021-09-06 16:07:02,425 :: INFO :: Control Node set time delay: 1648 us
2021-09-06 16:07:02,458 :: INFO :: Control node : profile configuration
2021-09-06 16:07:02,464 :: INFO :: Configure profile on Control Node
2021-09-06 16:07:02,544 :: INFO :: Start experiment succeeded
2021-09-06 17:08:08,623 :: INFO :: Gateway Manager : Stop experiment
2021-09-06 17:08:08,632 :: INFO :: Stop experiment
2021-09-06 17:08:08,641 :: INFO :: Control node : stop of the experiment
2021-09-06 17:08:08,648 :: INFO :: Control node : profile configuration
2021-09-06 17:08:08,656 :: INFO :: Configure profile on Control Node
2021-09-06 17:08:08,732 :: INFO :: Control node : start power of open node
2021-09-06 17:08:08,777 :: INFO :: Node OpenOCD: teardown of openocd node
2021-09-06 17:08:11,834 :: INFO :: openocd node debugger stop
2021-09-06 17:08:12,527 :: INFO :: Node OpenOCD: flash of openocd node
2021-09-06 17:08:12,541 :: INFO :: Flash firmware on OpenOCD: /usr/lib/python2.7/site-packages/gateway_code/static/m3_idle.elf
2021-09-06 17:08:15,083 :: INFO :: Control node : Stop control node serial interface
2021-09-06 17:08:15,088 :: INFO :: Control node : stop power of open node
2021-09-06 17:08:15,139 :: INFO :: Control node : reset
2021-09-06 17:08:15,142 :: INFO :: Reset Control Node
2021-09-06 17:08:18,066 :: INFO :: Stop experiment succeeded
