2021-09-06 16:06:49,354 :: INFO :: Start experiment: luna-276381
2021-09-06 16:06:49,357 :: INFO :: Control node : Starting of control node serial interface
2021-09-06 16:06:49,360 :: INFO :: Control node : reset
2021-09-06 16:06:49,363 :: INFO :: Reset Control Node
2021-09-06 16:06:52,334 :: INFO :: Control node : start power of open node
2021-09-06 16:06:52,392 :: INFO :: Node OpenOCD: Setup of openocd node
2021-09-06 16:06:55,437 :: INFO :: Node OpenOCD: flash of openocd node
2021-09-06 16:06:55,452 :: INFO :: Flash firmware on OpenOCD: /tmp/tmpVVp9wB--9eca698c47b1367377dfc6ae1bda6964_unicast-sender-count-60T-20B.iotlab-m3
2021-09-06 16:07:02,470 :: INFO :: Control node : Start experiment
2021-09-06 16:07:02,529 :: INFO :: Control Node set time delay: 1923 us
2021-09-06 16:07:02,552 :: INFO :: Control node : profile configuration
2021-09-06 16:07:02,556 :: INFO :: Configure profile on Control Node
2021-09-06 16:07:02,598 :: INFO :: Start experiment succeeded
2021-09-06 17:08:08,665 :: INFO :: Gateway Manager : Stop experiment
2021-09-06 17:08:08,687 :: INFO :: Stop experiment
2021-09-06 17:08:08,715 :: INFO :: Control node : stop of the experiment
2021-09-06 17:08:08,738 :: INFO :: Control node : profile configuration
2021-09-06 17:08:08,755 :: INFO :: Configure profile on Control Node
2021-09-06 17:08:08,900 :: INFO :: Control node : start power of open node
2021-09-06 17:08:08,921 :: INFO :: Node OpenOCD: teardown of openocd node
2021-09-06 17:08:11,974 :: INFO :: openocd node debugger stop
2021-09-06 17:08:12,663 :: INFO :: Node OpenOCD: flash of openocd node
2021-09-06 17:08:12,677 :: INFO :: Flash firmware on OpenOCD: /usr/lib/python2.7/site-packages/gateway_code/static/m3_idle.elf
2021-09-06 17:08:15,243 :: INFO :: Control node : Stop control node serial interface
2021-09-06 17:08:15,252 :: INFO :: Control node : stop power of open node
2021-09-06 17:08:15,334 :: INFO :: Control node : reset
2021-09-06 17:08:15,340 :: INFO :: Reset Control Node
2021-09-06 17:08:18,218 :: INFO :: Stop experiment succeeded
