2021-09-06 16:06:49,352 :: INFO :: Start experiment: luna-276381
2021-09-06 16:06:49,355 :: INFO :: Control node : Starting of control node serial interface
2021-09-06 16:06:49,358 :: INFO :: Control node : reset
2021-09-06 16:06:49,361 :: INFO :: Reset Control Node
2021-09-06 16:06:52,291 :: INFO :: Control node : start power of open node
2021-09-06 16:06:52,319 :: INFO :: Node OpenOCD: Setup of openocd node
2021-09-06 16:06:55,359 :: INFO :: Node OpenOCD: flash of openocd node
2021-09-06 16:06:55,377 :: INFO :: Flash firmware on OpenOCD: /tmp/tmp1KZh66--9eca698c47b1367377dfc6ae1bda6964_unicast-sender-count-60T-20B.iotlab-m3
2021-09-06 16:07:02,404 :: INFO :: Control node : Start experiment
2021-09-06 16:07:02,449 :: INFO :: Control Node set time delay: 1678 us
2021-09-06 16:07:02,479 :: INFO :: Control node : profile configuration
2021-09-06 16:07:02,482 :: INFO :: Configure profile on Control Node
2021-09-06 16:07:02,524 :: INFO :: Start experiment succeeded
2021-09-06 17:08:08,612 :: INFO :: Gateway Manager : Stop experiment
2021-09-06 17:08:08,622 :: INFO :: Stop experiment
2021-09-06 17:08:08,630 :: INFO :: Control node : stop of the experiment
2021-09-06 17:08:08,637 :: INFO :: Control node : profile configuration
2021-09-06 17:08:08,647 :: INFO :: Configure profile on Control Node
2021-09-06 17:08:08,721 :: INFO :: Control node : start power of open node
2021-09-06 17:08:08,765 :: INFO :: Node OpenOCD: teardown of openocd node
2021-09-06 17:08:11,826 :: INFO :: openocd node debugger stop
2021-09-06 17:08:12,519 :: INFO :: Node OpenOCD: flash of openocd node
2021-09-06 17:08:12,534 :: INFO :: Flash firmware on OpenOCD: /usr/lib/python2.7/site-packages/gateway_code/static/m3_idle.elf
2021-09-06 17:08:15,059 :: INFO :: Control node : Stop control node serial interface
2021-09-06 17:08:15,067 :: INFO :: Control node : stop power of open node
2021-09-06 17:08:15,169 :: INFO :: Control node : reset
2021-09-06 17:08:15,176 :: INFO :: Reset Control Node
2021-09-06 17:08:18,063 :: INFO :: Stop experiment succeeded
