2021-09-06 16:06:49,349 :: INFO :: Start experiment: luna-276381
2021-09-06 16:06:49,352 :: INFO :: Control node : Starting of control node serial interface
2021-09-06 16:06:49,355 :: INFO :: Control node : reset
2021-09-06 16:06:49,358 :: INFO :: Reset Control Node
2021-09-06 16:06:52,323 :: INFO :: Control node : start power of open node
2021-09-06 16:06:52,379 :: INFO :: Node OpenOCD: Setup of openocd node
2021-09-06 16:06:55,425 :: INFO :: Node OpenOCD: flash of openocd node
2021-09-06 16:06:55,439 :: INFO :: Flash firmware on OpenOCD: /tmp/tmp_cnkKh--9eca698c47b1367377dfc6ae1bda6964_unicast-sender-count-60T-20B.iotlab-m3
2021-09-06 16:07:02,430 :: INFO :: Control node : Start experiment
2021-09-06 16:07:02,502 :: INFO :: Control Node set time delay: 1098 us
2021-09-06 16:07:02,518 :: INFO :: Control node : profile configuration
2021-09-06 16:07:02,522 :: INFO :: Configure profile on Control Node
2021-09-06 16:07:02,565 :: INFO :: Start experiment succeeded
2021-09-06 17:08:08,641 :: INFO :: Gateway Manager : Stop experiment
2021-09-06 17:08:08,651 :: INFO :: Stop experiment
2021-09-06 17:08:08,659 :: INFO :: Control node : stop of the experiment
2021-09-06 17:08:08,666 :: INFO :: Control node : profile configuration
2021-09-06 17:08:08,675 :: INFO :: Configure profile on Control Node
2021-09-06 17:08:08,742 :: INFO :: Control node : start power of open node
2021-09-06 17:08:08,784 :: INFO :: Node OpenOCD: teardown of openocd node
2021-09-06 17:08:11,822 :: INFO :: openocd node debugger stop
2021-09-06 17:08:12,516 :: INFO :: Node OpenOCD: flash of openocd node
2021-09-06 17:08:12,531 :: INFO :: Flash firmware on OpenOCD: /usr/lib/python2.7/site-packages/gateway_code/static/m3_idle.elf
2021-09-06 17:08:15,097 :: INFO :: Control node : Stop control node serial interface
2021-09-06 17:08:15,106 :: INFO :: Control node : stop power of open node
2021-09-06 17:08:15,207 :: INFO :: Control node : reset
2021-09-06 17:08:15,214 :: INFO :: Reset Control Node
2021-09-06 17:08:18,098 :: INFO :: Stop experiment succeeded
