2021-09-06 16:06:49,371 :: INFO :: Start experiment: luna-276381
2021-09-06 16:06:49,375 :: INFO :: Control node : Starting of control node serial interface
2021-09-06 16:06:49,377 :: INFO :: Control node : reset
2021-09-06 16:06:49,380 :: INFO :: Reset Control Node
2021-09-06 16:06:52,290 :: INFO :: Control node : start power of open node
2021-09-06 16:06:52,319 :: INFO :: Node OpenOCD: Setup of openocd node
2021-09-06 16:06:55,354 :: INFO :: Node OpenOCD: flash of openocd node
2021-09-06 16:06:55,372 :: INFO :: Flash firmware on OpenOCD: /tmp/tmpgSPJnt--9eca698c47b1367377dfc6ae1bda6964_unicast-sender-count-60T-20B.iotlab-m3
2021-09-06 16:07:02,382 :: INFO :: Control node : Start experiment
2021-09-06 16:07:02,446 :: INFO :: Control Node set time delay: 1343 us
2021-09-06 16:07:02,460 :: INFO :: Control node : profile configuration
2021-09-06 16:07:02,463 :: INFO :: Configure profile on Control Node
2021-09-06 16:07:02,505 :: INFO :: Start experiment succeeded
2021-09-06 17:08:08,615 :: INFO :: Gateway Manager : Stop experiment
2021-09-06 17:08:08,623 :: INFO :: Stop experiment
2021-09-06 17:08:08,631 :: INFO :: Control node : stop of the experiment
2021-09-06 17:08:08,637 :: INFO :: Control node : profile configuration
2021-09-06 17:08:08,644 :: INFO :: Configure profile on Control Node
2021-09-06 17:08:08,712 :: INFO :: Control node : start power of open node
2021-09-06 17:08:08,752 :: INFO :: Node OpenOCD: teardown of openocd node
2021-09-06 17:08:11,788 :: INFO :: openocd node debugger stop
2021-09-06 17:08:12,472 :: INFO :: Node OpenOCD: flash of openocd node
2021-09-06 17:08:12,486 :: INFO :: Flash firmware on OpenOCD: /usr/lib/python2.7/site-packages/gateway_code/static/m3_idle.elf
2021-09-06 17:08:15,050 :: INFO :: Control node : Stop control node serial interface
2021-09-06 17:08:15,059 :: INFO :: Control node : stop power of open node
2021-09-06 17:08:15,152 :: INFO :: Control node : reset
2021-09-06 17:08:15,159 :: INFO :: Reset Control Node
2021-09-06 17:08:18,042 :: INFO :: Stop experiment succeeded
