2021-09-06 16:06:49,319 :: INFO :: Start experiment: luna-276381
2021-09-06 16:06:49,322 :: INFO :: Control node : Starting of control node serial interface
2021-09-06 16:06:49,325 :: INFO :: Control node : reset
2021-09-06 16:06:49,328 :: INFO :: Reset Control Node
2021-09-06 16:06:52,340 :: INFO :: Control node : start power of open node
2021-09-06 16:06:52,397 :: INFO :: Node OpenOCD: Setup of openocd node
2021-09-06 16:06:55,446 :: INFO :: Node OpenOCD: flash of openocd node
2021-09-06 16:06:55,461 :: INFO :: Flash firmware on OpenOCD: /tmp/tmpOmUEyI--9eca698c47b1367377dfc6ae1bda6964_unicast-sender-count-60T-20B.iotlab-m3
2021-09-06 16:07:02,357 :: INFO :: Control node : Start experiment
2021-09-06 16:07:02,391 :: INFO :: Control Node set time delay: 1679 us
2021-09-06 16:07:02,408 :: INFO :: Control node : profile configuration
2021-09-06 16:07:02,411 :: INFO :: Configure profile on Control Node
2021-09-06 16:07:02,456 :: INFO :: Start experiment succeeded
2021-09-06 17:08:08,601 :: INFO :: Gateway Manager : Stop experiment
2021-09-06 17:08:08,611 :: INFO :: Stop experiment
2021-09-06 17:08:08,619 :: INFO :: Control node : stop of the experiment
2021-09-06 17:08:08,627 :: INFO :: Control node : profile configuration
2021-09-06 17:08:08,634 :: INFO :: Configure profile on Control Node
2021-09-06 17:08:08,710 :: INFO :: Control node : start power of open node
2021-09-06 17:08:08,753 :: INFO :: Node OpenOCD: teardown of openocd node
2021-09-06 17:08:11,804 :: INFO :: openocd node debugger stop
2021-09-06 17:08:12,487 :: INFO :: Node OpenOCD: flash of openocd node
2021-09-06 17:08:12,494 :: INFO :: Flash firmware on OpenOCD: /usr/lib/python2.7/site-packages/gateway_code/static/m3_idle.elf
2021-09-06 17:08:15,000 :: INFO :: Control node : Stop control node serial interface
2021-09-06 17:08:15,009 :: INFO :: Control node : stop power of open node
2021-09-06 17:08:15,103 :: INFO :: Control node : reset
2021-09-06 17:08:15,110 :: INFO :: Reset Control Node
2021-09-06 17:08:17,998 :: INFO :: Stop experiment succeeded
