2021-09-06 16:06:49,333 :: INFO :: Start experiment: luna-276381
2021-09-06 16:06:49,337 :: INFO :: Control node : Starting of control node serial interface
2021-09-06 16:06:49,339 :: INFO :: Control node : reset
2021-09-06 16:06:49,342 :: INFO :: Reset Control Node
2021-09-06 16:06:52,294 :: INFO :: Control node : start power of open node
2021-09-06 16:06:52,350 :: INFO :: Node OpenOCD: Setup of openocd node
2021-09-06 16:06:55,392 :: INFO :: Node OpenOCD: flash of openocd node
2021-09-06 16:06:55,407 :: INFO :: Flash firmware on OpenOCD: /tmp/tmpO5v4XS--9eca698c47b1367377dfc6ae1bda6964_unicast-sender-count-60T-20B.iotlab-m3
2021-09-06 16:07:02,380 :: INFO :: Control node : Start experiment
2021-09-06 16:07:02,473 :: INFO :: Control Node set time delay: 1861 us
2021-09-06 16:07:02,481 :: INFO :: Control node : profile configuration
2021-09-06 16:07:02,485 :: INFO :: Configure profile on Control Node
2021-09-06 16:07:02,526 :: INFO :: Start experiment succeeded
2021-09-06 17:08:08,666 :: INFO :: Gateway Manager : Stop experiment
2021-09-06 17:08:08,676 :: INFO :: Stop experiment
2021-09-06 17:08:08,684 :: INFO :: Control node : stop of the experiment
2021-09-06 17:08:08,692 :: INFO :: Control node : profile configuration
2021-09-06 17:08:08,699 :: INFO :: Configure profile on Control Node
2021-09-06 17:08:08,778 :: INFO :: Control node : start power of open node
2021-09-06 17:08:08,821 :: INFO :: Node OpenOCD: teardown of openocd node
2021-09-06 17:08:11,868 :: INFO :: openocd node debugger stop
2021-09-06 17:08:12,556 :: INFO :: Node OpenOCD: flash of openocd node
2021-09-06 17:08:12,570 :: INFO :: Flash firmware on OpenOCD: /usr/lib/python2.7/site-packages/gateway_code/static/m3_idle.elf
2021-09-06 17:08:15,184 :: INFO :: Control node : Stop control node serial interface
2021-09-06 17:08:15,193 :: INFO :: Control node : stop power of open node
2021-09-06 17:08:15,285 :: INFO :: Control node : reset
2021-09-06 17:08:15,292 :: INFO :: Reset Control Node
2021-09-06 17:08:18,182 :: INFO :: Stop experiment succeeded
