2021-09-06 16:06:49,371 :: INFO :: Start experiment: luna-276381
2021-09-06 16:06:49,374 :: INFO :: Control node : Starting of control node serial interface
2021-09-06 16:06:49,377 :: INFO :: Control node : reset
2021-09-06 16:06:49,379 :: INFO :: Reset Control Node
2021-09-06 16:06:52,341 :: INFO :: Control node : start power of open node
2021-09-06 16:06:52,397 :: INFO :: Node OpenOCD: Setup of openocd node
2021-09-06 16:06:55,449 :: INFO :: Node OpenOCD: flash of openocd node
2021-09-06 16:06:55,463 :: INFO :: Flash firmware on OpenOCD: /tmp/tmp8__hnw--9eca698c47b1367377dfc6ae1bda6964_unicast-sender-count-60T-20B.iotlab-m3
2021-09-06 16:07:02,412 :: INFO :: Control node : Start experiment
2021-09-06 16:07:02,495 :: INFO :: Control Node set time delay: 2441 us
2021-09-06 16:07:02,528 :: INFO :: Control node : profile configuration
2021-09-06 16:07:02,535 :: INFO :: Configure profile on Control Node
2021-09-06 16:07:02,614 :: INFO :: Start experiment succeeded
2021-09-06 17:08:08,641 :: INFO :: Gateway Manager : Stop experiment
2021-09-06 17:08:08,649 :: INFO :: Stop experiment
2021-09-06 17:08:08,657 :: INFO :: Control node : stop of the experiment
2021-09-06 17:08:08,664 :: INFO :: Control node : profile configuration
2021-09-06 17:08:08,671 :: INFO :: Configure profile on Control Node
2021-09-06 17:08:08,742 :: INFO :: Control node : start power of open node
2021-09-06 17:08:08,786 :: INFO :: Node OpenOCD: teardown of openocd node
2021-09-06 17:08:11,823 :: INFO :: openocd node debugger stop
2021-09-06 17:08:12,510 :: INFO :: Node OpenOCD: flash of openocd node
2021-09-06 17:08:12,524 :: INFO :: Flash firmware on OpenOCD: /usr/lib/python2.7/site-packages/gateway_code/static/m3_idle.elf
2021-09-06 17:08:15,090 :: INFO :: Control node : Stop control node serial interface
2021-09-06 17:08:15,099 :: INFO :: Control node : stop power of open node
2021-09-06 17:08:15,198 :: INFO :: Control node : reset
2021-09-06 17:08:15,205 :: INFO :: Reset Control Node
2021-09-06 17:08:18,089 :: INFO :: Stop experiment succeeded
