2021-09-06 16:06:49,356 :: INFO :: Start experiment: luna-276381
2021-09-06 16:06:49,359 :: INFO :: Control node : Starting of control node serial interface
2021-09-06 16:06:49,362 :: INFO :: Control node : reset
2021-09-06 16:06:49,365 :: INFO :: Reset Control Node
2021-09-06 16:06:52,383 :: INFO :: Control node : start power of open node
2021-09-06 16:06:52,440 :: INFO :: Node OpenOCD: Setup of openocd node
2021-09-06 16:06:55,491 :: INFO :: Node OpenOCD: flash of openocd node
2021-09-06 16:06:55,505 :: INFO :: Flash firmware on OpenOCD: /tmp/tmp4W57dD--9eca698c47b1367377dfc6ae1bda6964_unicast-sender-count-60T-20B.iotlab-m3
2021-09-06 16:07:02,462 :: INFO :: Control node : Start experiment
2021-09-06 16:07:02,509 :: INFO :: Control Node set time delay: 1526 us
2021-09-06 16:07:02,541 :: INFO :: Control node : profile configuration
2021-09-06 16:07:02,547 :: INFO :: Configure profile on Control Node
2021-09-06 16:07:02,626 :: INFO :: Start experiment succeeded
2021-09-06 17:08:08,645 :: INFO :: Gateway Manager : Stop experiment
2021-09-06 17:08:08,655 :: INFO :: Stop experiment
2021-09-06 17:08:08,663 :: INFO :: Control node : stop of the experiment
2021-09-06 17:08:08,670 :: INFO :: Control node : profile configuration
2021-09-06 17:08:08,680 :: INFO :: Configure profile on Control Node
2021-09-06 17:08:08,754 :: INFO :: Control node : start power of open node
2021-09-06 17:08:08,797 :: INFO :: Node OpenOCD: teardown of openocd node
2021-09-06 17:08:11,837 :: INFO :: openocd node debugger stop
2021-09-06 17:08:12,519 :: INFO :: Node OpenOCD: flash of openocd node
2021-09-06 17:08:12,526 :: INFO :: Flash firmware on OpenOCD: /usr/lib/python2.7/site-packages/gateway_code/static/m3_idle.elf
2021-09-06 17:08:14,979 :: INFO :: Control node : Stop control node serial interface
2021-09-06 17:08:14,988 :: INFO :: Control node : stop power of open node
2021-09-06 17:08:15,080 :: INFO :: Control node : reset
2021-09-06 17:08:15,087 :: INFO :: Reset Control Node
2021-09-06 17:08:17,928 :: INFO :: Stop experiment succeeded
