2021-09-06 02:54:12,746 :: INFO :: Start experiment: luna-276369
2021-09-06 02:54:12,749 :: INFO :: Control node : Starting of control node serial interface
2021-09-06 02:54:12,752 :: INFO :: Control node : reset
2021-09-06 02:54:12,755 :: INFO :: Reset Control Node
2021-09-06 02:54:15,711 :: INFO :: Control node : start power of open node
2021-09-06 02:54:15,767 :: INFO :: Node OpenOCD: Setup of openocd node
2021-09-06 02:54:18,813 :: INFO :: Node OpenOCD: flash of openocd node
2021-09-06 02:54:18,827 :: INFO :: Flash firmware on OpenOCD: /tmp/tmpEBQyjC--11b39be0afbe655a47f82e084cf5704d_unicast-sender-count-60T-191B.iotlab-m3
2021-09-06 02:54:25,842 :: INFO :: Control node : Start experiment
2021-09-06 02:54:25,895 :: INFO :: Control Node set time delay: 1160 us
2021-09-06 02:54:25,914 :: INFO :: Control node : profile configuration
2021-09-06 02:54:25,917 :: INFO :: Configure profile on Control Node
2021-09-06 02:54:25,959 :: INFO :: Start experiment succeeded
2021-09-06 03:54:31,843 :: INFO :: Gateway Manager : Stop experiment
2021-09-06 03:54:31,853 :: INFO :: Stop experiment
2021-09-06 03:54:31,861 :: INFO :: Control node : stop of the experiment
2021-09-06 03:54:31,868 :: INFO :: Control node : profile configuration
2021-09-06 03:54:31,875 :: INFO :: Configure profile on Control Node
2021-09-06 03:54:31,950 :: INFO :: Control node : start power of open node
2021-09-06 03:54:31,995 :: INFO :: Node OpenOCD: teardown of openocd node
2021-09-06 03:54:35,032 :: INFO :: openocd node debugger stop
2021-09-06 03:54:35,717 :: INFO :: Node OpenOCD: flash of openocd node
2021-09-06 03:54:35,732 :: INFO :: Flash firmware on OpenOCD: /usr/lib/python2.7/site-packages/gateway_code/static/m3_idle.elf
2021-09-06 03:54:38,302 :: INFO :: Control node : Stop control node serial interface
2021-09-06 03:54:38,311 :: INFO :: Control node : stop power of open node
2021-09-06 03:54:38,417 :: INFO :: Control node : reset
2021-09-06 03:54:38,424 :: INFO :: Reset Control Node
2021-09-06 03:54:41,309 :: INFO :: Stop experiment succeeded
