2021-09-06 02:54:12,654 :: INFO :: Start experiment: luna-276369
2021-09-06 02:54:12,658 :: INFO :: Control node : Starting of control node serial interface
2021-09-06 02:54:12,660 :: INFO :: Control node : reset
2021-09-06 02:54:12,663 :: INFO :: Reset Control Node
2021-09-06 02:54:15,619 :: INFO :: Control node : start power of open node
2021-09-06 02:54:15,673 :: INFO :: Node OpenOCD: Setup of openocd node
2021-09-06 02:54:18,715 :: INFO :: Node OpenOCD: flash of openocd node
2021-09-06 02:54:18,731 :: INFO :: Flash firmware on OpenOCD: /tmp/tmpHsXDsn--11b39be0afbe655a47f82e084cf5704d_unicast-sender-count-60T-191B.iotlab-m3
2021-09-06 02:54:25,681 :: INFO :: Control node : Start experiment
2021-09-06 02:54:25,756 :: INFO :: Control Node set time delay: 1495 us
2021-09-06 02:54:25,788 :: INFO :: Control node : profile configuration
2021-09-06 02:54:25,795 :: INFO :: Configure profile on Control Node
2021-09-06 02:54:25,875 :: INFO :: Start experiment succeeded
2021-09-06 03:54:31,856 :: INFO :: Gateway Manager : Stop experiment
2021-09-06 03:54:31,877 :: INFO :: Stop experiment
2021-09-06 03:54:31,901 :: INFO :: Control node : stop of the experiment
2021-09-06 03:54:31,918 :: INFO :: Control node : profile configuration
2021-09-06 03:54:31,934 :: INFO :: Configure profile on Control Node
2021-09-06 03:54:32,086 :: INFO :: Control node : start power of open node
2021-09-06 03:54:32,107 :: INFO :: Node OpenOCD: teardown of openocd node
2021-09-06 03:54:35,139 :: INFO :: openocd node debugger stop
2021-09-06 03:54:35,824 :: INFO :: Node OpenOCD: flash of openocd node
2021-09-06 03:54:35,840 :: INFO :: Flash firmware on OpenOCD: /usr/lib/python2.7/site-packages/gateway_code/static/m3_idle.elf
2021-09-06 03:54:38,408 :: INFO :: Control node : Stop control node serial interface
2021-09-06 03:54:38,416 :: INFO :: Control node : stop power of open node
2021-09-06 03:54:38,514 :: INFO :: Control node : reset
2021-09-06 03:54:38,520 :: INFO :: Reset Control Node
2021-09-06 03:54:41,409 :: INFO :: Stop experiment succeeded
