2021-09-06 02:54:12,699 :: INFO :: Start experiment: luna-276369
2021-09-06 02:54:12,703 :: INFO :: Control node : Starting of control node serial interface
2021-09-06 02:54:12,706 :: INFO :: Control node : reset
2021-09-06 02:54:12,708 :: INFO :: Reset Control Node
2021-09-06 02:54:15,616 :: INFO :: Control node : start power of open node
2021-09-06 02:54:15,672 :: INFO :: Node OpenOCD: Setup of openocd node
2021-09-06 02:54:18,713 :: INFO :: Node OpenOCD: flash of openocd node
2021-09-06 02:54:18,731 :: INFO :: Flash firmware on OpenOCD: /tmp/tmpEly7hO--11b39be0afbe655a47f82e084cf5704d_unicast-sender-count-60T-191B.iotlab-m3
2021-09-06 02:54:25,683 :: INFO :: Control node : Start experiment
2021-09-06 02:54:25,741 :: INFO :: Control Node set time delay: 1129 us
2021-09-06 02:54:25,760 :: INFO :: Control node : profile configuration
2021-09-06 02:54:25,764 :: INFO :: Configure profile on Control Node
2021-09-06 02:54:25,806 :: INFO :: Start experiment succeeded
2021-09-06 03:54:31,864 :: INFO :: Gateway Manager : Stop experiment
2021-09-06 03:54:31,883 :: INFO :: Stop experiment
2021-09-06 03:54:31,903 :: INFO :: Control node : stop of the experiment
2021-09-06 03:54:31,918 :: INFO :: Control node : profile configuration
2021-09-06 03:54:31,935 :: INFO :: Configure profile on Control Node
2021-09-06 03:54:31,981 :: INFO :: Control node : start power of open node
2021-09-06 03:54:32,005 :: INFO :: Node OpenOCD: teardown of openocd node
2021-09-06 03:54:35,039 :: INFO :: openocd node debugger stop
2021-09-06 03:54:35,725 :: INFO :: Node OpenOCD: flash of openocd node
2021-09-06 03:54:35,732 :: INFO :: Flash firmware on OpenOCD: /usr/lib/python2.7/site-packages/gateway_code/static/m3_idle.elf
2021-09-06 03:54:38,241 :: INFO :: Control node : Stop control node serial interface
2021-09-06 03:54:38,250 :: INFO :: Control node : stop power of open node
2021-09-06 03:54:38,355 :: INFO :: Control node : reset
2021-09-06 03:54:38,362 :: INFO :: Reset Control Node
2021-09-06 03:54:41,200 :: INFO :: Stop experiment succeeded
