2021-09-06 02:54:12,742 :: INFO :: Start experiment: luna-276369
2021-09-06 02:54:12,746 :: INFO :: Control node : Starting of control node serial interface
2021-09-06 02:54:12,749 :: INFO :: Control node : reset
2021-09-06 02:54:12,751 :: INFO :: Reset Control Node
2021-09-06 02:54:15,707 :: INFO :: Control node : start power of open node
2021-09-06 02:54:15,762 :: INFO :: Node OpenOCD: Setup of openocd node
2021-09-06 02:54:18,805 :: INFO :: Node OpenOCD: flash of openocd node
2021-09-06 02:54:18,820 :: INFO :: Flash firmware on OpenOCD: /tmp/tmpv1He9Y--11b39be0afbe655a47f82e084cf5704d_unicast-sender-count-60T-191B.iotlab-m3
2021-09-06 02:54:25,699 :: INFO :: Control node : Start experiment
2021-09-06 02:54:25,768 :: INFO :: Control Node set time delay: 1709 us
2021-09-06 02:54:25,800 :: INFO :: Control node : profile configuration
2021-09-06 02:54:25,807 :: INFO :: Configure profile on Control Node
2021-09-06 02:54:25,887 :: INFO :: Start experiment succeeded
2021-09-06 03:54:31,834 :: INFO :: Gateway Manager : Stop experiment
2021-09-06 03:54:31,843 :: INFO :: Stop experiment
2021-09-06 03:54:31,851 :: INFO :: Control node : stop of the experiment
2021-09-06 03:54:31,857 :: INFO :: Control node : profile configuration
2021-09-06 03:54:31,867 :: INFO :: Configure profile on Control Node
2021-09-06 03:54:31,934 :: INFO :: Control node : start power of open node
2021-09-06 03:54:31,977 :: INFO :: Node OpenOCD: teardown of openocd node
2021-09-06 03:54:35,025 :: INFO :: openocd node debugger stop
2021-09-06 03:54:35,718 :: INFO :: Node OpenOCD: flash of openocd node
2021-09-06 03:54:35,733 :: INFO :: Flash firmware on OpenOCD: /usr/lib/python2.7/site-packages/gateway_code/static/m3_idle.elf
2021-09-06 03:54:38,302 :: INFO :: Control node : Stop control node serial interface
2021-09-06 03:54:38,311 :: INFO :: Control node : stop power of open node
2021-09-06 03:54:38,411 :: INFO :: Control node : reset
2021-09-06 03:54:38,418 :: INFO :: Reset Control Node
2021-09-06 03:54:41,307 :: INFO :: Stop experiment succeeded
