2021-09-06 02:54:12,713 :: INFO :: Start experiment: luna-276369
2021-09-06 02:54:12,716 :: INFO :: Control node : Starting of control node serial interface
2021-09-06 02:54:12,719 :: INFO :: Control node : reset
2021-09-06 02:54:12,722 :: INFO :: Reset Control Node
2021-09-06 02:54:15,671 :: INFO :: Control node : start power of open node
2021-09-06 02:54:15,726 :: INFO :: Node OpenOCD: Setup of openocd node
2021-09-06 02:54:18,774 :: INFO :: Node OpenOCD: flash of openocd node
2021-09-06 02:54:18,792 :: INFO :: Flash firmware on OpenOCD: /tmp/tmpOtT5ZC--11b39be0afbe655a47f82e084cf5704d_unicast-sender-count-60T-191B.iotlab-m3
2021-09-06 02:54:25,628 :: INFO :: Control node : Start experiment
2021-09-06 02:54:25,701 :: INFO :: Control Node set time delay: 1373 us
2021-09-06 02:54:25,726 :: INFO :: Control node : profile configuration
2021-09-06 02:54:25,733 :: INFO :: Configure profile on Control Node
2021-09-06 02:54:25,813 :: INFO :: Start experiment succeeded
2021-09-06 03:54:31,836 :: INFO :: Gateway Manager : Stop experiment
2021-09-06 03:54:31,847 :: INFO :: Stop experiment
2021-09-06 03:54:31,855 :: INFO :: Control node : stop of the experiment
2021-09-06 03:54:31,863 :: INFO :: Control node : profile configuration
2021-09-06 03:54:31,870 :: INFO :: Configure profile on Control Node
2021-09-06 03:54:31,948 :: INFO :: Control node : start power of open node
2021-09-06 03:54:31,991 :: INFO :: Node OpenOCD: teardown of openocd node
2021-09-06 03:54:35,028 :: INFO :: openocd node debugger stop
2021-09-06 03:54:35,676 :: INFO :: Node OpenOCD: flash of openocd node
2021-09-06 03:54:35,683 :: INFO :: Flash firmware on OpenOCD: /usr/lib/python2.7/site-packages/gateway_code/static/m3_idle.elf
2021-09-06 03:54:38,243 :: INFO :: Control node : Stop control node serial interface
2021-09-06 03:54:38,251 :: INFO :: Control node : stop power of open node
2021-09-06 03:54:38,354 :: INFO :: Control node : reset
2021-09-06 03:54:38,361 :: INFO :: Reset Control Node
2021-09-06 03:54:41,247 :: INFO :: Stop experiment succeeded
