2021-09-06 02:54:12,733 :: INFO :: Start experiment: luna-276369
2021-09-06 02:54:12,737 :: INFO :: Control node : Starting of control node serial interface
2021-09-06 02:54:12,740 :: INFO :: Control node : reset
2021-09-06 02:54:12,742 :: INFO :: Reset Control Node
2021-09-06 02:54:15,701 :: INFO :: Control node : start power of open node
2021-09-06 02:54:15,756 :: INFO :: Node OpenOCD: Setup of openocd node
2021-09-06 02:54:18,800 :: INFO :: Node OpenOCD: flash of openocd node
2021-09-06 02:54:18,814 :: INFO :: Flash firmware on OpenOCD: /tmp/tmpki6U0b--11b39be0afbe655a47f82e084cf5704d_unicast-sender-count-60T-191B.iotlab-m3
2021-09-06 02:54:25,763 :: INFO :: Control node : Start experiment
2021-09-06 02:54:25,822 :: INFO :: Control Node set time delay: 1129 us
2021-09-06 02:54:25,854 :: INFO :: Control node : profile configuration
2021-09-06 02:54:25,861 :: INFO :: Configure profile on Control Node
2021-09-06 02:54:25,941 :: INFO :: Start experiment succeeded
2021-09-06 03:54:31,836 :: INFO :: Gateway Manager : Stop experiment
2021-09-06 03:54:31,845 :: INFO :: Stop experiment
2021-09-06 03:54:31,854 :: INFO :: Control node : stop of the experiment
2021-09-06 03:54:31,861 :: INFO :: Control node : profile configuration
2021-09-06 03:54:31,871 :: INFO :: Configure profile on Control Node
2021-09-06 03:54:31,943 :: INFO :: Control node : start power of open node
2021-09-06 03:54:31,986 :: INFO :: Node OpenOCD: teardown of openocd node
2021-09-06 03:54:35,020 :: INFO :: openocd node debugger stop
2021-09-06 03:54:35,687 :: INFO :: Node OpenOCD: flash of openocd node
2021-09-06 03:54:35,694 :: INFO :: Flash firmware on OpenOCD: /usr/lib/python2.7/site-packages/gateway_code/static/m3_idle.elf
2021-09-06 03:54:38,150 :: INFO :: Control node : Stop control node serial interface
2021-09-06 03:54:38,159 :: INFO :: Control node : stop power of open node
2021-09-06 03:54:38,258 :: INFO :: Control node : reset
2021-09-06 03:54:38,264 :: INFO :: Reset Control Node
2021-09-06 03:54:41,156 :: INFO :: Stop experiment succeeded
