2021-09-05 05:25:07,111 :: INFO :: Start experiment: luna-276348
2021-09-05 05:25:07,115 :: INFO :: Control node : Starting of control node serial interface
2021-09-05 05:25:07,118 :: INFO :: Control node : reset
2021-09-05 05:25:07,120 :: INFO :: Reset Control Node
2021-09-05 05:25:10,081 :: INFO :: Control node : start power of open node
2021-09-05 05:25:10,138 :: INFO :: Node OpenOCD: Setup of openocd node
2021-09-05 05:25:13,189 :: INFO :: Node OpenOCD: flash of openocd node
2021-09-05 05:25:13,204 :: INFO :: Flash firmware on OpenOCD: /tmp/tmpEq7ZYh--c646a7bd7eca22cfbffed9b70d2e0c90_unicast-sender-count-60T-100B.iotlab-m3
2021-09-05 05:25:20,158 :: INFO :: Control node : Start experiment
2021-09-05 05:25:20,208 :: INFO :: Control Node set time delay: 1709 us
2021-09-05 05:25:20,240 :: INFO :: Control node : profile configuration
2021-09-05 05:25:20,247 :: INFO :: Configure profile on Control Node
2021-09-05 05:25:20,309 :: INFO :: Start experiment succeeded
2021-09-05 06:26:26,137 :: INFO :: Gateway Manager : Stop experiment
2021-09-05 06:26:26,147 :: INFO :: Stop experiment
2021-09-05 06:26:26,155 :: INFO :: Control node : stop of the experiment
2021-09-05 06:26:26,166 :: INFO :: Control node : profile configuration
2021-09-05 06:26:26,173 :: INFO :: Configure profile on Control Node
2021-09-05 06:26:26,247 :: INFO :: Control node : start power of open node
2021-09-05 06:26:26,291 :: INFO :: Node OpenOCD: teardown of openocd node
2021-09-05 06:26:29,353 :: INFO :: openocd node debugger stop
2021-09-05 06:26:30,036 :: INFO :: Node OpenOCD: flash of openocd node
2021-09-05 06:26:30,051 :: INFO :: Flash firmware on OpenOCD: /usr/lib/python2.7/site-packages/gateway_code/static/m3_idle.elf
2021-09-05 06:26:32,618 :: INFO :: Control node : Stop control node serial interface
2021-09-05 06:26:32,623 :: INFO :: Control node : stop power of open node
2021-09-05 06:26:32,685 :: INFO :: Control node : reset
2021-09-05 06:26:32,692 :: INFO :: Reset Control Node
2021-09-05 06:26:35,629 :: INFO :: Stop experiment succeeded
