2021-09-05 05:25:07,103 :: INFO :: Start experiment: luna-276348
2021-09-05 05:25:07,106 :: INFO :: Control node : Starting of control node serial interface
2021-09-05 05:25:07,109 :: INFO :: Control node : reset
2021-09-05 05:25:07,112 :: INFO :: Reset Control Node
2021-09-05 05:25:10,068 :: INFO :: Control node : start power of open node
2021-09-05 05:25:10,125 :: INFO :: Node OpenOCD: Setup of openocd node
2021-09-05 05:25:13,173 :: INFO :: Node OpenOCD: flash of openocd node
2021-09-05 05:25:13,188 :: INFO :: Flash firmware on OpenOCD: /tmp/tmpwJm76L--c646a7bd7eca22cfbffed9b70d2e0c90_unicast-sender-count-60T-100B.iotlab-m3
2021-09-05 05:25:20,149 :: INFO :: Control node : Start experiment
2021-09-05 05:25:20,206 :: INFO :: Control Node set time delay: 1190 us
2021-09-05 05:25:20,224 :: INFO :: Control node : profile configuration
2021-09-05 05:25:20,228 :: INFO :: Configure profile on Control Node
2021-09-05 05:25:20,270 :: INFO :: Start experiment succeeded
2021-09-05 06:26:26,184 :: INFO :: Gateway Manager : Stop experiment
2021-09-05 06:26:26,195 :: INFO :: Stop experiment
2021-09-05 06:26:26,204 :: INFO :: Control node : stop of the experiment
2021-09-05 06:26:26,214 :: INFO :: Control node : profile configuration
2021-09-05 06:26:26,222 :: INFO :: Configure profile on Control Node
2021-09-05 06:26:26,296 :: INFO :: Control node : start power of open node
2021-09-05 06:26:26,341 :: INFO :: Node OpenOCD: teardown of openocd node
2021-09-05 06:26:29,398 :: INFO :: openocd node debugger stop
2021-09-05 06:26:30,086 :: INFO :: Node OpenOCD: flash of openocd node
2021-09-05 06:26:30,100 :: INFO :: Flash firmware on OpenOCD: /usr/lib/python2.7/site-packages/gateway_code/static/m3_idle.elf
2021-09-05 06:26:32,582 :: INFO :: Control node : Stop control node serial interface
2021-09-05 06:26:32,591 :: INFO :: Control node : stop power of open node
2021-09-05 06:26:32,702 :: INFO :: Control node : reset
2021-09-05 06:26:32,710 :: INFO :: Reset Control Node
2021-09-05 06:26:35,597 :: INFO :: Stop experiment succeeded
