2021-09-05 05:25:07,096 :: INFO :: Start experiment: luna-276348
2021-09-05 05:25:07,099 :: INFO :: Control node : Starting of control node serial interface
2021-09-05 05:25:07,102 :: INFO :: Control node : reset
2021-09-05 05:25:07,105 :: INFO :: Reset Control Node
2021-09-05 05:25:10,058 :: INFO :: Control node : start power of open node
2021-09-05 05:25:10,114 :: INFO :: Node OpenOCD: Setup of openocd node
2021-09-05 05:25:13,160 :: INFO :: Node OpenOCD: flash of openocd node
2021-09-05 05:25:13,176 :: INFO :: Flash firmware on OpenOCD: /tmp/tmp5YxgYj--ddd0625ff8382e7208c25657471d6a4a_unicast-receiver-count.iotlab-m3
2021-09-05 05:25:19,820 :: INFO :: Control node : Start experiment
2021-09-05 05:25:19,870 :: INFO :: Control Node set time delay: 1159 us
2021-09-05 05:25:19,899 :: INFO :: Control node : profile configuration
2021-09-05 05:25:19,902 :: INFO :: Configure profile on Control Node
2021-09-05 05:25:19,944 :: INFO :: Start experiment succeeded
2021-09-05 06:26:26,130 :: INFO :: Gateway Manager : Stop experiment
2021-09-05 06:26:26,140 :: INFO :: Stop experiment
2021-09-05 06:26:26,148 :: INFO :: Control node : stop of the experiment
2021-09-05 06:26:26,159 :: INFO :: Control node : profile configuration
2021-09-05 06:26:26,167 :: INFO :: Configure profile on Control Node
2021-09-05 06:26:26,241 :: INFO :: Control node : start power of open node
2021-09-05 06:26:26,286 :: INFO :: Node OpenOCD: teardown of openocd node
2021-09-05 06:26:29,326 :: INFO :: openocd node debugger stop
2021-09-05 06:26:29,986 :: INFO :: Node OpenOCD: flash of openocd node
2021-09-05 06:26:29,993 :: INFO :: Flash firmware on OpenOCD: /usr/lib/python2.7/site-packages/gateway_code/static/m3_idle.elf
2021-09-05 06:26:32,497 :: INFO :: Control node : Stop control node serial interface
2021-09-05 06:26:32,506 :: INFO :: Control node : stop power of open node
2021-09-05 06:26:32,595 :: INFO :: Control node : reset
2021-09-05 06:26:32,602 :: INFO :: Reset Control Node
2021-09-05 06:26:35,492 :: INFO :: Stop experiment succeeded
