2021-09-05 05:25:07,139 :: INFO :: Start experiment: luna-276348
2021-09-05 05:25:07,143 :: INFO :: Control node : Starting of control node serial interface
2021-09-05 05:25:07,145 :: INFO :: Control node : reset
2021-09-05 05:25:07,148 :: INFO :: Reset Control Node
2021-09-05 05:25:10,071 :: INFO :: Control node : start power of open node
2021-09-05 05:25:10,099 :: INFO :: Node OpenOCD: Setup of openocd node
2021-09-05 05:25:13,136 :: INFO :: Node OpenOCD: flash of openocd node
2021-09-05 05:25:13,154 :: INFO :: Flash firmware on OpenOCD: /tmp/tmpBcmh0a--c646a7bd7eca22cfbffed9b70d2e0c90_unicast-sender-count-60T-100B.iotlab-m3
2021-09-05 05:25:20,158 :: INFO :: Control node : Start experiment
2021-09-05 05:25:20,209 :: INFO :: Control Node set time delay: 1923 us
2021-09-05 05:25:20,238 :: INFO :: Control node : profile configuration
2021-09-05 05:25:20,242 :: INFO :: Configure profile on Control Node
2021-09-05 05:25:20,284 :: INFO :: Start experiment succeeded
2021-09-05 06:26:26,175 :: INFO :: Gateway Manager : Stop experiment
2021-09-05 06:26:26,194 :: INFO :: Stop experiment
2021-09-05 06:26:26,211 :: INFO :: Control node : stop of the experiment
2021-09-05 06:26:26,232 :: INFO :: Control node : profile configuration
2021-09-05 06:26:26,249 :: INFO :: Configure profile on Control Node
2021-09-05 06:26:26,338 :: INFO :: Control node : start power of open node
2021-09-05 06:26:26,362 :: INFO :: Node OpenOCD: teardown of openocd node
2021-09-05 06:26:29,397 :: INFO :: openocd node debugger stop
2021-09-05 06:26:29,966 :: INFO :: Node OpenOCD: flash of openocd node
2021-09-05 06:26:29,973 :: INFO :: Flash firmware on OpenOCD: /usr/lib/python2.7/site-packages/gateway_code/static/m3_idle.elf
2021-09-05 06:26:32,481 :: INFO :: Control node : Stop control node serial interface
2021-09-05 06:26:32,490 :: INFO :: Control node : stop power of open node
2021-09-05 06:26:32,582 :: INFO :: Control node : reset
2021-09-05 06:26:32,589 :: INFO :: Reset Control Node
2021-09-05 06:26:35,429 :: INFO :: Stop experiment succeeded
