2021-09-05 05:25:07,124 :: INFO :: Start experiment: luna-276348
2021-09-05 05:25:07,127 :: INFO :: Control node : Starting of control node serial interface
2021-09-05 05:25:07,130 :: INFO :: Control node : reset
2021-09-05 05:25:07,133 :: INFO :: Reset Control Node
2021-09-05 05:25:10,088 :: INFO :: Control node : start power of open node
2021-09-05 05:25:10,143 :: INFO :: Node OpenOCD: Setup of openocd node
2021-09-05 05:25:13,184 :: INFO :: Node OpenOCD: flash of openocd node
2021-09-05 05:25:13,199 :: INFO :: Flash firmware on OpenOCD: /tmp/tmpxFPGzT--c646a7bd7eca22cfbffed9b70d2e0c90_unicast-sender-count-60T-100B.iotlab-m3
2021-09-05 05:25:20,144 :: INFO :: Control node : Start experiment
2021-09-05 05:25:20,217 :: INFO :: Control Node set time delay: 1861 us
2021-09-05 05:25:20,238 :: INFO :: Control node : profile configuration
2021-09-05 05:25:20,245 :: INFO :: Configure profile on Control Node
2021-09-05 05:25:20,324 :: INFO :: Start experiment succeeded
2021-09-05 06:26:26,132 :: INFO :: Gateway Manager : Stop experiment
2021-09-05 06:26:26,140 :: INFO :: Stop experiment
2021-09-05 06:26:26,149 :: INFO :: Control node : stop of the experiment
2021-09-05 06:26:26,156 :: INFO :: Control node : profile configuration
2021-09-05 06:26:26,163 :: INFO :: Configure profile on Control Node
2021-09-05 06:26:26,238 :: INFO :: Control node : start power of open node
2021-09-05 06:26:26,282 :: INFO :: Node OpenOCD: teardown of openocd node
2021-09-05 06:26:29,349 :: INFO :: openocd node debugger stop
2021-09-05 06:26:30,040 :: INFO :: Node OpenOCD: flash of openocd node
2021-09-05 06:26:30,054 :: INFO :: Flash firmware on OpenOCD: /usr/lib/python2.7/site-packages/gateway_code/static/m3_idle.elf
2021-09-05 06:26:32,590 :: INFO :: Control node : Stop control node serial interface
2021-09-05 06:26:32,594 :: INFO :: Control node : stop power of open node
2021-09-05 06:26:32,642 :: INFO :: Control node : reset
2021-09-05 06:26:32,646 :: INFO :: Reset Control Node
2021-09-05 06:26:35,562 :: INFO :: Stop experiment succeeded
