2021-09-05 05:25:07,131 :: INFO :: Start experiment: luna-276348
2021-09-05 05:25:07,135 :: INFO :: Control node : Starting of control node serial interface
2021-09-05 05:25:07,138 :: INFO :: Control node : reset
2021-09-05 05:25:07,140 :: INFO :: Reset Control Node
2021-09-05 05:25:10,032 :: INFO :: Control node : start power of open node
2021-09-05 05:25:10,060 :: INFO :: Node OpenOCD: Setup of openocd node
2021-09-05 05:25:13,094 :: INFO :: Node OpenOCD: flash of openocd node
2021-09-05 05:25:13,112 :: INFO :: Flash firmware on OpenOCD: /tmp/tmpztGaek--c646a7bd7eca22cfbffed9b70d2e0c90_unicast-sender-count-60T-100B.iotlab-m3
2021-09-05 05:25:20,058 :: INFO :: Control node : Start experiment
2021-09-05 05:25:20,156 :: INFO :: Control Node set time delay: 1160 us
2021-09-05 05:25:20,172 :: INFO :: Control node : profile configuration
2021-09-05 05:25:20,179 :: INFO :: Configure profile on Control Node
2021-09-05 05:25:20,258 :: INFO :: Start experiment succeeded
2021-09-05 06:26:26,147 :: INFO :: Gateway Manager : Stop experiment
2021-09-05 06:26:26,156 :: INFO :: Stop experiment
2021-09-05 06:26:26,164 :: INFO :: Control node : stop of the experiment
2021-09-05 06:26:26,171 :: INFO :: Control node : profile configuration
2021-09-05 06:26:26,177 :: INFO :: Configure profile on Control Node
2021-09-05 06:26:26,249 :: INFO :: Control node : start power of open node
2021-09-05 06:26:26,291 :: INFO :: Node OpenOCD: teardown of openocd node
2021-09-05 06:26:29,367 :: INFO :: openocd node debugger stop
2021-09-05 06:26:30,049 :: INFO :: Node OpenOCD: flash of openocd node
2021-09-05 06:26:30,057 :: INFO :: Flash firmware on OpenOCD: /usr/lib/python2.7/site-packages/gateway_code/static/m3_idle.elf
2021-09-05 06:26:32,627 :: INFO :: Control node : Stop control node serial interface
2021-09-05 06:26:32,631 :: INFO :: Control node : stop power of open node
2021-09-05 06:26:32,688 :: INFO :: Control node : reset
2021-09-05 06:26:32,692 :: INFO :: Reset Control Node
2021-09-05 06:26:35,623 :: INFO :: Stop experiment succeeded
