2021-09-05 05:25:07,146 :: INFO :: Start experiment: luna-276348
2021-09-05 05:25:07,150 :: INFO :: Control node : Starting of control node serial interface
2021-09-05 05:25:07,152 :: INFO :: Control node : reset
2021-09-05 05:25:07,155 :: INFO :: Reset Control Node
2021-09-05 05:25:10,105 :: INFO :: Control node : start power of open node
2021-09-05 05:25:10,158 :: INFO :: Node OpenOCD: Setup of openocd node
2021-09-05 05:25:13,200 :: INFO :: Node OpenOCD: flash of openocd node
2021-09-05 05:25:13,215 :: INFO :: Flash firmware on OpenOCD: /tmp/tmprQE35t--c646a7bd7eca22cfbffed9b70d2e0c90_unicast-sender-count-60T-100B.iotlab-m3
2021-09-05 05:25:20,103 :: INFO :: Control node : Start experiment
2021-09-05 05:25:20,154 :: INFO :: Control Node set time delay: 1007 us
2021-09-05 05:25:20,186 :: INFO :: Control node : profile configuration
2021-09-05 05:25:20,194 :: INFO :: Configure profile on Control Node
2021-09-05 05:25:20,272 :: INFO :: Start experiment succeeded
2021-09-05 06:26:26,140 :: INFO :: Gateway Manager : Stop experiment
2021-09-05 06:26:26,149 :: INFO :: Stop experiment
2021-09-05 06:26:26,158 :: INFO :: Control node : stop of the experiment
2021-09-05 06:26:26,165 :: INFO :: Control node : profile configuration
2021-09-05 06:26:26,176 :: INFO :: Configure profile on Control Node
2021-09-05 06:26:26,248 :: INFO :: Control node : start power of open node
2021-09-05 06:26:26,293 :: INFO :: Node OpenOCD: teardown of openocd node
2021-09-05 06:26:29,352 :: INFO :: openocd node debugger stop
2021-09-05 06:26:30,034 :: INFO :: Node OpenOCD: flash of openocd node
2021-09-05 06:26:30,049 :: INFO :: Flash firmware on OpenOCD: /usr/lib/python2.7/site-packages/gateway_code/static/m3_idle.elf
2021-09-05 06:26:32,611 :: INFO :: Control node : Stop control node serial interface
2021-09-05 06:26:32,620 :: INFO :: Control node : stop power of open node
2021-09-05 06:26:32,711 :: INFO :: Control node : reset
2021-09-05 06:26:32,718 :: INFO :: Reset Control Node
2021-09-05 06:26:35,601 :: INFO :: Stop experiment succeeded
