2021-09-05 05:25:07,153 :: INFO :: Start experiment: luna-276348
2021-09-05 05:25:07,156 :: INFO :: Control node : Starting of control node serial interface
2021-09-05 05:25:07,159 :: INFO :: Control node : reset
2021-09-05 05:25:07,161 :: INFO :: Reset Control Node
2021-09-05 05:25:10,112 :: INFO :: Control node : start power of open node
2021-09-05 05:25:10,166 :: INFO :: Node OpenOCD: Setup of openocd node
2021-09-05 05:25:13,217 :: INFO :: Node OpenOCD: flash of openocd node
2021-09-05 05:25:13,232 :: INFO :: Flash firmware on OpenOCD: /tmp/tmpvWiN0X--c646a7bd7eca22cfbffed9b70d2e0c90_unicast-sender-count-60T-100B.iotlab-m3
2021-09-05 05:25:20,128 :: INFO :: Control node : Start experiment
2021-09-05 05:25:20,162 :: INFO :: Control Node set time delay: 1801 us
2021-09-05 05:25:20,196 :: INFO :: Control node : profile configuration
2021-09-05 05:25:20,203 :: INFO :: Configure profile on Control Node
2021-09-05 05:25:20,282 :: INFO :: Start experiment succeeded
2021-09-05 06:26:26,142 :: INFO :: Gateway Manager : Stop experiment
2021-09-05 06:26:26,152 :: INFO :: Stop experiment
2021-09-05 06:26:26,161 :: INFO :: Control node : stop of the experiment
2021-09-05 06:26:26,171 :: INFO :: Control node : profile configuration
2021-09-05 06:26:26,178 :: INFO :: Configure profile on Control Node
2021-09-05 06:26:26,254 :: INFO :: Control node : start power of open node
2021-09-05 06:26:26,299 :: INFO :: Node OpenOCD: teardown of openocd node
2021-09-05 06:26:29,373 :: INFO :: openocd node debugger stop
2021-09-05 06:26:30,060 :: INFO :: Node OpenOCD: flash of openocd node
2021-09-05 06:26:30,075 :: INFO :: Flash firmware on OpenOCD: /usr/lib/python2.7/site-packages/gateway_code/static/m3_idle.elf
2021-09-05 06:26:32,687 :: INFO :: Control node : Stop control node serial interface
2021-09-05 06:26:32,696 :: INFO :: Control node : stop power of open node
2021-09-05 06:26:32,820 :: INFO :: Control node : reset
2021-09-05 06:26:32,827 :: INFO :: Reset Control Node
2021-09-05 06:26:35,713 :: INFO :: Stop experiment succeeded
