2021-09-05 05:25:07,143 :: INFO :: Start experiment: luna-276348
2021-09-05 05:25:07,146 :: INFO :: Control node : Starting of control node serial interface
2021-09-05 05:25:07,149 :: INFO :: Control node : reset
2021-09-05 05:25:07,152 :: INFO :: Reset Control Node
2021-09-05 05:25:10,106 :: INFO :: Control node : start power of open node
2021-09-05 05:25:10,161 :: INFO :: Node OpenOCD: Setup of openocd node
2021-09-05 05:25:13,204 :: INFO :: Node OpenOCD: flash of openocd node
2021-09-05 05:25:13,219 :: INFO :: Flash firmware on OpenOCD: /tmp/tmpcusquH--c646a7bd7eca22cfbffed9b70d2e0c90_unicast-sender-count-60T-100B.iotlab-m3
2021-09-05 05:25:20,114 :: INFO :: Control node : Start experiment
2021-09-05 05:25:20,159 :: INFO :: Control Node set time delay: 1343 us
2021-09-05 05:25:20,189 :: INFO :: Control node : profile configuration
2021-09-05 05:25:20,196 :: INFO :: Configure profile on Control Node
2021-09-05 05:25:20,276 :: INFO :: Start experiment succeeded
2021-09-05 06:26:26,139 :: INFO :: Gateway Manager : Stop experiment
2021-09-05 06:26:26,149 :: INFO :: Stop experiment
2021-09-05 06:26:26,158 :: INFO :: Control node : stop of the experiment
2021-09-05 06:26:26,165 :: INFO :: Control node : profile configuration
2021-09-05 06:26:26,172 :: INFO :: Configure profile on Control Node
2021-09-05 06:26:26,247 :: INFO :: Control node : start power of open node
2021-09-05 06:26:26,292 :: INFO :: Node OpenOCD: teardown of openocd node
2021-09-05 06:26:29,366 :: INFO :: openocd node debugger stop
2021-09-05 06:26:30,052 :: INFO :: Node OpenOCD: flash of openocd node
2021-09-05 06:26:30,060 :: INFO :: Flash firmware on OpenOCD: /usr/lib/python2.7/site-packages/gateway_code/static/m3_idle.elf
2021-09-05 06:26:32,568 :: INFO :: Control node : Stop control node serial interface
2021-09-05 06:26:32,574 :: INFO :: Control node : stop power of open node
2021-09-05 06:26:32,686 :: INFO :: Control node : reset
2021-09-05 06:26:32,692 :: INFO :: Reset Control Node
2021-09-05 06:26:35,573 :: INFO :: Stop experiment succeeded
