2021-09-05 05:25:07,132 :: INFO :: Start experiment: luna-276348
2021-09-05 05:25:07,136 :: INFO :: Control node : Starting of control node serial interface
2021-09-05 05:25:07,139 :: INFO :: Control node : reset
2021-09-05 05:25:07,141 :: INFO :: Reset Control Node
2021-09-05 05:25:10,092 :: INFO :: Control node : start power of open node
2021-09-05 05:25:10,149 :: INFO :: Node OpenOCD: Setup of openocd node
2021-09-05 05:25:13,199 :: INFO :: Node OpenOCD: flash of openocd node
2021-09-05 05:25:13,214 :: INFO :: Flash firmware on OpenOCD: /tmp/tmpdC7YWP--c646a7bd7eca22cfbffed9b70d2e0c90_unicast-sender-count-60T-100B.iotlab-m3
2021-09-05 05:25:20,218 :: INFO :: Control node : Start experiment
2021-09-05 05:25:20,275 :: INFO :: Control Node set time delay: 1893 us
2021-09-05 05:25:20,301 :: INFO :: Control node : profile configuration
2021-09-05 05:25:20,307 :: INFO :: Configure profile on Control Node
2021-09-05 05:25:20,361 :: INFO :: Start experiment succeeded
2021-09-05 06:26:26,161 :: INFO :: Gateway Manager : Stop experiment
2021-09-05 06:26:26,182 :: INFO :: Stop experiment
2021-09-05 06:26:26,201 :: INFO :: Control node : stop of the experiment
2021-09-05 06:26:26,217 :: INFO :: Control node : profile configuration
2021-09-05 06:26:26,248 :: INFO :: Configure profile on Control Node
2021-09-05 06:26:26,409 :: INFO :: Control node : start power of open node
2021-09-05 06:26:26,432 :: INFO :: Node OpenOCD: teardown of openocd node
2021-09-05 06:26:29,478 :: INFO :: openocd node debugger stop
2021-09-05 06:26:30,171 :: INFO :: Node OpenOCD: flash of openocd node
2021-09-05 06:26:30,178 :: INFO :: Flash firmware on OpenOCD: /usr/lib/python2.7/site-packages/gateway_code/static/m3_idle.elf
2021-09-05 06:26:32,679 :: INFO :: Control node : Stop control node serial interface
2021-09-05 06:26:32,684 :: INFO :: Control node : stop power of open node
2021-09-05 06:26:32,742 :: INFO :: Control node : reset
2021-09-05 06:26:32,749 :: INFO :: Reset Control Node
2021-09-05 06:26:35,635 :: INFO :: Stop experiment succeeded
