2021-09-05 05:25:07,139 :: INFO :: Start experiment: luna-276348
2021-09-05 05:25:07,142 :: INFO :: Control node : Starting of control node serial interface
2021-09-05 05:25:07,145 :: INFO :: Control node : reset
2021-09-05 05:25:07,148 :: INFO :: Reset Control Node
2021-09-05 05:25:10,104 :: INFO :: Control node : start power of open node
2021-09-05 05:25:10,161 :: INFO :: Node OpenOCD: Setup of openocd node
2021-09-05 05:25:13,210 :: INFO :: Node OpenOCD: flash of openocd node
2021-09-05 05:25:13,225 :: INFO :: Flash firmware on OpenOCD: /tmp/tmp6piVof--c646a7bd7eca22cfbffed9b70d2e0c90_unicast-sender-count-60T-100B.iotlab-m3
2021-09-05 05:25:20,066 :: INFO :: Control node : Start experiment
2021-09-05 05:25:20,140 :: INFO :: Control Node set time delay: 1740 us
2021-09-05 05:25:20,169 :: INFO :: Control node : profile configuration
2021-09-05 05:25:20,176 :: INFO :: Configure profile on Control Node
2021-09-05 05:25:20,254 :: INFO :: Start experiment succeeded
2021-09-05 06:26:26,166 :: INFO :: Gateway Manager : Stop experiment
2021-09-05 06:26:26,185 :: INFO :: Stop experiment
2021-09-05 06:26:26,193 :: INFO :: Control node : stop of the experiment
2021-09-05 06:26:26,200 :: INFO :: Control node : profile configuration
2021-09-05 06:26:26,207 :: INFO :: Configure profile on Control Node
2021-09-05 06:26:26,281 :: INFO :: Control node : start power of open node
2021-09-05 06:26:26,323 :: INFO :: Node OpenOCD: teardown of openocd node
2021-09-05 06:26:29,365 :: INFO :: openocd node debugger stop
2021-09-05 06:26:30,048 :: INFO :: Node OpenOCD: flash of openocd node
2021-09-05 06:26:30,055 :: INFO :: Flash firmware on OpenOCD: /usr/lib/python2.7/site-packages/gateway_code/static/m3_idle.elf
2021-09-05 06:26:32,565 :: INFO :: Control node : Stop control node serial interface
2021-09-05 06:26:32,574 :: INFO :: Control node : stop power of open node
2021-09-05 06:26:32,671 :: INFO :: Control node : reset
2021-09-05 06:26:32,677 :: INFO :: Reset Control Node
2021-09-05 06:26:35,564 :: INFO :: Stop experiment succeeded
