2021-09-05 05:25:07,121 :: INFO :: Start experiment: luna-276348
2021-09-05 05:25:07,125 :: INFO :: Control node : Starting of control node serial interface
2021-09-05 05:25:07,128 :: INFO :: Control node : reset
2021-09-05 05:25:07,130 :: INFO :: Reset Control Node
2021-09-05 05:25:10,080 :: INFO :: Control node : start power of open node
2021-09-05 05:25:10,137 :: INFO :: Node OpenOCD: Setup of openocd node
2021-09-05 05:25:13,178 :: INFO :: Node OpenOCD: flash of openocd node
2021-09-05 05:25:13,194 :: INFO :: Flash firmware on OpenOCD: /tmp/tmppZo3so--c646a7bd7eca22cfbffed9b70d2e0c90_unicast-sender-count-60T-100B.iotlab-m3
2021-09-05 05:25:20,093 :: INFO :: Control node : Start experiment
2021-09-05 05:25:20,168 :: INFO :: Control Node set time delay: 1862 us
2021-09-05 05:25:20,191 :: INFO :: Control node : profile configuration
2021-09-05 05:25:20,198 :: INFO :: Configure profile on Control Node
2021-09-05 05:25:20,277 :: INFO :: Start experiment succeeded
2021-09-05 06:26:26,186 :: INFO :: Gateway Manager : Stop experiment
2021-09-05 06:26:26,206 :: INFO :: Stop experiment
2021-09-05 06:26:26,226 :: INFO :: Control node : stop of the experiment
2021-09-05 06:26:26,242 :: INFO :: Control node : profile configuration
2021-09-05 06:26:26,258 :: INFO :: Configure profile on Control Node
2021-09-05 06:26:26,373 :: INFO :: Control node : start power of open node
2021-09-05 06:26:26,401 :: INFO :: Node OpenOCD: teardown of openocd node
2021-09-05 06:26:29,445 :: INFO :: openocd node debugger stop
2021-09-05 06:26:30,128 :: INFO :: Node OpenOCD: flash of openocd node
2021-09-05 06:26:30,135 :: INFO :: Flash firmware on OpenOCD: /usr/lib/python2.7/site-packages/gateway_code/static/m3_idle.elf
2021-09-05 06:26:32,637 :: INFO :: Control node : Stop control node serial interface
2021-09-05 06:26:32,642 :: INFO :: Control node : stop power of open node
2021-09-05 06:26:32,701 :: INFO :: Control node : reset
2021-09-05 06:26:32,708 :: INFO :: Reset Control Node
2021-09-05 06:26:35,594 :: INFO :: Stop experiment succeeded
