2021-09-05 05:25:07,155 :: INFO :: Start experiment: luna-276348
2021-09-05 05:25:07,159 :: INFO :: Control node : Starting of control node serial interface
2021-09-05 05:25:07,162 :: INFO :: Control node : reset
2021-09-05 05:25:07,164 :: INFO :: Reset Control Node
2021-09-05 05:25:10,057 :: INFO :: Control node : start power of open node
2021-09-05 05:25:10,085 :: INFO :: Node OpenOCD: Setup of openocd node
2021-09-05 05:25:13,124 :: INFO :: Node OpenOCD: flash of openocd node
2021-09-05 05:25:13,143 :: INFO :: Flash firmware on OpenOCD: /tmp/tmpmcQjsS--c646a7bd7eca22cfbffed9b70d2e0c90_unicast-sender-count-60T-100B.iotlab-m3
2021-09-05 05:25:20,092 :: INFO :: Control node : Start experiment
2021-09-05 05:25:20,176 :: INFO :: Control Node set time delay: 1892 us
2021-09-05 05:25:20,196 :: INFO :: Control node : profile configuration
2021-09-05 05:25:20,200 :: INFO :: Configure profile on Control Node
2021-09-05 05:25:20,242 :: INFO :: Start experiment succeeded
2021-09-05 06:26:26,135 :: INFO :: Gateway Manager : Stop experiment
2021-09-05 06:26:26,144 :: INFO :: Stop experiment
2021-09-05 06:26:26,153 :: INFO :: Control node : stop of the experiment
2021-09-05 06:26:26,160 :: INFO :: Control node : profile configuration
2021-09-05 06:26:26,166 :: INFO :: Configure profile on Control Node
2021-09-05 06:26:26,239 :: INFO :: Control node : start power of open node
2021-09-05 06:26:26,281 :: INFO :: Node OpenOCD: teardown of openocd node
2021-09-05 06:26:29,355 :: INFO :: openocd node debugger stop
2021-09-05 06:26:30,042 :: INFO :: Node OpenOCD: flash of openocd node
2021-09-05 06:26:30,056 :: INFO :: Flash firmware on OpenOCD: /usr/lib/python2.7/site-packages/gateway_code/static/m3_idle.elf
2021-09-05 06:26:32,576 :: INFO :: Control node : Stop control node serial interface
2021-09-05 06:26:32,584 :: INFO :: Control node : stop power of open node
2021-09-05 06:26:32,667 :: INFO :: Control node : reset
2021-09-05 06:26:32,674 :: INFO :: Reset Control Node
2021-09-05 06:26:35,552 :: INFO :: Stop experiment succeeded
