2021-09-05 03:21:39,837 :: INFO :: Start experiment: luna-276346
2021-09-05 03:21:39,841 :: INFO :: Control node : Starting of control node serial interface
2021-09-05 03:21:39,844 :: INFO :: Control node : reset
2021-09-05 03:21:39,846 :: INFO :: Reset Control Node
2021-09-05 03:21:42,801 :: INFO :: Control node : start power of open node
2021-09-05 03:21:42,859 :: INFO :: Node OpenOCD: Setup of openocd node
2021-09-05 03:21:45,892 :: INFO :: Node OpenOCD: flash of openocd node
2021-09-05 03:21:45,907 :: INFO :: Flash firmware on OpenOCD: /tmp/tmpnwHukc--9eca698c47b1367377dfc6ae1bda6964_unicast-sender-count-60T-20B.iotlab-m3
2021-09-05 03:21:52,706 :: INFO :: Control node : Start experiment
2021-09-05 03:21:52,739 :: INFO :: Control Node set time delay: 1068 us
2021-09-05 03:21:52,756 :: INFO :: Control node : profile configuration
2021-09-05 03:21:52,759 :: INFO :: Configure profile on Control Node
2021-09-05 03:21:52,803 :: INFO :: Start experiment succeeded
2021-09-05 04:22:58,846 :: INFO :: Gateway Manager : Stop experiment
2021-09-05 04:22:58,856 :: INFO :: Stop experiment
2021-09-05 04:22:58,864 :: INFO :: Control node : stop of the experiment
2021-09-05 04:22:58,872 :: INFO :: Control node : profile configuration
2021-09-05 04:22:58,879 :: INFO :: Configure profile on Control Node
2021-09-05 04:22:58,955 :: INFO :: Control node : start power of open node
2021-09-05 04:22:59,000 :: INFO :: Node OpenOCD: teardown of openocd node
2021-09-05 04:23:02,068 :: INFO :: openocd node debugger stop
2021-09-05 04:23:02,729 :: INFO :: Node OpenOCD: flash of openocd node
2021-09-05 04:23:02,744 :: INFO :: Flash firmware on OpenOCD: /usr/lib/python2.7/site-packages/gateway_code/static/m3_idle.elf
2021-09-05 04:23:05,241 :: INFO :: Control node : Stop control node serial interface
2021-09-05 04:23:05,246 :: INFO :: Control node : stop power of open node
2021-09-05 04:23:05,305 :: INFO :: Control node : reset
2021-09-05 04:23:05,309 :: INFO :: Reset Control Node
2021-09-05 04:23:08,186 :: INFO :: Stop experiment succeeded
