2021-09-05 03:21:39,789 :: INFO :: Start experiment: luna-276346
2021-09-05 03:21:39,793 :: INFO :: Control node : Starting of control node serial interface
2021-09-05 03:21:39,796 :: INFO :: Control node : reset
2021-09-05 03:21:39,798 :: INFO :: Reset Control Node
2021-09-05 03:21:42,755 :: INFO :: Control node : start power of open node
2021-09-05 03:21:42,811 :: INFO :: Node OpenOCD: Setup of openocd node
2021-09-05 03:21:45,864 :: INFO :: Node OpenOCD: flash of openocd node
2021-09-05 03:21:45,878 :: INFO :: Flash firmware on OpenOCD: /tmp/tmp2SYdDu--9eca698c47b1367377dfc6ae1bda6964_unicast-sender-count-60T-20B.iotlab-m3
2021-09-05 03:21:52,741 :: INFO :: Control node : Start experiment
2021-09-05 03:21:52,804 :: INFO :: Control Node set time delay: 1129 us
2021-09-05 03:21:52,829 :: INFO :: Control node : profile configuration
2021-09-05 03:21:52,836 :: INFO :: Configure profile on Control Node
2021-09-05 03:21:52,917 :: INFO :: Start experiment succeeded
2021-09-05 04:22:58,859 :: INFO :: Gateway Manager : Stop experiment
2021-09-05 04:22:58,871 :: INFO :: Stop experiment
2021-09-05 04:22:58,880 :: INFO :: Control node : stop of the experiment
2021-09-05 04:22:58,887 :: INFO :: Control node : profile configuration
2021-09-05 04:22:58,894 :: INFO :: Configure profile on Control Node
2021-09-05 04:22:58,970 :: INFO :: Control node : start power of open node
2021-09-05 04:22:59,014 :: INFO :: Node OpenOCD: teardown of openocd node
2021-09-05 04:23:02,064 :: INFO :: openocd node debugger stop
2021-09-05 04:23:02,619 :: INFO :: Node OpenOCD: flash of openocd node
2021-09-05 04:23:02,626 :: INFO :: Flash firmware on OpenOCD: /usr/lib/python2.7/site-packages/gateway_code/static/m3_idle.elf
2021-09-05 04:23:05,134 :: INFO :: Control node : Stop control node serial interface
2021-09-05 04:23:05,139 :: INFO :: Control node : stop power of open node
2021-09-05 04:23:05,197 :: INFO :: Control node : reset
2021-09-05 04:23:05,201 :: INFO :: Reset Control Node
2021-09-05 04:23:08,137 :: INFO :: Stop experiment succeeded
