2021-09-05 03:21:39,825 :: INFO :: Start experiment: luna-276346
2021-09-05 03:21:39,829 :: INFO :: Control node : Starting of control node serial interface
2021-09-05 03:21:39,832 :: INFO :: Control node : reset
2021-09-05 03:21:39,834 :: INFO :: Reset Control Node
2021-09-05 03:21:42,788 :: INFO :: Control node : start power of open node
2021-09-05 03:21:42,833 :: INFO :: Node OpenOCD: Setup of openocd node
2021-09-05 03:21:45,863 :: INFO :: Node OpenOCD: flash of openocd node
2021-09-05 03:21:45,881 :: INFO :: Flash firmware on OpenOCD: /tmp/tmpJ8gxvB--9eca698c47b1367377dfc6ae1bda6964_unicast-sender-count-60T-20B.iotlab-m3
2021-09-05 03:21:52,889 :: INFO :: Control node : Start experiment
2021-09-05 03:21:52,942 :: INFO :: Control Node set time delay: 1373 us
2021-09-05 03:21:52,971 :: INFO :: Control node : profile configuration
2021-09-05 03:21:52,978 :: INFO :: Configure profile on Control Node
2021-09-05 03:21:53,023 :: INFO :: Start experiment succeeded
2021-09-05 04:22:58,810 :: INFO :: Gateway Manager : Stop experiment
2021-09-05 04:22:58,821 :: INFO :: Stop experiment
2021-09-05 04:22:58,830 :: INFO :: Control node : stop of the experiment
2021-09-05 04:22:58,838 :: INFO :: Control node : profile configuration
2021-09-05 04:22:58,845 :: INFO :: Configure profile on Control Node
2021-09-05 04:22:58,921 :: INFO :: Control node : start power of open node
2021-09-05 04:22:58,965 :: INFO :: Node OpenOCD: teardown of openocd node
2021-09-05 04:23:02,047 :: INFO :: openocd node debugger stop
2021-09-05 04:23:02,719 :: INFO :: Node OpenOCD: flash of openocd node
2021-09-05 04:23:02,726 :: INFO :: Flash firmware on OpenOCD: /usr/lib/python2.7/site-packages/gateway_code/static/m3_idle.elf
2021-09-05 04:23:05,235 :: INFO :: Control node : Stop control node serial interface
2021-09-05 04:23:05,243 :: INFO :: Control node : stop power of open node
2021-09-05 04:23:05,331 :: INFO :: Control node : reset
2021-09-05 04:23:05,338 :: INFO :: Reset Control Node
2021-09-05 04:23:08,226 :: INFO :: Stop experiment succeeded
