2021-09-05 03:21:39,830 :: INFO :: Start experiment: luna-276346
2021-09-05 03:21:39,833 :: INFO :: Control node : Starting of control node serial interface
2021-09-05 03:21:39,836 :: INFO :: Control node : reset
2021-09-05 03:21:39,839 :: INFO :: Reset Control Node
2021-09-05 03:21:42,790 :: INFO :: Control node : start power of open node
2021-09-05 03:21:42,846 :: INFO :: Node OpenOCD: Setup of openocd node
2021-09-05 03:21:45,894 :: INFO :: Node OpenOCD: flash of openocd node
2021-09-05 03:21:45,908 :: INFO :: Flash firmware on OpenOCD: /tmp/tmp_VWP1a--9eca698c47b1367377dfc6ae1bda6964_unicast-sender-count-60T-20B.iotlab-m3
2021-09-05 03:21:52,732 :: INFO :: Control node : Start experiment
2021-09-05 03:21:52,800 :: INFO :: Control Node set time delay: 1618 us
2021-09-05 03:21:52,823 :: INFO :: Control node : profile configuration
2021-09-05 03:21:52,830 :: INFO :: Configure profile on Control Node
2021-09-05 03:21:52,909 :: INFO :: Start experiment succeeded
2021-09-05 04:22:58,824 :: INFO :: Gateway Manager : Stop experiment
2021-09-05 04:22:58,835 :: INFO :: Stop experiment
2021-09-05 04:22:58,843 :: INFO :: Control node : stop of the experiment
2021-09-05 04:22:58,850 :: INFO :: Control node : profile configuration
2021-09-05 04:22:58,857 :: INFO :: Configure profile on Control Node
2021-09-05 04:22:58,934 :: INFO :: Control node : start power of open node
2021-09-05 04:22:58,977 :: INFO :: Node OpenOCD: teardown of openocd node
2021-09-05 04:23:02,044 :: INFO :: openocd node debugger stop
2021-09-05 04:23:02,701 :: INFO :: Node OpenOCD: flash of openocd node
2021-09-05 04:23:02,715 :: INFO :: Flash firmware on OpenOCD: /usr/lib/python2.7/site-packages/gateway_code/static/m3_idle.elf
2021-09-05 04:23:05,250 :: INFO :: Control node : Stop control node serial interface
2021-09-05 04:23:05,255 :: INFO :: Control node : stop power of open node
2021-09-05 04:23:05,310 :: INFO :: Control node : reset
2021-09-05 04:23:05,314 :: INFO :: Reset Control Node
2021-09-05 04:23:08,250 :: INFO :: Stop experiment succeeded
