2021-09-05 03:21:39,821 :: INFO :: Start experiment: luna-276346
2021-09-05 03:21:39,825 :: INFO :: Control node : Starting of control node serial interface
2021-09-05 03:21:39,828 :: INFO :: Control node : reset
2021-09-05 03:21:39,830 :: INFO :: Reset Control Node
2021-09-05 03:21:42,785 :: INFO :: Control node : start power of open node
2021-09-05 03:21:42,843 :: INFO :: Node OpenOCD: Setup of openocd node
2021-09-05 03:21:45,886 :: INFO :: Node OpenOCD: flash of openocd node
2021-09-05 03:21:45,902 :: INFO :: Flash firmware on OpenOCD: /tmp/tmpFnyuU0--9eca698c47b1367377dfc6ae1bda6964_unicast-sender-count-60T-20B.iotlab-m3
2021-09-05 03:21:52,962 :: INFO :: Control node : Start experiment
2021-09-05 03:21:53,010 :: INFO :: Control Node set time delay: 1159 us
2021-09-05 03:21:53,028 :: INFO :: Control node : profile configuration
2021-09-05 03:21:53,031 :: INFO :: Configure profile on Control Node
2021-09-05 03:21:53,076 :: INFO :: Start experiment succeeded
2021-09-05 04:22:58,822 :: INFO :: Gateway Manager : Stop experiment
2021-09-05 04:22:58,832 :: INFO :: Stop experiment
2021-09-05 04:22:58,841 :: INFO :: Control node : stop of the experiment
2021-09-05 04:22:58,848 :: INFO :: Control node : profile configuration
2021-09-05 04:22:58,858 :: INFO :: Configure profile on Control Node
2021-09-05 04:22:58,932 :: INFO :: Control node : start power of open node
2021-09-05 04:22:58,977 :: INFO :: Node OpenOCD: teardown of openocd node
2021-09-05 04:23:02,046 :: INFO :: openocd node debugger stop
2021-09-05 04:23:02,692 :: INFO :: Node OpenOCD: flash of openocd node
2021-09-05 04:23:02,699 :: INFO :: Flash firmware on OpenOCD: /usr/lib/python2.7/site-packages/gateway_code/static/m3_idle.elf
2021-09-05 04:23:05,205 :: INFO :: Control node : Stop control node serial interface
2021-09-05 04:23:05,209 :: INFO :: Control node : stop power of open node
2021-09-05 04:23:05,261 :: INFO :: Control node : reset
2021-09-05 04:23:05,267 :: INFO :: Reset Control Node
2021-09-05 04:23:08,158 :: INFO :: Stop experiment succeeded
