2021-09-05 10:33:59,113 :: INFO :: Start experiment: luna-276353
2021-09-05 10:33:59,117 :: INFO :: Control node : Starting of control node serial interface
2021-09-05 10:33:59,119 :: INFO :: Control node : reset
2021-09-05 10:33:59,122 :: INFO :: Reset Control Node
2021-09-05 10:34:02,076 :: INFO :: Control node : start power of open node
2021-09-05 10:34:02,133 :: INFO :: Node OpenOCD: Setup of openocd node
2021-09-05 10:34:05,173 :: INFO :: Node OpenOCD: flash of openocd node
2021-09-05 10:34:05,188 :: INFO :: Flash firmware on OpenOCD: /tmp/tmpreLd09--d4a0543b7d1f359d92f0e4afc0b7f0cf_unicast-sender-count-30T-20B.iotlab-m3
2021-09-05 10:34:12,057 :: INFO :: Control node : Start experiment
2021-09-05 10:34:12,122 :: INFO :: Control Node set time delay: 1098 us
2021-09-05 10:34:12,145 :: INFO :: Control node : profile configuration
2021-09-05 10:34:12,151 :: INFO :: Configure profile on Control Node
2021-09-05 10:34:12,231 :: INFO :: Start experiment succeeded
2021-09-05 11:35:18,071 :: INFO :: Gateway Manager : Stop experiment
2021-09-05 11:35:18,080 :: INFO :: Stop experiment
2021-09-05 11:35:18,089 :: INFO :: Control node : stop of the experiment
2021-09-05 11:35:18,100 :: INFO :: Control node : profile configuration
2021-09-05 11:35:18,109 :: INFO :: Configure profile on Control Node
2021-09-05 11:35:18,203 :: INFO :: Control node : start power of open node
2021-09-05 11:35:18,245 :: INFO :: Node OpenOCD: teardown of openocd node
2021-09-05 11:35:21,302 :: INFO :: openocd node debugger stop
2021-09-05 11:35:21,980 :: INFO :: Node OpenOCD: flash of openocd node
2021-09-05 11:35:21,987 :: INFO :: Flash firmware on OpenOCD: /usr/lib/python2.7/site-packages/gateway_code/static/m3_idle.elf
2021-09-05 11:35:24,496 :: INFO :: Control node : Stop control node serial interface
2021-09-05 11:35:24,501 :: INFO :: Control node : stop power of open node
2021-09-05 11:35:24,573 :: INFO :: Control node : reset
2021-09-05 11:35:24,580 :: INFO :: Reset Control Node
2021-09-05 11:35:27,466 :: INFO :: Stop experiment succeeded
