2021-09-05 10:33:59,061 :: INFO :: Start experiment: luna-276353
2021-09-05 10:33:59,065 :: INFO :: Control node : Starting of control node serial interface
2021-09-05 10:33:59,067 :: INFO :: Control node : reset
2021-09-05 10:33:59,070 :: INFO :: Reset Control Node
2021-09-05 10:34:02,020 :: INFO :: Control node : start power of open node
2021-09-05 10:34:02,076 :: INFO :: Node OpenOCD: Setup of openocd node
2021-09-05 10:34:05,129 :: INFO :: Node OpenOCD: flash of openocd node
2021-09-05 10:34:05,147 :: INFO :: Flash firmware on OpenOCD: /tmp/tmpfVNwda--d4a0543b7d1f359d92f0e4afc0b7f0cf_unicast-sender-count-30T-20B.iotlab-m3
2021-09-05 10:34:12,152 :: INFO :: Control node : Start experiment
2021-09-05 10:34:12,205 :: INFO :: Control Node set time delay: 1831 us
2021-09-05 10:34:12,223 :: INFO :: Control node : profile configuration
2021-09-05 10:34:12,227 :: INFO :: Configure profile on Control Node
2021-09-05 10:34:12,268 :: INFO :: Start experiment succeeded
2021-09-05 11:35:18,114 :: INFO :: Gateway Manager : Stop experiment
2021-09-05 11:35:18,128 :: INFO :: Stop experiment
2021-09-05 11:35:18,141 :: INFO :: Control node : stop of the experiment
2021-09-05 11:35:18,150 :: INFO :: Control node : profile configuration
2021-09-05 11:35:18,160 :: INFO :: Configure profile on Control Node
2021-09-05 11:35:18,238 :: INFO :: Control node : start power of open node
2021-09-05 11:35:18,284 :: INFO :: Node OpenOCD: teardown of openocd node
2021-09-05 11:35:21,321 :: INFO :: openocd node debugger stop
2021-09-05 11:35:22,008 :: INFO :: Node OpenOCD: flash of openocd node
2021-09-05 11:35:22,023 :: INFO :: Flash firmware on OpenOCD: /usr/lib/python2.7/site-packages/gateway_code/static/m3_idle.elf
2021-09-05 11:35:24,594 :: INFO :: Control node : Stop control node serial interface
2021-09-05 11:35:24,603 :: INFO :: Control node : stop power of open node
2021-09-05 11:35:24,704 :: INFO :: Control node : reset
2021-09-05 11:35:24,711 :: INFO :: Reset Control Node
2021-09-05 11:35:27,598 :: INFO :: Stop experiment succeeded
