2021-09-05 10:33:59,145 :: INFO :: Start experiment: luna-276353
2021-09-05 10:33:59,149 :: INFO :: Control node : Starting of control node serial interface
2021-09-05 10:33:59,151 :: INFO :: Control node : reset
2021-09-05 10:33:59,154 :: INFO :: Reset Control Node
2021-09-05 10:34:02,108 :: INFO :: Control node : start power of open node
2021-09-05 10:34:02,162 :: INFO :: Node OpenOCD: Setup of openocd node
2021-09-05 10:34:05,207 :: INFO :: Node OpenOCD: flash of openocd node
2021-09-05 10:34:05,222 :: INFO :: Flash firmware on OpenOCD: /tmp/tmpaqTYUp--d4a0543b7d1f359d92f0e4afc0b7f0cf_unicast-sender-count-30T-20B.iotlab-m3
2021-09-05 10:34:12,146 :: INFO :: Control node : Start experiment
2021-09-05 10:34:12,220 :: INFO :: Control Node set time delay: 1159 us
2021-09-05 10:34:12,264 :: INFO :: Control node : profile configuration
2021-09-05 10:34:12,271 :: INFO :: Configure profile on Control Node
2021-09-05 10:34:12,349 :: INFO :: Start experiment succeeded
2021-09-05 11:35:18,129 :: INFO :: Gateway Manager : Stop experiment
2021-09-05 11:35:18,164 :: INFO :: Stop experiment
2021-09-05 11:35:18,186 :: INFO :: Control node : stop of the experiment
2021-09-05 11:35:18,191 :: INFO :: Control node : profile configuration
2021-09-05 11:35:18,196 :: INFO :: Configure profile on Control Node
2021-09-05 11:35:18,245 :: INFO :: Control node : start power of open node
2021-09-05 11:35:18,269 :: INFO :: Node OpenOCD: teardown of openocd node
2021-09-05 11:35:21,301 :: INFO :: openocd node debugger stop
2021-09-05 11:35:21,987 :: INFO :: Node OpenOCD: flash of openocd node
2021-09-05 11:35:22,001 :: INFO :: Flash firmware on OpenOCD: /usr/lib/python2.7/site-packages/gateway_code/static/m3_idle.elf
2021-09-05 11:35:24,570 :: INFO :: Control node : Stop control node serial interface
2021-09-05 11:35:24,575 :: INFO :: Control node : stop power of open node
2021-09-05 11:35:24,630 :: INFO :: Control node : reset
2021-09-05 11:35:24,634 :: INFO :: Reset Control Node
2021-09-05 11:35:27,523 :: INFO :: Stop experiment succeeded
