2021-09-05 10:33:59,165 :: INFO :: Start experiment: luna-276353
2021-09-05 10:33:59,169 :: INFO :: Control node : Starting of control node serial interface
2021-09-05 10:33:59,171 :: INFO :: Control node : reset
2021-09-05 10:33:59,174 :: INFO :: Reset Control Node
2021-09-05 10:34:02,123 :: INFO :: Control node : start power of open node
2021-09-05 10:34:02,180 :: INFO :: Node OpenOCD: Setup of openocd node
2021-09-05 10:34:05,221 :: INFO :: Node OpenOCD: flash of openocd node
2021-09-05 10:34:05,239 :: INFO :: Flash firmware on OpenOCD: /tmp/tmpfnxf15--d4a0543b7d1f359d92f0e4afc0b7f0cf_unicast-sender-count-30T-20B.iotlab-m3
2021-09-05 10:34:12,151 :: INFO :: Control node : Start experiment
2021-09-05 10:34:12,202 :: INFO :: Control Node set time delay: 1587 us
2021-09-05 10:34:12,236 :: INFO :: Control node : profile configuration
2021-09-05 10:34:12,242 :: INFO :: Configure profile on Control Node
2021-09-05 10:34:12,323 :: INFO :: Start experiment succeeded
2021-09-05 11:35:18,132 :: INFO :: Gateway Manager : Stop experiment
2021-09-05 11:35:18,143 :: INFO :: Stop experiment
2021-09-05 11:35:18,154 :: INFO :: Control node : stop of the experiment
2021-09-05 11:35:18,165 :: INFO :: Control node : profile configuration
2021-09-05 11:35:18,172 :: INFO :: Configure profile on Control Node
2021-09-05 11:35:18,239 :: INFO :: Control node : start power of open node
2021-09-05 11:35:18,281 :: INFO :: Node OpenOCD: teardown of openocd node
2021-09-05 11:35:21,317 :: INFO :: openocd node debugger stop
2021-09-05 11:35:22,002 :: INFO :: Node OpenOCD: flash of openocd node
2021-09-05 11:35:22,017 :: INFO :: Flash firmware on OpenOCD: /usr/lib/python2.7/site-packages/gateway_code/static/m3_idle.elf
2021-09-05 11:35:24,587 :: INFO :: Control node : Stop control node serial interface
2021-09-05 11:35:24,596 :: INFO :: Control node : stop power of open node
2021-09-05 11:35:24,696 :: INFO :: Control node : reset
2021-09-05 11:35:24,703 :: INFO :: Reset Control Node
2021-09-05 11:35:27,589 :: INFO :: Stop experiment succeeded
