2021-09-05 10:33:59,068 :: INFO :: Start experiment: luna-276353
2021-09-05 10:33:59,072 :: INFO :: Control node : Starting of control node serial interface
2021-09-05 10:33:59,074 :: INFO :: Control node : reset
2021-09-05 10:33:59,077 :: INFO :: Reset Control Node
2021-09-05 10:34:02,000 :: INFO :: Control node : start power of open node
2021-09-05 10:34:02,028 :: INFO :: Node OpenOCD: Setup of openocd node
2021-09-05 10:34:05,061 :: INFO :: Node OpenOCD: flash of openocd node
2021-09-05 10:34:05,079 :: INFO :: Flash firmware on OpenOCD: /tmp/tmpfS5_Kx--d4a0543b7d1f359d92f0e4afc0b7f0cf_unicast-sender-count-30T-20B.iotlab-m3
2021-09-05 10:34:12,089 :: INFO :: Control node : Start experiment
2021-09-05 10:34:12,146 :: INFO :: Control Node set time delay: 1099 us
2021-09-05 10:34:12,168 :: INFO :: Control node : profile configuration
2021-09-05 10:34:12,172 :: INFO :: Configure profile on Control Node
2021-09-05 10:34:12,213 :: INFO :: Start experiment succeeded
2021-09-05 11:35:18,065 :: INFO :: Gateway Manager : Stop experiment
2021-09-05 11:35:18,076 :: INFO :: Stop experiment
2021-09-05 11:35:18,084 :: INFO :: Control node : stop of the experiment
2021-09-05 11:35:18,091 :: INFO :: Control node : profile configuration
2021-09-05 11:35:18,098 :: INFO :: Configure profile on Control Node
2021-09-05 11:35:18,169 :: INFO :: Control node : start power of open node
2021-09-05 11:35:18,212 :: INFO :: Node OpenOCD: teardown of openocd node
2021-09-05 11:35:21,260 :: INFO :: openocd node debugger stop
2021-09-05 11:35:21,942 :: INFO :: Node OpenOCD: flash of openocd node
2021-09-05 11:35:21,957 :: INFO :: Flash firmware on OpenOCD: /usr/lib/python2.7/site-packages/gateway_code/static/m3_idle.elf
2021-09-05 11:35:24,527 :: INFO :: Control node : Stop control node serial interface
2021-09-05 11:35:24,536 :: INFO :: Control node : stop power of open node
2021-09-05 11:35:24,631 :: INFO :: Control node : reset
2021-09-05 11:35:24,638 :: INFO :: Reset Control Node
2021-09-05 11:35:27,525 :: INFO :: Stop experiment succeeded
