2021-09-05 10:33:59,102 :: INFO :: Start experiment: luna-276353
2021-09-05 10:33:59,106 :: INFO :: Control node : Starting of control node serial interface
2021-09-05 10:33:59,109 :: INFO :: Control node : reset
2021-09-05 10:33:59,111 :: INFO :: Reset Control Node
2021-09-05 10:34:02,063 :: INFO :: Control node : start power of open node
2021-09-05 10:34:02,120 :: INFO :: Node OpenOCD: Setup of openocd node
2021-09-05 10:34:05,163 :: INFO :: Node OpenOCD: flash of openocd node
2021-09-05 10:34:05,177 :: INFO :: Flash firmware on OpenOCD: /tmp/tmpzHXioa--d4a0543b7d1f359d92f0e4afc0b7f0cf_unicast-sender-count-30T-20B.iotlab-m3
2021-09-05 10:34:12,116 :: INFO :: Control node : Start experiment
2021-09-05 10:34:12,194 :: INFO :: Control Node set time delay: 1435 us
2021-09-05 10:34:12,229 :: INFO :: Control node : profile configuration
2021-09-05 10:34:12,236 :: INFO :: Configure profile on Control Node
2021-09-05 10:34:12,316 :: INFO :: Start experiment succeeded
2021-09-05 11:35:18,104 :: INFO :: Gateway Manager : Stop experiment
2021-09-05 11:35:18,141 :: INFO :: Stop experiment
2021-09-05 11:35:18,174 :: INFO :: Control node : stop of the experiment
2021-09-05 11:35:18,209 :: INFO :: Control node : profile configuration
2021-09-05 11:35:18,242 :: INFO :: Configure profile on Control Node
2021-09-05 11:35:18,367 :: INFO :: Control node : start power of open node
2021-09-05 11:35:18,386 :: INFO :: Node OpenOCD: teardown of openocd node
2021-09-05 11:35:21,433 :: INFO :: openocd node debugger stop
2021-09-05 11:35:22,119 :: INFO :: Node OpenOCD: flash of openocd node
2021-09-05 11:35:22,134 :: INFO :: Flash firmware on OpenOCD: /usr/lib/python2.7/site-packages/gateway_code/static/m3_idle.elf
2021-09-05 11:35:24,751 :: INFO :: Control node : Stop control node serial interface
2021-09-05 11:35:24,760 :: INFO :: Control node : stop power of open node
2021-09-05 11:35:24,853 :: INFO :: Control node : reset
2021-09-05 11:35:24,860 :: INFO :: Reset Control Node
2021-09-05 11:35:27,754 :: INFO :: Stop experiment succeeded
