2021-09-05 10:33:59,058 :: INFO :: Start experiment: luna-276353
2021-09-05 10:33:59,061 :: INFO :: Control node : Starting of control node serial interface
2021-09-05 10:33:59,064 :: INFO :: Control node : reset
2021-09-05 10:33:59,067 :: INFO :: Reset Control Node
2021-09-05 10:34:02,002 :: INFO :: Control node : start power of open node
2021-09-05 10:34:02,030 :: INFO :: Node OpenOCD: Setup of openocd node
2021-09-05 10:34:05,068 :: INFO :: Node OpenOCD: flash of openocd node
2021-09-05 10:34:05,086 :: INFO :: Flash firmware on OpenOCD: /tmp/tmpTz52AK--d4a0543b7d1f359d92f0e4afc0b7f0cf_unicast-sender-count-30T-20B.iotlab-m3
2021-09-05 10:34:12,010 :: INFO :: Control node : Start experiment
2021-09-05 10:34:12,071 :: INFO :: Control Node set time delay: 1129 us
2021-09-05 10:34:12,093 :: INFO :: Control node : profile configuration
2021-09-05 10:34:12,100 :: INFO :: Configure profile on Control Node
2021-09-05 10:34:12,166 :: INFO :: Start experiment succeeded
2021-09-05 11:35:18,107 :: INFO :: Gateway Manager : Stop experiment
2021-09-05 11:35:18,116 :: INFO :: Stop experiment
2021-09-05 11:35:18,124 :: INFO :: Control node : stop of the experiment
2021-09-05 11:35:18,131 :: INFO :: Control node : profile configuration
2021-09-05 11:35:18,138 :: INFO :: Configure profile on Control Node
2021-09-05 11:35:18,212 :: INFO :: Control node : start power of open node
2021-09-05 11:35:18,254 :: INFO :: Node OpenOCD: teardown of openocd node
2021-09-05 11:35:21,308 :: INFO :: openocd node debugger stop
2021-09-05 11:35:21,996 :: INFO :: Node OpenOCD: flash of openocd node
2021-09-05 11:35:22,010 :: INFO :: Flash firmware on OpenOCD: /usr/lib/python2.7/site-packages/gateway_code/static/m3_idle.elf
2021-09-05 11:35:24,576 :: INFO :: Control node : Stop control node serial interface
2021-09-05 11:35:24,581 :: INFO :: Control node : stop power of open node
2021-09-05 11:35:24,635 :: INFO :: Control node : reset
2021-09-05 11:35:24,639 :: INFO :: Reset Control Node
2021-09-05 11:35:27,529 :: INFO :: Stop experiment succeeded
