2021-09-05 10:33:59,100 :: INFO :: Start experiment: luna-276353
2021-09-05 10:33:59,104 :: INFO :: Control node : Starting of control node serial interface
2021-09-05 10:33:59,106 :: INFO :: Control node : reset
2021-09-05 10:33:59,109 :: INFO :: Reset Control Node
2021-09-05 10:34:02,058 :: INFO :: Control node : start power of open node
2021-09-05 10:34:02,114 :: INFO :: Node OpenOCD: Setup of openocd node
2021-09-05 10:34:05,159 :: INFO :: Node OpenOCD: flash of openocd node
2021-09-05 10:34:05,174 :: INFO :: Flash firmware on OpenOCD: /tmp/tmpu8KkvI--d4a0543b7d1f359d92f0e4afc0b7f0cf_unicast-sender-count-30T-20B.iotlab-m3
2021-09-05 10:34:12,121 :: INFO :: Control node : Start experiment
2021-09-05 10:34:12,170 :: INFO :: Control Node set time delay: 1648 us
2021-09-05 10:34:12,203 :: INFO :: Control node : profile configuration
2021-09-05 10:34:12,206 :: INFO :: Configure profile on Control Node
2021-09-05 10:34:12,248 :: INFO :: Start experiment succeeded
2021-09-05 11:35:18,116 :: INFO :: Gateway Manager : Stop experiment
2021-09-05 11:35:18,126 :: INFO :: Stop experiment
2021-09-05 11:35:18,135 :: INFO :: Control node : stop of the experiment
2021-09-05 11:35:18,142 :: INFO :: Control node : profile configuration
2021-09-05 11:35:18,149 :: INFO :: Configure profile on Control Node
2021-09-05 11:35:18,230 :: INFO :: Control node : start power of open node
2021-09-05 11:35:18,276 :: INFO :: Node OpenOCD: teardown of openocd node
2021-09-05 11:35:21,318 :: INFO :: openocd node debugger stop
2021-09-05 11:35:21,984 :: INFO :: Node OpenOCD: flash of openocd node
2021-09-05 11:35:21,992 :: INFO :: Flash firmware on OpenOCD: /usr/lib/python2.7/site-packages/gateway_code/static/m3_idle.elf
2021-09-05 11:35:24,448 :: INFO :: Control node : Stop control node serial interface
2021-09-05 11:35:24,457 :: INFO :: Control node : stop power of open node
2021-09-05 11:35:24,548 :: INFO :: Control node : reset
2021-09-05 11:35:24,555 :: INFO :: Reset Control Node
2021-09-05 11:35:27,446 :: INFO :: Stop experiment succeeded
