2021-09-05 10:33:59,111 :: INFO :: Start experiment: luna-276353
2021-09-05 10:33:59,114 :: INFO :: Control node : Starting of control node serial interface
2021-09-05 10:33:59,117 :: INFO :: Control node : reset
2021-09-05 10:33:59,120 :: INFO :: Reset Control Node
2021-09-05 10:34:02,069 :: INFO :: Control node : start power of open node
2021-09-05 10:34:02,125 :: INFO :: Node OpenOCD: Setup of openocd node
2021-09-05 10:34:05,165 :: INFO :: Node OpenOCD: flash of openocd node
2021-09-05 10:34:05,181 :: INFO :: Flash firmware on OpenOCD: /tmp/tmpcsCc6X--d4a0543b7d1f359d92f0e4afc0b7f0cf_unicast-sender-count-30T-20B.iotlab-m3
2021-09-05 10:34:12,180 :: INFO :: Control node : Start experiment
2021-09-05 10:34:12,237 :: INFO :: Control Node set time delay: 1220 us
2021-09-05 10:34:12,261 :: INFO :: Control node : profile configuration
2021-09-05 10:34:12,267 :: INFO :: Configure profile on Control Node
2021-09-05 10:34:12,333 :: INFO :: Start experiment succeeded
2021-09-05 11:35:18,097 :: INFO :: Gateway Manager : Stop experiment
2021-09-05 11:35:18,117 :: INFO :: Stop experiment
2021-09-05 11:35:18,134 :: INFO :: Control node : stop of the experiment
2021-09-05 11:35:18,148 :: INFO :: Control node : profile configuration
2021-09-05 11:35:18,169 :: INFO :: Configure profile on Control Node
2021-09-05 11:35:18,342 :: INFO :: Control node : start power of open node
2021-09-05 11:35:18,367 :: INFO :: Node OpenOCD: teardown of openocd node
2021-09-05 11:35:21,403 :: INFO :: openocd node debugger stop
2021-09-05 11:35:22,088 :: INFO :: Node OpenOCD: flash of openocd node
2021-09-05 11:35:22,095 :: INFO :: Flash firmware on OpenOCD: /usr/lib/python2.7/site-packages/gateway_code/static/m3_idle.elf
2021-09-05 11:35:24,598 :: INFO :: Control node : Stop control node serial interface
2021-09-05 11:35:24,603 :: INFO :: Control node : stop power of open node
2021-09-05 11:35:24,660 :: INFO :: Control node : reset
2021-09-05 11:35:24,664 :: INFO :: Reset Control Node
2021-09-05 11:35:27,592 :: INFO :: Stop experiment succeeded
