2021-09-05 10:33:59,145 :: INFO :: Start experiment: luna-276353
2021-09-05 10:33:59,149 :: INFO :: Control node : Starting of control node serial interface
2021-09-05 10:33:59,152 :: INFO :: Control node : reset
2021-09-05 10:33:59,154 :: INFO :: Reset Control Node
2021-09-05 10:34:02,103 :: INFO :: Control node : start power of open node
2021-09-05 10:34:02,157 :: INFO :: Node OpenOCD: Setup of openocd node
2021-09-05 10:34:05,201 :: INFO :: Node OpenOCD: flash of openocd node
2021-09-05 10:34:05,216 :: INFO :: Flash firmware on OpenOCD: /tmp/tmpkAAkja--d4a0543b7d1f359d92f0e4afc0b7f0cf_unicast-sender-count-30T-20B.iotlab-m3
2021-09-05 10:34:12,117 :: INFO :: Control node : Start experiment
2021-09-05 10:34:12,174 :: INFO :: Control Node set time delay: 1862 us
2021-09-05 10:34:12,206 :: INFO :: Control node : profile configuration
2021-09-05 10:34:12,213 :: INFO :: Configure profile on Control Node
2021-09-05 10:34:12,292 :: INFO :: Start experiment succeeded
2021-09-05 11:35:18,120 :: INFO :: Gateway Manager : Stop experiment
2021-09-05 11:35:18,128 :: INFO :: Stop experiment
2021-09-05 11:35:18,137 :: INFO :: Control node : stop of the experiment
2021-09-05 11:35:18,143 :: INFO :: Control node : profile configuration
2021-09-05 11:35:18,150 :: INFO :: Configure profile on Control Node
2021-09-05 11:35:18,226 :: INFO :: Control node : start power of open node
2021-09-05 11:35:18,268 :: INFO :: Node OpenOCD: teardown of openocd node
2021-09-05 11:35:21,315 :: INFO :: openocd node debugger stop
2021-09-05 11:35:22,011 :: INFO :: Node OpenOCD: flash of openocd node
2021-09-05 11:35:22,026 :: INFO :: Flash firmware on OpenOCD: /usr/lib/python2.7/site-packages/gateway_code/static/m3_idle.elf
2021-09-05 11:35:24,537 :: INFO :: Control node : Stop control node serial interface
2021-09-05 11:35:24,545 :: INFO :: Control node : stop power of open node
2021-09-05 11:35:24,634 :: INFO :: Control node : reset
2021-09-05 11:35:24,641 :: INFO :: Reset Control Node
2021-09-05 11:35:27,478 :: INFO :: Stop experiment succeeded
