2021-09-05 10:33:59,121 :: INFO :: Start experiment: luna-276353
2021-09-05 10:33:59,124 :: INFO :: Control node : Starting of control node serial interface
2021-09-05 10:33:59,127 :: INFO :: Control node : reset
2021-09-05 10:33:59,130 :: INFO :: Reset Control Node
2021-09-05 10:34:02,096 :: INFO :: Control node : start power of open node
2021-09-05 10:34:02,151 :: INFO :: Node OpenOCD: Setup of openocd node
2021-09-05 10:34:05,190 :: INFO :: Node OpenOCD: flash of openocd node
2021-09-05 10:34:05,205 :: INFO :: Flash firmware on OpenOCD: /tmp/tmpQ6i4ZJ--d4a0543b7d1f359d92f0e4afc0b7f0cf_unicast-sender-count-30T-20B.iotlab-m3
2021-09-05 10:34:12,106 :: INFO :: Control node : Start experiment
2021-09-05 10:34:12,146 :: INFO :: Control Node set time delay: 1648 us
2021-09-05 10:34:12,172 :: INFO :: Control node : profile configuration
2021-09-05 10:34:12,179 :: INFO :: Configure profile on Control Node
2021-09-05 10:34:12,257 :: INFO :: Start experiment succeeded
2021-09-05 11:35:18,102 :: INFO :: Gateway Manager : Stop experiment
2021-09-05 11:35:18,122 :: INFO :: Stop experiment
2021-09-05 11:35:18,141 :: INFO :: Control node : stop of the experiment
2021-09-05 11:35:18,162 :: INFO :: Control node : profile configuration
2021-09-05 11:35:18,178 :: INFO :: Configure profile on Control Node
2021-09-05 11:35:18,332 :: INFO :: Control node : start power of open node
2021-09-05 11:35:18,352 :: INFO :: Node OpenOCD: teardown of openocd node
2021-09-05 11:35:21,389 :: INFO :: openocd node debugger stop
2021-09-05 11:35:22,082 :: INFO :: Node OpenOCD: flash of openocd node
2021-09-05 11:35:22,097 :: INFO :: Flash firmware on OpenOCD: /usr/lib/python2.7/site-packages/gateway_code/static/m3_idle.elf
2021-09-05 11:35:24,657 :: INFO :: Control node : Stop control node serial interface
2021-09-05 11:35:24,666 :: INFO :: Control node : stop power of open node
2021-09-05 11:35:24,754 :: INFO :: Control node : reset
2021-09-05 11:35:24,760 :: INFO :: Reset Control Node
2021-09-05 11:35:27,645 :: INFO :: Stop experiment succeeded
