2021-09-05 10:33:59,094 :: INFO :: Start experiment: luna-276353
2021-09-05 10:33:59,097 :: INFO :: Control node : Starting of control node serial interface
2021-09-05 10:33:59,100 :: INFO :: Control node : reset
2021-09-05 10:33:59,103 :: INFO :: Reset Control Node
2021-09-05 10:34:02,003 :: INFO :: Control node : start power of open node
2021-09-05 10:34:02,060 :: INFO :: Node OpenOCD: Setup of openocd node
2021-09-05 10:34:05,108 :: INFO :: Node OpenOCD: flash of openocd node
2021-09-05 10:34:05,126 :: INFO :: Flash firmware on OpenOCD: /tmp/tmpqlQURh--d4a0543b7d1f359d92f0e4afc0b7f0cf_unicast-sender-count-30T-20B.iotlab-m3
2021-09-05 10:34:11,984 :: INFO :: Control node : Start experiment
2021-09-05 10:34:12,048 :: INFO :: Control Node set time delay: 1495 us
2021-09-05 10:34:12,071 :: INFO :: Control node : profile configuration
2021-09-05 10:34:12,078 :: INFO :: Configure profile on Control Node
2021-09-05 10:34:12,157 :: INFO :: Start experiment succeeded
2021-09-05 11:35:18,059 :: INFO :: Gateway Manager : Stop experiment
2021-09-05 11:35:18,069 :: INFO :: Stop experiment
2021-09-05 11:35:18,079 :: INFO :: Control node : stop of the experiment
2021-09-05 11:35:18,086 :: INFO :: Control node : profile configuration
2021-09-05 11:35:18,093 :: INFO :: Configure profile on Control Node
2021-09-05 11:35:18,169 :: INFO :: Control node : start power of open node
2021-09-05 11:35:18,214 :: INFO :: Node OpenOCD: teardown of openocd node
2021-09-05 11:35:21,263 :: INFO :: openocd node debugger stop
2021-09-05 11:35:21,956 :: INFO :: Node OpenOCD: flash of openocd node
2021-09-05 11:35:21,971 :: INFO :: Flash firmware on OpenOCD: /usr/lib/python2.7/site-packages/gateway_code/static/m3_idle.elf
2021-09-05 11:35:24,510 :: INFO :: Control node : Stop control node serial interface
2021-09-05 11:35:24,515 :: INFO :: Control node : stop power of open node
2021-09-05 11:35:24,559 :: INFO :: Control node : reset
2021-09-05 11:35:24,563 :: INFO :: Reset Control Node
2021-09-05 11:35:27,474 :: INFO :: Stop experiment succeeded
