2021-09-06 21:24:21,963 :: INFO :: Start experiment: luna-276396
2021-09-06 21:24:21,967 :: INFO :: Control node : Starting of control node serial interface
2021-09-06 21:24:21,970 :: INFO :: Control node : reset
2021-09-06 21:24:21,972 :: INFO :: Reset Control Node
2021-09-06 21:24:24,929 :: INFO :: Control node : start power of open node
2021-09-06 21:24:24,984 :: INFO :: Node OpenOCD: Setup of openocd node
2021-09-06 21:24:28,030 :: INFO :: Node OpenOCD: flash of openocd node
2021-09-06 21:24:28,045 :: INFO :: Flash firmware on OpenOCD: /tmp/tmp3CsdN5--11b39be0afbe655a47f82e084cf5704d_unicast-sender-count-60T-191B.iotlab-m3
2021-09-06 21:24:34,997 :: INFO :: Control node : Start experiment
2021-09-06 21:24:35,084 :: INFO :: Control Node set time delay: 1648 us
2021-09-06 21:24:35,106 :: INFO :: Control node : profile configuration
2021-09-06 21:24:35,113 :: INFO :: Configure profile on Control Node
2021-09-06 21:24:35,192 :: INFO :: Start experiment succeeded
2021-09-06 22:25:40,898 :: INFO :: Gateway Manager : Stop experiment
2021-09-06 22:25:40,920 :: INFO :: Stop experiment
2021-09-06 22:25:40,940 :: INFO :: Control node : stop of the experiment
2021-09-06 22:25:40,957 :: INFO :: Control node : profile configuration
2021-09-06 22:25:40,975 :: INFO :: Configure profile on Control Node
2021-09-06 22:25:41,134 :: INFO :: Control node : start power of open node
2021-09-06 22:25:41,157 :: INFO :: Node OpenOCD: teardown of openocd node
2021-09-06 22:25:44,191 :: INFO :: openocd node debugger stop
2021-09-06 22:25:44,883 :: INFO :: Node OpenOCD: flash of openocd node
2021-09-06 22:25:44,898 :: INFO :: Flash firmware on OpenOCD: /usr/lib/python2.7/site-packages/gateway_code/static/m3_idle.elf
2021-09-06 22:25:47,464 :: INFO :: Control node : Stop control node serial interface
2021-09-06 22:25:47,473 :: INFO :: Control node : stop power of open node
2021-09-06 22:25:47,558 :: INFO :: Control node : reset
2021-09-06 22:25:47,565 :: INFO :: Reset Control Node
2021-09-06 22:25:50,457 :: INFO :: Stop experiment succeeded
