2021-09-06 21:24:21,984 :: INFO :: Start experiment: luna-276396
2021-09-06 21:24:21,988 :: INFO :: Control node : Starting of control node serial interface
2021-09-06 21:24:21,991 :: INFO :: Control node : reset
2021-09-06 21:24:21,993 :: INFO :: Reset Control Node
2021-09-06 21:24:24,949 :: INFO :: Control node : start power of open node
2021-09-06 21:24:25,004 :: INFO :: Node OpenOCD: Setup of openocd node
2021-09-06 21:24:28,047 :: INFO :: Node OpenOCD: flash of openocd node
2021-09-06 21:24:28,062 :: INFO :: Flash firmware on OpenOCD: /tmp/tmpDYtLPM--11b39be0afbe655a47f82e084cf5704d_unicast-sender-count-60T-191B.iotlab-m3
2021-09-06 21:24:34,933 :: INFO :: Control node : Start experiment
2021-09-06 21:24:34,979 :: INFO :: Control Node set time delay: 1739 us
2021-09-06 21:24:35,011 :: INFO :: Control node : profile configuration
2021-09-06 21:24:35,018 :: INFO :: Configure profile on Control Node
2021-09-06 21:24:35,097 :: INFO :: Start experiment succeeded
2021-09-06 22:25:40,909 :: INFO :: Gateway Manager : Stop experiment
2021-09-06 22:25:40,923 :: INFO :: Stop experiment
2021-09-06 22:25:40,932 :: INFO :: Control node : stop of the experiment
2021-09-06 22:25:40,940 :: INFO :: Control node : profile configuration
2021-09-06 22:25:40,950 :: INFO :: Configure profile on Control Node
2021-09-06 22:25:41,027 :: INFO :: Control node : start power of open node
2021-09-06 22:25:41,071 :: INFO :: Node OpenOCD: teardown of openocd node
2021-09-06 22:25:44,095 :: INFO :: openocd node debugger stop
2021-09-06 22:25:44,776 :: INFO :: Node OpenOCD: flash of openocd node
2021-09-06 22:25:44,783 :: INFO :: Flash firmware on OpenOCD: /usr/lib/python2.7/site-packages/gateway_code/static/m3_idle.elf
2021-09-06 22:25:47,296 :: INFO :: Control node : Stop control node serial interface
2021-09-06 22:25:47,305 :: INFO :: Control node : stop power of open node
2021-09-06 22:25:47,404 :: INFO :: Control node : reset
2021-09-06 22:25:47,410 :: INFO :: Reset Control Node
2021-09-06 22:25:50,286 :: INFO :: Stop experiment succeeded
