2021-09-05 09:32:11,990 :: INFO :: Start experiment: luna-276352
2021-09-05 09:32:11,994 :: INFO :: Control node : Starting of control node serial interface
2021-09-05 09:32:11,997 :: INFO :: Control node : reset
2021-09-05 09:32:12,000 :: INFO :: Reset Control Node
2021-09-05 09:32:14,952 :: INFO :: Control node : start power of open node
2021-09-05 09:32:15,009 :: INFO :: Node OpenOCD: Setup of openocd node
2021-09-05 09:32:18,050 :: INFO :: Node OpenOCD: flash of openocd node
2021-09-05 09:32:18,066 :: INFO :: Flash firmware on OpenOCD: /tmp/tmp2hCx68--a14ddd1a1d6cc1c4ffb46cbabc9d20fe_unicast-sender-count-10T-20B.iotlab-m3
2021-09-05 09:32:24,975 :: INFO :: Control node : Start experiment
2021-09-05 09:32:25,022 :: INFO :: Control Node set time delay: 1343 us
2021-09-05 09:32:25,054 :: INFO :: Control node : profile configuration
2021-09-05 09:32:25,061 :: INFO :: Configure profile on Control Node
2021-09-05 09:32:25,142 :: INFO :: Start experiment succeeded
2021-09-05 10:33:31,021 :: INFO :: Gateway Manager : Stop experiment
2021-09-05 10:33:31,030 :: INFO :: Stop experiment
2021-09-05 10:33:31,038 :: INFO :: Control node : stop of the experiment
2021-09-05 10:33:31,046 :: INFO :: Control node : profile configuration
2021-09-05 10:33:31,055 :: INFO :: Configure profile on Control Node
2021-09-05 10:33:31,131 :: INFO :: Control node : start power of open node
2021-09-05 10:33:31,173 :: INFO :: Node OpenOCD: teardown of openocd node
2021-09-05 10:33:34,219 :: INFO :: openocd node debugger stop
2021-09-05 10:33:34,802 :: INFO :: Node OpenOCD: flash of openocd node
2021-09-05 10:33:34,816 :: INFO :: Flash firmware on OpenOCD: /usr/lib/python2.7/site-packages/gateway_code/static/m3_idle.elf
2021-09-05 10:33:37,436 :: INFO :: Control node : Stop control node serial interface
2021-09-05 10:33:37,445 :: INFO :: Control node : stop power of open node
2021-09-05 10:33:37,543 :: INFO :: Control node : reset
2021-09-05 10:33:37,549 :: INFO :: Reset Control Node
2021-09-05 10:33:40,439 :: INFO :: Stop experiment succeeded
