2021-09-05 09:32:11,962 :: INFO :: Start experiment: luna-276352
2021-09-05 09:32:11,965 :: INFO :: Control node : Starting of control node serial interface
2021-09-05 09:32:11,968 :: INFO :: Control node : reset
2021-09-05 09:32:11,971 :: INFO :: Reset Control Node
2021-09-05 09:32:14,925 :: INFO :: Control node : start power of open node
2021-09-05 09:32:14,982 :: INFO :: Node OpenOCD: Setup of openocd node
2021-09-05 09:32:18,025 :: INFO :: Node OpenOCD: flash of openocd node
2021-09-05 09:32:18,040 :: INFO :: Flash firmware on OpenOCD: /tmp/tmpDBiF_N--a14ddd1a1d6cc1c4ffb46cbabc9d20fe_unicast-sender-count-10T-20B.iotlab-m3
2021-09-05 09:32:24,962 :: INFO :: Control node : Start experiment
2021-09-05 09:32:25,046 :: INFO :: Control Node set time delay: 1342 us
2021-09-05 09:32:25,080 :: INFO :: Control node : profile configuration
2021-09-05 09:32:25,084 :: INFO :: Configure profile on Control Node
2021-09-05 09:32:25,126 :: INFO :: Start experiment succeeded
2021-09-05 10:33:31,024 :: INFO :: Gateway Manager : Stop experiment
2021-09-05 10:33:31,033 :: INFO :: Stop experiment
2021-09-05 10:33:31,041 :: INFO :: Control node : stop of the experiment
2021-09-05 10:33:31,048 :: INFO :: Control node : profile configuration
2021-09-05 10:33:31,055 :: INFO :: Configure profile on Control Node
2021-09-05 10:33:31,132 :: INFO :: Control node : start power of open node
2021-09-05 10:33:31,174 :: INFO :: Node OpenOCD: teardown of openocd node
2021-09-05 10:33:34,232 :: INFO :: openocd node debugger stop
2021-09-05 10:33:34,923 :: INFO :: Node OpenOCD: flash of openocd node
2021-09-05 10:33:34,938 :: INFO :: Flash firmware on OpenOCD: /usr/lib/python2.7/site-packages/gateway_code/static/m3_idle.elf
2021-09-05 10:33:37,478 :: INFO :: Control node : Stop control node serial interface
2021-09-05 10:33:37,486 :: INFO :: Control node : stop power of open node
2021-09-05 10:33:37,596 :: INFO :: Control node : reset
2021-09-05 10:33:37,602 :: INFO :: Reset Control Node
2021-09-05 10:33:40,488 :: INFO :: Stop experiment succeeded
