2021-09-05 09:32:11,999 :: INFO :: Start experiment: luna-276352
2021-09-05 09:32:12,002 :: INFO :: Control node : Starting of control node serial interface
2021-09-05 09:32:12,005 :: INFO :: Control node : reset
2021-09-05 09:32:12,008 :: INFO :: Reset Control Node
2021-09-05 09:32:14,939 :: INFO :: Control node : start power of open node
2021-09-05 09:32:14,968 :: INFO :: Node OpenOCD: Setup of openocd node
2021-09-05 09:32:18,006 :: INFO :: Node OpenOCD: flash of openocd node
2021-09-05 09:32:18,024 :: INFO :: Flash firmware on OpenOCD: /tmp/tmp9USS_p--a14ddd1a1d6cc1c4ffb46cbabc9d20fe_unicast-sender-count-10T-20B.iotlab-m3
2021-09-05 09:32:24,923 :: INFO :: Control node : Start experiment
2021-09-05 09:32:24,992 :: INFO :: Control Node set time delay: 1099 us
2021-09-05 09:32:25,026 :: INFO :: Control node : profile configuration
2021-09-05 09:32:25,033 :: INFO :: Configure profile on Control Node
2021-09-05 09:32:25,113 :: INFO :: Start experiment succeeded
2021-09-05 10:33:31,016 :: INFO :: Gateway Manager : Stop experiment
2021-09-05 10:33:31,025 :: INFO :: Stop experiment
2021-09-05 10:33:31,033 :: INFO :: Control node : stop of the experiment
2021-09-05 10:33:31,040 :: INFO :: Control node : profile configuration
2021-09-05 10:33:31,047 :: INFO :: Configure profile on Control Node
2021-09-05 10:33:31,119 :: INFO :: Control node : start power of open node
2021-09-05 10:33:31,161 :: INFO :: Node OpenOCD: teardown of openocd node
2021-09-05 10:33:34,206 :: INFO :: openocd node debugger stop
2021-09-05 10:33:34,896 :: INFO :: Node OpenOCD: flash of openocd node
2021-09-05 10:33:34,910 :: INFO :: Flash firmware on OpenOCD: /usr/lib/python2.7/site-packages/gateway_code/static/m3_idle.elf
2021-09-05 10:33:37,524 :: INFO :: Control node : Stop control node serial interface
2021-09-05 10:33:37,533 :: INFO :: Control node : stop power of open node
2021-09-05 10:33:37,652 :: INFO :: Control node : reset
2021-09-05 10:33:37,659 :: INFO :: Reset Control Node
2021-09-05 10:33:40,540 :: INFO :: Stop experiment succeeded
