2021-09-05 09:32:11,962 :: INFO :: Start experiment: luna-276352
2021-09-05 09:32:11,965 :: INFO :: Control node : Starting of control node serial interface
2021-09-05 09:32:11,968 :: INFO :: Control node : reset
2021-09-05 09:32:11,971 :: INFO :: Reset Control Node
2021-09-05 09:32:14,922 :: INFO :: Control node : start power of open node
2021-09-05 09:32:14,980 :: INFO :: Node OpenOCD: Setup of openocd node
2021-09-05 09:32:18,034 :: INFO :: Node OpenOCD: flash of openocd node
2021-09-05 09:32:18,049 :: INFO :: Flash firmware on OpenOCD: /tmp/tmpYbywi5--a14ddd1a1d6cc1c4ffb46cbabc9d20fe_unicast-sender-count-10T-20B.iotlab-m3
2021-09-05 09:32:24,944 :: INFO :: Control node : Start experiment
2021-09-05 09:32:24,989 :: INFO :: Control Node set time delay: 1800 us
2021-09-05 09:32:25,023 :: INFO :: Control node : profile configuration
2021-09-05 09:32:25,029 :: INFO :: Configure profile on Control Node
2021-09-05 09:32:25,109 :: INFO :: Start experiment succeeded
2021-09-05 10:33:31,022 :: INFO :: Gateway Manager : Stop experiment
2021-09-05 10:33:31,032 :: INFO :: Stop experiment
2021-09-05 10:33:31,040 :: INFO :: Control node : stop of the experiment
2021-09-05 10:33:31,047 :: INFO :: Control node : profile configuration
2021-09-05 10:33:31,057 :: INFO :: Configure profile on Control Node
2021-09-05 10:33:31,131 :: INFO :: Control node : start power of open node
2021-09-05 10:33:31,175 :: INFO :: Node OpenOCD: teardown of openocd node
2021-09-05 10:33:34,231 :: INFO :: openocd node debugger stop
2021-09-05 10:33:34,851 :: INFO :: Node OpenOCD: flash of openocd node
2021-09-05 10:33:34,858 :: INFO :: Flash firmware on OpenOCD: /usr/lib/python2.7/site-packages/gateway_code/static/m3_idle.elf
2021-09-05 10:33:37,434 :: INFO :: Control node : Stop control node serial interface
2021-09-05 10:33:37,439 :: INFO :: Control node : stop power of open node
2021-09-05 10:33:37,537 :: INFO :: Control node : reset
2021-09-05 10:33:37,544 :: INFO :: Reset Control Node
2021-09-05 10:33:40,429 :: INFO :: Stop experiment succeeded
