2021-09-05 09:32:11,975 :: INFO :: Start experiment: luna-276352
2021-09-05 09:32:11,978 :: INFO :: Control node : Starting of control node serial interface
2021-09-05 09:32:11,981 :: INFO :: Control node : reset
2021-09-05 09:32:11,984 :: INFO :: Reset Control Node
2021-09-05 09:32:14,943 :: INFO :: Control node : start power of open node
2021-09-05 09:32:14,998 :: INFO :: Node OpenOCD: Setup of openocd node
2021-09-05 09:32:18,042 :: INFO :: Node OpenOCD: flash of openocd node
2021-09-05 09:32:18,057 :: INFO :: Flash firmware on OpenOCD: /tmp/tmpGyxF4W--a14ddd1a1d6cc1c4ffb46cbabc9d20fe_unicast-sender-count-10T-20B.iotlab-m3
2021-09-05 09:32:25,011 :: INFO :: Control node : Start experiment
2021-09-05 09:32:25,090 :: INFO :: Control Node set time delay: 2411 us
2021-09-05 09:32:25,123 :: INFO :: Control node : profile configuration
2021-09-05 09:32:25,129 :: INFO :: Configure profile on Control Node
2021-09-05 09:32:25,207 :: INFO :: Start experiment succeeded
2021-09-05 10:33:31,028 :: INFO :: Gateway Manager : Stop experiment
2021-09-05 10:33:31,048 :: INFO :: Stop experiment
2021-09-05 10:33:31,066 :: INFO :: Control node : stop of the experiment
2021-09-05 10:33:31,081 :: INFO :: Control node : profile configuration
2021-09-05 10:33:31,095 :: INFO :: Configure profile on Control Node
2021-09-05 10:33:31,264 :: INFO :: Control node : start power of open node
2021-09-05 10:33:31,290 :: INFO :: Node OpenOCD: teardown of openocd node
2021-09-05 10:33:34,335 :: INFO :: openocd node debugger stop
2021-09-05 10:33:35,019 :: INFO :: Node OpenOCD: flash of openocd node
2021-09-05 10:33:35,026 :: INFO :: Flash firmware on OpenOCD: /usr/lib/python2.7/site-packages/gateway_code/static/m3_idle.elf
2021-09-05 10:33:37,427 :: INFO :: Control node : Stop control node serial interface
2021-09-05 10:33:37,436 :: INFO :: Control node : stop power of open node
2021-09-05 10:33:37,554 :: INFO :: Control node : reset
2021-09-05 10:33:37,561 :: INFO :: Reset Control Node
2021-09-05 10:33:40,448 :: INFO :: Stop experiment succeeded
