2021-09-05 09:32:12,024 :: INFO :: Start experiment: luna-276352
2021-09-05 09:32:12,028 :: INFO :: Control node : Starting of control node serial interface
2021-09-05 09:32:12,031 :: INFO :: Control node : reset
2021-09-05 09:32:12,033 :: INFO :: Reset Control Node
2021-09-05 09:32:14,996 :: INFO :: Control node : start power of open node
2021-09-05 09:32:15,050 :: INFO :: Node OpenOCD: Setup of openocd node
2021-09-05 09:32:18,084 :: INFO :: Node OpenOCD: flash of openocd node
2021-09-05 09:32:18,099 :: INFO :: Flash firmware on OpenOCD: /tmp/tmpXGwXj6--a14ddd1a1d6cc1c4ffb46cbabc9d20fe_unicast-sender-count-10T-20B.iotlab-m3
2021-09-05 09:32:24,997 :: INFO :: Control node : Start experiment
2021-09-05 09:32:25,030 :: INFO :: Control Node set time delay: 1343 us
2021-09-05 09:32:25,047 :: INFO :: Control node : profile configuration
2021-09-05 09:32:25,051 :: INFO :: Configure profile on Control Node
2021-09-05 09:32:25,095 :: INFO :: Start experiment succeeded
2021-09-05 10:33:31,018 :: INFO :: Gateway Manager : Stop experiment
2021-09-05 10:33:31,027 :: INFO :: Stop experiment
2021-09-05 10:33:31,034 :: INFO :: Control node : stop of the experiment
2021-09-05 10:33:31,041 :: INFO :: Control node : profile configuration
2021-09-05 10:33:31,048 :: INFO :: Configure profile on Control Node
2021-09-05 10:33:31,118 :: INFO :: Control node : start power of open node
2021-09-05 10:33:31,159 :: INFO :: Node OpenOCD: teardown of openocd node
2021-09-05 10:33:34,197 :: INFO :: openocd node debugger stop
2021-09-05 10:33:34,882 :: INFO :: Node OpenOCD: flash of openocd node
2021-09-05 10:33:34,889 :: INFO :: Flash firmware on OpenOCD: /usr/lib/python2.7/site-packages/gateway_code/static/m3_idle.elf
2021-09-05 10:33:37,395 :: INFO :: Control node : Stop control node serial interface
2021-09-05 10:33:37,404 :: INFO :: Control node : stop power of open node
2021-09-05 10:33:37,506 :: INFO :: Control node : reset
2021-09-05 10:33:37,512 :: INFO :: Reset Control Node
2021-09-05 10:33:40,401 :: INFO :: Stop experiment succeeded
