2021-09-05 09:32:12,001 :: INFO :: Start experiment: luna-276352
2021-09-05 09:32:12,004 :: INFO :: Control node : Starting of control node serial interface
2021-09-05 09:32:12,007 :: INFO :: Control node : reset
2021-09-05 09:32:12,010 :: INFO :: Reset Control Node
2021-09-05 09:32:14,970 :: INFO :: Control node : start power of open node
2021-09-05 09:32:15,027 :: INFO :: Node OpenOCD: Setup of openocd node
2021-09-05 09:32:18,072 :: INFO :: Node OpenOCD: flash of openocd node
2021-09-05 09:32:18,087 :: INFO :: Flash firmware on OpenOCD: /tmp/tmp0qKiSf--a14ddd1a1d6cc1c4ffb46cbabc9d20fe_unicast-sender-count-10T-20B.iotlab-m3
2021-09-05 09:32:24,964 :: INFO :: Control node : Start experiment
2021-09-05 09:32:25,026 :: INFO :: Control Node set time delay: 1129 us
2021-09-05 09:32:25,059 :: INFO :: Control node : profile configuration
2021-09-05 09:32:25,065 :: INFO :: Configure profile on Control Node
2021-09-05 09:32:25,144 :: INFO :: Start experiment succeeded
2021-09-05 10:33:31,012 :: INFO :: Gateway Manager : Stop experiment
2021-09-05 10:33:31,021 :: INFO :: Stop experiment
2021-09-05 10:33:31,030 :: INFO :: Control node : stop of the experiment
2021-09-05 10:33:31,037 :: INFO :: Control node : profile configuration
2021-09-05 10:33:31,047 :: INFO :: Configure profile on Control Node
2021-09-05 10:33:31,121 :: INFO :: Control node : start power of open node
2021-09-05 10:33:31,166 :: INFO :: Node OpenOCD: teardown of openocd node
2021-09-05 10:33:34,214 :: INFO :: openocd node debugger stop
2021-09-05 10:33:34,891 :: INFO :: Node OpenOCD: flash of openocd node
2021-09-05 10:33:34,898 :: INFO :: Flash firmware on OpenOCD: /usr/lib/python2.7/site-packages/gateway_code/static/m3_idle.elf
2021-09-05 10:33:37,402 :: INFO :: Control node : Stop control node serial interface
2021-09-05 10:33:37,411 :: INFO :: Control node : stop power of open node
2021-09-05 10:33:37,510 :: INFO :: Control node : reset
2021-09-05 10:33:37,517 :: INFO :: Reset Control Node
2021-09-05 10:33:40,407 :: INFO :: Stop experiment succeeded
