2021-09-05 09:32:11,924 :: INFO :: Start experiment: luna-276352
2021-09-05 09:32:11,927 :: INFO :: Control node : Starting of control node serial interface
2021-09-05 09:32:11,930 :: INFO :: Control node : reset
2021-09-05 09:32:11,932 :: INFO :: Reset Control Node
2021-09-05 09:32:14,885 :: INFO :: Control node : start power of open node
2021-09-05 09:32:14,941 :: INFO :: Node OpenOCD: Setup of openocd node
2021-09-05 09:32:17,985 :: INFO :: Node OpenOCD: flash of openocd node
2021-09-05 09:32:18,000 :: INFO :: Flash firmware on OpenOCD: /tmp/tmpu1eYbJ--a14ddd1a1d6cc1c4ffb46cbabc9d20fe_unicast-sender-count-10T-20B.iotlab-m3
2021-09-05 09:32:24,889 :: INFO :: Control node : Start experiment
2021-09-05 09:32:24,941 :: INFO :: Control Node set time delay: 1709 us
2021-09-05 09:32:24,975 :: INFO :: Control node : profile configuration
2021-09-05 09:32:24,981 :: INFO :: Configure profile on Control Node
2021-09-05 09:32:25,060 :: INFO :: Start experiment succeeded
2021-09-05 10:33:31,025 :: INFO :: Gateway Manager : Stop experiment
2021-09-05 10:33:31,034 :: INFO :: Stop experiment
2021-09-05 10:33:31,042 :: INFO :: Control node : stop of the experiment
2021-09-05 10:33:31,050 :: INFO :: Control node : profile configuration
2021-09-05 10:33:31,057 :: INFO :: Configure profile on Control Node
2021-09-05 10:33:31,132 :: INFO :: Control node : start power of open node
2021-09-05 10:33:31,176 :: INFO :: Node OpenOCD: teardown of openocd node
2021-09-05 10:33:34,222 :: INFO :: openocd node debugger stop
2021-09-05 10:33:34,911 :: INFO :: Node OpenOCD: flash of openocd node
2021-09-05 10:33:34,918 :: INFO :: Flash firmware on OpenOCD: /usr/lib/python2.7/site-packages/gateway_code/static/m3_idle.elf
2021-09-05 10:33:37,422 :: INFO :: Control node : Stop control node serial interface
2021-09-05 10:33:37,431 :: INFO :: Control node : stop power of open node
2021-09-05 10:33:37,537 :: INFO :: Control node : reset
2021-09-05 10:33:37,544 :: INFO :: Reset Control Node
2021-09-05 10:33:40,435 :: INFO :: Stop experiment succeeded
