2021-09-05 09:32:12,004 :: INFO :: Start experiment: luna-276352
2021-09-05 09:32:12,007 :: INFO :: Control node : Starting of control node serial interface
2021-09-05 09:32:12,010 :: INFO :: Control node : reset
2021-09-05 09:32:12,013 :: INFO :: Reset Control Node
2021-09-05 09:32:14,971 :: INFO :: Control node : start power of open node
2021-09-05 09:32:15,027 :: INFO :: Node OpenOCD: Setup of openocd node
2021-09-05 09:32:18,075 :: INFO :: Node OpenOCD: flash of openocd node
2021-09-05 09:32:18,089 :: INFO :: Flash firmware on OpenOCD: /tmp/tmpmLan3k--a14ddd1a1d6cc1c4ffb46cbabc9d20fe_unicast-sender-count-10T-20B.iotlab-m3
2021-09-05 09:32:24,990 :: INFO :: Control node : Start experiment
2021-09-05 09:32:25,057 :: INFO :: Control Node set time delay: 1374 us
2021-09-05 09:32:25,079 :: INFO :: Control node : profile configuration
2021-09-05 09:32:25,082 :: INFO :: Configure profile on Control Node
2021-09-05 09:32:25,124 :: INFO :: Start experiment succeeded
2021-09-05 10:33:31,006 :: INFO :: Gateway Manager : Stop experiment
2021-09-05 10:33:31,015 :: INFO :: Stop experiment
2021-09-05 10:33:31,023 :: INFO :: Control node : stop of the experiment
2021-09-05 10:33:31,031 :: INFO :: Control node : profile configuration
2021-09-05 10:33:31,038 :: INFO :: Configure profile on Control Node
2021-09-05 10:33:31,116 :: INFO :: Control node : start power of open node
2021-09-05 10:33:31,161 :: INFO :: Node OpenOCD: teardown of openocd node
2021-09-05 10:33:34,214 :: INFO :: openocd node debugger stop
2021-09-05 10:33:34,898 :: INFO :: Node OpenOCD: flash of openocd node
2021-09-05 10:33:34,905 :: INFO :: Flash firmware on OpenOCD: /usr/lib/python2.7/site-packages/gateway_code/static/m3_idle.elf
2021-09-05 10:33:37,410 :: INFO :: Control node : Stop control node serial interface
2021-09-05 10:33:37,419 :: INFO :: Control node : stop power of open node
2021-09-05 10:33:37,513 :: INFO :: Control node : reset
2021-09-05 10:33:37,520 :: INFO :: Reset Control Node
2021-09-05 10:33:40,413 :: INFO :: Stop experiment succeeded
