2021-09-05 09:32:12,028 :: INFO :: Start experiment: luna-276352
2021-09-05 09:32:12,031 :: INFO :: Control node : Starting of control node serial interface
2021-09-05 09:32:12,034 :: INFO :: Control node : reset
2021-09-05 09:32:12,036 :: INFO :: Reset Control Node
2021-09-05 09:32:14,992 :: INFO :: Control node : start power of open node
2021-09-05 09:32:15,040 :: INFO :: Node OpenOCD: Setup of openocd node
2021-09-05 09:32:18,078 :: INFO :: Node OpenOCD: flash of openocd node
2021-09-05 09:32:18,096 :: INFO :: Flash firmware on OpenOCD: /tmp/tmpzVE4yM--a14ddd1a1d6cc1c4ffb46cbabc9d20fe_unicast-sender-count-10T-20B.iotlab-m3
2021-09-05 09:32:25,043 :: INFO :: Control node : Start experiment
2021-09-05 09:32:25,126 :: INFO :: Control Node set time delay: 1007 us
2021-09-05 09:32:25,158 :: INFO :: Control node : profile configuration
2021-09-05 09:32:25,165 :: INFO :: Configure profile on Control Node
2021-09-05 09:32:25,245 :: INFO :: Start experiment succeeded
2021-09-05 10:33:31,021 :: INFO :: Gateway Manager : Stop experiment
2021-09-05 10:33:31,030 :: INFO :: Stop experiment
2021-09-05 10:33:31,038 :: INFO :: Control node : stop of the experiment
2021-09-05 10:33:31,045 :: INFO :: Control node : profile configuration
2021-09-05 10:33:31,052 :: INFO :: Configure profile on Control Node
2021-09-05 10:33:31,126 :: INFO :: Control node : start power of open node
2021-09-05 10:33:31,167 :: INFO :: Node OpenOCD: teardown of openocd node
2021-09-05 10:33:34,215 :: INFO :: openocd node debugger stop
2021-09-05 10:33:34,911 :: INFO :: Node OpenOCD: flash of openocd node
2021-09-05 10:33:34,925 :: INFO :: Flash firmware on OpenOCD: /usr/lib/python2.7/site-packages/gateway_code/static/m3_idle.elf
2021-09-05 10:33:37,430 :: INFO :: Control node : Stop control node serial interface
2021-09-05 10:33:37,439 :: INFO :: Control node : stop power of open node
2021-09-05 10:33:37,529 :: INFO :: Control node : reset
2021-09-05 10:33:37,535 :: INFO :: Reset Control Node
2021-09-05 10:33:40,370 :: INFO :: Stop experiment succeeded
