2021-09-05 09:32:12,017 :: INFO :: Start experiment: luna-276352
2021-09-05 09:32:12,020 :: INFO :: Control node : Starting of control node serial interface
2021-09-05 09:32:12,023 :: INFO :: Control node : reset
2021-09-05 09:32:12,026 :: INFO :: Reset Control Node
2021-09-05 09:32:14,981 :: INFO :: Control node : start power of open node
2021-09-05 09:32:15,037 :: INFO :: Node OpenOCD: Setup of openocd node
2021-09-05 09:32:18,091 :: INFO :: Node OpenOCD: flash of openocd node
2021-09-05 09:32:18,107 :: INFO :: Flash firmware on OpenOCD: /tmp/tmp1esaKF--a14ddd1a1d6cc1c4ffb46cbabc9d20fe_unicast-sender-count-10T-20B.iotlab-m3
2021-09-05 09:32:25,009 :: INFO :: Control node : Start experiment
2021-09-05 09:32:25,076 :: INFO :: Control Node set time delay: 1129 us
2021-09-05 09:32:25,093 :: INFO :: Control node : profile configuration
2021-09-05 09:32:25,100 :: INFO :: Configure profile on Control Node
2021-09-05 09:32:25,179 :: INFO :: Start experiment succeeded
2021-09-05 10:33:31,030 :: INFO :: Gateway Manager : Stop experiment
2021-09-05 10:33:31,039 :: INFO :: Stop experiment
2021-09-05 10:33:31,048 :: INFO :: Control node : stop of the experiment
2021-09-05 10:33:31,055 :: INFO :: Control node : profile configuration
2021-09-05 10:33:31,062 :: INFO :: Configure profile on Control Node
2021-09-05 10:33:31,138 :: INFO :: Control node : start power of open node
2021-09-05 10:33:31,181 :: INFO :: Node OpenOCD: teardown of openocd node
2021-09-05 10:33:34,240 :: INFO :: openocd node debugger stop
2021-09-05 10:33:34,922 :: INFO :: Node OpenOCD: flash of openocd node
2021-09-05 10:33:34,929 :: INFO :: Flash firmware on OpenOCD: /usr/lib/python2.7/site-packages/gateway_code/static/m3_idle.elf
2021-09-05 10:33:37,435 :: INFO :: Control node : Stop control node serial interface
2021-09-05 10:33:37,444 :: INFO :: Control node : stop power of open node
2021-09-05 10:33:37,557 :: INFO :: Control node : reset
2021-09-05 10:33:37,563 :: INFO :: Reset Control Node
2021-09-05 10:33:40,450 :: INFO :: Stop experiment succeeded
