2021-09-05 09:32:11,939 :: INFO :: Start experiment: luna-276352
2021-09-05 09:32:11,943 :: INFO :: Control node : Starting of control node serial interface
2021-09-05 09:32:11,945 :: INFO :: Control node : reset
2021-09-05 09:32:11,948 :: INFO :: Reset Control Node
2021-09-05 09:32:14,906 :: INFO :: Control node : start power of open node
2021-09-05 09:32:14,965 :: INFO :: Node OpenOCD: Setup of openocd node
2021-09-05 09:32:18,008 :: INFO :: Node OpenOCD: flash of openocd node
2021-09-05 09:32:18,023 :: INFO :: Flash firmware on OpenOCD: /tmp/tmpBSo9vG--a14ddd1a1d6cc1c4ffb46cbabc9d20fe_unicast-sender-count-10T-20B.iotlab-m3
2021-09-05 09:32:24,983 :: INFO :: Control node : Start experiment
2021-09-05 09:32:25,048 :: INFO :: Control Node set time delay: 1861 us
2021-09-05 09:32:25,056 :: INFO :: Control node : profile configuration
2021-09-05 09:32:25,060 :: INFO :: Configure profile on Control Node
2021-09-05 09:32:25,103 :: INFO :: Start experiment succeeded
2021-09-05 10:33:31,000 :: INFO :: Gateway Manager : Stop experiment
2021-09-05 10:33:31,009 :: INFO :: Stop experiment
2021-09-05 10:33:31,018 :: INFO :: Control node : stop of the experiment
2021-09-05 10:33:31,025 :: INFO :: Control node : profile configuration
2021-09-05 10:33:31,032 :: INFO :: Configure profile on Control Node
2021-09-05 10:33:31,107 :: INFO :: Control node : start power of open node
2021-09-05 10:33:31,149 :: INFO :: Node OpenOCD: teardown of openocd node
2021-09-05 10:33:34,199 :: INFO :: openocd node debugger stop
2021-09-05 10:33:34,888 :: INFO :: Node OpenOCD: flash of openocd node
2021-09-05 10:33:34,903 :: INFO :: Flash firmware on OpenOCD: /usr/lib/python2.7/site-packages/gateway_code/static/m3_idle.elf
2021-09-05 10:33:37,468 :: INFO :: Control node : Stop control node serial interface
2021-09-05 10:33:37,473 :: INFO :: Control node : stop power of open node
2021-09-05 10:33:37,528 :: INFO :: Control node : reset
2021-09-05 10:33:37,535 :: INFO :: Reset Control Node
2021-09-05 10:33:40,421 :: INFO :: Stop experiment succeeded
