2021-09-05 09:32:12,010 :: INFO :: Start experiment: luna-276352
2021-09-05 09:32:12,013 :: INFO :: Control node : Starting of control node serial interface
2021-09-05 09:32:12,016 :: INFO :: Control node : reset
2021-09-05 09:32:12,019 :: INFO :: Reset Control Node
2021-09-05 09:32:14,984 :: INFO :: Control node : start power of open node
2021-09-05 09:32:15,039 :: INFO :: Node OpenOCD: Setup of openocd node
2021-09-05 09:32:18,088 :: INFO :: Node OpenOCD: flash of openocd node
2021-09-05 09:32:18,103 :: INFO :: Flash firmware on OpenOCD: /tmp/tmpur9mHs--a14ddd1a1d6cc1c4ffb46cbabc9d20fe_unicast-sender-count-10T-20B.iotlab-m3
2021-09-05 09:32:25,113 :: INFO :: Control node : Start experiment
2021-09-05 09:32:25,167 :: INFO :: Control Node set time delay: 1403 us
2021-09-05 09:32:25,184 :: INFO :: Control node : profile configuration
2021-09-05 09:32:25,187 :: INFO :: Configure profile on Control Node
2021-09-05 09:32:25,229 :: INFO :: Start experiment succeeded
2021-09-05 10:33:31,003 :: INFO :: Gateway Manager : Stop experiment
2021-09-05 10:33:31,012 :: INFO :: Stop experiment
2021-09-05 10:33:31,020 :: INFO :: Control node : stop of the experiment
2021-09-05 10:33:31,027 :: INFO :: Control node : profile configuration
2021-09-05 10:33:31,037 :: INFO :: Configure profile on Control Node
2021-09-05 10:33:31,108 :: INFO :: Control node : start power of open node
2021-09-05 10:33:31,150 :: INFO :: Node OpenOCD: teardown of openocd node
2021-09-05 10:33:34,204 :: INFO :: openocd node debugger stop
2021-09-05 10:33:34,863 :: INFO :: Node OpenOCD: flash of openocd node
2021-09-05 10:33:34,878 :: INFO :: Flash firmware on OpenOCD: /usr/lib/python2.7/site-packages/gateway_code/static/m3_idle.elf
2021-09-05 10:33:37,501 :: INFO :: Control node : Stop control node serial interface
2021-09-05 10:33:37,510 :: INFO :: Control node : stop power of open node
2021-09-05 10:33:37,618 :: INFO :: Control node : reset
2021-09-05 10:33:37,624 :: INFO :: Reset Control Node
2021-09-05 10:33:40,511 :: INFO :: Stop experiment succeeded
