2021-09-05 09:32:12,011 :: INFO :: Start experiment: luna-276352
2021-09-05 09:32:12,015 :: INFO :: Control node : Starting of control node serial interface
2021-09-05 09:32:12,017 :: INFO :: Control node : reset
2021-09-05 09:32:12,020 :: INFO :: Reset Control Node
2021-09-05 09:32:14,983 :: INFO :: Control node : start power of open node
2021-09-05 09:32:15,037 :: INFO :: Node OpenOCD: Setup of openocd node
2021-09-05 09:32:18,078 :: INFO :: Node OpenOCD: flash of openocd node
2021-09-05 09:32:18,094 :: INFO :: Flash firmware on OpenOCD: /tmp/tmpek1MvW--a14ddd1a1d6cc1c4ffb46cbabc9d20fe_unicast-sender-count-10T-20B.iotlab-m3
2021-09-05 09:32:25,151 :: INFO :: Control node : Start experiment
2021-09-05 09:32:25,219 :: INFO :: Control Node set time delay: 1129 us
2021-09-05 09:32:25,228 :: INFO :: Control node : profile configuration
2021-09-05 09:32:25,231 :: INFO :: Configure profile on Control Node
2021-09-05 09:32:25,273 :: INFO :: Start experiment succeeded
2021-09-05 10:33:31,019 :: INFO :: Gateway Manager : Stop experiment
2021-09-05 10:33:31,029 :: INFO :: Stop experiment
2021-09-05 10:33:31,037 :: INFO :: Control node : stop of the experiment
2021-09-05 10:33:31,044 :: INFO :: Control node : profile configuration
2021-09-05 10:33:31,050 :: INFO :: Configure profile on Control Node
2021-09-05 10:33:31,124 :: INFO :: Control node : start power of open node
2021-09-05 10:33:31,165 :: INFO :: Node OpenOCD: teardown of openocd node
2021-09-05 10:33:34,213 :: INFO :: openocd node debugger stop
2021-09-05 10:33:34,900 :: INFO :: Node OpenOCD: flash of openocd node
2021-09-05 10:33:34,907 :: INFO :: Flash firmware on OpenOCD: /usr/lib/python2.7/site-packages/gateway_code/static/m3_idle.elf
2021-09-05 10:33:37,409 :: INFO :: Control node : Stop control node serial interface
2021-09-05 10:33:37,414 :: INFO :: Control node : stop power of open node
2021-09-05 10:33:37,472 :: INFO :: Control node : reset
2021-09-05 10:33:37,476 :: INFO :: Reset Control Node
2021-09-05 10:33:40,416 :: INFO :: Stop experiment succeeded
