2021-09-05 12:37:34,109 :: INFO :: Start experiment: luna-276355
2021-09-05 12:37:34,112 :: INFO :: Control node : Starting of control node serial interface
2021-09-05 12:37:34,115 :: INFO :: Control node : reset
2021-09-05 12:37:34,118 :: INFO :: Reset Control Node
2021-09-05 12:37:37,077 :: INFO :: Control node : start power of open node
2021-09-05 12:37:37,133 :: INFO :: Node OpenOCD: Setup of openocd node
2021-09-05 12:37:40,185 :: INFO :: Node OpenOCD: flash of openocd node
2021-09-05 12:37:40,200 :: INFO :: Flash firmware on OpenOCD: /tmp/tmpk0yosV--93e977ac3781fe5042fd86dcc34ed19b_unicast-sender-count-10T-100B.iotlab-m3
2021-09-05 12:37:47,205 :: INFO :: Control node : Start experiment
2021-09-05 12:37:47,251 :: INFO :: Control Node set time delay: 1739 us
2021-09-05 12:37:47,283 :: INFO :: Control node : profile configuration
2021-09-05 12:37:47,290 :: INFO :: Configure profile on Control Node
2021-09-05 12:37:47,339 :: INFO :: Start experiment succeeded
2021-09-05 13:38:53,298 :: INFO :: Gateway Manager : Stop experiment
2021-09-05 13:38:53,307 :: INFO :: Stop experiment
2021-09-05 13:38:53,315 :: INFO :: Control node : stop of the experiment
2021-09-05 13:38:53,322 :: INFO :: Control node : profile configuration
2021-09-05 13:38:53,332 :: INFO :: Configure profile on Control Node
2021-09-05 13:38:53,414 :: INFO :: Control node : start power of open node
2021-09-05 13:38:53,458 :: INFO :: Node OpenOCD: teardown of openocd node
2021-09-05 13:38:56,534 :: INFO :: openocd node debugger stop
2021-09-05 13:38:57,218 :: INFO :: Node OpenOCD: flash of openocd node
2021-09-05 13:38:57,225 :: INFO :: Flash firmware on OpenOCD: /usr/lib/python2.7/site-packages/gateway_code/static/m3_idle.elf
2021-09-05 13:38:59,732 :: INFO :: Control node : Stop control node serial interface
2021-09-05 13:38:59,737 :: INFO :: Control node : stop power of open node
2021-09-05 13:38:59,806 :: INFO :: Control node : reset
2021-09-05 13:38:59,810 :: INFO :: Reset Control Node
2021-09-05 13:39:02,693 :: INFO :: Stop experiment succeeded
