2021-09-05 12:37:34,234 :: INFO :: Start experiment: luna-276355
2021-09-05 12:37:34,238 :: INFO :: Control node : Starting of control node serial interface
2021-09-05 12:37:34,241 :: INFO :: Control node : reset
2021-09-05 12:37:34,243 :: INFO :: Reset Control Node
2021-09-05 12:37:37,257 :: INFO :: Control node : start power of open node
2021-09-05 12:37:37,315 :: INFO :: Node OpenOCD: Setup of openocd node
2021-09-05 12:37:40,360 :: INFO :: Node OpenOCD: flash of openocd node
2021-09-05 12:37:40,374 :: INFO :: Flash firmware on OpenOCD: /tmp/tmpevozMj--93e977ac3781fe5042fd86dcc34ed19b_unicast-sender-count-10T-100B.iotlab-m3
2021-09-05 12:37:47,291 :: INFO :: Control node : Start experiment
2021-09-05 12:37:47,380 :: INFO :: Control Node set time delay: 1587 us
2021-09-05 12:37:47,409 :: INFO :: Control node : profile configuration
2021-09-05 12:37:47,415 :: INFO :: Configure profile on Control Node
2021-09-05 12:37:47,462 :: INFO :: Start experiment succeeded
2021-09-05 13:38:53,348 :: INFO :: Gateway Manager : Stop experiment
2021-09-05 13:38:53,359 :: INFO :: Stop experiment
2021-09-05 13:38:53,367 :: INFO :: Control node : stop of the experiment
2021-09-05 13:38:53,377 :: INFO :: Control node : profile configuration
2021-09-05 13:38:53,388 :: INFO :: Configure profile on Control Node
2021-09-05 13:38:53,483 :: INFO :: Control node : start power of open node
2021-09-05 13:38:53,526 :: INFO :: Node OpenOCD: teardown of openocd node
2021-09-05 13:38:56,575 :: INFO :: openocd node debugger stop
2021-09-05 13:38:57,261 :: INFO :: Node OpenOCD: flash of openocd node
2021-09-05 13:38:57,268 :: INFO :: Flash firmware on OpenOCD: /usr/lib/python2.7/site-packages/gateway_code/static/m3_idle.elf
2021-09-05 13:38:59,774 :: INFO :: Control node : Stop control node serial interface
2021-09-05 13:38:59,783 :: INFO :: Control node : stop power of open node
2021-09-05 13:38:59,891 :: INFO :: Control node : reset
2021-09-05 13:38:59,898 :: INFO :: Reset Control Node
2021-09-05 13:39:02,782 :: INFO :: Stop experiment succeeded
