2021-09-05 12:37:34,259 :: INFO :: Start experiment: luna-276355
2021-09-05 12:37:34,263 :: INFO :: Control node : Starting of control node serial interface
2021-09-05 12:37:34,266 :: INFO :: Control node : reset
2021-09-05 12:37:34,269 :: INFO :: Reset Control Node
2021-09-05 12:37:37,228 :: INFO :: Control node : start power of open node
2021-09-05 12:37:37,283 :: INFO :: Node OpenOCD: Setup of openocd node
2021-09-05 12:37:40,332 :: INFO :: Node OpenOCD: flash of openocd node
2021-09-05 12:37:40,347 :: INFO :: Flash firmware on OpenOCD: /tmp/tmpimNxED--93e977ac3781fe5042fd86dcc34ed19b_unicast-sender-count-10T-100B.iotlab-m3
2021-09-05 12:37:47,262 :: INFO :: Control node : Start experiment
2021-09-05 12:37:47,311 :: INFO :: Control Node set time delay: 1862 us
2021-09-05 12:37:47,339 :: INFO :: Control node : profile configuration
2021-09-05 12:37:47,343 :: INFO :: Configure profile on Control Node
2021-09-05 12:37:47,385 :: INFO :: Start experiment succeeded
2021-09-05 13:38:53,304 :: INFO :: Gateway Manager : Stop experiment
2021-09-05 13:38:53,314 :: INFO :: Stop experiment
2021-09-05 13:38:53,322 :: INFO :: Control node : stop of the experiment
2021-09-05 13:38:53,330 :: INFO :: Control node : profile configuration
2021-09-05 13:38:53,337 :: INFO :: Configure profile on Control Node
2021-09-05 13:38:53,442 :: INFO :: Control node : start power of open node
2021-09-05 13:38:53,487 :: INFO :: Node OpenOCD: teardown of openocd node
2021-09-05 13:38:56,552 :: INFO :: openocd node debugger stop
2021-09-05 13:38:57,237 :: INFO :: Node OpenOCD: flash of openocd node
2021-09-05 13:38:57,244 :: INFO :: Flash firmware on OpenOCD: /usr/lib/python2.7/site-packages/gateway_code/static/m3_idle.elf
2021-09-05 13:38:59,699 :: INFO :: Control node : Stop control node serial interface
2021-09-05 13:38:59,708 :: INFO :: Control node : stop power of open node
2021-09-05 13:38:59,806 :: INFO :: Control node : reset
2021-09-05 13:38:59,813 :: INFO :: Reset Control Node
2021-09-05 13:39:02,652 :: INFO :: Stop experiment succeeded
