2021-09-05 12:37:34,188 :: INFO :: Start experiment: luna-276355
2021-09-05 12:37:34,192 :: INFO :: Control node : Starting of control node serial interface
2021-09-05 12:37:34,195 :: INFO :: Control node : reset
2021-09-05 12:37:34,197 :: INFO :: Reset Control Node
2021-09-05 12:37:37,128 :: INFO :: Control node : start power of open node
2021-09-05 12:37:37,144 :: INFO :: Node OpenOCD: Setup of openocd node
2021-09-05 12:37:40,177 :: INFO :: Node OpenOCD: flash of openocd node
2021-09-05 12:37:40,195 :: INFO :: Flash firmware on OpenOCD: /tmp/tmpS58NR5--93e977ac3781fe5042fd86dcc34ed19b_unicast-sender-count-10T-100B.iotlab-m3
2021-09-05 12:37:47,151 :: INFO :: Control node : Start experiment
2021-09-05 12:37:47,201 :: INFO :: Control Node set time delay: 1831 us
2021-09-05 12:37:47,234 :: INFO :: Control node : profile configuration
2021-09-05 12:37:47,241 :: INFO :: Configure profile on Control Node
2021-09-05 12:37:47,293 :: INFO :: Start experiment succeeded
2021-09-05 13:38:53,299 :: INFO :: Gateway Manager : Stop experiment
2021-09-05 13:38:53,309 :: INFO :: Stop experiment
2021-09-05 13:38:53,317 :: INFO :: Control node : stop of the experiment
2021-09-05 13:38:53,324 :: INFO :: Control node : profile configuration
2021-09-05 13:38:53,332 :: INFO :: Configure profile on Control Node
2021-09-05 13:38:53,409 :: INFO :: Control node : start power of open node
2021-09-05 13:38:53,454 :: INFO :: Node OpenOCD: teardown of openocd node
2021-09-05 13:38:56,527 :: INFO :: openocd node debugger stop
2021-09-05 13:38:57,217 :: INFO :: Node OpenOCD: flash of openocd node
2021-09-05 13:38:57,233 :: INFO :: Flash firmware on OpenOCD: /usr/lib/python2.7/site-packages/gateway_code/static/m3_idle.elf
2021-09-05 13:38:59,757 :: INFO :: Control node : Stop control node serial interface
2021-09-05 13:38:59,766 :: INFO :: Control node : stop power of open node
2021-09-05 13:38:59,868 :: INFO :: Control node : reset
2021-09-05 13:38:59,874 :: INFO :: Reset Control Node
2021-09-05 13:39:02,760 :: INFO :: Stop experiment succeeded
