2021-09-05 12:37:34,254 :: INFO :: Start experiment: luna-276355
2021-09-05 12:37:34,258 :: INFO :: Control node : Starting of control node serial interface
2021-09-05 12:37:34,261 :: INFO :: Control node : reset
2021-09-05 12:37:34,263 :: INFO :: Reset Control Node
2021-09-05 12:37:37,260 :: INFO :: Control node : start power of open node
2021-09-05 12:37:37,275 :: INFO :: Node OpenOCD: Setup of openocd node
2021-09-05 12:37:40,308 :: INFO :: Node OpenOCD: flash of openocd node
2021-09-05 12:37:40,323 :: INFO :: Flash firmware on OpenOCD: /tmp/tmpOA708K--93e977ac3781fe5042fd86dcc34ed19b_unicast-sender-count-10T-100B.iotlab-m3
2021-09-05 12:37:47,223 :: INFO :: Control node : Start experiment
2021-09-05 12:37:47,255 :: INFO :: Control Node set time delay: 1343 us
2021-09-05 12:37:47,272 :: INFO :: Control node : profile configuration
2021-09-05 12:37:47,276 :: INFO :: Configure profile on Control Node
2021-09-05 12:37:47,320 :: INFO :: Start experiment succeeded
2021-09-05 13:38:53,334 :: INFO :: Gateway Manager : Stop experiment
2021-09-05 13:38:53,347 :: INFO :: Stop experiment
2021-09-05 13:38:53,359 :: INFO :: Control node : stop of the experiment
2021-09-05 13:38:53,370 :: INFO :: Control node : profile configuration
2021-09-05 13:38:53,389 :: INFO :: Configure profile on Control Node
2021-09-05 13:38:53,482 :: INFO :: Control node : start power of open node
2021-09-05 13:38:53,526 :: INFO :: Node OpenOCD: teardown of openocd node
2021-09-05 13:38:56,598 :: INFO :: openocd node debugger stop
2021-09-05 13:38:57,282 :: INFO :: Node OpenOCD: flash of openocd node
2021-09-05 13:38:57,289 :: INFO :: Flash firmware on OpenOCD: /usr/lib/python2.7/site-packages/gateway_code/static/m3_idle.elf
2021-09-05 13:38:59,744 :: INFO :: Control node : Stop control node serial interface
2021-09-05 13:38:59,753 :: INFO :: Control node : stop power of open node
2021-09-05 13:38:59,868 :: INFO :: Control node : reset
2021-09-05 13:38:59,875 :: INFO :: Reset Control Node
2021-09-05 13:39:02,697 :: INFO :: Stop experiment succeeded
