2021-09-05 12:37:34,172 :: INFO :: Start experiment: luna-276355
2021-09-05 12:37:34,175 :: INFO :: Control node : Starting of control node serial interface
2021-09-05 12:37:34,178 :: INFO :: Control node : reset
2021-09-05 12:37:34,181 :: INFO :: Reset Control Node
2021-09-05 12:37:37,134 :: INFO :: Control node : start power of open node
2021-09-05 12:37:37,190 :: INFO :: Node OpenOCD: Setup of openocd node
2021-09-05 12:37:40,234 :: INFO :: Node OpenOCD: flash of openocd node
2021-09-05 12:37:40,250 :: INFO :: Flash firmware on OpenOCD: /tmp/tmpgeZSyX--93e977ac3781fe5042fd86dcc34ed19b_unicast-sender-count-10T-100B.iotlab-m3
2021-09-05 12:37:47,220 :: INFO :: Control node : Start experiment
2021-09-05 12:37:47,269 :: INFO :: Control Node set time delay: 1220 us
2021-09-05 12:37:47,302 :: INFO :: Control node : profile configuration
2021-09-05 12:37:47,308 :: INFO :: Configure profile on Control Node
2021-09-05 12:37:47,360 :: INFO :: Start experiment succeeded
2021-09-05 13:38:53,293 :: INFO :: Gateway Manager : Stop experiment
2021-09-05 13:38:53,303 :: INFO :: Stop experiment
2021-09-05 13:38:53,311 :: INFO :: Control node : stop of the experiment
2021-09-05 13:38:53,319 :: INFO :: Control node : profile configuration
2021-09-05 13:38:53,327 :: INFO :: Configure profile on Control Node
2021-09-05 13:38:53,405 :: INFO :: Control node : start power of open node
2021-09-05 13:38:53,449 :: INFO :: Node OpenOCD: teardown of openocd node
2021-09-05 13:38:56,525 :: INFO :: openocd node debugger stop
2021-09-05 13:38:57,217 :: INFO :: Node OpenOCD: flash of openocd node
2021-09-05 13:38:57,233 :: INFO :: Flash firmware on OpenOCD: /usr/lib/python2.7/site-packages/gateway_code/static/m3_idle.elf
2021-09-05 13:38:59,802 :: INFO :: Control node : Stop control node serial interface
2021-09-05 13:38:59,812 :: INFO :: Control node : stop power of open node
2021-09-05 13:38:59,921 :: INFO :: Control node : reset
2021-09-05 13:38:59,928 :: INFO :: Reset Control Node
2021-09-05 13:39:02,813 :: INFO :: Stop experiment succeeded
