2021-09-05 12:37:34,189 :: INFO :: Start experiment: luna-276355
2021-09-05 12:37:34,193 :: INFO :: Control node : Starting of control node serial interface
2021-09-05 12:37:34,195 :: INFO :: Control node : reset
2021-09-05 12:37:34,198 :: INFO :: Reset Control Node
2021-09-05 12:37:37,209 :: INFO :: Control node : start power of open node
2021-09-05 12:37:37,270 :: INFO :: Node OpenOCD: Setup of openocd node
2021-09-05 12:37:40,318 :: INFO :: Node OpenOCD: flash of openocd node
2021-09-05 12:37:40,333 :: INFO :: Flash firmware on OpenOCD: /tmp/tmpKzJt79--93e977ac3781fe5042fd86dcc34ed19b_unicast-sender-count-10T-100B.iotlab-m3
2021-09-05 12:37:47,316 :: INFO :: Control node : Start experiment
2021-09-05 12:37:47,369 :: INFO :: Control Node set time delay: 1373 us
2021-09-05 12:37:47,384 :: INFO :: Control node : profile configuration
2021-09-05 12:37:47,387 :: INFO :: Configure profile on Control Node
2021-09-05 12:37:47,432 :: INFO :: Start experiment succeeded
2021-09-05 13:38:53,284 :: INFO :: Gateway Manager : Stop experiment
2021-09-05 13:38:53,293 :: INFO :: Stop experiment
2021-09-05 13:38:53,302 :: INFO :: Control node : stop of the experiment
2021-09-05 13:38:53,309 :: INFO :: Control node : profile configuration
2021-09-05 13:38:53,319 :: INFO :: Configure profile on Control Node
2021-09-05 13:38:53,393 :: INFO :: Control node : start power of open node
2021-09-05 13:38:53,436 :: INFO :: Node OpenOCD: teardown of openocd node
2021-09-05 13:38:56,514 :: INFO :: openocd node debugger stop
2021-09-05 13:38:57,211 :: INFO :: Node OpenOCD: flash of openocd node
2021-09-05 13:38:57,225 :: INFO :: Flash firmware on OpenOCD: /usr/lib/python2.7/site-packages/gateway_code/static/m3_idle.elf
2021-09-05 13:38:59,802 :: INFO :: Control node : Stop control node serial interface
2021-09-05 13:38:59,806 :: INFO :: Control node : stop power of open node
2021-09-05 13:38:59,868 :: INFO :: Control node : reset
2021-09-05 13:38:59,875 :: INFO :: Reset Control Node
2021-09-05 13:39:02,762 :: INFO :: Stop experiment succeeded
