2021-09-05 12:37:34,194 :: INFO :: Start experiment: luna-276355
2021-09-05 12:37:34,198 :: INFO :: Control node : Starting of control node serial interface
2021-09-05 12:37:34,200 :: INFO :: Control node : reset
2021-09-05 12:37:34,203 :: INFO :: Reset Control Node
2021-09-05 12:37:37,132 :: INFO :: Control node : start power of open node
2021-09-05 12:37:37,160 :: INFO :: Node OpenOCD: Setup of openocd node
2021-09-05 12:37:40,199 :: INFO :: Node OpenOCD: flash of openocd node
2021-09-05 12:37:40,218 :: INFO :: Flash firmware on OpenOCD: /tmp/tmpZlgRiW--93e977ac3781fe5042fd86dcc34ed19b_unicast-sender-count-10T-100B.iotlab-m3
2021-09-05 12:37:47,173 :: INFO :: Control node : Start experiment
2021-09-05 12:37:47,221 :: INFO :: Control Node set time delay: 1098 us
2021-09-05 12:37:47,253 :: INFO :: Control node : profile configuration
2021-09-05 12:37:47,260 :: INFO :: Configure profile on Control Node
2021-09-05 12:37:47,306 :: INFO :: Start experiment succeeded
2021-09-05 13:38:53,296 :: INFO :: Gateway Manager : Stop experiment
2021-09-05 13:38:53,305 :: INFO :: Stop experiment
2021-09-05 13:38:53,313 :: INFO :: Control node : stop of the experiment
2021-09-05 13:38:53,320 :: INFO :: Control node : profile configuration
2021-09-05 13:38:53,328 :: INFO :: Configure profile on Control Node
2021-09-05 13:38:53,403 :: INFO :: Control node : start power of open node
2021-09-05 13:38:53,447 :: INFO :: Node OpenOCD: teardown of openocd node
2021-09-05 13:38:56,511 :: INFO :: openocd node debugger stop
2021-09-05 13:38:57,186 :: INFO :: Node OpenOCD: flash of openocd node
2021-09-05 13:38:57,193 :: INFO :: Flash firmware on OpenOCD: /usr/lib/python2.7/site-packages/gateway_code/static/m3_idle.elf
2021-09-05 13:38:59,699 :: INFO :: Control node : Stop control node serial interface
2021-09-05 13:38:59,708 :: INFO :: Control node : stop power of open node
2021-09-05 13:38:59,818 :: INFO :: Control node : reset
2021-09-05 13:38:59,825 :: INFO :: Reset Control Node
2021-09-05 13:39:02,663 :: INFO :: Stop experiment succeeded
