2021-09-05 12:37:34,171 :: INFO :: Start experiment: luna-276355
2021-09-05 12:37:34,174 :: INFO :: Control node : Starting of control node serial interface
2021-09-05 12:37:34,177 :: INFO :: Control node : reset
2021-09-05 12:37:34,180 :: INFO :: Reset Control Node
2021-09-05 12:37:37,111 :: INFO :: Control node : start power of open node
2021-09-05 12:37:37,140 :: INFO :: Node OpenOCD: Setup of openocd node
2021-09-05 12:37:40,180 :: INFO :: Node OpenOCD: flash of openocd node
2021-09-05 12:37:40,199 :: INFO :: Flash firmware on OpenOCD: /tmp/tmpJRKu6u--93e977ac3781fe5042fd86dcc34ed19b_unicast-sender-count-10T-100B.iotlab-m3
2021-09-05 12:37:47,099 :: INFO :: Control node : Start experiment
2021-09-05 12:37:47,164 :: INFO :: Control Node set time delay: 1129 us
2021-09-05 12:37:47,188 :: INFO :: Control node : profile configuration
2021-09-05 12:37:47,194 :: INFO :: Configure profile on Control Node
2021-09-05 12:37:47,274 :: INFO :: Start experiment succeeded
2021-09-05 13:38:53,287 :: INFO :: Gateway Manager : Stop experiment
2021-09-05 13:38:53,296 :: INFO :: Stop experiment
2021-09-05 13:38:53,305 :: INFO :: Control node : stop of the experiment
2021-09-05 13:38:53,313 :: INFO :: Control node : profile configuration
2021-09-05 13:38:53,320 :: INFO :: Configure profile on Control Node
2021-09-05 13:38:53,399 :: INFO :: Control node : start power of open node
2021-09-05 13:38:53,444 :: INFO :: Node OpenOCD: teardown of openocd node
2021-09-05 13:38:56,522 :: INFO :: openocd node debugger stop
2021-09-05 13:38:57,116 :: INFO :: Node OpenOCD: flash of openocd node
2021-09-05 13:38:57,130 :: INFO :: Flash firmware on OpenOCD: /usr/lib/python2.7/site-packages/gateway_code/static/m3_idle.elf
2021-09-05 13:38:59,712 :: INFO :: Control node : Stop control node serial interface
2021-09-05 13:38:59,720 :: INFO :: Control node : stop power of open node
2021-09-05 13:38:59,816 :: INFO :: Control node : reset
2021-09-05 13:38:59,823 :: INFO :: Reset Control Node
2021-09-05 13:39:02,709 :: INFO :: Stop experiment succeeded
