2021-09-05 12:37:34,226 :: INFO :: Start experiment: luna-276355
2021-09-05 12:37:34,230 :: INFO :: Control node : Starting of control node serial interface
2021-09-05 12:37:34,232 :: INFO :: Control node : reset
2021-09-05 12:37:34,235 :: INFO :: Reset Control Node
2021-09-05 12:37:37,188 :: INFO :: Control node : start power of open node
2021-09-05 12:37:37,244 :: INFO :: Node OpenOCD: Setup of openocd node
2021-09-05 12:37:40,296 :: INFO :: Node OpenOCD: flash of openocd node
2021-09-05 12:37:40,311 :: INFO :: Flash firmware on OpenOCD: /tmp/tmpD9W51r--93e977ac3781fe5042fd86dcc34ed19b_unicast-sender-count-10T-100B.iotlab-m3
2021-09-05 12:37:47,266 :: INFO :: Control node : Start experiment
2021-09-05 12:37:47,313 :: INFO :: Control Node set time delay: 1526 us
2021-09-05 12:37:47,331 :: INFO :: Control node : profile configuration
2021-09-05 12:37:47,334 :: INFO :: Configure profile on Control Node
2021-09-05 12:37:47,376 :: INFO :: Start experiment succeeded
2021-09-05 13:38:53,312 :: INFO :: Gateway Manager : Stop experiment
2021-09-05 13:38:53,322 :: INFO :: Stop experiment
2021-09-05 13:38:53,331 :: INFO :: Control node : stop of the experiment
2021-09-05 13:38:53,339 :: INFO :: Control node : profile configuration
2021-09-05 13:38:53,346 :: INFO :: Configure profile on Control Node
2021-09-05 13:38:53,421 :: INFO :: Control node : start power of open node
2021-09-05 13:38:53,457 :: INFO :: Node OpenOCD: teardown of openocd node
2021-09-05 13:38:56,519 :: INFO :: openocd node debugger stop
2021-09-05 13:38:57,202 :: INFO :: Node OpenOCD: flash of openocd node
2021-09-05 13:38:57,218 :: INFO :: Flash firmware on OpenOCD: /usr/lib/python2.7/site-packages/gateway_code/static/m3_idle.elf
2021-09-05 13:38:59,785 :: INFO :: Control node : Stop control node serial interface
2021-09-05 13:38:59,794 :: INFO :: Control node : stop power of open node
2021-09-05 13:38:59,895 :: INFO :: Control node : reset
2021-09-05 13:38:59,902 :: INFO :: Reset Control Node
2021-09-05 13:39:02,786 :: INFO :: Stop experiment succeeded
