2021-09-05 12:37:34,144 :: INFO :: Start experiment: luna-276355
2021-09-05 12:37:34,147 :: INFO :: Control node : Starting of control node serial interface
2021-09-05 12:37:34,150 :: INFO :: Control node : reset
2021-09-05 12:37:34,153 :: INFO :: Reset Control Node
2021-09-05 12:37:37,101 :: INFO :: Control node : start power of open node
2021-09-05 12:37:37,158 :: INFO :: Node OpenOCD: Setup of openocd node
2021-09-05 12:37:40,208 :: INFO :: Node OpenOCD: flash of openocd node
2021-09-05 12:37:40,226 :: INFO :: Flash firmware on OpenOCD: /tmp/tmpDFVwCX--93e977ac3781fe5042fd86dcc34ed19b_unicast-sender-count-10T-100B.iotlab-m3
2021-09-05 12:37:47,123 :: INFO :: Control node : Start experiment
2021-09-05 12:37:47,188 :: INFO :: Control Node set time delay: 1831 us
2021-09-05 12:37:47,222 :: INFO :: Control node : profile configuration
2021-09-05 12:37:47,229 :: INFO :: Configure profile on Control Node
2021-09-05 12:37:47,307 :: INFO :: Start experiment succeeded
2021-09-05 13:38:53,298 :: INFO :: Gateway Manager : Stop experiment
2021-09-05 13:38:53,307 :: INFO :: Stop experiment
2021-09-05 13:38:53,316 :: INFO :: Control node : stop of the experiment
2021-09-05 13:38:53,324 :: INFO :: Control node : profile configuration
2021-09-05 13:38:53,331 :: INFO :: Configure profile on Control Node
2021-09-05 13:38:53,404 :: INFO :: Control node : start power of open node
2021-09-05 13:38:53,448 :: INFO :: Node OpenOCD: teardown of openocd node
2021-09-05 13:38:56,510 :: INFO :: openocd node debugger stop
2021-09-05 13:38:57,191 :: INFO :: Node OpenOCD: flash of openocd node
2021-09-05 13:38:57,198 :: INFO :: Flash firmware on OpenOCD: /usr/lib/python2.7/site-packages/gateway_code/static/m3_idle.elf
2021-09-05 13:38:59,756 :: INFO :: Control node : Stop control node serial interface
2021-09-05 13:38:59,761 :: INFO :: Control node : stop power of open node
2021-09-05 13:38:59,834 :: INFO :: Control node : reset
2021-09-05 13:38:59,841 :: INFO :: Reset Control Node
2021-09-05 13:39:02,718 :: INFO :: Stop experiment succeeded
