2021-09-05 12:37:34,178 :: INFO :: Start experiment: luna-276355
2021-09-05 12:37:34,181 :: INFO :: Control node : Starting of control node serial interface
2021-09-05 12:37:34,184 :: INFO :: Control node : reset
2021-09-05 12:37:34,187 :: INFO :: Reset Control Node
2021-09-05 12:37:37,138 :: INFO :: Control node : start power of open node
2021-09-05 12:37:37,193 :: INFO :: Node OpenOCD: Setup of openocd node
2021-09-05 12:37:40,233 :: INFO :: Node OpenOCD: flash of openocd node
2021-09-05 12:37:40,251 :: INFO :: Flash firmware on OpenOCD: /tmp/tmppTDKQa--93e977ac3781fe5042fd86dcc34ed19b_unicast-sender-count-10T-100B.iotlab-m3
2021-09-05 12:37:47,171 :: INFO :: Control node : Start experiment
2021-09-05 12:37:47,226 :: INFO :: Control Node set time delay: 1801 us
2021-09-05 12:37:47,251 :: INFO :: Control node : profile configuration
2021-09-05 12:37:47,258 :: INFO :: Configure profile on Control Node
2021-09-05 12:37:47,302 :: INFO :: Start experiment succeeded
2021-09-05 13:38:53,337 :: INFO :: Gateway Manager : Stop experiment
2021-09-05 13:38:53,352 :: INFO :: Stop experiment
2021-09-05 13:38:53,361 :: INFO :: Control node : stop of the experiment
2021-09-05 13:38:53,369 :: INFO :: Control node : profile configuration
2021-09-05 13:38:53,376 :: INFO :: Configure profile on Control Node
2021-09-05 13:38:53,453 :: INFO :: Control node : start power of open node
2021-09-05 13:38:53,496 :: INFO :: Node OpenOCD: teardown of openocd node
2021-09-05 13:38:56,547 :: INFO :: openocd node debugger stop
2021-09-05 13:38:57,211 :: INFO :: Node OpenOCD: flash of openocd node
2021-09-05 13:38:57,219 :: INFO :: Flash firmware on OpenOCD: /usr/lib/python2.7/site-packages/gateway_code/static/m3_idle.elf
2021-09-05 13:38:59,725 :: INFO :: Control node : Stop control node serial interface
2021-09-05 13:38:59,734 :: INFO :: Control node : stop power of open node
2021-09-05 13:38:59,854 :: INFO :: Control node : reset
2021-09-05 13:38:59,861 :: INFO :: Reset Control Node
2021-09-05 13:39:02,744 :: INFO :: Stop experiment succeeded
