2021-09-05 12:37:34,176 :: INFO :: Start experiment: luna-276355
2021-09-05 12:37:34,179 :: INFO :: Control node : Starting of control node serial interface
2021-09-05 12:37:34,182 :: INFO :: Control node : reset
2021-09-05 12:37:34,185 :: INFO :: Reset Control Node
2021-09-05 12:37:37,091 :: INFO :: Control node : start power of open node
2021-09-05 12:37:37,120 :: INFO :: Node OpenOCD: Setup of openocd node
2021-09-05 12:37:40,161 :: INFO :: Node OpenOCD: flash of openocd node
2021-09-05 12:37:40,179 :: INFO :: Flash firmware on OpenOCD: /tmp/tmpquT336--93e977ac3781fe5042fd86dcc34ed19b_unicast-sender-count-10T-100B.iotlab-m3
2021-09-05 12:37:47,047 :: INFO :: Control node : Start experiment
2021-09-05 12:37:47,105 :: INFO :: Control Node set time delay: 1831 us
2021-09-05 12:37:47,132 :: INFO :: Control node : profile configuration
2021-09-05 12:37:47,139 :: INFO :: Configure profile on Control Node
2021-09-05 12:37:47,218 :: INFO :: Start experiment succeeded
2021-09-05 13:38:53,292 :: INFO :: Gateway Manager : Stop experiment
2021-09-05 13:38:53,301 :: INFO :: Stop experiment
2021-09-05 13:38:53,310 :: INFO :: Control node : stop of the experiment
2021-09-05 13:38:53,317 :: INFO :: Control node : profile configuration
2021-09-05 13:38:53,324 :: INFO :: Configure profile on Control Node
2021-09-05 13:38:53,398 :: INFO :: Control node : start power of open node
2021-09-05 13:38:53,441 :: INFO :: Node OpenOCD: teardown of openocd node
2021-09-05 13:38:56,522 :: INFO :: openocd node debugger stop
2021-09-05 13:38:57,203 :: INFO :: Node OpenOCD: flash of openocd node
2021-09-05 13:38:57,210 :: INFO :: Flash firmware on OpenOCD: /usr/lib/python2.7/site-packages/gateway_code/static/m3_idle.elf
2021-09-05 13:38:59,666 :: INFO :: Control node : Stop control node serial interface
2021-09-05 13:38:59,671 :: INFO :: Control node : stop power of open node
2021-09-05 13:38:59,743 :: INFO :: Control node : reset
2021-09-05 13:38:59,747 :: INFO :: Reset Control Node
2021-09-05 13:39:02,677 :: INFO :: Stop experiment succeeded
