2021-09-05 12:37:34,243 :: INFO :: Start experiment: luna-276355
2021-09-05 12:37:34,247 :: INFO :: Control node : Starting of control node serial interface
2021-09-05 12:37:34,250 :: INFO :: Control node : reset
2021-09-05 12:37:34,252 :: INFO :: Reset Control Node
2021-09-05 12:37:37,209 :: INFO :: Control node : start power of open node
2021-09-05 12:37:37,265 :: INFO :: Node OpenOCD: Setup of openocd node
2021-09-05 12:37:40,319 :: INFO :: Node OpenOCD: flash of openocd node
2021-09-05 12:37:40,334 :: INFO :: Flash firmware on OpenOCD: /tmp/tmpeYovhr--93e977ac3781fe5042fd86dcc34ed19b_unicast-sender-count-10T-100B.iotlab-m3
2021-09-05 12:37:47,240 :: INFO :: Control node : Start experiment
2021-09-05 12:37:47,308 :: INFO :: Control Node set time delay: 1129 us
2021-09-05 12:37:47,332 :: INFO :: Control node : profile configuration
2021-09-05 12:37:47,339 :: INFO :: Configure profile on Control Node
2021-09-05 12:37:47,417 :: INFO :: Start experiment succeeded
2021-09-05 13:38:53,289 :: INFO :: Gateway Manager : Stop experiment
2021-09-05 13:38:53,298 :: INFO :: Stop experiment
2021-09-05 13:38:53,307 :: INFO :: Control node : stop of the experiment
2021-09-05 13:38:53,315 :: INFO :: Control node : profile configuration
2021-09-05 13:38:53,322 :: INFO :: Configure profile on Control Node
2021-09-05 13:38:53,397 :: INFO :: Control node : start power of open node
2021-09-05 13:38:53,442 :: INFO :: Node OpenOCD: teardown of openocd node
2021-09-05 13:38:56,511 :: INFO :: openocd node debugger stop
2021-09-05 13:38:57,195 :: INFO :: Node OpenOCD: flash of openocd node
2021-09-05 13:38:57,202 :: INFO :: Flash firmware on OpenOCD: /usr/lib/python2.7/site-packages/gateway_code/static/m3_idle.elf
2021-09-05 13:38:59,708 :: INFO :: Control node : Stop control node serial interface
2021-09-05 13:38:59,713 :: INFO :: Control node : stop power of open node
2021-09-05 13:38:59,766 :: INFO :: Control node : reset
2021-09-05 13:38:59,770 :: INFO :: Reset Control Node
2021-09-05 13:39:02,703 :: INFO :: Stop experiment succeeded
