2021-09-05 12:37:34,228 :: INFO :: Start experiment: luna-276355
2021-09-05 12:37:34,232 :: INFO :: Control node : Starting of control node serial interface
2021-09-05 12:37:34,235 :: INFO :: Control node : reset
2021-09-05 12:37:34,238 :: INFO :: Reset Control Node
2021-09-05 12:37:37,255 :: INFO :: Control node : start power of open node
2021-09-05 12:37:37,313 :: INFO :: Node OpenOCD: Setup of openocd node
2021-09-05 12:37:40,352 :: INFO :: Node OpenOCD: flash of openocd node
2021-09-05 12:37:40,366 :: INFO :: Flash firmware on OpenOCD: /tmp/tmpvI2Nv4--93e977ac3781fe5042fd86dcc34ed19b_unicast-sender-count-10T-100B.iotlab-m3
2021-09-05 12:37:47,243 :: INFO :: Control node : Start experiment
2021-09-05 12:37:47,327 :: INFO :: Control Node set time delay: 1801 us
2021-09-05 12:37:47,352 :: INFO :: Control node : profile configuration
2021-09-05 12:37:47,359 :: INFO :: Configure profile on Control Node
2021-09-05 12:37:47,439 :: INFO :: Start experiment succeeded
2021-09-05 13:38:53,286 :: INFO :: Gateway Manager : Stop experiment
2021-09-05 13:38:53,295 :: INFO :: Stop experiment
2021-09-05 13:38:53,303 :: INFO :: Control node : stop of the experiment
2021-09-05 13:38:53,311 :: INFO :: Control node : profile configuration
2021-09-05 13:38:53,318 :: INFO :: Configure profile on Control Node
2021-09-05 13:38:53,395 :: INFO :: Control node : start power of open node
2021-09-05 13:38:53,439 :: INFO :: Node OpenOCD: teardown of openocd node
2021-09-05 13:38:56,512 :: INFO :: openocd node debugger stop
2021-09-05 13:38:57,089 :: INFO :: Node OpenOCD: flash of openocd node
2021-09-05 13:38:57,104 :: INFO :: Flash firmware on OpenOCD: /usr/lib/python2.7/site-packages/gateway_code/static/m3_idle.elf
2021-09-05 13:38:59,631 :: INFO :: Control node : Stop control node serial interface
2021-09-05 13:38:59,640 :: INFO :: Control node : stop power of open node
2021-09-05 13:38:59,772 :: INFO :: Control node : reset
2021-09-05 13:38:59,779 :: INFO :: Reset Control Node
2021-09-05 13:39:02,620 :: INFO :: Stop experiment succeeded
