2021-09-05 12:37:34,246 :: INFO :: Start experiment: luna-276355
2021-09-05 12:37:34,250 :: INFO :: Control node : Starting of control node serial interface
2021-09-05 12:37:34,252 :: INFO :: Control node : reset
2021-09-05 12:37:34,255 :: INFO :: Reset Control Node
2021-09-05 12:37:37,212 :: INFO :: Control node : start power of open node
2021-09-05 12:37:37,269 :: INFO :: Node OpenOCD: Setup of openocd node
2021-09-05 12:37:40,312 :: INFO :: Node OpenOCD: flash of openocd node
2021-09-05 12:37:40,327 :: INFO :: Flash firmware on OpenOCD: /tmp/tmpTDv_qQ--93e977ac3781fe5042fd86dcc34ed19b_unicast-sender-count-10T-100B.iotlab-m3
2021-09-05 12:37:47,134 :: INFO :: Control node : Start experiment
2021-09-05 12:37:47,193 :: INFO :: Control Node set time delay: 1801 us
2021-09-05 12:37:47,215 :: INFO :: Control node : profile configuration
2021-09-05 12:37:47,222 :: INFO :: Configure profile on Control Node
2021-09-05 12:37:47,301 :: INFO :: Start experiment succeeded
2021-09-05 13:38:53,344 :: INFO :: Gateway Manager : Stop experiment
2021-09-05 13:38:53,357 :: INFO :: Stop experiment
2021-09-05 13:38:53,366 :: INFO :: Control node : stop of the experiment
2021-09-05 13:38:53,374 :: INFO :: Control node : profile configuration
2021-09-05 13:38:53,381 :: INFO :: Configure profile on Control Node
2021-09-05 13:38:53,457 :: INFO :: Control node : start power of open node
2021-09-05 13:38:53,501 :: INFO :: Node OpenOCD: teardown of openocd node
2021-09-05 13:38:56,553 :: INFO :: openocd node debugger stop
2021-09-05 13:38:57,241 :: INFO :: Node OpenOCD: flash of openocd node
2021-09-05 13:38:57,248 :: INFO :: Flash firmware on OpenOCD: /usr/lib/python2.7/site-packages/gateway_code/static/m3_idle.elf
2021-09-05 13:38:59,753 :: INFO :: Control node : Stop control node serial interface
2021-09-05 13:38:59,762 :: INFO :: Control node : stop power of open node
2021-09-05 13:38:59,868 :: INFO :: Control node : reset
2021-09-05 13:38:59,874 :: INFO :: Reset Control Node
2021-09-05 13:39:02,757 :: INFO :: Stop experiment succeeded
