2021-09-05 12:37:34,191 :: INFO :: Start experiment: luna-276355
2021-09-05 12:37:34,194 :: INFO :: Control node : Starting of control node serial interface
2021-09-05 12:37:34,197 :: INFO :: Control node : reset
2021-09-05 12:37:34,199 :: INFO :: Reset Control Node
2021-09-05 12:37:37,151 :: INFO :: Control node : start power of open node
2021-09-05 12:37:37,208 :: INFO :: Node OpenOCD: Setup of openocd node
2021-09-05 12:37:40,249 :: INFO :: Node OpenOCD: flash of openocd node
2021-09-05 12:37:40,263 :: INFO :: Flash firmware on OpenOCD: /tmp/tmpPds2RI--93e977ac3781fe5042fd86dcc34ed19b_unicast-sender-count-10T-100B.iotlab-m3
2021-09-05 12:37:47,209 :: INFO :: Control node : Start experiment
2021-09-05 12:37:47,257 :: INFO :: Control Node set time delay: 1892 us
2021-09-05 12:37:47,281 :: INFO :: Control node : profile configuration
2021-09-05 12:37:47,285 :: INFO :: Configure profile on Control Node
2021-09-05 12:37:47,326 :: INFO :: Start experiment succeeded
2021-09-05 13:38:53,331 :: INFO :: Gateway Manager : Stop experiment
2021-09-05 13:38:53,351 :: INFO :: Stop experiment
2021-09-05 13:38:53,371 :: INFO :: Control node : stop of the experiment
2021-09-05 13:38:53,387 :: INFO :: Control node : profile configuration
2021-09-05 13:38:53,403 :: INFO :: Configure profile on Control Node
2021-09-05 13:38:53,581 :: INFO :: Control node : start power of open node
2021-09-05 13:38:53,603 :: INFO :: Node OpenOCD: teardown of openocd node
2021-09-05 13:38:56,640 :: INFO :: openocd node debugger stop
2021-09-05 13:38:57,330 :: INFO :: Node OpenOCD: flash of openocd node
2021-09-05 13:38:57,346 :: INFO :: Flash firmware on OpenOCD: /usr/lib/python2.7/site-packages/gateway_code/static/m3_idle.elf
2021-09-05 13:38:59,962 :: INFO :: Control node : Stop control node serial interface
2021-09-05 13:38:59,970 :: INFO :: Control node : stop power of open node
2021-09-05 13:39:00,072 :: INFO :: Control node : reset
2021-09-05 13:39:00,079 :: INFO :: Reset Control Node
2021-09-05 13:39:02,971 :: INFO :: Stop experiment succeeded
