2021-09-05 12:37:34,223 :: INFO :: Start experiment: luna-276355
2021-09-05 12:37:34,226 :: INFO :: Control node : Starting of control node serial interface
2021-09-05 12:37:34,229 :: INFO :: Control node : reset
2021-09-05 12:37:34,231 :: INFO :: Reset Control Node
2021-09-05 12:37:37,186 :: INFO :: Control node : start power of open node
2021-09-05 12:37:37,244 :: INFO :: Node OpenOCD: Setup of openocd node
2021-09-05 12:37:40,298 :: INFO :: Node OpenOCD: flash of openocd node
2021-09-05 12:37:40,313 :: INFO :: Flash firmware on OpenOCD: /tmp/tmpoj4_k6--93e977ac3781fe5042fd86dcc34ed19b_unicast-sender-count-10T-100B.iotlab-m3
2021-09-05 12:37:47,109 :: INFO :: Control node : Start experiment
2021-09-05 12:37:47,167 :: INFO :: Control Node set time delay: 1342 us
2021-09-05 12:37:47,184 :: INFO :: Control node : profile configuration
2021-09-05 12:37:47,190 :: INFO :: Configure profile on Control Node
2021-09-05 12:37:47,270 :: INFO :: Start experiment succeeded
2021-09-05 13:38:53,295 :: INFO :: Gateway Manager : Stop experiment
2021-09-05 13:38:53,304 :: INFO :: Stop experiment
2021-09-05 13:38:53,314 :: INFO :: Control node : stop of the experiment
2021-09-05 13:38:53,321 :: INFO :: Control node : profile configuration
2021-09-05 13:38:53,328 :: INFO :: Configure profile on Control Node
2021-09-05 13:38:53,414 :: INFO :: Control node : start power of open node
2021-09-05 13:38:53,458 :: INFO :: Node OpenOCD: teardown of openocd node
2021-09-05 13:38:56,523 :: INFO :: openocd node debugger stop
2021-09-05 13:38:57,216 :: INFO :: Node OpenOCD: flash of openocd node
2021-09-05 13:38:57,230 :: INFO :: Flash firmware on OpenOCD: /usr/lib/python2.7/site-packages/gateway_code/static/m3_idle.elf
2021-09-05 13:38:59,803 :: INFO :: Control node : Stop control node serial interface
2021-09-05 13:38:59,807 :: INFO :: Control node : stop power of open node
2021-09-05 13:38:59,884 :: INFO :: Control node : reset
2021-09-05 13:38:59,891 :: INFO :: Reset Control Node
2021-09-05 13:39:02,774 :: INFO :: Stop experiment succeeded
