2021-09-06 13:10:24,129 :: INFO :: Start experiment: luna-276388
2021-09-06 13:10:24,133 :: INFO :: Control node : Starting of control node serial interface
2021-09-06 13:10:24,135 :: INFO :: Control node : reset
2021-09-06 13:10:24,138 :: INFO :: Reset Control Node
2021-09-06 13:10:27,103 :: INFO :: Control node : start power of open node
2021-09-06 13:10:27,158 :: INFO :: Node OpenOCD: Setup of openocd node
2021-09-06 13:10:30,207 :: INFO :: Node OpenOCD: flash of openocd node
2021-09-06 13:10:30,222 :: INFO :: Flash firmware on OpenOCD: /tmp/tmpkSXuKX--a14ddd1a1d6cc1c4ffb46cbabc9d20fe_unicast-sender-count-10T-20B.iotlab-m3
2021-09-06 13:10:37,172 :: INFO :: Control node : Start experiment
2021-09-06 13:10:37,254 :: INFO :: Control Node set time delay: 1008 us
2021-09-06 13:10:37,275 :: INFO :: Control node : profile configuration
2021-09-06 13:10:37,282 :: INFO :: Configure profile on Control Node
2021-09-06 13:10:37,361 :: INFO :: Start experiment succeeded
2021-09-06 14:11:42,942 :: INFO :: Gateway Manager : Stop experiment
2021-09-06 14:11:42,952 :: INFO :: Stop experiment
2021-09-06 14:11:42,961 :: INFO :: Control node : stop of the experiment
2021-09-06 14:11:42,968 :: INFO :: Control node : profile configuration
2021-09-06 14:11:42,976 :: INFO :: Configure profile on Control Node
2021-09-06 14:11:43,053 :: INFO :: Control node : start power of open node
2021-09-06 14:11:43,098 :: INFO :: Node OpenOCD: teardown of openocd node
2021-09-06 14:11:46,149 :: INFO :: openocd node debugger stop
2021-09-06 14:11:46,838 :: INFO :: Node OpenOCD: flash of openocd node
2021-09-06 14:11:46,853 :: INFO :: Flash firmware on OpenOCD: /usr/lib/python2.7/site-packages/gateway_code/static/m3_idle.elf
2021-09-06 14:11:49,421 :: INFO :: Control node : Stop control node serial interface
2021-09-06 14:11:49,429 :: INFO :: Control node : stop power of open node
2021-09-06 14:11:49,523 :: INFO :: Control node : reset
2021-09-06 14:11:49,530 :: INFO :: Reset Control Node
2021-09-06 14:11:52,418 :: INFO :: Stop experiment succeeded
