2021-09-05 07:28:34,135 :: INFO :: Start experiment: luna-276350
2021-09-05 07:28:34,139 :: INFO :: Control node : Starting of control node serial interface
2021-09-05 07:28:34,142 :: INFO :: Control node : reset
2021-09-05 07:28:34,144 :: INFO :: Reset Control Node
2021-09-05 07:28:37,096 :: INFO :: Control node : start power of open node
2021-09-05 07:28:37,152 :: INFO :: Node OpenOCD: Setup of openocd node
2021-09-05 07:28:40,194 :: INFO :: Node OpenOCD: flash of openocd node
2021-09-05 07:28:40,209 :: INFO :: Flash firmware on OpenOCD: /tmp/tmp6qpVm9--ddd0625ff8382e7208c25657471d6a4a_unicast-receiver-count.iotlab-m3
2021-09-05 07:28:46,753 :: INFO :: Control node : Start experiment
2021-09-05 07:28:46,823 :: INFO :: Control Node set time delay: 1313 us
2021-09-05 07:28:46,856 :: INFO :: Control node : profile configuration
2021-09-05 07:28:46,862 :: INFO :: Configure profile on Control Node
2021-09-05 07:28:46,942 :: INFO :: Start experiment succeeded
2021-09-05 08:29:53,109 :: INFO :: Gateway Manager : Stop experiment
2021-09-05 08:29:53,118 :: INFO :: Stop experiment
2021-09-05 08:29:53,125 :: INFO :: Control node : stop of the experiment
2021-09-05 08:29:53,132 :: INFO :: Control node : profile configuration
2021-09-05 08:29:53,138 :: INFO :: Configure profile on Control Node
2021-09-05 08:29:53,209 :: INFO :: Control node : start power of open node
2021-09-05 08:29:53,250 :: INFO :: Node OpenOCD: teardown of openocd node
2021-09-05 08:29:56,292 :: INFO :: openocd node debugger stop
2021-09-05 08:29:56,979 :: INFO :: Node OpenOCD: flash of openocd node
2021-09-05 08:29:56,993 :: INFO :: Flash firmware on OpenOCD: /usr/lib/python2.7/site-packages/gateway_code/static/m3_idle.elf
2021-09-05 08:29:59,613 :: INFO :: Control node : Stop control node serial interface
2021-09-05 08:29:59,622 :: INFO :: Control node : stop power of open node
2021-09-05 08:29:59,725 :: INFO :: Control node : reset
2021-09-05 08:29:59,732 :: INFO :: Reset Control Node
2021-09-05 08:30:02,617 :: INFO :: Stop experiment succeeded
