2021-09-05 07:28:34,134 :: INFO :: Start experiment: luna-276350
2021-09-05 07:28:34,137 :: INFO :: Control node : Starting of control node serial interface
2021-09-05 07:28:34,140 :: INFO :: Control node : reset
2021-09-05 07:28:34,143 :: INFO :: Reset Control Node
2021-09-05 07:28:37,096 :: INFO :: Control node : start power of open node
2021-09-05 07:28:37,154 :: INFO :: Node OpenOCD: Setup of openocd node
2021-09-05 07:28:40,205 :: INFO :: Node OpenOCD: flash of openocd node
2021-09-05 07:28:40,220 :: INFO :: Flash firmware on OpenOCD: /tmp/tmpMEl9T2--07af995c71c4c03e0b354753e4bf4313_unicast-sender-count-30T-191B.iotlab-m3
2021-09-05 07:28:47,232 :: INFO :: Control node : Start experiment
2021-09-05 07:28:47,282 :: INFO :: Control Node set time delay: 1831 us
2021-09-05 07:28:47,315 :: INFO :: Control node : profile configuration
2021-09-05 07:28:47,321 :: INFO :: Configure profile on Control Node
2021-09-05 07:28:47,368 :: INFO :: Start experiment succeeded
2021-09-05 08:29:53,152 :: INFO :: Gateway Manager : Stop experiment
2021-09-05 08:29:53,173 :: INFO :: Stop experiment
2021-09-05 08:29:53,193 :: INFO :: Control node : stop of the experiment
2021-09-05 08:29:53,210 :: INFO :: Control node : profile configuration
2021-09-05 08:29:53,227 :: INFO :: Configure profile on Control Node
2021-09-05 08:29:53,402 :: INFO :: Control node : start power of open node
2021-09-05 08:29:53,423 :: INFO :: Node OpenOCD: teardown of openocd node
2021-09-05 08:29:56,470 :: INFO :: openocd node debugger stop
2021-09-05 08:29:57,161 :: INFO :: Node OpenOCD: flash of openocd node
2021-09-05 08:29:57,176 :: INFO :: Flash firmware on OpenOCD: /usr/lib/python2.7/site-packages/gateway_code/static/m3_idle.elf
2021-09-05 08:29:59,737 :: INFO :: Control node : Stop control node serial interface
2021-09-05 08:29:59,742 :: INFO :: Control node : stop power of open node
2021-09-05 08:29:59,803 :: INFO :: Control node : reset
2021-09-05 08:29:59,807 :: INFO :: Reset Control Node
2021-09-05 08:30:02,734 :: INFO :: Stop experiment succeeded
