2021-09-05 07:28:34,107 :: INFO :: Start experiment: luna-276350
2021-09-05 07:28:34,110 :: INFO :: Control node : Starting of control node serial interface
2021-09-05 07:28:34,113 :: INFO :: Control node : reset
2021-09-05 07:28:34,116 :: INFO :: Reset Control Node
2021-09-05 07:28:37,073 :: INFO :: Control node : start power of open node
2021-09-05 07:28:37,131 :: INFO :: Node OpenOCD: Setup of openocd node
2021-09-05 07:28:40,171 :: INFO :: Node OpenOCD: flash of openocd node
2021-09-05 07:28:40,186 :: INFO :: Flash firmware on OpenOCD: /tmp/tmpf29ZhU--07af995c71c4c03e0b354753e4bf4313_unicast-sender-count-30T-191B.iotlab-m3
2021-09-05 07:28:47,136 :: INFO :: Control node : Start experiment
2021-09-05 07:28:47,173 :: INFO :: Control Node set time delay: 1343 us
2021-09-05 07:28:47,192 :: INFO :: Control node : profile configuration
2021-09-05 07:28:47,195 :: INFO :: Configure profile on Control Node
2021-09-05 07:28:47,239 :: INFO :: Start experiment succeeded
2021-09-05 08:29:53,118 :: INFO :: Gateway Manager : Stop experiment
2021-09-05 08:29:53,128 :: INFO :: Stop experiment
2021-09-05 08:29:53,136 :: INFO :: Control node : stop of the experiment
2021-09-05 08:29:53,144 :: INFO :: Control node : profile configuration
2021-09-05 08:29:53,151 :: INFO :: Configure profile on Control Node
2021-09-05 08:29:53,228 :: INFO :: Control node : start power of open node
2021-09-05 08:29:53,271 :: INFO :: Node OpenOCD: teardown of openocd node
2021-09-05 08:29:56,335 :: INFO :: openocd node debugger stop
2021-09-05 08:29:57,024 :: INFO :: Node OpenOCD: flash of openocd node
2021-09-05 08:29:57,038 :: INFO :: Flash firmware on OpenOCD: /usr/lib/python2.7/site-packages/gateway_code/static/m3_idle.elf
2021-09-05 08:29:59,614 :: INFO :: Control node : Stop control node serial interface
2021-09-05 08:29:59,618 :: INFO :: Control node : stop power of open node
2021-09-05 08:29:59,675 :: INFO :: Control node : reset
2021-09-05 08:29:59,679 :: INFO :: Reset Control Node
2021-09-05 08:30:02,564 :: INFO :: Stop experiment succeeded
