2021-09-06 19:12:01,746 :: INFO :: Start experiment: luna-276384
2021-09-06 19:12:01,750 :: INFO :: Control node : Starting of control node serial interface
2021-09-06 19:12:01,753 :: INFO :: Control node : reset
2021-09-06 19:12:01,755 :: INFO :: Reset Control Node
2021-09-06 19:12:04,712 :: INFO :: Control node : start power of open node
2021-09-06 19:12:04,767 :: INFO :: Node OpenOCD: Setup of openocd node
2021-09-06 19:12:07,818 :: INFO :: Node OpenOCD: flash of openocd node
2021-09-06 19:12:07,833 :: INFO :: Flash firmware on OpenOCD: /tmp/tmpmDNKqz--c646a7bd7eca22cfbffed9b70d2e0c90_unicast-sender-count-60T-100B.iotlab-m3
2021-09-06 19:12:14,844 :: INFO :: Control node : Start experiment
2021-09-06 19:12:14,896 :: INFO :: Control Node set time delay: 1892 us
2021-09-06 19:12:14,928 :: INFO :: Control node : profile configuration
2021-09-06 19:12:14,935 :: INFO :: Configure profile on Control Node
2021-09-06 19:12:14,978 :: INFO :: Start experiment succeeded
2021-09-06 20:13:20,771 :: INFO :: Gateway Manager : Stop experiment
2021-09-06 20:13:20,780 :: INFO :: Stop experiment
2021-09-06 20:13:20,789 :: INFO :: Control node : stop of the experiment
2021-09-06 20:13:20,796 :: INFO :: Control node : profile configuration
2021-09-06 20:13:20,803 :: INFO :: Configure profile on Control Node
2021-09-06 20:13:20,880 :: INFO :: Control node : start power of open node
2021-09-06 20:13:20,924 :: INFO :: Node OpenOCD: teardown of openocd node
2021-09-06 20:13:23,982 :: INFO :: openocd node debugger stop
2021-09-06 20:13:24,565 :: INFO :: Node OpenOCD: flash of openocd node
2021-09-06 20:13:24,579 :: INFO :: Flash firmware on OpenOCD: /usr/lib/python2.7/site-packages/gateway_code/static/m3_idle.elf
2021-09-06 20:13:27,154 :: INFO :: Control node : Stop control node serial interface
2021-09-06 20:13:27,160 :: INFO :: Control node : stop power of open node
2021-09-06 20:13:27,215 :: INFO :: Control node : reset
2021-09-06 20:13:27,219 :: INFO :: Reset Control Node
2021-09-06 20:13:30,142 :: INFO :: Stop experiment succeeded
