2021-09-06 19:12:01,745 :: INFO :: Start experiment: luna-276384
2021-09-06 19:12:01,748 :: INFO :: Control node : Starting of control node serial interface
2021-09-06 19:12:01,751 :: INFO :: Control node : reset
2021-09-06 19:12:01,754 :: INFO :: Reset Control Node
2021-09-06 19:12:04,713 :: INFO :: Control node : start power of open node
2021-09-06 19:12:04,768 :: INFO :: Node OpenOCD: Setup of openocd node
2021-09-06 19:12:07,812 :: INFO :: Node OpenOCD: flash of openocd node
2021-09-06 19:12:07,826 :: INFO :: Flash firmware on OpenOCD: /tmp/tmpI36Spm--c646a7bd7eca22cfbffed9b70d2e0c90_unicast-sender-count-60T-100B.iotlab-m3
2021-09-06 19:12:14,678 :: INFO :: Control node : Start experiment
2021-09-06 19:12:14,740 :: INFO :: Control Node set time delay: 1923 us
2021-09-06 19:12:14,773 :: INFO :: Control node : profile configuration
2021-09-06 19:12:14,780 :: INFO :: Configure profile on Control Node
2021-09-06 19:12:14,860 :: INFO :: Start experiment succeeded
2021-09-06 20:13:20,726 :: INFO :: Gateway Manager : Stop experiment
2021-09-06 20:13:20,736 :: INFO :: Stop experiment
2021-09-06 20:13:20,744 :: INFO :: Control node : stop of the experiment
2021-09-06 20:13:20,752 :: INFO :: Control node : profile configuration
2021-09-06 20:13:20,759 :: INFO :: Configure profile on Control Node
2021-09-06 20:13:20,838 :: INFO :: Control node : start power of open node
2021-09-06 20:13:20,882 :: INFO :: Node OpenOCD: teardown of openocd node
2021-09-06 20:13:23,942 :: INFO :: openocd node debugger stop
2021-09-06 20:13:24,625 :: INFO :: Node OpenOCD: flash of openocd node
2021-09-06 20:13:24,632 :: INFO :: Flash firmware on OpenOCD: /usr/lib/python2.7/site-packages/gateway_code/static/m3_idle.elf
2021-09-06 20:13:27,138 :: INFO :: Control node : Stop control node serial interface
2021-09-06 20:13:27,147 :: INFO :: Control node : stop power of open node
2021-09-06 20:13:27,228 :: INFO :: Control node : reset
2021-09-06 20:13:27,235 :: INFO :: Reset Control Node
2021-09-06 20:13:30,121 :: INFO :: Stop experiment succeeded
