2021-09-06 19:12:01,753 :: INFO :: Start experiment: luna-276384
2021-09-06 19:12:01,756 :: INFO :: Control node : Starting of control node serial interface
2021-09-06 19:12:01,759 :: INFO :: Control node : reset
2021-09-06 19:12:01,761 :: INFO :: Reset Control Node
2021-09-06 19:12:04,710 :: INFO :: Control node : start power of open node
2021-09-06 19:12:04,766 :: INFO :: Node OpenOCD: Setup of openocd node
2021-09-06 19:12:07,808 :: INFO :: Node OpenOCD: flash of openocd node
2021-09-06 19:12:07,823 :: INFO :: Flash firmware on OpenOCD: /tmp/tmpVnlP2Y--c646a7bd7eca22cfbffed9b70d2e0c90_unicast-sender-count-60T-100B.iotlab-m3
2021-09-06 19:12:14,783 :: INFO :: Control node : Start experiment
2021-09-06 19:12:14,831 :: INFO :: Control Node set time delay: 1465 us
2021-09-06 19:12:14,864 :: INFO :: Control node : profile configuration
2021-09-06 19:12:14,867 :: INFO :: Configure profile on Control Node
2021-09-06 19:12:14,909 :: INFO :: Start experiment succeeded
2021-09-06 20:13:20,724 :: INFO :: Gateway Manager : Stop experiment
2021-09-06 20:13:20,734 :: INFO :: Stop experiment
2021-09-06 20:13:20,742 :: INFO :: Control node : stop of the experiment
2021-09-06 20:13:20,750 :: INFO :: Control node : profile configuration
2021-09-06 20:13:20,757 :: INFO :: Configure profile on Control Node
2021-09-06 20:13:20,833 :: INFO :: Control node : start power of open node
2021-09-06 20:13:20,878 :: INFO :: Node OpenOCD: teardown of openocd node
2021-09-06 20:13:23,922 :: INFO :: openocd node debugger stop
2021-09-06 20:13:24,613 :: INFO :: Node OpenOCD: flash of openocd node
2021-09-06 20:13:24,627 :: INFO :: Flash firmware on OpenOCD: /usr/lib/python2.7/site-packages/gateway_code/static/m3_idle.elf
2021-09-06 20:13:27,165 :: INFO :: Control node : Stop control node serial interface
2021-09-06 20:13:27,169 :: INFO :: Control node : stop power of open node
2021-09-06 20:13:27,234 :: INFO :: Control node : reset
2021-09-06 20:13:27,241 :: INFO :: Reset Control Node
2021-09-06 20:13:30,129 :: INFO :: Stop experiment succeeded
