2021-09-06 19:12:01,743 :: INFO :: Start experiment: luna-276384
2021-09-06 19:12:01,747 :: INFO :: Control node : Starting of control node serial interface
2021-09-06 19:12:01,749 :: INFO :: Control node : reset
2021-09-06 19:12:01,752 :: INFO :: Reset Control Node
2021-09-06 19:12:04,656 :: INFO :: Control node : start power of open node
2021-09-06 19:12:04,713 :: INFO :: Node OpenOCD: Setup of openocd node
2021-09-06 19:12:07,753 :: INFO :: Node OpenOCD: flash of openocd node
2021-09-06 19:12:07,771 :: INFO :: Flash firmware on OpenOCD: /tmp/tmpopg4AK--c646a7bd7eca22cfbffed9b70d2e0c90_unicast-sender-count-60T-100B.iotlab-m3
2021-09-06 19:12:14,769 :: INFO :: Control node : Start experiment
2021-09-06 19:12:14,832 :: INFO :: Control Node set time delay: 1770 us
2021-09-06 19:12:14,843 :: INFO :: Control node : profile configuration
2021-09-06 19:12:14,847 :: INFO :: Configure profile on Control Node
2021-09-06 19:12:14,889 :: INFO :: Start experiment succeeded
2021-09-06 20:13:20,725 :: INFO :: Gateway Manager : Stop experiment
2021-09-06 20:13:20,734 :: INFO :: Stop experiment
2021-09-06 20:13:20,743 :: INFO :: Control node : stop of the experiment
2021-09-06 20:13:20,750 :: INFO :: Control node : profile configuration
2021-09-06 20:13:20,758 :: INFO :: Configure profile on Control Node
2021-09-06 20:13:20,832 :: INFO :: Control node : start power of open node
2021-09-06 20:13:20,876 :: INFO :: Node OpenOCD: teardown of openocd node
2021-09-06 20:13:23,941 :: INFO :: openocd node debugger stop
2021-09-06 20:13:24,627 :: INFO :: Node OpenOCD: flash of openocd node
2021-09-06 20:13:24,634 :: INFO :: Flash firmware on OpenOCD: /usr/lib/python2.7/site-packages/gateway_code/static/m3_idle.elf
2021-09-06 20:13:27,144 :: INFO :: Control node : Stop control node serial interface
2021-09-06 20:13:27,153 :: INFO :: Control node : stop power of open node
2021-09-06 20:13:27,250 :: INFO :: Control node : reset
2021-09-06 20:13:27,257 :: INFO :: Reset Control Node
2021-09-06 20:13:30,139 :: INFO :: Stop experiment succeeded
