2021-09-06 19:12:01,737 :: INFO :: Start experiment: luna-276384
2021-09-06 19:12:01,740 :: INFO :: Control node : Starting of control node serial interface
2021-09-06 19:12:01,743 :: INFO :: Control node : reset
2021-09-06 19:12:01,746 :: INFO :: Reset Control Node
2021-09-06 19:12:04,701 :: INFO :: Control node : start power of open node
2021-09-06 19:12:04,755 :: INFO :: Node OpenOCD: Setup of openocd node
2021-09-06 19:12:07,795 :: INFO :: Node OpenOCD: flash of openocd node
2021-09-06 19:12:07,810 :: INFO :: Flash firmware on OpenOCD: /tmp/tmpQDqceP--c646a7bd7eca22cfbffed9b70d2e0c90_unicast-sender-count-60T-100B.iotlab-m3
2021-09-06 19:12:14,701 :: INFO :: Control node : Start experiment
2021-09-06 19:12:14,756 :: INFO :: Control Node set time delay: 1190 us
2021-09-06 19:12:14,781 :: INFO :: Control node : profile configuration
2021-09-06 19:12:14,788 :: INFO :: Configure profile on Control Node
2021-09-06 19:12:14,865 :: INFO :: Start experiment succeeded
2021-09-06 20:13:20,726 :: INFO :: Gateway Manager : Stop experiment
2021-09-06 20:13:20,735 :: INFO :: Stop experiment
2021-09-06 20:13:20,744 :: INFO :: Control node : stop of the experiment
2021-09-06 20:13:20,751 :: INFO :: Control node : profile configuration
2021-09-06 20:13:20,759 :: INFO :: Configure profile on Control Node
2021-09-06 20:13:20,832 :: INFO :: Control node : start power of open node
2021-09-06 20:13:20,874 :: INFO :: Node OpenOCD: teardown of openocd node
2021-09-06 20:13:23,933 :: INFO :: openocd node debugger stop
2021-09-06 20:13:24,617 :: INFO :: Node OpenOCD: flash of openocd node
2021-09-06 20:13:24,624 :: INFO :: Flash firmware on OpenOCD: /usr/lib/python2.7/site-packages/gateway_code/static/m3_idle.elf
2021-09-06 20:13:27,079 :: INFO :: Control node : Stop control node serial interface
2021-09-06 20:13:27,088 :: INFO :: Control node : stop power of open node
2021-09-06 20:13:27,205 :: INFO :: Control node : reset
2021-09-06 20:13:27,211 :: INFO :: Reset Control Node
2021-09-06 20:13:30,098 :: INFO :: Stop experiment succeeded
