2021-09-06 19:12:01,753 :: INFO :: Start experiment: luna-276384
2021-09-06 19:12:01,756 :: INFO :: Control node : Starting of control node serial interface
2021-09-06 19:12:01,759 :: INFO :: Control node : reset
2021-09-06 19:12:01,762 :: INFO :: Reset Control Node
2021-09-06 19:12:04,720 :: INFO :: Control node : start power of open node
2021-09-06 19:12:04,764 :: INFO :: Node OpenOCD: Setup of openocd node
2021-09-06 19:12:07,794 :: INFO :: Node OpenOCD: flash of openocd node
2021-09-06 19:12:07,812 :: INFO :: Flash firmware on OpenOCD: /tmp/tmpoHao1g--c646a7bd7eca22cfbffed9b70d2e0c90_unicast-sender-count-60T-100B.iotlab-m3
2021-09-06 19:12:14,772 :: INFO :: Control node : Start experiment
2021-09-06 19:12:14,838 :: INFO :: Control Node set time delay: 1831 us
2021-09-06 19:12:14,863 :: INFO :: Control node : profile configuration
2021-09-06 19:12:14,869 :: INFO :: Configure profile on Control Node
2021-09-06 19:12:14,919 :: INFO :: Start experiment succeeded
2021-09-06 20:13:20,747 :: INFO :: Gateway Manager : Stop experiment
2021-09-06 20:13:20,767 :: INFO :: Stop experiment
2021-09-06 20:13:20,785 :: INFO :: Control node : stop of the experiment
2021-09-06 20:13:20,801 :: INFO :: Control node : profile configuration
2021-09-06 20:13:20,820 :: INFO :: Configure profile on Control Node
2021-09-06 20:13:20,858 :: INFO :: Control node : start power of open node
2021-09-06 20:13:20,881 :: INFO :: Node OpenOCD: teardown of openocd node
2021-09-06 20:13:23,932 :: INFO :: openocd node debugger stop
2021-09-06 20:13:24,613 :: INFO :: Node OpenOCD: flash of openocd node
2021-09-06 20:13:24,620 :: INFO :: Flash firmware on OpenOCD: /usr/lib/python2.7/site-packages/gateway_code/static/m3_idle.elf
2021-09-06 20:13:27,080 :: INFO :: Control node : Stop control node serial interface
2021-09-06 20:13:27,085 :: INFO :: Control node : stop power of open node
2021-09-06 20:13:27,173 :: INFO :: Control node : reset
2021-09-06 20:13:27,179 :: INFO :: Reset Control Node
2021-09-06 20:13:30,071 :: INFO :: Stop experiment succeeded
