2021-09-06 19:12:01,758 :: INFO :: Start experiment: luna-276384
2021-09-06 19:12:01,761 :: INFO :: Control node : Starting of control node serial interface
2021-09-06 19:12:01,764 :: INFO :: Control node : reset
2021-09-06 19:12:01,767 :: INFO :: Reset Control Node
2021-09-06 19:12:04,716 :: INFO :: Control node : start power of open node
2021-09-06 19:12:04,770 :: INFO :: Node OpenOCD: Setup of openocd node
2021-09-06 19:12:07,814 :: INFO :: Node OpenOCD: flash of openocd node
2021-09-06 19:12:07,831 :: INFO :: Flash firmware on OpenOCD: /tmp/tmpv0KzrN--c646a7bd7eca22cfbffed9b70d2e0c90_unicast-sender-count-60T-100B.iotlab-m3
2021-09-06 19:12:14,719 :: INFO :: Control node : Start experiment
2021-09-06 19:12:14,788 :: INFO :: Control Node set time delay: 1892 us
2021-09-06 19:12:14,812 :: INFO :: Control node : profile configuration
2021-09-06 19:12:14,818 :: INFO :: Configure profile on Control Node
2021-09-06 19:12:14,896 :: INFO :: Start experiment succeeded
2021-09-06 20:13:20,764 :: INFO :: Gateway Manager : Stop experiment
2021-09-06 20:13:20,773 :: INFO :: Stop experiment
2021-09-06 20:13:20,782 :: INFO :: Control node : stop of the experiment
2021-09-06 20:13:20,790 :: INFO :: Control node : profile configuration
2021-09-06 20:13:20,797 :: INFO :: Configure profile on Control Node
2021-09-06 20:13:20,872 :: INFO :: Control node : start power of open node
2021-09-06 20:13:20,915 :: INFO :: Node OpenOCD: teardown of openocd node
2021-09-06 20:13:23,960 :: INFO :: openocd node debugger stop
2021-09-06 20:13:24,652 :: INFO :: Node OpenOCD: flash of openocd node
2021-09-06 20:13:24,667 :: INFO :: Flash firmware on OpenOCD: /usr/lib/python2.7/site-packages/gateway_code/static/m3_idle.elf
2021-09-06 20:13:27,228 :: INFO :: Control node : Stop control node serial interface
2021-09-06 20:13:27,237 :: INFO :: Control node : stop power of open node
2021-09-06 20:13:27,335 :: INFO :: Control node : reset
2021-09-06 20:13:27,342 :: INFO :: Reset Control Node
2021-09-06 20:13:30,173 :: INFO :: Stop experiment succeeded
