2021-09-06 19:12:01,672 :: INFO :: Start experiment: luna-276384
2021-09-06 19:12:01,675 :: INFO :: Control node : Starting of control node serial interface
2021-09-06 19:12:01,678 :: INFO :: Control node : reset
2021-09-06 19:12:01,681 :: INFO :: Reset Control Node
2021-09-06 19:12:04,638 :: INFO :: Control node : start power of open node
2021-09-06 19:12:04,694 :: INFO :: Node OpenOCD: Setup of openocd node
2021-09-06 19:12:07,735 :: INFO :: Node OpenOCD: flash of openocd node
2021-09-06 19:12:07,751 :: INFO :: Flash firmware on OpenOCD: /tmp/tmpj66L1j--c646a7bd7eca22cfbffed9b70d2e0c90_unicast-sender-count-60T-100B.iotlab-m3
2021-09-06 19:12:14,758 :: INFO :: Control node : Start experiment
2021-09-06 19:12:14,785 :: INFO :: Control Node set time delay: 1343 us
2021-09-06 19:12:14,802 :: INFO :: Control node : profile configuration
2021-09-06 19:12:14,806 :: INFO :: Configure profile on Control Node
2021-09-06 19:12:14,850 :: INFO :: Start experiment succeeded
2021-09-06 20:13:20,718 :: INFO :: Gateway Manager : Stop experiment
2021-09-06 20:13:20,728 :: INFO :: Stop experiment
2021-09-06 20:13:20,741 :: INFO :: Control node : stop of the experiment
2021-09-06 20:13:20,749 :: INFO :: Control node : profile configuration
2021-09-06 20:13:20,756 :: INFO :: Configure profile on Control Node
2021-09-06 20:13:20,830 :: INFO :: Control node : start power of open node
2021-09-06 20:13:20,874 :: INFO :: Node OpenOCD: teardown of openocd node
2021-09-06 20:13:23,922 :: INFO :: openocd node debugger stop
2021-09-06 20:13:24,608 :: INFO :: Node OpenOCD: flash of openocd node
2021-09-06 20:13:24,622 :: INFO :: Flash firmware on OpenOCD: /usr/lib/python2.7/site-packages/gateway_code/static/m3_idle.elf
2021-09-06 20:13:27,240 :: INFO :: Control node : Stop control node serial interface
2021-09-06 20:13:27,249 :: INFO :: Control node : stop power of open node
2021-09-06 20:13:27,352 :: INFO :: Control node : reset
2021-09-06 20:13:27,358 :: INFO :: Reset Control Node
2021-09-06 20:13:30,246 :: INFO :: Stop experiment succeeded
