2021-09-06 19:12:01,745 :: INFO :: Start experiment: luna-276384
2021-09-06 19:12:01,749 :: INFO :: Control node : Starting of control node serial interface
2021-09-06 19:12:01,752 :: INFO :: Control node : reset
2021-09-06 19:12:01,754 :: INFO :: Reset Control Node
2021-09-06 19:12:04,711 :: INFO :: Control node : start power of open node
2021-09-06 19:12:04,767 :: INFO :: Node OpenOCD: Setup of openocd node
2021-09-06 19:12:07,811 :: INFO :: Node OpenOCD: flash of openocd node
2021-09-06 19:12:07,825 :: INFO :: Flash firmware on OpenOCD: /tmp/tmpDBg9jE--c646a7bd7eca22cfbffed9b70d2e0c90_unicast-sender-count-60T-100B.iotlab-m3
2021-09-06 19:12:14,795 :: INFO :: Control node : Start experiment
2021-09-06 19:12:14,844 :: INFO :: Control Node set time delay: 1861 us
2021-09-06 19:12:14,863 :: INFO :: Control node : profile configuration
2021-09-06 19:12:14,866 :: INFO :: Configure profile on Control Node
2021-09-06 19:12:14,908 :: INFO :: Start experiment succeeded
2021-09-06 20:13:20,734 :: INFO :: Gateway Manager : Stop experiment
2021-09-06 20:13:20,744 :: INFO :: Stop experiment
2021-09-06 20:13:20,753 :: INFO :: Control node : stop of the experiment
2021-09-06 20:13:20,760 :: INFO :: Control node : profile configuration
2021-09-06 20:13:20,771 :: INFO :: Configure profile on Control Node
2021-09-06 20:13:20,846 :: INFO :: Control node : start power of open node
2021-09-06 20:13:20,892 :: INFO :: Node OpenOCD: teardown of openocd node
2021-09-06 20:13:23,949 :: INFO :: openocd node debugger stop
2021-09-06 20:13:24,634 :: INFO :: Node OpenOCD: flash of openocd node
2021-09-06 20:13:24,641 :: INFO :: Flash firmware on OpenOCD: /usr/lib/python2.7/site-packages/gateway_code/static/m3_idle.elf
2021-09-06 20:13:27,255 :: INFO :: Control node : Stop control node serial interface
2021-09-06 20:13:27,260 :: INFO :: Control node : stop power of open node
2021-09-06 20:13:27,318 :: INFO :: Control node : reset
2021-09-06 20:13:27,324 :: INFO :: Reset Control Node
2021-09-06 20:13:30,210 :: INFO :: Stop experiment succeeded
