2021-09-06 19:12:01,727 :: INFO :: Start experiment: luna-276384
2021-09-06 19:12:01,731 :: INFO :: Control node : Starting of control node serial interface
2021-09-06 19:12:01,734 :: INFO :: Control node : reset
2021-09-06 19:12:01,736 :: INFO :: Reset Control Node
2021-09-06 19:12:04,692 :: INFO :: Control node : start power of open node
2021-09-06 19:12:04,750 :: INFO :: Node OpenOCD: Setup of openocd node
2021-09-06 19:12:07,797 :: INFO :: Node OpenOCD: flash of openocd node
2021-09-06 19:12:07,812 :: INFO :: Flash firmware on OpenOCD: /tmp/tmpgg23kD--c646a7bd7eca22cfbffed9b70d2e0c90_unicast-sender-count-60T-100B.iotlab-m3
2021-09-06 19:12:14,773 :: INFO :: Control node : Start experiment
2021-09-06 19:12:14,824 :: INFO :: Control Node set time delay: 1892 us
2021-09-06 19:12:14,857 :: INFO :: Control node : profile configuration
2021-09-06 19:12:14,862 :: INFO :: Configure profile on Control Node
2021-09-06 19:12:14,904 :: INFO :: Start experiment succeeded
2021-09-06 20:13:20,753 :: INFO :: Gateway Manager : Stop experiment
2021-09-06 20:13:20,767 :: INFO :: Stop experiment
2021-09-06 20:13:20,775 :: INFO :: Control node : stop of the experiment
2021-09-06 20:13:20,783 :: INFO :: Control node : profile configuration
2021-09-06 20:13:20,790 :: INFO :: Configure profile on Control Node
2021-09-06 20:13:20,865 :: INFO :: Control node : start power of open node
2021-09-06 20:13:20,908 :: INFO :: Node OpenOCD: teardown of openocd node
2021-09-06 20:13:23,950 :: INFO :: openocd node debugger stop
2021-09-06 20:13:24,627 :: INFO :: Node OpenOCD: flash of openocd node
2021-09-06 20:13:24,641 :: INFO :: Flash firmware on OpenOCD: /usr/lib/python2.7/site-packages/gateway_code/static/m3_idle.elf
2021-09-06 20:13:27,211 :: INFO :: Control node : Stop control node serial interface
2021-09-06 20:13:27,216 :: INFO :: Control node : stop power of open node
2021-09-06 20:13:27,267 :: INFO :: Control node : reset
2021-09-06 20:13:27,271 :: INFO :: Reset Control Node
2021-09-06 20:13:30,208 :: INFO :: Stop experiment succeeded
