2021-09-06 08:01:43,505 :: INFO :: Start experiment: luna-276374
2021-09-06 08:01:43,509 :: INFO :: Control node : Starting of control node serial interface
2021-09-06 08:01:43,512 :: INFO :: Control node : reset
2021-09-06 08:01:43,514 :: INFO :: Reset Control Node
2021-09-06 08:01:46,405 :: INFO :: Control node : start power of open node
2021-09-06 08:01:46,432 :: INFO :: Node OpenOCD: Setup of openocd node
2021-09-06 08:01:49,467 :: INFO :: Node OpenOCD: flash of openocd node
2021-09-06 08:01:49,485 :: INFO :: Flash firmware on OpenOCD: /tmp/tmpPV0KJg--c646a7bd7eca22cfbffed9b70d2e0c90_unicast-sender-count-60T-100B.iotlab-m3
2021-09-06 08:01:56,444 :: INFO :: Control node : Start experiment
2021-09-06 08:01:56,488 :: INFO :: Control Node set time delay: 1404 us
2021-09-06 08:01:56,522 :: INFO :: Control node : profile configuration
2021-09-06 08:01:56,529 :: INFO :: Configure profile on Control Node
2021-09-06 08:01:56,607 :: INFO :: Start experiment succeeded
2021-09-06 09:03:02,528 :: INFO :: Gateway Manager : Stop experiment
2021-09-06 09:03:02,551 :: INFO :: Stop experiment
2021-09-06 09:03:02,570 :: INFO :: Control node : stop of the experiment
2021-09-06 09:03:02,587 :: INFO :: Control node : profile configuration
2021-09-06 09:03:02,609 :: INFO :: Configure profile on Control Node
2021-09-06 09:03:02,768 :: INFO :: Control node : start power of open node
2021-09-06 09:03:02,788 :: INFO :: Node OpenOCD: teardown of openocd node
2021-09-06 09:03:05,836 :: INFO :: openocd node debugger stop
2021-09-06 09:03:06,525 :: INFO :: Node OpenOCD: flash of openocd node
2021-09-06 09:03:06,541 :: INFO :: Flash firmware on OpenOCD: /usr/lib/python2.7/site-packages/gateway_code/static/m3_idle.elf
2021-09-06 09:03:09,158 :: INFO :: Control node : Stop control node serial interface
2021-09-06 09:03:09,166 :: INFO :: Control node : stop power of open node
2021-09-06 09:03:09,262 :: INFO :: Control node : reset
2021-09-06 09:03:09,268 :: INFO :: Reset Control Node
2021-09-06 09:03:12,159 :: INFO :: Stop experiment succeeded
