2021-09-06 11:06:59,575 :: INFO :: Start experiment: luna-276377
2021-09-06 11:06:59,578 :: INFO :: Control node : Starting of control node serial interface
2021-09-06 11:06:59,581 :: INFO :: Control node : reset
2021-09-06 11:06:59,583 :: INFO :: Reset Control Node
2021-09-06 11:07:02,504 :: INFO :: Control node : start power of open node
2021-09-06 11:07:02,533 :: INFO :: Node OpenOCD: Setup of openocd node
2021-09-06 11:07:05,572 :: INFO :: Node OpenOCD: flash of openocd node
2021-09-06 11:07:05,590 :: INFO :: Flash firmware on OpenOCD: /tmp/tmpFfWKIH--11b39be0afbe655a47f82e084cf5704d_unicast-sender-count-60T-191B.iotlab-m3
2021-09-06 11:07:12,518 :: INFO :: Control node : Start experiment
2021-09-06 11:07:12,579 :: INFO :: Control Node set time delay: 1495 us
2021-09-06 11:07:12,600 :: INFO :: Control node : profile configuration
2021-09-06 11:07:12,603 :: INFO :: Configure profile on Control Node
2021-09-06 11:07:12,646 :: INFO :: Start experiment succeeded
2021-09-06 12:08:18,645 :: INFO :: Gateway Manager : Stop experiment
2021-09-06 12:08:18,655 :: INFO :: Stop experiment
2021-09-06 12:08:18,663 :: INFO :: Control node : stop of the experiment
2021-09-06 12:08:18,673 :: INFO :: Control node : profile configuration
2021-09-06 12:08:18,681 :: INFO :: Configure profile on Control Node
2021-09-06 12:08:18,754 :: INFO :: Control node : start power of open node
2021-09-06 12:08:18,798 :: INFO :: Node OpenOCD: teardown of openocd node
2021-09-06 12:08:21,847 :: INFO :: openocd node debugger stop
2021-09-06 12:08:22,538 :: INFO :: Node OpenOCD: flash of openocd node
2021-09-06 12:08:22,552 :: INFO :: Flash firmware on OpenOCD: /usr/lib/python2.7/site-packages/gateway_code/static/m3_idle.elf
2021-09-06 12:08:25,120 :: INFO :: Control node : Stop control node serial interface
2021-09-06 12:08:25,128 :: INFO :: Control node : stop power of open node
2021-09-06 12:08:25,229 :: INFO :: Control node : reset
2021-09-06 12:08:25,235 :: INFO :: Reset Control Node
2021-09-06 12:08:28,055 :: INFO :: Stop experiment succeeded
