2021-09-06 11:06:59,574 :: INFO :: Start experiment: luna-276377
2021-09-06 11:06:59,578 :: INFO :: Control node : Starting of control node serial interface
2021-09-06 11:06:59,580 :: INFO :: Control node : reset
2021-09-06 11:06:59,583 :: INFO :: Reset Control Node
2021-09-06 11:07:02,543 :: INFO :: Control node : start power of open node
2021-09-06 11:07:02,577 :: INFO :: Node OpenOCD: Setup of openocd node
2021-09-06 11:07:05,608 :: INFO :: Node OpenOCD: flash of openocd node
2021-09-06 11:07:05,626 :: INFO :: Flash firmware on OpenOCD: /tmp/tmpucsr6E--11b39be0afbe655a47f82e084cf5704d_unicast-sender-count-60T-191B.iotlab-m3
2021-09-06 11:07:12,574 :: INFO :: Control node : Start experiment
2021-09-06 11:07:12,644 :: INFO :: Control Node set time delay: 1373 us
2021-09-06 11:07:12,677 :: INFO :: Control node : profile configuration
2021-09-06 11:07:12,683 :: INFO :: Configure profile on Control Node
2021-09-06 11:07:12,762 :: INFO :: Start experiment succeeded
2021-09-06 12:08:18,658 :: INFO :: Gateway Manager : Stop experiment
2021-09-06 12:08:18,667 :: INFO :: Stop experiment
2021-09-06 12:08:18,676 :: INFO :: Control node : stop of the experiment
2021-09-06 12:08:18,683 :: INFO :: Control node : profile configuration
2021-09-06 12:08:18,691 :: INFO :: Configure profile on Control Node
2021-09-06 12:08:18,768 :: INFO :: Control node : start power of open node
2021-09-06 12:08:18,812 :: INFO :: Node OpenOCD: teardown of openocd node
2021-09-06 12:08:21,861 :: INFO :: openocd node debugger stop
2021-09-06 12:08:22,547 :: INFO :: Node OpenOCD: flash of openocd node
2021-09-06 12:08:22,554 :: INFO :: Flash firmware on OpenOCD: /usr/lib/python2.7/site-packages/gateway_code/static/m3_idle.elf
2021-09-06 12:08:25,063 :: INFO :: Control node : Stop control node serial interface
2021-09-06 12:08:25,068 :: INFO :: Control node : stop power of open node
2021-09-06 12:08:25,144 :: INFO :: Control node : reset
2021-09-06 12:08:25,151 :: INFO :: Reset Control Node
2021-09-06 12:08:28,041 :: INFO :: Stop experiment succeeded
