2021-09-06 11:06:59,571 :: INFO :: Start experiment: luna-276377
2021-09-06 11:06:59,575 :: INFO :: Control node : Starting of control node serial interface
2021-09-06 11:06:59,577 :: INFO :: Control node : reset
2021-09-06 11:06:59,580 :: INFO :: Reset Control Node
2021-09-06 11:07:02,528 :: INFO :: Control node : start power of open node
2021-09-06 11:07:02,583 :: INFO :: Node OpenOCD: Setup of openocd node
2021-09-06 11:07:05,623 :: INFO :: Node OpenOCD: flash of openocd node
2021-09-06 11:07:05,641 :: INFO :: Flash firmware on OpenOCD: /tmp/tmpbQ41Lq--11b39be0afbe655a47f82e084cf5704d_unicast-sender-count-60T-191B.iotlab-m3
2021-09-06 11:07:12,589 :: INFO :: Control node : Start experiment
2021-09-06 11:07:12,667 :: INFO :: Control Node set time delay: 1862 us
2021-09-06 11:07:12,704 :: INFO :: Control node : profile configuration
2021-09-06 11:07:12,711 :: INFO :: Configure profile on Control Node
2021-09-06 11:07:12,790 :: INFO :: Start experiment succeeded
2021-09-06 12:08:18,636 :: INFO :: Gateway Manager : Stop experiment
2021-09-06 12:08:18,645 :: INFO :: Stop experiment
2021-09-06 12:08:18,654 :: INFO :: Control node : stop of the experiment
2021-09-06 12:08:18,664 :: INFO :: Control node : profile configuration
2021-09-06 12:08:18,671 :: INFO :: Configure profile on Control Node
2021-09-06 12:08:18,743 :: INFO :: Control node : start power of open node
2021-09-06 12:08:18,788 :: INFO :: Node OpenOCD: teardown of openocd node
2021-09-06 12:08:21,830 :: INFO :: openocd node debugger stop
2021-09-06 12:08:22,516 :: INFO :: Node OpenOCD: flash of openocd node
2021-09-06 12:08:22,531 :: INFO :: Flash firmware on OpenOCD: /usr/lib/python2.7/site-packages/gateway_code/static/m3_idle.elf
2021-09-06 12:08:25,095 :: INFO :: Control node : Stop control node serial interface
2021-09-06 12:08:25,100 :: INFO :: Control node : stop power of open node
2021-09-06 12:08:25,149 :: INFO :: Control node : reset
2021-09-06 12:08:25,153 :: INFO :: Reset Control Node
2021-09-06 12:08:28,038 :: INFO :: Stop experiment succeeded
