2021-09-05 04:23:23,235 :: INFO :: Start experiment: luna-276347
2021-09-05 04:23:23,238 :: INFO :: Control node : Starting of control node serial interface
2021-09-05 04:23:23,241 :: INFO :: Control node : reset
2021-09-05 04:23:23,243 :: INFO :: Reset Control Node
2021-09-05 04:23:26,203 :: INFO :: Control node : start power of open node
2021-09-05 04:23:26,258 :: INFO :: Node OpenOCD: Setup of openocd node
2021-09-05 04:23:29,311 :: INFO :: Node OpenOCD: flash of openocd node
2021-09-05 04:23:29,326 :: INFO :: Flash firmware on OpenOCD: /tmp/tmpG_q059--cb924b41fcfd3e3c0bada58631722ec6_unicast-sender-count-30T-100B.iotlab-m3
2021-09-05 04:23:36,340 :: INFO :: Control node : Start experiment
2021-09-05 04:23:36,391 :: INFO :: Control Node set time delay: 1404 us
2021-09-05 04:23:36,418 :: INFO :: Control node : profile configuration
2021-09-05 04:23:36,422 :: INFO :: Configure profile on Control Node
2021-09-05 04:23:36,465 :: INFO :: Start experiment succeeded
2021-09-05 05:24:42,224 :: INFO :: Gateway Manager : Stop experiment
2021-09-05 05:24:42,233 :: INFO :: Stop experiment
2021-09-05 05:24:42,241 :: INFO :: Control node : stop of the experiment
2021-09-05 05:24:42,249 :: INFO :: Control node : profile configuration
2021-09-05 05:24:42,255 :: INFO :: Configure profile on Control Node
2021-09-05 05:24:42,327 :: INFO :: Control node : start power of open node
2021-09-05 05:24:42,369 :: INFO :: Node OpenOCD: teardown of openocd node
2021-09-05 05:24:45,429 :: INFO :: openocd node debugger stop
2021-09-05 05:24:46,121 :: INFO :: Node OpenOCD: flash of openocd node
2021-09-05 05:24:46,135 :: INFO :: Flash firmware on OpenOCD: /usr/lib/python2.7/site-packages/gateway_code/static/m3_idle.elf
2021-09-05 05:24:48,702 :: INFO :: Control node : Stop control node serial interface
2021-09-05 05:24:48,707 :: INFO :: Control node : stop power of open node
2021-09-05 05:24:48,760 :: INFO :: Control node : reset
2021-09-05 05:24:48,764 :: INFO :: Reset Control Node
2021-09-05 05:24:51,689 :: INFO :: Stop experiment succeeded
