2021-09-05 04:23:23,227 :: INFO :: Start experiment: luna-276347
2021-09-05 04:23:23,230 :: INFO :: Control node : Starting of control node serial interface
2021-09-05 04:23:23,233 :: INFO :: Control node : reset
2021-09-05 04:23:23,236 :: INFO :: Reset Control Node
2021-09-05 04:23:26,179 :: INFO :: Control node : start power of open node
2021-09-05 04:23:26,195 :: INFO :: Node OpenOCD: Setup of openocd node
2021-09-05 04:23:29,233 :: INFO :: Node OpenOCD: flash of openocd node
2021-09-05 04:23:29,251 :: INFO :: Flash firmware on OpenOCD: /tmp/tmpHcW4gJ--cb924b41fcfd3e3c0bada58631722ec6_unicast-sender-count-30T-100B.iotlab-m3
2021-09-05 04:23:36,147 :: INFO :: Control node : Start experiment
2021-09-05 04:23:36,193 :: INFO :: Control Node set time delay: 1709 us
2021-09-05 04:23:36,226 :: INFO :: Control node : profile configuration
2021-09-05 04:23:36,232 :: INFO :: Configure profile on Control Node
2021-09-05 04:23:36,311 :: INFO :: Start experiment succeeded
2021-09-05 05:24:42,273 :: INFO :: Gateway Manager : Stop experiment
2021-09-05 05:24:42,282 :: INFO :: Stop experiment
2021-09-05 05:24:42,291 :: INFO :: Control node : stop of the experiment
2021-09-05 05:24:42,298 :: INFO :: Control node : profile configuration
2021-09-05 05:24:42,305 :: INFO :: Configure profile on Control Node
2021-09-05 05:24:42,379 :: INFO :: Control node : start power of open node
2021-09-05 05:24:42,422 :: INFO :: Node OpenOCD: teardown of openocd node
2021-09-05 05:24:45,464 :: INFO :: openocd node debugger stop
2021-09-05 05:24:46,148 :: INFO :: Node OpenOCD: flash of openocd node
2021-09-05 05:24:46,163 :: INFO :: Flash firmware on OpenOCD: /usr/lib/python2.7/site-packages/gateway_code/static/m3_idle.elf
2021-09-05 05:24:48,728 :: INFO :: Control node : Stop control node serial interface
2021-09-05 05:24:48,737 :: INFO :: Control node : stop power of open node
2021-09-05 05:24:48,841 :: INFO :: Control node : reset
2021-09-05 05:24:48,847 :: INFO :: Reset Control Node
2021-09-05 05:24:51,732 :: INFO :: Stop experiment succeeded
