2021-09-05 04:23:23,244 :: INFO :: Start experiment: luna-276347
2021-09-05 04:23:23,248 :: INFO :: Control node : Starting of control node serial interface
2021-09-05 04:23:23,250 :: INFO :: Control node : reset
2021-09-05 04:23:23,253 :: INFO :: Reset Control Node
2021-09-05 04:23:26,202 :: INFO :: Control node : start power of open node
2021-09-05 04:23:26,260 :: INFO :: Node OpenOCD: Setup of openocd node
2021-09-05 04:23:29,313 :: INFO :: Node OpenOCD: flash of openocd node
2021-09-05 04:23:29,328 :: INFO :: Flash firmware on OpenOCD: /tmp/tmpjWQ3a0--ddd0625ff8382e7208c25657471d6a4a_unicast-receiver-count.iotlab-m3
2021-09-05 04:23:35,915 :: INFO :: Control node : Start experiment
2021-09-05 04:23:35,970 :: INFO :: Control Node set time delay: 1800 us
2021-09-05 04:23:36,003 :: INFO :: Control node : profile configuration
2021-09-05 04:23:36,010 :: INFO :: Configure profile on Control Node
2021-09-05 04:23:36,052 :: INFO :: Start experiment succeeded
2021-09-05 05:24:42,214 :: INFO :: Gateway Manager : Stop experiment
2021-09-05 05:24:42,224 :: INFO :: Stop experiment
2021-09-05 05:24:42,232 :: INFO :: Control node : stop of the experiment
2021-09-05 05:24:42,242 :: INFO :: Control node : profile configuration
2021-09-05 05:24:42,250 :: INFO :: Configure profile on Control Node
2021-09-05 05:24:42,325 :: INFO :: Control node : start power of open node
2021-09-05 05:24:42,368 :: INFO :: Node OpenOCD: teardown of openocd node
2021-09-05 05:24:45,413 :: INFO :: openocd node debugger stop
2021-09-05 05:24:46,102 :: INFO :: Node OpenOCD: flash of openocd node
2021-09-05 05:24:46,117 :: INFO :: Flash firmware on OpenOCD: /usr/lib/python2.7/site-packages/gateway_code/static/m3_idle.elf
2021-09-05 05:24:48,657 :: INFO :: Control node : Stop control node serial interface
2021-09-05 05:24:48,666 :: INFO :: Control node : stop power of open node
2021-09-05 05:24:48,768 :: INFO :: Control node : reset
2021-09-05 05:24:48,774 :: INFO :: Reset Control Node
2021-09-05 05:24:51,611 :: INFO :: Stop experiment succeeded
