2021-09-05 04:23:23,222 :: INFO :: Start experiment: luna-276347
2021-09-05 04:23:23,225 :: INFO :: Control node : Starting of control node serial interface
2021-09-05 04:23:23,228 :: INFO :: Control node : reset
2021-09-05 04:23:23,231 :: INFO :: Reset Control Node
2021-09-05 04:23:26,188 :: INFO :: Control node : start power of open node
2021-09-05 04:23:26,243 :: INFO :: Node OpenOCD: Setup of openocd node
2021-09-05 04:23:29,283 :: INFO :: Node OpenOCD: flash of openocd node
2021-09-05 04:23:29,298 :: INFO :: Flash firmware on OpenOCD: /tmp/tmpnE8Bos--cb924b41fcfd3e3c0bada58631722ec6_unicast-sender-count-30T-100B.iotlab-m3
2021-09-05 04:23:36,193 :: INFO :: Control node : Start experiment
2021-09-05 04:23:36,242 :: INFO :: Control Node set time delay: 1343 us
2021-09-05 04:23:36,274 :: INFO :: Control node : profile configuration
2021-09-05 04:23:36,281 :: INFO :: Configure profile on Control Node
2021-09-05 04:23:36,324 :: INFO :: Start experiment succeeded
2021-09-05 05:24:42,276 :: INFO :: Gateway Manager : Stop experiment
2021-09-05 05:24:42,285 :: INFO :: Stop experiment
2021-09-05 05:24:42,293 :: INFO :: Control node : stop of the experiment
2021-09-05 05:24:42,301 :: INFO :: Control node : profile configuration
2021-09-05 05:24:42,308 :: INFO :: Configure profile on Control Node
2021-09-05 05:24:42,381 :: INFO :: Control node : start power of open node
2021-09-05 05:24:42,424 :: INFO :: Node OpenOCD: teardown of openocd node
2021-09-05 05:24:45,472 :: INFO :: openocd node debugger stop
2021-09-05 05:24:46,156 :: INFO :: Node OpenOCD: flash of openocd node
2021-09-05 05:24:46,163 :: INFO :: Flash firmware on OpenOCD: /usr/lib/python2.7/site-packages/gateway_code/static/m3_idle.elf
2021-09-05 05:24:48,674 :: INFO :: Control node : Stop control node serial interface
2021-09-05 05:24:48,678 :: INFO :: Control node : stop power of open node
2021-09-05 05:24:48,733 :: INFO :: Control node : reset
2021-09-05 05:24:48,737 :: INFO :: Reset Control Node
2021-09-05 05:24:51,671 :: INFO :: Stop experiment succeeded
