2021-09-05 04:23:23,206 :: INFO :: Start experiment: luna-276347
2021-09-05 04:23:23,210 :: INFO :: Control node : Starting of control node serial interface
2021-09-05 04:23:23,212 :: INFO :: Control node : reset
2021-09-05 04:23:23,215 :: INFO :: Reset Control Node
2021-09-05 04:23:26,172 :: INFO :: Control node : start power of open node
2021-09-05 04:23:26,226 :: INFO :: Node OpenOCD: Setup of openocd node
2021-09-05 04:23:29,268 :: INFO :: Node OpenOCD: flash of openocd node
2021-09-05 04:23:29,282 :: INFO :: Flash firmware on OpenOCD: /tmp/tmpo8BNNk--cb924b41fcfd3e3c0bada58631722ec6_unicast-sender-count-30T-100B.iotlab-m3
2021-09-05 04:23:36,289 :: INFO :: Control node : Start experiment
2021-09-05 04:23:36,347 :: INFO :: Control Node set time delay: 1373 us
2021-09-05 04:23:36,372 :: INFO :: Control node : profile configuration
2021-09-05 04:23:36,378 :: INFO :: Configure profile on Control Node
2021-09-05 04:23:36,420 :: INFO :: Start experiment succeeded
2021-09-05 05:24:42,258 :: INFO :: Gateway Manager : Stop experiment
2021-09-05 05:24:42,277 :: INFO :: Stop experiment
2021-09-05 05:24:42,296 :: INFO :: Control node : stop of the experiment
2021-09-05 05:24:42,312 :: INFO :: Control node : profile configuration
2021-09-05 05:24:42,328 :: INFO :: Configure profile on Control Node
2021-09-05 05:24:42,471 :: INFO :: Control node : start power of open node
2021-09-05 05:24:42,493 :: INFO :: Node OpenOCD: teardown of openocd node
2021-09-05 05:24:45,549 :: INFO :: openocd node debugger stop
2021-09-05 05:24:46,235 :: INFO :: Node OpenOCD: flash of openocd node
2021-09-05 05:24:46,250 :: INFO :: Flash firmware on OpenOCD: /usr/lib/python2.7/site-packages/gateway_code/static/m3_idle.elf
2021-09-05 05:24:48,867 :: INFO :: Control node : Stop control node serial interface
2021-09-05 05:24:48,876 :: INFO :: Control node : stop power of open node
2021-09-05 05:24:48,952 :: INFO :: Control node : reset
2021-09-05 05:24:48,958 :: INFO :: Reset Control Node
2021-09-05 05:24:51,796 :: INFO :: Stop experiment succeeded
