2021-09-05 04:23:23,184 :: INFO :: Start experiment: luna-276347
2021-09-05 04:23:23,188 :: INFO :: Control node : Starting of control node serial interface
2021-09-05 04:23:23,190 :: INFO :: Control node : reset
2021-09-05 04:23:23,193 :: INFO :: Reset Control Node
2021-09-05 04:23:26,148 :: INFO :: Control node : start power of open node
2021-09-05 04:23:26,205 :: INFO :: Node OpenOCD: Setup of openocd node
2021-09-05 04:23:29,252 :: INFO :: Node OpenOCD: flash of openocd node
2021-09-05 04:23:29,268 :: INFO :: Flash firmware on OpenOCD: /tmp/tmpncOZK6--cb924b41fcfd3e3c0bada58631722ec6_unicast-sender-count-30T-100B.iotlab-m3
2021-09-05 04:23:36,218 :: INFO :: Control node : Start experiment
2021-09-05 04:23:36,291 :: INFO :: Control Node set time delay: 1312 us
2021-09-05 04:23:36,326 :: INFO :: Control node : profile configuration
2021-09-05 04:23:36,333 :: INFO :: Configure profile on Control Node
2021-09-05 04:23:36,415 :: INFO :: Start experiment succeeded
2021-09-05 05:24:42,231 :: INFO :: Gateway Manager : Stop experiment
2021-09-05 05:24:42,240 :: INFO :: Stop experiment
2021-09-05 05:24:42,249 :: INFO :: Control node : stop of the experiment
2021-09-05 05:24:42,259 :: INFO :: Control node : profile configuration
2021-09-05 05:24:42,267 :: INFO :: Configure profile on Control Node
2021-09-05 05:24:42,338 :: INFO :: Control node : start power of open node
2021-09-05 05:24:42,381 :: INFO :: Node OpenOCD: teardown of openocd node
2021-09-05 05:24:45,438 :: INFO :: openocd node debugger stop
2021-09-05 05:24:46,120 :: INFO :: Node OpenOCD: flash of openocd node
2021-09-05 05:24:46,135 :: INFO :: Flash firmware on OpenOCD: /usr/lib/python2.7/site-packages/gateway_code/static/m3_idle.elf
2021-09-05 05:24:48,747 :: INFO :: Control node : Stop control node serial interface
2021-09-05 05:24:48,752 :: INFO :: Control node : stop power of open node
2021-09-05 05:24:48,832 :: INFO :: Control node : reset
2021-09-05 05:24:48,838 :: INFO :: Reset Control Node
2021-09-05 05:24:51,726 :: INFO :: Stop experiment succeeded
