2021-09-05 04:23:23,251 :: INFO :: Start experiment: luna-276347
2021-09-05 04:23:23,255 :: INFO :: Control node : Starting of control node serial interface
2021-09-05 04:23:23,258 :: INFO :: Control node : reset
2021-09-05 04:23:23,261 :: INFO :: Reset Control Node
2021-09-05 04:23:26,272 :: INFO :: Control node : start power of open node
2021-09-05 04:23:26,318 :: INFO :: Node OpenOCD: Setup of openocd node
2021-09-05 04:23:29,358 :: INFO :: Node OpenOCD: flash of openocd node
2021-09-05 04:23:29,373 :: INFO :: Flash firmware on OpenOCD: /tmp/tmpfYSLwW--cb924b41fcfd3e3c0bada58631722ec6_unicast-sender-count-30T-100B.iotlab-m3
2021-09-05 04:23:36,334 :: INFO :: Control node : Start experiment
2021-09-05 04:23:36,413 :: INFO :: Control Node set time delay: 1922 us
2021-09-05 04:23:36,435 :: INFO :: Control node : profile configuration
2021-09-05 04:23:36,442 :: INFO :: Configure profile on Control Node
2021-09-05 04:23:36,523 :: INFO :: Start experiment succeeded
2021-09-05 05:24:42,227 :: INFO :: Gateway Manager : Stop experiment
2021-09-05 05:24:42,237 :: INFO :: Stop experiment
2021-09-05 05:24:42,245 :: INFO :: Control node : stop of the experiment
2021-09-05 05:24:42,253 :: INFO :: Control node : profile configuration
2021-09-05 05:24:42,260 :: INFO :: Configure profile on Control Node
2021-09-05 05:24:42,339 :: INFO :: Control node : start power of open node
2021-09-05 05:24:42,383 :: INFO :: Node OpenOCD: teardown of openocd node
2021-09-05 05:24:45,443 :: INFO :: openocd node debugger stop
2021-09-05 05:24:46,139 :: INFO :: Node OpenOCD: flash of openocd node
2021-09-05 05:24:46,155 :: INFO :: Flash firmware on OpenOCD: /usr/lib/python2.7/site-packages/gateway_code/static/m3_idle.elf
2021-09-05 05:24:48,723 :: INFO :: Control node : Stop control node serial interface
2021-09-05 05:24:48,732 :: INFO :: Control node : stop power of open node
2021-09-05 05:24:48,835 :: INFO :: Control node : reset
2021-09-05 05:24:48,842 :: INFO :: Reset Control Node
2021-09-05 05:24:51,727 :: INFO :: Stop experiment succeeded
