2021-09-05 04:23:23,156 :: INFO :: Start experiment: luna-276347
2021-09-05 04:23:23,159 :: INFO :: Control node : Starting of control node serial interface
2021-09-05 04:23:23,162 :: INFO :: Control node : reset
2021-09-05 04:23:23,165 :: INFO :: Reset Control Node
2021-09-05 04:23:26,123 :: INFO :: Control node : start power of open node
2021-09-05 04:23:26,179 :: INFO :: Node OpenOCD: Setup of openocd node
2021-09-05 04:23:29,220 :: INFO :: Node OpenOCD: flash of openocd node
2021-09-05 04:23:29,235 :: INFO :: Flash firmware on OpenOCD: /tmp/tmpVixu36--cb924b41fcfd3e3c0bada58631722ec6_unicast-sender-count-30T-100B.iotlab-m3
2021-09-05 04:23:36,185 :: INFO :: Control node : Start experiment
2021-09-05 04:23:36,239 :: INFO :: Control Node set time delay: 1862 us
2021-09-05 04:23:36,256 :: INFO :: Control node : profile configuration
2021-09-05 04:23:36,260 :: INFO :: Configure profile on Control Node
2021-09-05 04:23:36,302 :: INFO :: Start experiment succeeded
2021-09-05 05:24:42,241 :: INFO :: Gateway Manager : Stop experiment
2021-09-05 05:24:42,250 :: INFO :: Stop experiment
2021-09-05 05:24:42,259 :: INFO :: Control node : stop of the experiment
2021-09-05 05:24:42,266 :: INFO :: Control node : profile configuration
2021-09-05 05:24:42,273 :: INFO :: Configure profile on Control Node
2021-09-05 05:24:42,347 :: INFO :: Control node : start power of open node
2021-09-05 05:24:42,391 :: INFO :: Node OpenOCD: teardown of openocd node
2021-09-05 05:24:45,441 :: INFO :: openocd node debugger stop
2021-09-05 05:24:46,132 :: INFO :: Node OpenOCD: flash of openocd node
2021-09-05 05:24:46,147 :: INFO :: Flash firmware on OpenOCD: /usr/lib/python2.7/site-packages/gateway_code/static/m3_idle.elf
2021-09-05 05:24:48,685 :: INFO :: Control node : Stop control node serial interface
2021-09-05 05:24:48,690 :: INFO :: Control node : stop power of open node
2021-09-05 05:24:48,792 :: INFO :: Control node : reset
2021-09-05 05:24:48,798 :: INFO :: Reset Control Node
2021-09-05 05:24:51,691 :: INFO :: Stop experiment succeeded
