2021-09-05 04:23:23,208 :: INFO :: Start experiment: luna-276347
2021-09-05 04:23:23,212 :: INFO :: Control node : Starting of control node serial interface
2021-09-05 04:23:23,215 :: INFO :: Control node : reset
2021-09-05 04:23:23,217 :: INFO :: Reset Control Node
2021-09-05 04:23:26,172 :: INFO :: Control node : start power of open node
2021-09-05 04:23:26,228 :: INFO :: Node OpenOCD: Setup of openocd node
2021-09-05 04:23:29,273 :: INFO :: Node OpenOCD: flash of openocd node
2021-09-05 04:23:29,288 :: INFO :: Flash firmware on OpenOCD: /tmp/tmpIGMT80--cb924b41fcfd3e3c0bada58631722ec6_unicast-sender-count-30T-100B.iotlab-m3
2021-09-05 04:23:36,188 :: INFO :: Control node : Start experiment
2021-09-05 04:23:36,271 :: INFO :: Control Node set time delay: 1251 us
2021-09-05 04:23:36,296 :: INFO :: Control node : profile configuration
2021-09-05 04:23:36,303 :: INFO :: Configure profile on Control Node
2021-09-05 04:23:36,383 :: INFO :: Start experiment succeeded
2021-09-05 05:24:42,234 :: INFO :: Gateway Manager : Stop experiment
2021-09-05 05:24:42,243 :: INFO :: Stop experiment
2021-09-05 05:24:42,252 :: INFO :: Control node : stop of the experiment
2021-09-05 05:24:42,259 :: INFO :: Control node : profile configuration
2021-09-05 05:24:42,266 :: INFO :: Configure profile on Control Node
2021-09-05 05:24:42,342 :: INFO :: Control node : start power of open node
2021-09-05 05:24:42,386 :: INFO :: Node OpenOCD: teardown of openocd node
2021-09-05 05:24:45,427 :: INFO :: openocd node debugger stop
2021-09-05 05:24:46,115 :: INFO :: Node OpenOCD: flash of openocd node
2021-09-05 05:24:46,129 :: INFO :: Flash firmware on OpenOCD: /usr/lib/python2.7/site-packages/gateway_code/static/m3_idle.elf
2021-09-05 05:24:48,692 :: INFO :: Control node : Stop control node serial interface
2021-09-05 05:24:48,697 :: INFO :: Control node : stop power of open node
2021-09-05 05:24:48,754 :: INFO :: Control node : reset
2021-09-05 05:24:48,758 :: INFO :: Reset Control Node
2021-09-05 05:24:51,645 :: INFO :: Stop experiment succeeded
