2021-09-05 02:19:56,188 :: INFO :: Start experiment: luna-276345
2021-09-05 02:19:56,191 :: INFO :: Control node : Starting of control node serial interface
2021-09-05 02:19:56,194 :: INFO :: Control node : reset
2021-09-05 02:19:56,197 :: INFO :: Reset Control Node
2021-09-05 02:19:59,153 :: INFO :: Control node : start power of open node
2021-09-05 02:19:59,209 :: INFO :: Node OpenOCD: Setup of openocd node
2021-09-05 02:20:02,252 :: INFO :: Node OpenOCD: flash of openocd node
2021-09-05 02:20:02,267 :: INFO :: Flash firmware on OpenOCD: /tmp/tmpwic4rL--d4a0543b7d1f359d92f0e4afc0b7f0cf_unicast-sender-count-30T-20B.iotlab-m3
2021-09-05 02:20:09,217 :: INFO :: Control node : Start experiment
2021-09-05 02:20:09,287 :: INFO :: Control Node set time delay: 1953 us
2021-09-05 02:20:09,320 :: INFO :: Control node : profile configuration
2021-09-05 02:20:09,327 :: INFO :: Configure profile on Control Node
2021-09-05 02:20:09,405 :: INFO :: Start experiment succeeded
2021-09-05 02:49:42,134 :: INFO :: Check 'control' node ftdi
2021-09-05 02:49:42,279 :: INFO :: 'control' node ftdi found
2021-09-05 02:49:42,285 :: INFO :: Check 'm3' node ftdi
2021-09-05 02:49:42,364 :: INFO :: 'm3' node ftdi found
2021-09-05 03:21:15,243 :: INFO :: Gateway Manager : Stop experiment
2021-09-05 03:21:15,252 :: INFO :: Stop experiment
2021-09-05 03:21:15,262 :: INFO :: Control node : stop of the experiment
2021-09-05 03:21:15,269 :: INFO :: Control node : profile configuration
2021-09-05 03:21:15,276 :: INFO :: Configure profile on Control Node
2021-09-05 03:21:15,354 :: INFO :: Control node : start power of open node
2021-09-05 03:21:15,398 :: INFO :: Node OpenOCD: teardown of openocd node
2021-09-05 03:21:18,446 :: INFO :: openocd node debugger stop
2021-09-05 03:21:19,138 :: INFO :: Node OpenOCD: flash of openocd node
2021-09-05 03:21:19,152 :: INFO :: Flash firmware on OpenOCD: /usr/lib/python2.7/site-packages/gateway_code/static/m3_idle.elf
2021-09-05 03:21:21,719 :: INFO :: Control node : Stop control node serial interface
2021-09-05 03:21:21,728 :: INFO :: Control node : stop power of open node
2021-09-05 03:21:21,822 :: INFO :: Control node : reset
2021-09-05 03:21:21,829 :: INFO :: Reset Control Node
2021-09-05 03:21:24,716 :: INFO :: Stop experiment succeeded
