2021-09-05 02:19:56,144 :: INFO :: Start experiment: luna-276345
2021-09-05 02:19:56,148 :: INFO :: Control node : Starting of control node serial interface
2021-09-05 02:19:56,150 :: INFO :: Control node : reset
2021-09-05 02:19:56,153 :: INFO :: Reset Control Node
2021-09-05 02:19:59,109 :: INFO :: Control node : start power of open node
2021-09-05 02:19:59,164 :: INFO :: Node OpenOCD: Setup of openocd node
2021-09-05 02:20:02,217 :: INFO :: Node OpenOCD: flash of openocd node
2021-09-05 02:20:02,224 :: INFO :: Flash firmware on OpenOCD: /tmp/tmpKhBgER--d4a0543b7d1f359d92f0e4afc0b7f0cf_unicast-sender-count-30T-20B.iotlab-m3
2021-09-05 02:20:09,164 :: INFO :: Control node : Start experiment
2021-09-05 02:20:09,210 :: INFO :: Control Node set time delay: 1556 us
2021-09-05 02:20:09,227 :: INFO :: Control node : profile configuration
2021-09-05 02:20:09,231 :: INFO :: Configure profile on Control Node
2021-09-05 02:20:09,274 :: INFO :: Start experiment succeeded
2021-09-05 02:49:41,308 :: INFO :: Check 'control' node ftdi
2021-09-05 02:49:41,471 :: INFO :: 'control' node ftdi found
2021-09-05 02:49:41,485 :: INFO :: Check 'm3' node ftdi
2021-09-05 02:49:41,603 :: INFO :: 'm3' node ftdi found
2021-09-05 03:21:15,202 :: INFO :: Gateway Manager : Stop experiment
2021-09-05 03:21:15,212 :: INFO :: Stop experiment
2021-09-05 03:21:15,221 :: INFO :: Control node : stop of the experiment
2021-09-05 03:21:15,228 :: INFO :: Control node : profile configuration
2021-09-05 03:21:15,235 :: INFO :: Configure profile on Control Node
2021-09-05 03:21:15,312 :: INFO :: Control node : start power of open node
2021-09-05 03:21:15,354 :: INFO :: Node OpenOCD: teardown of openocd node
2021-09-05 03:21:18,395 :: INFO :: openocd node debugger stop
2021-09-05 03:21:19,083 :: INFO :: Node OpenOCD: flash of openocd node
2021-09-05 03:21:19,097 :: INFO :: Flash firmware on OpenOCD: /usr/lib/python2.7/site-packages/gateway_code/static/m3_idle.elf
2021-09-05 03:21:21,667 :: INFO :: Control node : Stop control node serial interface
2021-09-05 03:21:21,675 :: INFO :: Control node : stop power of open node
2021-09-05 03:21:21,767 :: INFO :: Control node : reset
2021-09-05 03:21:21,773 :: INFO :: Reset Control Node
2021-09-05 03:21:24,665 :: INFO :: Stop experiment succeeded
