2021-09-05 02:19:56,123 :: INFO :: Start experiment: luna-276345
2021-09-05 02:19:56,126 :: INFO :: Control node : Starting of control node serial interface
2021-09-05 02:19:56,129 :: INFO :: Control node : reset
2021-09-05 02:19:56,132 :: INFO :: Reset Control Node
2021-09-05 02:19:59,091 :: INFO :: Control node : start power of open node
2021-09-05 02:19:59,145 :: INFO :: Node OpenOCD: Setup of openocd node
2021-09-05 02:20:02,189 :: INFO :: Node OpenOCD: flash of openocd node
2021-09-05 02:20:02,204 :: INFO :: Flash firmware on OpenOCD: /tmp/tmpQRkllv--d4a0543b7d1f359d92f0e4afc0b7f0cf_unicast-sender-count-30T-20B.iotlab-m3
2021-09-05 02:20:09,080 :: INFO :: Control node : Start experiment
2021-09-05 02:20:09,133 :: INFO :: Control Node set time delay: 1404 us
2021-09-05 02:20:09,166 :: INFO :: Control node : profile configuration
2021-09-05 02:20:09,173 :: INFO :: Configure profile on Control Node
2021-09-05 02:20:09,252 :: INFO :: Start experiment succeeded
2021-09-05 02:52:14,054 :: INFO :: Check 'control' node ftdi
2021-09-05 02:52:14,217 :: INFO :: 'control' node ftdi found
2021-09-05 02:52:14,226 :: INFO :: Check 'm3' node ftdi
2021-09-05 02:52:14,348 :: INFO :: 'm3' node ftdi found
2021-09-05 03:21:15,239 :: INFO :: Gateway Manager : Stop experiment
2021-09-05 03:21:15,249 :: INFO :: Stop experiment
2021-09-05 03:21:15,258 :: INFO :: Control node : stop of the experiment
2021-09-05 03:21:15,265 :: INFO :: Control node : profile configuration
2021-09-05 03:21:15,277 :: INFO :: Configure profile on Control Node
2021-09-05 03:21:15,354 :: INFO :: Control node : start power of open node
2021-09-05 03:21:15,399 :: INFO :: Node OpenOCD: teardown of openocd node
2021-09-05 03:21:18,445 :: INFO :: openocd node debugger stop
2021-09-05 03:21:19,131 :: INFO :: Node OpenOCD: flash of openocd node
2021-09-05 03:21:19,145 :: INFO :: Flash firmware on OpenOCD: /usr/lib/python2.7/site-packages/gateway_code/static/m3_idle.elf
2021-09-05 03:21:21,714 :: INFO :: Control node : Stop control node serial interface
2021-09-05 03:21:21,723 :: INFO :: Control node : stop power of open node
2021-09-05 03:21:21,818 :: INFO :: Control node : reset
2021-09-05 03:21:21,825 :: INFO :: Reset Control Node
2021-09-05 03:21:24,667 :: INFO :: Stop experiment succeeded
