2021-09-05 02:19:56,182 :: INFO :: Start experiment: luna-276345
2021-09-05 02:19:56,186 :: INFO :: Control node : Starting of control node serial interface
2021-09-05 02:19:56,189 :: INFO :: Control node : reset
2021-09-05 02:19:56,191 :: INFO :: Reset Control Node
2021-09-05 02:19:59,146 :: INFO :: Control node : start power of open node
2021-09-05 02:19:59,200 :: INFO :: Node OpenOCD: Setup of openocd node
2021-09-05 02:20:02,247 :: INFO :: Node OpenOCD: flash of openocd node
2021-09-05 02:20:02,255 :: INFO :: Flash firmware on OpenOCD: /tmp/tmphmFMHU--d4a0543b7d1f359d92f0e4afc0b7f0cf_unicast-sender-count-30T-20B.iotlab-m3
2021-09-05 02:20:09,196 :: INFO :: Control node : Start experiment
2021-09-05 02:20:09,244 :: INFO :: Control Node set time delay: 1953 us
2021-09-05 02:20:09,262 :: INFO :: Control node : profile configuration
2021-09-05 02:20:09,266 :: INFO :: Configure profile on Control Node
2021-09-05 02:20:09,311 :: INFO :: Start experiment succeeded
2021-09-05 02:52:32,334 :: INFO :: Check 'control' node ftdi
2021-09-05 02:52:32,628 :: INFO :: 'control' node ftdi found
2021-09-05 02:52:32,633 :: INFO :: Check 'm3' node ftdi
2021-09-05 02:52:32,709 :: INFO :: 'm3' node ftdi found
2021-09-05 03:21:15,275 :: INFO :: Gateway Manager : Stop experiment
2021-09-05 03:21:15,296 :: INFO :: Stop experiment
2021-09-05 03:21:15,318 :: INFO :: Control node : stop of the experiment
2021-09-05 03:21:15,335 :: INFO :: Control node : profile configuration
2021-09-05 03:21:15,351 :: INFO :: Configure profile on Control Node
2021-09-05 03:21:15,512 :: INFO :: Control node : start power of open node
2021-09-05 03:21:15,534 :: INFO :: Node OpenOCD: teardown of openocd node
2021-09-05 03:21:18,565 :: INFO :: openocd node debugger stop
2021-09-05 03:21:19,249 :: INFO :: Node OpenOCD: flash of openocd node
2021-09-05 03:21:19,263 :: INFO :: Flash firmware on OpenOCD: /usr/lib/python2.7/site-packages/gateway_code/static/m3_idle.elf
2021-09-05 03:21:21,826 :: INFO :: Control node : Stop control node serial interface
2021-09-05 03:21:21,835 :: INFO :: Control node : stop power of open node
2021-09-05 03:21:21,934 :: INFO :: Control node : reset
2021-09-05 03:21:21,941 :: INFO :: Reset Control Node
2021-09-05 03:21:24,831 :: INFO :: Stop experiment succeeded
