2021-09-05 02:19:56,169 :: INFO :: Start experiment: luna-276345
2021-09-05 02:19:56,172 :: INFO :: Control node : Starting of control node serial interface
2021-09-05 02:19:56,175 :: INFO :: Control node : reset
2021-09-05 02:19:56,178 :: INFO :: Reset Control Node
2021-09-05 02:19:59,130 :: INFO :: Control node : start power of open node
2021-09-05 02:19:59,184 :: INFO :: Node OpenOCD: Setup of openocd node
2021-09-05 02:20:02,233 :: INFO :: Node OpenOCD: flash of openocd node
2021-09-05 02:20:02,244 :: INFO :: Flash firmware on OpenOCD: /tmp/tmphntANc--d4a0543b7d1f359d92f0e4afc0b7f0cf_unicast-sender-count-30T-20B.iotlab-m3
2021-09-05 02:20:09,076 :: INFO :: Control node : Start experiment
2021-09-05 02:20:09,145 :: INFO :: Control Node set time delay: 1526 us
2021-09-05 02:20:09,161 :: INFO :: Control node : profile configuration
2021-09-05 02:20:09,168 :: INFO :: Configure profile on Control Node
2021-09-05 02:20:09,248 :: INFO :: Start experiment succeeded
2021-09-05 02:53:29,115 :: INFO :: Check 'control' node ftdi
2021-09-05 02:53:29,304 :: INFO :: 'control' node ftdi found
2021-09-05 02:53:29,313 :: INFO :: Check 'm3' node ftdi
2021-09-05 02:53:29,391 :: INFO :: 'm3' node ftdi found
2021-09-05 03:21:15,224 :: INFO :: Gateway Manager : Stop experiment
2021-09-05 03:21:15,233 :: INFO :: Stop experiment
2021-09-05 03:21:15,243 :: INFO :: Control node : stop of the experiment
2021-09-05 03:21:15,250 :: INFO :: Control node : profile configuration
2021-09-05 03:21:15,257 :: INFO :: Configure profile on Control Node
2021-09-05 03:21:15,335 :: INFO :: Control node : start power of open node
2021-09-05 03:21:15,379 :: INFO :: Node OpenOCD: teardown of openocd node
2021-09-05 03:21:18,430 :: INFO :: openocd node debugger stop
2021-09-05 03:21:19,115 :: INFO :: Node OpenOCD: flash of openocd node
2021-09-05 03:21:19,122 :: INFO :: Flash firmware on OpenOCD: /usr/lib/python2.7/site-packages/gateway_code/static/m3_idle.elf
2021-09-05 03:21:21,686 :: INFO :: Control node : Stop control node serial interface
2021-09-05 03:21:21,694 :: INFO :: Control node : stop power of open node
2021-09-05 03:21:21,783 :: INFO :: Control node : reset
2021-09-05 03:21:21,790 :: INFO :: Reset Control Node
2021-09-05 03:21:24,630 :: INFO :: Stop experiment succeeded
