2021-09-06 14:12:09,626 :: INFO :: Start experiment: luna-276380
2021-09-06 14:12:09,630 :: INFO :: Control node : Starting of control node serial interface
2021-09-06 14:12:09,633 :: INFO :: Control node : reset
2021-09-06 14:12:09,635 :: INFO :: Reset Control Node
2021-09-06 14:12:12,624 :: INFO :: Control node : start power of open node
2021-09-06 14:12:12,639 :: INFO :: Node OpenOCD: Setup of openocd node
2021-09-06 14:12:15,668 :: INFO :: Node OpenOCD: flash of openocd node
2021-09-06 14:12:15,686 :: INFO :: Flash firmware on OpenOCD: /tmp/tmpQSH1X7--d4a0543b7d1f359d92f0e4afc0b7f0cf_unicast-sender-count-30T-20B.iotlab-m3
2021-09-06 14:12:22,663 :: INFO :: Control node : Start experiment
2021-09-06 14:12:22,770 :: INFO :: Control Node set time delay: 1404 us
2021-09-06 14:12:22,783 :: INFO :: Control node : profile configuration
2021-09-06 14:12:22,786 :: INFO :: Configure profile on Control Node
2021-09-06 14:12:22,829 :: INFO :: Start experiment succeeded
2021-09-06 15:13:28,699 :: INFO :: Gateway Manager : Stop experiment
2021-09-06 15:13:28,708 :: INFO :: Stop experiment
2021-09-06 15:13:28,717 :: INFO :: Control node : stop of the experiment
2021-09-06 15:13:28,725 :: INFO :: Control node : profile configuration
2021-09-06 15:13:28,735 :: INFO :: Configure profile on Control Node
2021-09-06 15:13:28,810 :: INFO :: Control node : start power of open node
2021-09-06 15:13:28,838 :: INFO :: Node OpenOCD: teardown of openocd node
2021-09-06 15:13:31,886 :: INFO :: openocd node debugger stop
2021-09-06 15:13:32,576 :: INFO :: Node OpenOCD: flash of openocd node
2021-09-06 15:13:32,591 :: INFO :: Flash firmware on OpenOCD: /usr/lib/python2.7/site-packages/gateway_code/static/m3_idle.elf
2021-09-06 15:13:35,160 :: INFO :: Control node : Stop control node serial interface
2021-09-06 15:13:35,169 :: INFO :: Control node : stop power of open node
2021-09-06 15:13:35,265 :: INFO :: Control node : reset
2021-09-06 15:13:35,272 :: INFO :: Reset Control Node
2021-09-06 15:13:38,159 :: INFO :: Stop experiment succeeded
