2021-09-06 14:12:09,609 :: INFO :: Start experiment: luna-276380
2021-09-06 14:12:09,612 :: INFO :: Control node : Starting of control node serial interface
2021-09-06 14:12:09,615 :: INFO :: Control node : reset
2021-09-06 14:12:09,617 :: INFO :: Reset Control Node
2021-09-06 14:12:12,576 :: INFO :: Control node : start power of open node
2021-09-06 14:12:12,610 :: INFO :: Node OpenOCD: Setup of openocd node
2021-09-06 14:12:15,639 :: INFO :: Node OpenOCD: flash of openocd node
2021-09-06 14:12:15,657 :: INFO :: Flash firmware on OpenOCD: /tmp/tmpl2d0KI--d4a0543b7d1f359d92f0e4afc0b7f0cf_unicast-sender-count-30T-20B.iotlab-m3
2021-09-06 14:12:22,556 :: INFO :: Control node : Start experiment
2021-09-06 14:12:22,621 :: INFO :: Control Node set time delay: 1190 us
2021-09-06 14:12:22,644 :: INFO :: Control node : profile configuration
2021-09-06 14:12:22,651 :: INFO :: Configure profile on Control Node
2021-09-06 14:12:22,730 :: INFO :: Start experiment succeeded
2021-09-06 15:13:28,709 :: INFO :: Gateway Manager : Stop experiment
2021-09-06 15:13:28,718 :: INFO :: Stop experiment
2021-09-06 15:13:28,727 :: INFO :: Control node : stop of the experiment
2021-09-06 15:13:28,735 :: INFO :: Control node : profile configuration
2021-09-06 15:13:28,742 :: INFO :: Configure profile on Control Node
2021-09-06 15:13:28,818 :: INFO :: Control node : start power of open node
2021-09-06 15:13:28,862 :: INFO :: Node OpenOCD: teardown of openocd node
2021-09-06 15:13:31,927 :: INFO :: openocd node debugger stop
2021-09-06 15:13:32,606 :: INFO :: Node OpenOCD: flash of openocd node
2021-09-06 15:13:32,613 :: INFO :: Flash firmware on OpenOCD: /usr/lib/python2.7/site-packages/gateway_code/static/m3_idle.elf
2021-09-06 15:13:35,124 :: INFO :: Control node : Stop control node serial interface
2021-09-06 15:13:35,133 :: INFO :: Control node : stop power of open node
2021-09-06 15:13:35,241 :: INFO :: Control node : reset
2021-09-06 15:13:35,247 :: INFO :: Reset Control Node
2021-09-06 15:13:38,087 :: INFO :: Stop experiment succeeded
