2021-09-06 14:12:09,602 :: INFO :: Start experiment: luna-276380
2021-09-06 14:12:09,605 :: INFO :: Control node : Starting of control node serial interface
2021-09-06 14:12:09,608 :: INFO :: Control node : reset
2021-09-06 14:12:09,611 :: INFO :: Reset Control Node
2021-09-06 14:12:12,540 :: INFO :: Control node : start power of open node
2021-09-06 14:12:12,567 :: INFO :: Node OpenOCD: Setup of openocd node
2021-09-06 14:12:15,600 :: INFO :: Node OpenOCD: flash of openocd node
2021-09-06 14:12:15,618 :: INFO :: Flash firmware on OpenOCD: /tmp/tmpnYYPeO--d4a0543b7d1f359d92f0e4afc0b7f0cf_unicast-sender-count-30T-20B.iotlab-m3
2021-09-06 14:12:22,590 :: INFO :: Control node : Start experiment
2021-09-06 14:12:22,672 :: INFO :: Control Node set time delay: 1221 us
2021-09-06 14:12:22,689 :: INFO :: Control node : profile configuration
2021-09-06 14:12:22,692 :: INFO :: Configure profile on Control Node
2021-09-06 14:12:22,734 :: INFO :: Start experiment succeeded
2021-09-06 15:13:28,726 :: INFO :: Gateway Manager : Stop experiment
2021-09-06 15:13:28,745 :: INFO :: Stop experiment
2021-09-06 15:13:28,764 :: INFO :: Control node : stop of the experiment
2021-09-06 15:13:28,780 :: INFO :: Control node : profile configuration
2021-09-06 15:13:28,795 :: INFO :: Configure profile on Control Node
2021-09-06 15:13:28,960 :: INFO :: Control node : start power of open node
2021-09-06 15:13:28,983 :: INFO :: Node OpenOCD: teardown of openocd node
2021-09-06 15:13:32,046 :: INFO :: openocd node debugger stop
2021-09-06 15:13:32,730 :: INFO :: Node OpenOCD: flash of openocd node
2021-09-06 15:13:32,737 :: INFO :: Flash firmware on OpenOCD: /usr/lib/python2.7/site-packages/gateway_code/static/m3_idle.elf
2021-09-06 15:13:35,239 :: INFO :: Control node : Stop control node serial interface
2021-09-06 15:13:35,244 :: INFO :: Control node : stop power of open node
2021-09-06 15:13:35,304 :: INFO :: Control node : reset
2021-09-06 15:13:35,307 :: INFO :: Reset Control Node
2021-09-06 15:13:38,177 :: INFO :: Stop experiment succeeded
