2021-09-06 14:12:09,577 :: INFO :: Start experiment: luna-276380
2021-09-06 14:12:09,581 :: INFO :: Control node : Starting of control node serial interface
2021-09-06 14:12:09,583 :: INFO :: Control node : reset
2021-09-06 14:12:09,586 :: INFO :: Reset Control Node
2021-09-06 14:12:12,539 :: INFO :: Control node : start power of open node
2021-09-06 14:12:12,596 :: INFO :: Node OpenOCD: Setup of openocd node
2021-09-06 14:12:15,637 :: INFO :: Node OpenOCD: flash of openocd node
2021-09-06 14:12:15,652 :: INFO :: Flash firmware on OpenOCD: /tmp/tmpTkg5mD--d4a0543b7d1f359d92f0e4afc0b7f0cf_unicast-sender-count-30T-20B.iotlab-m3
2021-09-06 14:12:22,543 :: INFO :: Control node : Start experiment
2021-09-06 14:12:22,607 :: INFO :: Control Node set time delay: 1099 us
2021-09-06 14:12:22,632 :: INFO :: Control node : profile configuration
2021-09-06 14:12:22,638 :: INFO :: Configure profile on Control Node
2021-09-06 14:12:22,718 :: INFO :: Start experiment succeeded
2021-09-06 15:13:28,722 :: INFO :: Gateway Manager : Stop experiment
2021-09-06 15:13:28,742 :: INFO :: Stop experiment
2021-09-06 15:13:28,761 :: INFO :: Control node : stop of the experiment
2021-09-06 15:13:28,784 :: INFO :: Control node : profile configuration
2021-09-06 15:13:28,801 :: INFO :: Configure profile on Control Node
2021-09-06 15:13:28,965 :: INFO :: Control node : start power of open node
2021-09-06 15:13:28,986 :: INFO :: Node OpenOCD: teardown of openocd node
2021-09-06 15:13:32,040 :: INFO :: openocd node debugger stop
2021-09-06 15:13:32,729 :: INFO :: Node OpenOCD: flash of openocd node
2021-09-06 15:13:32,743 :: INFO :: Flash firmware on OpenOCD: /usr/lib/python2.7/site-packages/gateway_code/static/m3_idle.elf
2021-09-06 15:13:35,357 :: INFO :: Control node : Stop control node serial interface
2021-09-06 15:13:35,365 :: INFO :: Control node : stop power of open node
2021-09-06 15:13:35,467 :: INFO :: Control node : reset
2021-09-06 15:13:35,473 :: INFO :: Reset Control Node
2021-09-06 15:13:38,365 :: INFO :: Stop experiment succeeded
