2021-09-06 14:12:09,568 :: INFO :: Start experiment: luna-276380
2021-09-06 14:12:09,572 :: INFO :: Control node : Starting of control node serial interface
2021-09-06 14:12:09,574 :: INFO :: Control node : reset
2021-09-06 14:12:09,577 :: INFO :: Reset Control Node
2021-09-06 14:12:12,531 :: INFO :: Control node : start power of open node
2021-09-06 14:12:12,588 :: INFO :: Node OpenOCD: Setup of openocd node
2021-09-06 14:12:15,619 :: INFO :: Node OpenOCD: flash of openocd node
2021-09-06 14:12:15,636 :: INFO :: Flash firmware on OpenOCD: /tmp/tmpPfcror--d4a0543b7d1f359d92f0e4afc0b7f0cf_unicast-sender-count-30T-20B.iotlab-m3
2021-09-06 14:12:22,543 :: INFO :: Control node : Start experiment
2021-09-06 14:12:22,601 :: INFO :: Control Node set time delay: 1922 us
2021-09-06 14:12:22,631 :: INFO :: Control node : profile configuration
2021-09-06 14:12:22,638 :: INFO :: Configure profile on Control Node
2021-09-06 14:12:22,715 :: INFO :: Start experiment succeeded
2021-09-06 15:13:28,655 :: INFO :: Gateway Manager : Stop experiment
2021-09-06 15:13:28,664 :: INFO :: Stop experiment
2021-09-06 15:13:28,673 :: INFO :: Control node : stop of the experiment
2021-09-06 15:13:28,681 :: INFO :: Control node : profile configuration
2021-09-06 15:13:28,688 :: INFO :: Configure profile on Control Node
2021-09-06 15:13:28,766 :: INFO :: Control node : start power of open node
2021-09-06 15:13:28,809 :: INFO :: Node OpenOCD: teardown of openocd node
2021-09-06 15:13:31,870 :: INFO :: openocd node debugger stop
2021-09-06 15:13:32,553 :: INFO :: Node OpenOCD: flash of openocd node
2021-09-06 15:13:32,568 :: INFO :: Flash firmware on OpenOCD: /usr/lib/python2.7/site-packages/gateway_code/static/m3_idle.elf
2021-09-06 15:13:35,185 :: INFO :: Control node : Stop control node serial interface
2021-09-06 15:13:35,190 :: INFO :: Control node : stop power of open node
2021-09-06 15:13:35,242 :: INFO :: Control node : reset
2021-09-06 15:13:35,246 :: INFO :: Reset Control Node
2021-09-06 15:13:38,131 :: INFO :: Stop experiment succeeded
