2021-09-06 14:12:09,550 :: INFO :: Start experiment: luna-276380
2021-09-06 14:12:09,554 :: INFO :: Control node : Starting of control node serial interface
2021-09-06 14:12:09,557 :: INFO :: Control node : reset
2021-09-06 14:12:09,559 :: INFO :: Reset Control Node
2021-09-06 14:12:12,516 :: INFO :: Control node : start power of open node
2021-09-06 14:12:12,573 :: INFO :: Node OpenOCD: Setup of openocd node
2021-09-06 14:12:15,614 :: INFO :: Node OpenOCD: flash of openocd node
2021-09-06 14:12:15,630 :: INFO :: Flash firmware on OpenOCD: /tmp/tmp7eKCdo--d4a0543b7d1f359d92f0e4afc0b7f0cf_unicast-sender-count-30T-20B.iotlab-m3
2021-09-06 14:12:22,585 :: INFO :: Control node : Start experiment
2021-09-06 14:12:22,660 :: INFO :: Control Node set time delay: 1007 us
2021-09-06 14:12:22,684 :: INFO :: Control node : profile configuration
2021-09-06 14:12:22,691 :: INFO :: Configure profile on Control Node
2021-09-06 14:12:22,771 :: INFO :: Start experiment succeeded
2021-09-06 15:13:28,680 :: INFO :: Gateway Manager : Stop experiment
2021-09-06 15:13:28,690 :: INFO :: Stop experiment
2021-09-06 15:13:28,698 :: INFO :: Control node : stop of the experiment
2021-09-06 15:13:28,706 :: INFO :: Control node : profile configuration
2021-09-06 15:13:28,713 :: INFO :: Configure profile on Control Node
2021-09-06 15:13:28,790 :: INFO :: Control node : start power of open node
2021-09-06 15:13:28,835 :: INFO :: Node OpenOCD: teardown of openocd node
2021-09-06 15:13:31,908 :: INFO :: openocd node debugger stop
2021-09-06 15:13:32,593 :: INFO :: Node OpenOCD: flash of openocd node
2021-09-06 15:13:32,607 :: INFO :: Flash firmware on OpenOCD: /usr/lib/python2.7/site-packages/gateway_code/static/m3_idle.elf
2021-09-06 15:13:35,176 :: INFO :: Control node : Stop control node serial interface
2021-09-06 15:13:35,185 :: INFO :: Control node : stop power of open node
2021-09-06 15:13:35,282 :: INFO :: Control node : reset
2021-09-06 15:13:35,289 :: INFO :: Reset Control Node
2021-09-06 15:13:38,175 :: INFO :: Stop experiment succeeded
