2021-09-06 14:12:09,629 :: INFO :: Start experiment: luna-276380
2021-09-06 14:12:09,633 :: INFO :: Control node : Starting of control node serial interface
2021-09-06 14:12:09,635 :: INFO :: Control node : reset
2021-09-06 14:12:09,638 :: INFO :: Reset Control Node
2021-09-06 14:12:12,534 :: INFO :: Control node : start power of open node
2021-09-06 14:12:12,562 :: INFO :: Node OpenOCD: Setup of openocd node
2021-09-06 14:12:15,597 :: INFO :: Node OpenOCD: flash of openocd node
2021-09-06 14:12:15,615 :: INFO :: Flash firmware on OpenOCD: /tmp/tmpDzjdYJ--d4a0543b7d1f359d92f0e4afc0b7f0cf_unicast-sender-count-30T-20B.iotlab-m3
2021-09-06 14:12:22,513 :: INFO :: Control node : Start experiment
2021-09-06 14:12:22,583 :: INFO :: Control Node set time delay: 1831 us
2021-09-06 14:12:22,616 :: INFO :: Control node : profile configuration
2021-09-06 14:12:22,622 :: INFO :: Configure profile on Control Node
2021-09-06 14:12:22,702 :: INFO :: Start experiment succeeded
2021-09-06 15:13:28,732 :: INFO :: Gateway Manager : Stop experiment
2021-09-06 15:13:28,751 :: INFO :: Stop experiment
2021-09-06 15:13:28,759 :: INFO :: Control node : stop of the experiment
2021-09-06 15:13:28,766 :: INFO :: Control node : profile configuration
2021-09-06 15:13:28,773 :: INFO :: Configure profile on Control Node
2021-09-06 15:13:28,844 :: INFO :: Control node : start power of open node
2021-09-06 15:13:28,885 :: INFO :: Node OpenOCD: teardown of openocd node
2021-09-06 15:13:31,925 :: INFO :: openocd node debugger stop
2021-09-06 15:13:32,611 :: INFO :: Node OpenOCD: flash of openocd node
2021-09-06 15:13:32,625 :: INFO :: Flash firmware on OpenOCD: /usr/lib/python2.7/site-packages/gateway_code/static/m3_idle.elf
2021-09-06 15:13:35,250 :: INFO :: Control node : Stop control node serial interface
2021-09-06 15:13:35,259 :: INFO :: Control node : stop power of open node
2021-09-06 15:13:35,366 :: INFO :: Control node : reset
2021-09-06 15:13:35,373 :: INFO :: Reset Control Node
2021-09-06 15:13:38,258 :: INFO :: Stop experiment succeeded
