2021-09-06 14:12:09,592 :: INFO :: Start experiment: luna-276380
2021-09-06 14:12:09,596 :: INFO :: Control node : Starting of control node serial interface
2021-09-06 14:12:09,599 :: INFO :: Control node : reset
2021-09-06 14:12:09,601 :: INFO :: Reset Control Node
2021-09-06 14:12:12,554 :: INFO :: Control node : start power of open node
2021-09-06 14:12:12,610 :: INFO :: Node OpenOCD: Setup of openocd node
2021-09-06 14:12:15,653 :: INFO :: Node OpenOCD: flash of openocd node
2021-09-06 14:12:15,668 :: INFO :: Flash firmware on OpenOCD: /tmp/tmpT3GDaI--d4a0543b7d1f359d92f0e4afc0b7f0cf_unicast-sender-count-30T-20B.iotlab-m3
2021-09-06 14:12:22,656 :: INFO :: Control node : Start experiment
2021-09-06 14:12:22,704 :: INFO :: Control Node set time delay: 1800 us
2021-09-06 14:12:22,727 :: INFO :: Control node : profile configuration
2021-09-06 14:12:22,731 :: INFO :: Configure profile on Control Node
2021-09-06 14:12:22,773 :: INFO :: Start experiment succeeded
2021-09-06 15:13:28,695 :: INFO :: Gateway Manager : Stop experiment
2021-09-06 15:13:28,704 :: INFO :: Stop experiment
2021-09-06 15:13:28,714 :: INFO :: Control node : stop of the experiment
2021-09-06 15:13:28,721 :: INFO :: Control node : profile configuration
2021-09-06 15:13:28,728 :: INFO :: Configure profile on Control Node
2021-09-06 15:13:28,803 :: INFO :: Control node : start power of open node
2021-09-06 15:13:28,847 :: INFO :: Node OpenOCD: teardown of openocd node
2021-09-06 15:13:31,917 :: INFO :: openocd node debugger stop
2021-09-06 15:13:32,611 :: INFO :: Node OpenOCD: flash of openocd node
2021-09-06 15:13:32,626 :: INFO :: Flash firmware on OpenOCD: /usr/lib/python2.7/site-packages/gateway_code/static/m3_idle.elf
2021-09-06 15:13:35,192 :: INFO :: Control node : Stop control node serial interface
2021-09-06 15:13:35,201 :: INFO :: Control node : stop power of open node
2021-09-06 15:13:35,294 :: INFO :: Control node : reset
2021-09-06 15:13:35,300 :: INFO :: Reset Control Node
2021-09-06 15:13:38,186 :: INFO :: Stop experiment succeeded
