2021-09-06 14:12:09,615 :: INFO :: Start experiment: luna-276380
2021-09-06 14:12:09,618 :: INFO :: Control node : Starting of control node serial interface
2021-09-06 14:12:09,621 :: INFO :: Control node : reset
2021-09-06 14:12:09,624 :: INFO :: Reset Control Node
2021-09-06 14:12:12,579 :: INFO :: Control node : start power of open node
2021-09-06 14:12:12,634 :: INFO :: Node OpenOCD: Setup of openocd node
2021-09-06 14:12:15,683 :: INFO :: Node OpenOCD: flash of openocd node
2021-09-06 14:12:15,698 :: INFO :: Flash firmware on OpenOCD: /tmp/tmpVZY9iQ--d4a0543b7d1f359d92f0e4afc0b7f0cf_unicast-sender-count-30T-20B.iotlab-m3
2021-09-06 14:12:22,714 :: INFO :: Control node : Start experiment
2021-09-06 14:12:22,766 :: INFO :: Control Node set time delay: 1618 us
2021-09-06 14:12:22,789 :: INFO :: Control node : profile configuration
2021-09-06 14:12:22,793 :: INFO :: Configure profile on Control Node
2021-09-06 14:12:22,834 :: INFO :: Start experiment succeeded
2021-09-06 15:13:28,740 :: INFO :: Gateway Manager : Stop experiment
2021-09-06 15:13:28,750 :: INFO :: Stop experiment
2021-09-06 15:13:28,759 :: INFO :: Control node : stop of the experiment
2021-09-06 15:13:28,766 :: INFO :: Control node : profile configuration
2021-09-06 15:13:28,774 :: INFO :: Configure profile on Control Node
2021-09-06 15:13:28,850 :: INFO :: Control node : start power of open node
2021-09-06 15:13:28,894 :: INFO :: Node OpenOCD: teardown of openocd node
2021-09-06 15:13:31,930 :: INFO :: openocd node debugger stop
2021-09-06 15:13:32,602 :: INFO :: Node OpenOCD: flash of openocd node
2021-09-06 15:13:32,617 :: INFO :: Flash firmware on OpenOCD: /usr/lib/python2.7/site-packages/gateway_code/static/m3_idle.elf
2021-09-06 15:13:35,137 :: INFO :: Control node : Stop control node serial interface
2021-09-06 15:13:35,146 :: INFO :: Control node : stop power of open node
2021-09-06 15:13:35,255 :: INFO :: Control node : reset
2021-09-06 15:13:35,262 :: INFO :: Reset Control Node
2021-09-06 15:13:38,093 :: INFO :: Stop experiment succeeded
