2021-09-06 17:17:25,889 :: INFO :: Start experiment: luna-276392
2021-09-06 17:17:25,893 :: INFO :: Control node : Starting of control node serial interface
2021-09-06 17:17:25,895 :: INFO :: Control node : reset
2021-09-06 17:17:25,898 :: INFO :: Reset Control Node
2021-09-06 17:17:28,904 :: INFO :: Control node : start power of open node
2021-09-06 17:17:28,964 :: INFO :: Node OpenOCD: Setup of openocd node
2021-09-06 17:17:32,004 :: INFO :: Node OpenOCD: flash of openocd node
2021-09-06 17:17:32,018 :: INFO :: Flash firmware on OpenOCD: /tmp/tmpQtWE55--cb924b41fcfd3e3c0bada58631722ec6_unicast-sender-count-30T-100B.iotlab-m3
2021-09-06 17:17:38,894 :: INFO :: Control node : Start experiment
2021-09-06 17:17:38,955 :: INFO :: Control Node set time delay: 1129 us
2021-09-06 17:17:38,987 :: INFO :: Control node : profile configuration
2021-09-06 17:17:38,994 :: INFO :: Configure profile on Control Node
2021-09-06 17:17:39,073 :: INFO :: Start experiment succeeded
2021-09-06 18:18:44,833 :: INFO :: Gateway Manager : Stop experiment
2021-09-06 18:18:44,853 :: INFO :: Stop experiment
2021-09-06 18:18:44,872 :: INFO :: Control node : stop of the experiment
2021-09-06 18:18:44,895 :: INFO :: Control node : profile configuration
2021-09-06 18:18:44,913 :: INFO :: Configure profile on Control Node
2021-09-06 18:18:45,076 :: INFO :: Control node : start power of open node
2021-09-06 18:18:45,095 :: INFO :: Node OpenOCD: teardown of openocd node
2021-09-06 18:18:48,131 :: INFO :: openocd node debugger stop
2021-09-06 18:18:48,821 :: INFO :: Node OpenOCD: flash of openocd node
2021-09-06 18:18:48,836 :: INFO :: Flash firmware on OpenOCD: /usr/lib/python2.7/site-packages/gateway_code/static/m3_idle.elf
2021-09-06 18:18:51,447 :: INFO :: Control node : Stop control node serial interface
2021-09-06 18:18:51,452 :: INFO :: Control node : stop power of open node
2021-09-06 18:18:51,498 :: INFO :: Control node : reset
2021-09-06 18:18:51,502 :: INFO :: Reset Control Node
2021-09-06 18:18:54,418 :: INFO :: Stop experiment succeeded
