2021-09-06 17:17:25,915 :: INFO :: Start experiment: luna-276392
2021-09-06 17:17:25,919 :: INFO :: Control node : Starting of control node serial interface
2021-09-06 17:17:25,922 :: INFO :: Control node : reset
2021-09-06 17:17:25,924 :: INFO :: Reset Control Node
2021-09-06 17:17:28,859 :: INFO :: Control node : start power of open node
2021-09-06 17:17:28,874 :: INFO :: Node OpenOCD: Setup of openocd node
2021-09-06 17:17:31,908 :: INFO :: Node OpenOCD: flash of openocd node
2021-09-06 17:17:31,926 :: INFO :: Flash firmware on OpenOCD: /tmp/tmpgJRGUq--cb924b41fcfd3e3c0bada58631722ec6_unicast-sender-count-30T-100B.iotlab-m3
2021-09-06 17:17:38,940 :: INFO :: Control node : Start experiment
2021-09-06 17:17:38,992 :: INFO :: Control Node set time delay: 1556 us
2021-09-06 17:17:39,010 :: INFO :: Control node : profile configuration
2021-09-06 17:17:39,014 :: INFO :: Configure profile on Control Node
2021-09-06 17:17:39,056 :: INFO :: Start experiment succeeded
2021-09-06 18:18:44,797 :: INFO :: Gateway Manager : Stop experiment
2021-09-06 18:18:44,807 :: INFO :: Stop experiment
2021-09-06 18:18:44,815 :: INFO :: Control node : stop of the experiment
2021-09-06 18:18:44,823 :: INFO :: Control node : profile configuration
2021-09-06 18:18:44,830 :: INFO :: Configure profile on Control Node
2021-09-06 18:18:44,908 :: INFO :: Control node : start power of open node
2021-09-06 18:18:44,953 :: INFO :: Node OpenOCD: teardown of openocd node
2021-09-06 18:18:48,021 :: INFO :: openocd node debugger stop
2021-09-06 18:18:48,709 :: INFO :: Node OpenOCD: flash of openocd node
2021-09-06 18:18:48,716 :: INFO :: Flash firmware on OpenOCD: /usr/lib/python2.7/site-packages/gateway_code/static/m3_idle.elf
2021-09-06 18:18:51,176 :: INFO :: Control node : Stop control node serial interface
2021-09-06 18:18:51,184 :: INFO :: Control node : stop power of open node
2021-09-06 18:18:51,289 :: INFO :: Control node : reset
2021-09-06 18:18:51,296 :: INFO :: Reset Control Node
2021-09-06 18:18:54,183 :: INFO :: Stop experiment succeeded
