2021-09-06 17:17:25,886 :: INFO :: Start experiment: luna-276392
2021-09-06 17:17:25,890 :: INFO :: Control node : Starting of control node serial interface
2021-09-06 17:17:25,892 :: INFO :: Control node : reset
2021-09-06 17:17:25,895 :: INFO :: Reset Control Node
2021-09-06 17:17:28,786 :: INFO :: Control node : start power of open node
2021-09-06 17:17:28,813 :: INFO :: Node OpenOCD: Setup of openocd node
2021-09-06 17:17:31,851 :: INFO :: Node OpenOCD: flash of openocd node
2021-09-06 17:17:31,868 :: INFO :: Flash firmware on OpenOCD: /tmp/tmpTvf4bz--cb924b41fcfd3e3c0bada58631722ec6_unicast-sender-count-30T-100B.iotlab-m3
2021-09-06 17:17:38,744 :: INFO :: Control node : Start experiment
2021-09-06 17:17:38,822 :: INFO :: Control Node set time delay: 1831 us
2021-09-06 17:17:38,856 :: INFO :: Control node : profile configuration
2021-09-06 17:17:38,862 :: INFO :: Configure profile on Control Node
2021-09-06 17:17:38,940 :: INFO :: Start experiment succeeded
2021-09-06 18:18:44,792 :: INFO :: Gateway Manager : Stop experiment
2021-09-06 18:18:44,802 :: INFO :: Stop experiment
2021-09-06 18:18:44,811 :: INFO :: Control node : stop of the experiment
2021-09-06 18:18:44,821 :: INFO :: Control node : profile configuration
2021-09-06 18:18:44,829 :: INFO :: Configure profile on Control Node
2021-09-06 18:18:44,900 :: INFO :: Control node : start power of open node
2021-09-06 18:18:44,943 :: INFO :: Node OpenOCD: teardown of openocd node
2021-09-06 18:18:48,018 :: INFO :: openocd node debugger stop
2021-09-06 18:18:48,700 :: INFO :: Node OpenOCD: flash of openocd node
2021-09-06 18:18:48,707 :: INFO :: Flash firmware on OpenOCD: /usr/lib/python2.7/site-packages/gateway_code/static/m3_idle.elf
2021-09-06 18:18:51,216 :: INFO :: Control node : Stop control node serial interface
2021-09-06 18:18:51,224 :: INFO :: Control node : stop power of open node
2021-09-06 18:18:51,327 :: INFO :: Control node : reset
2021-09-06 18:18:51,334 :: INFO :: Reset Control Node
2021-09-06 18:18:54,173 :: INFO :: Stop experiment succeeded
