2021-09-06 17:17:25,864 :: INFO :: Start experiment: luna-276392
2021-09-06 17:17:25,867 :: INFO :: Control node : Starting of control node serial interface
2021-09-06 17:17:25,870 :: INFO :: Control node : reset
2021-09-06 17:17:25,873 :: INFO :: Reset Control Node
2021-09-06 17:17:28,778 :: INFO :: Control node : start power of open node
2021-09-06 17:17:28,833 :: INFO :: Node OpenOCD: Setup of openocd node
2021-09-06 17:17:31,869 :: INFO :: Node OpenOCD: flash of openocd node
2021-09-06 17:17:31,887 :: INFO :: Flash firmware on OpenOCD: /tmp/tmp98PoTb--cb924b41fcfd3e3c0bada58631722ec6_unicast-sender-count-30T-100B.iotlab-m3
2021-09-06 17:17:38,836 :: INFO :: Control node : Start experiment
2021-09-06 17:17:38,930 :: INFO :: Control Node set time delay: 1069 us
2021-09-06 17:17:38,954 :: INFO :: Control node : profile configuration
2021-09-06 17:17:38,961 :: INFO :: Configure profile on Control Node
2021-09-06 17:17:39,041 :: INFO :: Start experiment succeeded
2021-09-06 18:18:44,818 :: INFO :: Gateway Manager : Stop experiment
2021-09-06 18:18:44,828 :: INFO :: Stop experiment
2021-09-06 18:18:44,836 :: INFO :: Control node : stop of the experiment
2021-09-06 18:18:44,847 :: INFO :: Control node : profile configuration
2021-09-06 18:18:44,854 :: INFO :: Configure profile on Control Node
2021-09-06 18:18:44,928 :: INFO :: Control node : start power of open node
2021-09-06 18:18:44,972 :: INFO :: Node OpenOCD: teardown of openocd node
2021-09-06 18:18:48,022 :: INFO :: openocd node debugger stop
2021-09-06 18:18:48,713 :: INFO :: Node OpenOCD: flash of openocd node
2021-09-06 18:18:48,727 :: INFO :: Flash firmware on OpenOCD: /usr/lib/python2.7/site-packages/gateway_code/static/m3_idle.elf
2021-09-06 18:18:51,268 :: INFO :: Control node : Stop control node serial interface
2021-09-06 18:18:51,273 :: INFO :: Control node : stop power of open node
2021-09-06 18:18:51,325 :: INFO :: Control node : reset
2021-09-06 18:18:51,329 :: INFO :: Reset Control Node
2021-09-06 18:18:54,250 :: INFO :: Stop experiment succeeded
