2021-09-06 17:17:25,890 :: INFO :: Start experiment: luna-276392
2021-09-06 17:17:25,893 :: INFO :: Control node : Starting of control node serial interface
2021-09-06 17:17:25,896 :: INFO :: Control node : reset
2021-09-06 17:17:25,898 :: INFO :: Reset Control Node
2021-09-06 17:17:28,854 :: INFO :: Control node : start power of open node
2021-09-06 17:17:28,908 :: INFO :: Node OpenOCD: Setup of openocd node
2021-09-06 17:17:31,953 :: INFO :: Node OpenOCD: flash of openocd node
2021-09-06 17:17:31,968 :: INFO :: Flash firmware on OpenOCD: /tmp/tmpFf1DnV--cb924b41fcfd3e3c0bada58631722ec6_unicast-sender-count-30T-100B.iotlab-m3
2021-09-06 17:17:38,831 :: INFO :: Control node : Start experiment
2021-09-06 17:17:38,887 :: INFO :: Control Node set time delay: 1801 us
2021-09-06 17:17:38,919 :: INFO :: Control node : profile configuration
2021-09-06 17:17:38,925 :: INFO :: Configure profile on Control Node
2021-09-06 17:17:39,003 :: INFO :: Start experiment succeeded
2021-09-06 18:18:44,788 :: INFO :: Gateway Manager : Stop experiment
2021-09-06 18:18:44,797 :: INFO :: Stop experiment
2021-09-06 18:18:44,805 :: INFO :: Control node : stop of the experiment
2021-09-06 18:18:44,812 :: INFO :: Control node : profile configuration
2021-09-06 18:18:44,823 :: INFO :: Configure profile on Control Node
2021-09-06 18:18:44,891 :: INFO :: Control node : start power of open node
2021-09-06 18:18:44,933 :: INFO :: Node OpenOCD: teardown of openocd node
2021-09-06 18:18:48,016 :: INFO :: openocd node debugger stop
2021-09-06 18:18:48,702 :: INFO :: Node OpenOCD: flash of openocd node
2021-09-06 18:18:48,717 :: INFO :: Flash firmware on OpenOCD: /usr/lib/python2.7/site-packages/gateway_code/static/m3_idle.elf
2021-09-06 18:18:51,290 :: INFO :: Control node : Stop control node serial interface
2021-09-06 18:18:51,299 :: INFO :: Control node : stop power of open node
2021-09-06 18:18:51,414 :: INFO :: Control node : reset
2021-09-06 18:18:51,421 :: INFO :: Reset Control Node
2021-09-06 18:18:54,242 :: INFO :: Stop experiment succeeded
