2021-09-06 17:17:25,889 :: INFO :: Start experiment: luna-276392
2021-09-06 17:17:25,892 :: INFO :: Control node : Starting of control node serial interface
2021-09-06 17:17:25,895 :: INFO :: Control node : reset
2021-09-06 17:17:25,898 :: INFO :: Reset Control Node
2021-09-06 17:17:28,852 :: INFO :: Control node : start power of open node
2021-09-06 17:17:28,898 :: INFO :: Node OpenOCD: Setup of openocd node
2021-09-06 17:17:31,927 :: INFO :: Node OpenOCD: flash of openocd node
2021-09-06 17:17:31,946 :: INFO :: Flash firmware on OpenOCD: /tmp/tmpEc3YVV--cb924b41fcfd3e3c0bada58631722ec6_unicast-sender-count-30T-100B.iotlab-m3
2021-09-06 17:17:38,842 :: INFO :: Control node : Start experiment
2021-09-06 17:17:38,894 :: INFO :: Control Node set time delay: 1160 us
2021-09-06 17:17:38,926 :: INFO :: Control node : profile configuration
2021-09-06 17:17:38,933 :: INFO :: Configure profile on Control Node
2021-09-06 17:17:39,012 :: INFO :: Start experiment succeeded
2021-09-06 18:18:44,799 :: INFO :: Gateway Manager : Stop experiment
2021-09-06 18:18:44,813 :: INFO :: Stop experiment
2021-09-06 18:18:44,822 :: INFO :: Control node : stop of the experiment
2021-09-06 18:18:44,829 :: INFO :: Control node : profile configuration
2021-09-06 18:18:44,837 :: INFO :: Configure profile on Control Node
2021-09-06 18:18:44,914 :: INFO :: Control node : start power of open node
2021-09-06 18:18:44,959 :: INFO :: Node OpenOCD: teardown of openocd node
2021-09-06 18:18:48,017 :: INFO :: openocd node debugger stop
2021-09-06 18:18:48,703 :: INFO :: Node OpenOCD: flash of openocd node
2021-09-06 18:18:48,710 :: INFO :: Flash firmware on OpenOCD: /usr/lib/python2.7/site-packages/gateway_code/static/m3_idle.elf
2021-09-06 18:18:51,220 :: INFO :: Control node : Stop control node serial interface
2021-09-06 18:18:51,225 :: INFO :: Control node : stop power of open node
2021-09-06 18:18:51,318 :: INFO :: Control node : reset
2021-09-06 18:18:51,325 :: INFO :: Reset Control Node
2021-09-06 18:18:54,216 :: INFO :: Stop experiment succeeded
