2021-09-06 17:17:25,888 :: INFO :: Start experiment: luna-276392
2021-09-06 17:17:25,892 :: INFO :: Control node : Starting of control node serial interface
2021-09-06 17:17:25,894 :: INFO :: Control node : reset
2021-09-06 17:17:25,897 :: INFO :: Reset Control Node
2021-09-06 17:17:28,842 :: INFO :: Control node : start power of open node
2021-09-06 17:17:28,898 :: INFO :: Node OpenOCD: Setup of openocd node
2021-09-06 17:17:31,937 :: INFO :: Node OpenOCD: flash of openocd node
2021-09-06 17:17:31,955 :: INFO :: Flash firmware on OpenOCD: /tmp/tmpePXN1h--cb924b41fcfd3e3c0bada58631722ec6_unicast-sender-count-30T-100B.iotlab-m3
2021-09-06 17:17:38,943 :: INFO :: Control node : Start experiment
2021-09-06 17:17:38,993 :: INFO :: Control Node set time delay: 1587 us
2021-09-06 17:17:39,017 :: INFO :: Control node : profile configuration
2021-09-06 17:17:39,020 :: INFO :: Configure profile on Control Node
2021-09-06 17:17:39,065 :: INFO :: Start experiment succeeded
2021-09-06 18:18:44,828 :: INFO :: Gateway Manager : Stop experiment
2021-09-06 18:18:44,851 :: INFO :: Stop experiment
2021-09-06 18:18:44,870 :: INFO :: Control node : stop of the experiment
2021-09-06 18:18:44,893 :: INFO :: Control node : profile configuration
2021-09-06 18:18:44,911 :: INFO :: Configure profile on Control Node
2021-09-06 18:18:45,082 :: INFO :: Control node : start power of open node
2021-09-06 18:18:45,103 :: INFO :: Node OpenOCD: teardown of openocd node
2021-09-06 18:18:48,136 :: INFO :: openocd node debugger stop
2021-09-06 18:18:48,815 :: INFO :: Node OpenOCD: flash of openocd node
2021-09-06 18:18:48,822 :: INFO :: Flash firmware on OpenOCD: /usr/lib/python2.7/site-packages/gateway_code/static/m3_idle.elf
2021-09-06 18:18:51,329 :: INFO :: Control node : Stop control node serial interface
2021-09-06 18:18:51,338 :: INFO :: Control node : stop power of open node
2021-09-06 18:18:51,424 :: INFO :: Control node : reset
2021-09-06 18:18:51,430 :: INFO :: Reset Control Node
2021-09-06 18:18:54,322 :: INFO :: Stop experiment succeeded
