2021-09-06 17:17:25,898 :: INFO :: Start experiment: luna-276392
2021-09-06 17:17:25,902 :: INFO :: Control node : Starting of control node serial interface
2021-09-06 17:17:25,905 :: INFO :: Control node : reset
2021-09-06 17:17:25,907 :: INFO :: Reset Control Node
2021-09-06 17:17:28,818 :: INFO :: Control node : start power of open node
2021-09-06 17:17:28,846 :: INFO :: Node OpenOCD: Setup of openocd node
2021-09-06 17:17:31,885 :: INFO :: Node OpenOCD: flash of openocd node
2021-09-06 17:17:31,903 :: INFO :: Flash firmware on OpenOCD: /tmp/tmpKpDMHa--cb924b41fcfd3e3c0bada58631722ec6_unicast-sender-count-30T-100B.iotlab-m3
2021-09-06 17:17:38,912 :: INFO :: Control node : Start experiment
2021-09-06 17:17:38,967 :: INFO :: Control Node set time delay: 1892 us
2021-09-06 17:17:38,991 :: INFO :: Control node : profile configuration
2021-09-06 17:17:38,994 :: INFO :: Configure profile on Control Node
2021-09-06 17:17:39,036 :: INFO :: Start experiment succeeded
2021-09-06 18:18:44,800 :: INFO :: Gateway Manager : Stop experiment
2021-09-06 18:18:44,810 :: INFO :: Stop experiment
2021-09-06 18:18:44,820 :: INFO :: Control node : stop of the experiment
2021-09-06 18:18:44,828 :: INFO :: Control node : profile configuration
2021-09-06 18:18:44,835 :: INFO :: Configure profile on Control Node
2021-09-06 18:18:44,911 :: INFO :: Control node : start power of open node
2021-09-06 18:18:44,955 :: INFO :: Node OpenOCD: teardown of openocd node
2021-09-06 18:18:48,012 :: INFO :: openocd node debugger stop
2021-09-06 18:18:48,696 :: INFO :: Node OpenOCD: flash of openocd node
2021-09-06 18:18:48,703 :: INFO :: Flash firmware on OpenOCD: /usr/lib/python2.7/site-packages/gateway_code/static/m3_idle.elf
2021-09-06 18:18:51,269 :: INFO :: Control node : Stop control node serial interface
2021-09-06 18:18:51,274 :: INFO :: Control node : stop power of open node
2021-09-06 18:18:51,326 :: INFO :: Control node : reset
2021-09-06 18:18:51,330 :: INFO :: Reset Control Node
2021-09-06 18:18:54,253 :: INFO :: Stop experiment succeeded
