2021-09-06 17:17:25,900 :: INFO :: Start experiment: luna-276392
2021-09-06 17:17:25,904 :: INFO :: Control node : Starting of control node serial interface
2021-09-06 17:17:25,907 :: INFO :: Control node : reset
2021-09-06 17:17:25,909 :: INFO :: Reset Control Node
2021-09-06 17:17:28,867 :: INFO :: Control node : start power of open node
2021-09-06 17:17:28,922 :: INFO :: Node OpenOCD: Setup of openocd node
2021-09-06 17:17:31,968 :: INFO :: Node OpenOCD: flash of openocd node
2021-09-06 17:17:31,982 :: INFO :: Flash firmware on OpenOCD: /tmp/tmp1r9gTy--ddd0625ff8382e7208c25657471d6a4a_unicast-receiver-count.iotlab-m3
2021-09-06 17:17:38,520 :: INFO :: Control node : Start experiment
2021-09-06 17:17:38,583 :: INFO :: Control Node set time delay: 1557 us
2021-09-06 17:17:38,616 :: INFO :: Control node : profile configuration
2021-09-06 17:17:38,622 :: INFO :: Configure profile on Control Node
2021-09-06 17:17:38,700 :: INFO :: Start experiment succeeded
2021-09-06 18:18:44,824 :: INFO :: Gateway Manager : Stop experiment
2021-09-06 18:18:44,834 :: INFO :: Stop experiment
2021-09-06 18:18:44,843 :: INFO :: Control node : stop of the experiment
2021-09-06 18:18:44,850 :: INFO :: Control node : profile configuration
2021-09-06 18:18:44,857 :: INFO :: Configure profile on Control Node
2021-09-06 18:18:44,934 :: INFO :: Control node : start power of open node
2021-09-06 18:18:44,978 :: INFO :: Node OpenOCD: teardown of openocd node
2021-09-06 18:18:48,017 :: INFO :: openocd node debugger stop
2021-09-06 18:18:48,713 :: INFO :: Node OpenOCD: flash of openocd node
2021-09-06 18:18:48,728 :: INFO :: Flash firmware on OpenOCD: /usr/lib/python2.7/site-packages/gateway_code/static/m3_idle.elf
2021-09-06 18:18:51,350 :: INFO :: Control node : Stop control node serial interface
2021-09-06 18:18:51,359 :: INFO :: Control node : stop power of open node
2021-09-06 18:18:51,462 :: INFO :: Control node : reset
2021-09-06 18:18:51,469 :: INFO :: Reset Control Node
2021-09-06 18:18:54,357 :: INFO :: Stop experiment succeeded
