2021-09-06 18:19:13,334 :: INFO :: Start experiment: luna-276393
2021-09-06 18:19:13,337 :: INFO :: Control node : Starting of control node serial interface
2021-09-06 18:19:13,340 :: INFO :: Control node : reset
2021-09-06 18:19:13,343 :: INFO :: Reset Control Node
2021-09-06 18:19:16,248 :: INFO :: Control node : start power of open node
2021-09-06 18:19:16,303 :: INFO :: Node OpenOCD: Setup of openocd node
2021-09-06 18:19:19,347 :: INFO :: Node OpenOCD: flash of openocd node
2021-09-06 18:19:19,366 :: INFO :: Flash firmware on OpenOCD: /tmp/tmpe71kaa--c646a7bd7eca22cfbffed9b70d2e0c90_unicast-sender-count-60T-100B.iotlab-m3
2021-09-06 18:19:26,240 :: INFO :: Control node : Start experiment
2021-09-06 18:19:26,319 :: INFO :: Control Node set time delay: 1861 us
2021-09-06 18:19:26,353 :: INFO :: Control node : profile configuration
2021-09-06 18:19:26,360 :: INFO :: Configure profile on Control Node
2021-09-06 18:19:26,441 :: INFO :: Start experiment succeeded
2021-09-06 19:20:32,434 :: INFO :: Gateway Manager : Stop experiment
2021-09-06 19:20:32,443 :: INFO :: Stop experiment
2021-09-06 19:20:32,452 :: INFO :: Control node : stop of the experiment
2021-09-06 19:20:32,459 :: INFO :: Control node : profile configuration
2021-09-06 19:20:32,467 :: INFO :: Configure profile on Control Node
2021-09-06 19:20:32,544 :: INFO :: Control node : start power of open node
2021-09-06 19:20:32,587 :: INFO :: Node OpenOCD: teardown of openocd node
2021-09-06 19:20:35,632 :: INFO :: openocd node debugger stop
2021-09-06 19:20:36,327 :: INFO :: Node OpenOCD: flash of openocd node
2021-09-06 19:20:36,341 :: INFO :: Flash firmware on OpenOCD: /usr/lib/python2.7/site-packages/gateway_code/static/m3_idle.elf
2021-09-06 19:20:38,911 :: INFO :: Control node : Stop control node serial interface
2021-09-06 19:20:38,920 :: INFO :: Control node : stop power of open node
2021-09-06 19:20:39,036 :: INFO :: Control node : reset
2021-09-06 19:20:39,042 :: INFO :: Reset Control Node
2021-09-06 19:20:41,879 :: INFO :: Stop experiment succeeded
