2021-09-06 18:19:13,345 :: INFO :: Start experiment: luna-276393
2021-09-06 18:19:13,348 :: INFO :: Control node : Starting of control node serial interface
2021-09-06 18:19:13,351 :: INFO :: Control node : reset
2021-09-06 18:19:13,354 :: INFO :: Reset Control Node
2021-09-06 18:19:16,307 :: INFO :: Control node : start power of open node
2021-09-06 18:19:16,361 :: INFO :: Node OpenOCD: Setup of openocd node
2021-09-06 18:19:19,404 :: INFO :: Node OpenOCD: flash of openocd node
2021-09-06 18:19:19,422 :: INFO :: Flash firmware on OpenOCD: /tmp/tmpuKKyYM--c646a7bd7eca22cfbffed9b70d2e0c90_unicast-sender-count-60T-100B.iotlab-m3
2021-09-06 18:19:26,384 :: INFO :: Control node : Start experiment
2021-09-06 18:19:26,434 :: INFO :: Control Node set time delay: 1495 us
2021-09-06 18:19:26,462 :: INFO :: Control node : profile configuration
2021-09-06 18:19:26,465 :: INFO :: Configure profile on Control Node
2021-09-06 18:19:26,509 :: INFO :: Start experiment succeeded
2021-09-06 19:20:32,419 :: INFO :: Gateway Manager : Stop experiment
2021-09-06 19:20:32,439 :: INFO :: Stop experiment
2021-09-06 19:20:32,458 :: INFO :: Control node : stop of the experiment
2021-09-06 19:20:32,481 :: INFO :: Control node : profile configuration
2021-09-06 19:20:32,498 :: INFO :: Configure profile on Control Node
2021-09-06 19:20:32,663 :: INFO :: Control node : start power of open node
2021-09-06 19:20:32,684 :: INFO :: Node OpenOCD: teardown of openocd node
2021-09-06 19:20:35,731 :: INFO :: openocd node debugger stop
2021-09-06 19:20:36,418 :: INFO :: Node OpenOCD: flash of openocd node
2021-09-06 19:20:36,432 :: INFO :: Flash firmware on OpenOCD: /usr/lib/python2.7/site-packages/gateway_code/static/m3_idle.elf
2021-09-06 19:20:39,049 :: INFO :: Control node : Stop control node serial interface
2021-09-06 19:20:39,058 :: INFO :: Control node : stop power of open node
2021-09-06 19:20:39,184 :: INFO :: Control node : reset
2021-09-06 19:20:39,191 :: INFO :: Reset Control Node
2021-09-06 19:20:42,056 :: INFO :: Stop experiment succeeded
