2021-09-06 18:19:13,310 :: INFO :: Start experiment: luna-276393
2021-09-06 18:19:13,314 :: INFO :: Control node : Starting of control node serial interface
2021-09-06 18:19:13,317 :: INFO :: Control node : reset
2021-09-06 18:19:13,319 :: INFO :: Reset Control Node
2021-09-06 18:19:16,274 :: INFO :: Control node : start power of open node
2021-09-06 18:19:16,331 :: INFO :: Node OpenOCD: Setup of openocd node
2021-09-06 18:19:19,372 :: INFO :: Node OpenOCD: flash of openocd node
2021-09-06 18:19:19,387 :: INFO :: Flash firmware on OpenOCD: /tmp/tmpRCBpA8--c646a7bd7eca22cfbffed9b70d2e0c90_unicast-sender-count-60T-100B.iotlab-m3
2021-09-06 18:19:26,353 :: INFO :: Control node : Start experiment
2021-09-06 18:19:26,415 :: INFO :: Control Node set time delay: 1800 us
2021-09-06 18:19:26,424 :: INFO :: Control node : profile configuration
2021-09-06 18:19:26,427 :: INFO :: Configure profile on Control Node
2021-09-06 18:19:26,469 :: INFO :: Start experiment succeeded
2021-09-06 19:20:32,427 :: INFO :: Gateway Manager : Stop experiment
2021-09-06 19:20:32,439 :: INFO :: Stop experiment
2021-09-06 19:20:32,448 :: INFO :: Control node : stop of the experiment
2021-09-06 19:20:32,455 :: INFO :: Control node : profile configuration
2021-09-06 19:20:32,462 :: INFO :: Configure profile on Control Node
2021-09-06 19:20:32,539 :: INFO :: Control node : start power of open node
2021-09-06 19:20:32,583 :: INFO :: Node OpenOCD: teardown of openocd node
2021-09-06 19:20:35,621 :: INFO :: openocd node debugger stop
2021-09-06 19:20:36,305 :: INFO :: Node OpenOCD: flash of openocd node
2021-09-06 19:20:36,320 :: INFO :: Flash firmware on OpenOCD: /usr/lib/python2.7/site-packages/gateway_code/static/m3_idle.elf
2021-09-06 19:20:38,891 :: INFO :: Control node : Stop control node serial interface
2021-09-06 19:20:38,899 :: INFO :: Control node : stop power of open node
2021-09-06 19:20:38,996 :: INFO :: Control node : reset
2021-09-06 19:20:39,003 :: INFO :: Reset Control Node
2021-09-06 19:20:41,889 :: INFO :: Stop experiment succeeded
