2021-09-06 18:19:13,348 :: INFO :: Start experiment: luna-276393
2021-09-06 18:19:13,352 :: INFO :: Control node : Starting of control node serial interface
2021-09-06 18:19:13,354 :: INFO :: Control node : reset
2021-09-06 18:19:13,357 :: INFO :: Reset Control Node
2021-09-06 18:19:16,260 :: INFO :: Control node : start power of open node
2021-09-06 18:19:16,314 :: INFO :: Node OpenOCD: Setup of openocd node
2021-09-06 18:19:19,364 :: INFO :: Node OpenOCD: flash of openocd node
2021-09-06 18:19:19,381 :: INFO :: Flash firmware on OpenOCD: /tmp/tmpZNoDwd--c646a7bd7eca22cfbffed9b70d2e0c90_unicast-sender-count-60T-100B.iotlab-m3
2021-09-06 18:19:26,239 :: INFO :: Control node : Start experiment
2021-09-06 18:19:26,288 :: INFO :: Control Node set time delay: 1832 us
2021-09-06 18:19:26,321 :: INFO :: Control node : profile configuration
2021-09-06 18:19:26,327 :: INFO :: Configure profile on Control Node
2021-09-06 18:19:26,408 :: INFO :: Start experiment succeeded
2021-09-06 19:20:32,415 :: INFO :: Gateway Manager : Stop experiment
2021-09-06 19:20:32,432 :: INFO :: Stop experiment
2021-09-06 19:20:32,440 :: INFO :: Control node : stop of the experiment
2021-09-06 19:20:32,447 :: INFO :: Control node : profile configuration
2021-09-06 19:20:32,456 :: INFO :: Configure profile on Control Node
2021-09-06 19:20:32,527 :: INFO :: Control node : start power of open node
2021-09-06 19:20:32,570 :: INFO :: Node OpenOCD: teardown of openocd node
2021-09-06 19:20:35,632 :: INFO :: openocd node debugger stop
2021-09-06 19:20:36,319 :: INFO :: Node OpenOCD: flash of openocd node
2021-09-06 19:20:36,326 :: INFO :: Flash firmware on OpenOCD: /usr/lib/python2.7/site-packages/gateway_code/static/m3_idle.elf
2021-09-06 19:20:38,783 :: INFO :: Control node : Stop control node serial interface
2021-09-06 19:20:38,792 :: INFO :: Control node : stop power of open node
2021-09-06 19:20:38,900 :: INFO :: Control node : reset
2021-09-06 19:20:38,906 :: INFO :: Reset Control Node
2021-09-06 19:20:41,799 :: INFO :: Stop experiment succeeded
