2021-09-06 18:19:13,364 :: INFO :: Start experiment: luna-276393
2021-09-06 18:19:13,368 :: INFO :: Control node : Starting of control node serial interface
2021-09-06 18:19:13,371 :: INFO :: Control node : reset
2021-09-06 18:19:13,373 :: INFO :: Reset Control Node
2021-09-06 18:19:16,267 :: INFO :: Control node : start power of open node
2021-09-06 18:19:16,295 :: INFO :: Node OpenOCD: Setup of openocd node
2021-09-06 18:19:19,338 :: INFO :: Node OpenOCD: flash of openocd node
2021-09-06 18:19:19,356 :: INFO :: Flash firmware on OpenOCD: /tmp/tmpOzIGoE--c646a7bd7eca22cfbffed9b70d2e0c90_unicast-sender-count-60T-100B.iotlab-m3
2021-09-06 18:19:26,223 :: INFO :: Control node : Start experiment
2021-09-06 18:19:26,306 :: INFO :: Control Node set time delay: 1434 us
2021-09-06 18:19:26,328 :: INFO :: Control node : profile configuration
2021-09-06 18:19:26,335 :: INFO :: Configure profile on Control Node
2021-09-06 18:19:26,414 :: INFO :: Start experiment succeeded
2021-09-06 19:20:32,447 :: INFO :: Gateway Manager : Stop experiment
2021-09-06 19:20:32,468 :: INFO :: Stop experiment
2021-09-06 19:20:32,487 :: INFO :: Control node : stop of the experiment
2021-09-06 19:20:32,504 :: INFO :: Control node : profile configuration
2021-09-06 19:20:32,527 :: INFO :: Configure profile on Control Node
2021-09-06 19:20:32,684 :: INFO :: Control node : start power of open node
2021-09-06 19:20:32,704 :: INFO :: Node OpenOCD: teardown of openocd node
2021-09-06 19:20:35,750 :: INFO :: openocd node debugger stop
2021-09-06 19:20:36,439 :: INFO :: Node OpenOCD: flash of openocd node
2021-09-06 19:20:36,454 :: INFO :: Flash firmware on OpenOCD: /usr/lib/python2.7/site-packages/gateway_code/static/m3_idle.elf
2021-09-06 19:20:39,016 :: INFO :: Control node : Stop control node serial interface
2021-09-06 19:20:39,025 :: INFO :: Control node : stop power of open node
2021-09-06 19:20:39,101 :: INFO :: Control node : reset
2021-09-06 19:20:39,108 :: INFO :: Reset Control Node
2021-09-06 19:20:42,000 :: INFO :: Stop experiment succeeded
