2021-09-06 01:53:28,300 :: INFO :: Start experiment: luna-276368
2021-09-06 01:53:28,304 :: INFO :: Control node : Starting of control node serial interface
2021-09-06 01:53:28,306 :: INFO :: Control node : reset
2021-09-06 01:53:28,309 :: INFO :: Reset Control Node
2021-09-06 01:53:31,270 :: INFO :: Control node : start power of open node
2021-09-06 01:53:31,326 :: INFO :: Node OpenOCD: Setup of openocd node
2021-09-06 01:53:34,375 :: INFO :: Node OpenOCD: flash of openocd node
2021-09-06 01:53:34,391 :: INFO :: Flash firmware on OpenOCD: /tmp/tmpbHB6AK--07af995c71c4c03e0b354753e4bf4313_unicast-sender-count-30T-191B.iotlab-m3
2021-09-06 01:53:41,362 :: INFO :: Control node : Start experiment
2021-09-06 01:53:41,406 :: INFO :: Control Node set time delay: 1282 us
2021-09-06 01:53:41,438 :: INFO :: Control node : profile configuration
2021-09-06 01:53:41,445 :: INFO :: Configure profile on Control Node
2021-09-06 01:53:41,493 :: INFO :: Start experiment succeeded
2021-09-06 02:53:47,524 :: INFO :: Gateway Manager : Stop experiment
2021-09-06 02:53:47,544 :: INFO :: Stop experiment
2021-09-06 02:53:47,561 :: INFO :: Control node : stop of the experiment
2021-09-06 02:53:47,576 :: INFO :: Control node : profile configuration
2021-09-06 02:53:47,605 :: INFO :: Configure profile on Control Node
2021-09-06 02:53:47,769 :: INFO :: Control node : start power of open node
2021-09-06 02:53:47,789 :: INFO :: Node OpenOCD: teardown of openocd node
2021-09-06 02:53:50,421 :: ERROR :: RestServer: Request would block, abort
2021-09-06 02:53:50,821 :: INFO :: openocd node debugger stop
2021-09-06 02:53:51,477 :: INFO :: Node OpenOCD: flash of openocd node
2021-09-06 02:53:51,491 :: INFO :: Flash firmware on OpenOCD: /usr/lib/python2.7/site-packages/gateway_code/static/m3_idle.elf
2021-09-06 02:53:54,055 :: INFO :: Control node : Stop control node serial interface
2021-09-06 02:53:54,065 :: INFO :: Control node : stop power of open node
2021-09-06 02:53:54,171 :: INFO :: Control node : reset
2021-09-06 02:53:54,177 :: INFO :: Reset Control Node
2021-09-06 02:53:57,014 :: INFO :: Stop experiment succeeded
