2021-09-06 01:53:28,322 :: INFO :: Start experiment: luna-276368
2021-09-06 01:53:28,325 :: INFO :: Control node : Starting of control node serial interface
2021-09-06 01:53:28,328 :: INFO :: Control node : reset
2021-09-06 01:53:28,331 :: INFO :: Reset Control Node
2021-09-06 01:53:31,289 :: INFO :: Control node : start power of open node
2021-09-06 01:53:31,346 :: INFO :: Node OpenOCD: Setup of openocd node
2021-09-06 01:53:34,387 :: INFO :: Node OpenOCD: flash of openocd node
2021-09-06 01:53:34,402 :: INFO :: Flash firmware on OpenOCD: /tmp/tmpTK1eXd--07af995c71c4c03e0b354753e4bf4313_unicast-sender-count-30T-191B.iotlab-m3
2021-09-06 01:53:41,309 :: INFO :: Control node : Start experiment
2021-09-06 01:53:41,366 :: INFO :: Control Node set time delay: 1526 us
2021-09-06 01:53:41,399 :: INFO :: Control node : profile configuration
2021-09-06 01:53:41,405 :: INFO :: Configure profile on Control Node
2021-09-06 01:53:41,485 :: INFO :: Start experiment succeeded
2021-09-06 02:52:33,517 :: INFO :: Check 'control' node ftdi
2021-09-06 02:52:33,786 :: INFO :: 'control' node ftdi found
2021-09-06 02:52:33,791 :: INFO :: Check 'm3' node ftdi
2021-09-06 02:52:33,858 :: INFO :: 'm3' node ftdi found
2021-09-06 02:53:47,482 :: INFO :: Gateway Manager : Stop experiment
2021-09-06 02:53:47,492 :: INFO :: Stop experiment
2021-09-06 02:53:47,501 :: INFO :: Control node : stop of the experiment
2021-09-06 02:53:47,512 :: INFO :: Control node : profile configuration
2021-09-06 02:53:47,520 :: INFO :: Configure profile on Control Node
2021-09-06 02:53:47,595 :: INFO :: Control node : start power of open node
2021-09-06 02:53:47,640 :: INFO :: Node OpenOCD: teardown of openocd node
2021-09-06 02:53:50,695 :: INFO :: openocd node debugger stop
2021-09-06 02:53:51,388 :: INFO :: Node OpenOCD: flash of openocd node
2021-09-06 02:53:51,402 :: INFO :: Flash firmware on OpenOCD: /usr/lib/python2.7/site-packages/gateway_code/static/m3_idle.elf
2021-09-06 02:53:53,987 :: INFO :: Control node : Stop control node serial interface
2021-09-06 02:53:53,996 :: INFO :: Control node : stop power of open node
2021-09-06 02:53:54,101 :: INFO :: Control node : reset
2021-09-06 02:53:54,108 :: INFO :: Reset Control Node
2021-09-06 02:53:56,978 :: INFO :: Stop experiment succeeded
