2021-09-06 01:53:28,282 :: INFO :: Start experiment: luna-276368
2021-09-06 01:53:28,286 :: INFO :: Control node : Starting of control node serial interface
2021-09-06 01:53:28,288 :: INFO :: Control node : reset
2021-09-06 01:53:28,291 :: INFO :: Reset Control Node
2021-09-06 01:53:31,247 :: INFO :: Control node : start power of open node
2021-09-06 01:53:31,303 :: INFO :: Node OpenOCD: Setup of openocd node
2021-09-06 01:53:34,353 :: INFO :: Node OpenOCD: flash of openocd node
2021-09-06 01:53:34,368 :: INFO :: Flash firmware on OpenOCD: /tmp/tmpIjNAxr--07af995c71c4c03e0b354753e4bf4313_unicast-sender-count-30T-191B.iotlab-m3
2021-09-06 01:53:41,389 :: INFO :: Control node : Start experiment
2021-09-06 01:53:41,434 :: INFO :: Control Node set time delay: 1037 us
2021-09-06 01:53:41,466 :: INFO :: Control node : profile configuration
2021-09-06 01:53:41,470 :: INFO :: Configure profile on Control Node
2021-09-06 01:53:41,512 :: INFO :: Start experiment succeeded
2021-09-06 02:53:30,152 :: INFO :: Check 'control' node ftdi
2021-09-06 02:53:30,316 :: INFO :: 'control' node ftdi found
2021-09-06 02:53:30,326 :: INFO :: Check 'm3' node ftdi
2021-09-06 02:53:30,431 :: INFO :: 'm3' node ftdi found
2021-09-06 02:53:47,509 :: INFO :: Gateway Manager : Stop experiment
2021-09-06 02:53:47,527 :: INFO :: Stop experiment
2021-09-06 02:53:47,546 :: INFO :: Control node : stop of the experiment
2021-09-06 02:53:47,561 :: INFO :: Control node : profile configuration
2021-09-06 02:53:47,575 :: INFO :: Configure profile on Control Node
2021-09-06 02:53:47,749 :: INFO :: Control node : start power of open node
2021-09-06 02:53:47,774 :: INFO :: Node OpenOCD: teardown of openocd node
2021-09-06 02:53:50,812 :: INFO :: openocd node debugger stop
2021-09-06 02:53:51,496 :: INFO :: Node OpenOCD: flash of openocd node
2021-09-06 02:53:51,503 :: INFO :: Flash firmware on OpenOCD: /usr/lib/python2.7/site-packages/gateway_code/static/m3_idle.elf
2021-09-06 02:53:53,956 :: INFO :: Control node : Stop control node serial interface
2021-09-06 02:53:53,960 :: INFO :: Control node : stop power of open node
2021-09-06 02:53:54,040 :: INFO :: Control node : reset
2021-09-06 02:53:54,047 :: INFO :: Reset Control Node
2021-09-06 02:53:56,934 :: INFO :: Stop experiment succeeded
