2021-09-06 01:53:28,311 :: INFO :: Start experiment: luna-276368
2021-09-06 01:53:28,315 :: INFO :: Control node : Starting of control node serial interface
2021-09-06 01:53:28,317 :: INFO :: Control node : reset
2021-09-06 01:53:28,320 :: INFO :: Reset Control Node
2021-09-06 01:53:31,280 :: INFO :: Control node : start power of open node
2021-09-06 01:53:31,337 :: INFO :: Node OpenOCD: Setup of openocd node
2021-09-06 01:53:34,385 :: INFO :: Node OpenOCD: flash of openocd node
2021-09-06 01:53:34,401 :: INFO :: Flash firmware on OpenOCD: /tmp/tmpTVymfL--07af995c71c4c03e0b354753e4bf4313_unicast-sender-count-30T-191B.iotlab-m3
2021-09-06 01:53:41,356 :: INFO :: Control node : Start experiment
2021-09-06 01:53:41,427 :: INFO :: Control Node set time delay: 1892 us
2021-09-06 01:53:41,458 :: INFO :: Control node : profile configuration
2021-09-06 01:53:41,465 :: INFO :: Configure profile on Control Node
2021-09-06 01:53:41,544 :: INFO :: Start experiment succeeded
2021-09-06 02:53:47,512 :: INFO :: Gateway Manager : Stop experiment
2021-09-06 02:53:47,522 :: INFO :: Stop experiment
2021-09-06 02:53:47,530 :: INFO :: Control node : stop of the experiment
2021-09-06 02:53:47,538 :: INFO :: Control node : profile configuration
2021-09-06 02:53:47,548 :: INFO :: Configure profile on Control Node
2021-09-06 02:53:47,624 :: INFO :: Control node : start power of open node
2021-09-06 02:53:47,669 :: INFO :: Node OpenOCD: teardown of openocd node
2021-09-06 02:53:50,731 :: INFO :: openocd node debugger stop
2021-09-06 02:53:51,424 :: INFO :: Node OpenOCD: flash of openocd node
2021-09-06 02:53:51,431 :: INFO :: Flash firmware on OpenOCD: /usr/lib/python2.7/site-packages/gateway_code/static/m3_idle.elf
2021-09-06 02:53:53,943 :: INFO :: Control node : Stop control node serial interface
2021-09-06 02:53:53,952 :: INFO :: Control node : stop power of open node
2021-09-06 02:53:54,057 :: INFO :: Control node : reset
2021-09-06 02:53:54,064 :: INFO :: Reset Control Node
2021-09-06 02:53:56,953 :: INFO :: Stop experiment succeeded
