2021-09-06 01:53:28,316 :: INFO :: Start experiment: luna-276368
2021-09-06 01:53:28,319 :: INFO :: Control node : Starting of control node serial interface
2021-09-06 01:53:28,322 :: INFO :: Control node : reset
2021-09-06 01:53:28,324 :: INFO :: Reset Control Node
2021-09-06 01:53:31,238 :: INFO :: Control node : start power of open node
2021-09-06 01:53:31,268 :: INFO :: Node OpenOCD: Setup of openocd node
2021-09-06 01:53:34,301 :: INFO :: Node OpenOCD: flash of openocd node
2021-09-06 01:53:34,319 :: INFO :: Flash firmware on OpenOCD: /tmp/tmpEpSFme--07af995c71c4c03e0b354753e4bf4313_unicast-sender-count-30T-191B.iotlab-m3
2021-09-06 01:53:41,267 :: INFO :: Control node : Start experiment
2021-09-06 01:53:41,330 :: INFO :: Control Node set time delay: 1587 us
2021-09-06 01:53:41,359 :: INFO :: Control node : profile configuration
2021-09-06 01:53:41,366 :: INFO :: Configure profile on Control Node
2021-09-06 01:53:41,446 :: INFO :: Start experiment succeeded
2021-09-06 02:52:12,653 :: INFO :: Check 'control' node ftdi
2021-09-06 02:52:12,919 :: INFO :: 'control' node ftdi found
2021-09-06 02:52:12,924 :: INFO :: Check 'm3' node ftdi
2021-09-06 02:52:12,995 :: INFO :: 'm3' node ftdi found
2021-09-06 02:53:47,512 :: INFO :: Gateway Manager : Stop experiment
2021-09-06 02:53:47,521 :: INFO :: Stop experiment
2021-09-06 02:53:47,530 :: INFO :: Control node : stop of the experiment
2021-09-06 02:53:47,540 :: INFO :: Control node : profile configuration
2021-09-06 02:53:47,548 :: INFO :: Configure profile on Control Node
2021-09-06 02:53:47,626 :: INFO :: Control node : start power of open node
2021-09-06 02:53:47,670 :: INFO :: Node OpenOCD: teardown of openocd node
2021-09-06 02:53:50,720 :: INFO :: openocd node debugger stop
2021-09-06 02:53:51,414 :: INFO :: Node OpenOCD: flash of openocd node
2021-09-06 02:53:51,429 :: INFO :: Flash firmware on OpenOCD: /usr/lib/python2.7/site-packages/gateway_code/static/m3_idle.elf
2021-09-06 02:53:53,970 :: INFO :: Control node : Stop control node serial interface
2021-09-06 02:53:53,975 :: INFO :: Control node : stop power of open node
2021-09-06 02:53:54,053 :: INFO :: Control node : reset
2021-09-06 02:53:54,060 :: INFO :: Reset Control Node
2021-09-06 02:53:56,997 :: INFO :: Stop experiment succeeded
