2021-09-06 01:53:28,305 :: INFO :: Start experiment: luna-276368
2021-09-06 01:53:28,308 :: INFO :: Control node : Starting of control node serial interface
2021-09-06 01:53:28,311 :: INFO :: Control node : reset
2021-09-06 01:53:28,313 :: INFO :: Reset Control Node
2021-09-06 01:53:31,267 :: INFO :: Control node : start power of open node
2021-09-06 01:53:31,324 :: INFO :: Node OpenOCD: Setup of openocd node
2021-09-06 01:53:34,366 :: INFO :: Node OpenOCD: flash of openocd node
2021-09-06 01:53:34,382 :: INFO :: Flash firmware on OpenOCD: /tmp/tmpr9WW5y--07af995c71c4c03e0b354753e4bf4313_unicast-sender-count-30T-191B.iotlab-m3
2021-09-06 01:53:41,389 :: INFO :: Control node : Start experiment
2021-09-06 01:53:41,454 :: INFO :: Control Node set time delay: 1404 us
2021-09-06 01:53:41,468 :: INFO :: Control node : profile configuration
2021-09-06 01:53:41,471 :: INFO :: Configure profile on Control Node
2021-09-06 01:53:41,513 :: INFO :: Start experiment succeeded
2021-09-06 02:52:13,817 :: INFO :: Check 'control' node ftdi
2021-09-06 02:52:13,980 :: INFO :: 'control' node ftdi found
2021-09-06 02:52:13,989 :: INFO :: Check 'm3' node ftdi
2021-09-06 02:52:14,105 :: INFO :: 'm3' node ftdi found
2021-09-06 02:53:47,496 :: INFO :: Gateway Manager : Stop experiment
2021-09-06 02:53:47,506 :: INFO :: Stop experiment
2021-09-06 02:53:47,514 :: INFO :: Control node : stop of the experiment
2021-09-06 02:53:47,522 :: INFO :: Control node : profile configuration
2021-09-06 02:53:47,532 :: INFO :: Configure profile on Control Node
2021-09-06 02:53:47,607 :: INFO :: Control node : start power of open node
2021-09-06 02:53:47,653 :: INFO :: Node OpenOCD: teardown of openocd node
2021-09-06 02:53:50,709 :: INFO :: openocd node debugger stop
2021-09-06 02:53:51,380 :: INFO :: Node OpenOCD: flash of openocd node
2021-09-06 02:53:51,388 :: INFO :: Flash firmware on OpenOCD: /usr/lib/python2.7/site-packages/gateway_code/static/m3_idle.elf
2021-09-06 02:53:53,892 :: INFO :: Control node : Stop control node serial interface
2021-09-06 02:53:53,901 :: INFO :: Control node : stop power of open node
2021-09-06 02:53:54,003 :: INFO :: Control node : reset
2021-09-06 02:53:54,010 :: INFO :: Reset Control Node
2021-09-06 02:53:56,899 :: INFO :: Stop experiment succeeded
