2021-09-06 01:53:28,308 :: INFO :: Start experiment: luna-276368
2021-09-06 01:53:28,312 :: INFO :: Control node : Starting of control node serial interface
2021-09-06 01:53:28,314 :: INFO :: Control node : reset
2021-09-06 01:53:28,317 :: INFO :: Reset Control Node
2021-09-06 01:53:31,266 :: INFO :: Control node : start power of open node
2021-09-06 01:53:31,320 :: INFO :: Node OpenOCD: Setup of openocd node
2021-09-06 01:53:34,361 :: INFO :: Node OpenOCD: flash of openocd node
2021-09-06 01:53:34,376 :: INFO :: Flash firmware on OpenOCD: /tmp/tmpZq57jI--07af995c71c4c03e0b354753e4bf4313_unicast-sender-count-30T-191B.iotlab-m3
2021-09-06 01:53:41,267 :: INFO :: Control node : Start experiment
2021-09-06 01:53:41,336 :: INFO :: Control Node set time delay: 1220 us
2021-09-06 01:53:41,369 :: INFO :: Control node : profile configuration
2021-09-06 01:53:41,376 :: INFO :: Configure profile on Control Node
2021-09-06 01:53:41,456 :: INFO :: Start experiment succeeded
2021-09-06 02:53:40,210 :: INFO :: Check 'control' node ftdi
2021-09-06 02:53:40,373 :: INFO :: 'control' node ftdi found
2021-09-06 02:53:40,382 :: INFO :: Check 'm3' node ftdi
2021-09-06 02:53:40,505 :: INFO :: 'm3' node ftdi found
2021-09-06 02:53:47,481 :: INFO :: Gateway Manager : Stop experiment
2021-09-06 02:53:47,491 :: INFO :: Stop experiment
2021-09-06 02:53:47,500 :: INFO :: Control node : stop of the experiment
2021-09-06 02:53:47,507 :: INFO :: Control node : profile configuration
2021-09-06 02:53:47,514 :: INFO :: Configure profile on Control Node
2021-09-06 02:53:47,589 :: INFO :: Control node : start power of open node
2021-09-06 02:53:47,633 :: INFO :: Node OpenOCD: teardown of openocd node
2021-09-06 02:53:50,689 :: INFO :: openocd node debugger stop
2021-09-06 02:53:51,384 :: INFO :: Node OpenOCD: flash of openocd node
2021-09-06 02:53:51,398 :: INFO :: Flash firmware on OpenOCD: /usr/lib/python2.7/site-packages/gateway_code/static/m3_idle.elf
2021-09-06 02:53:53,964 :: INFO :: Control node : Stop control node serial interface
2021-09-06 02:53:53,968 :: INFO :: Control node : stop power of open node
2021-09-06 02:53:54,072 :: INFO :: Control node : reset
2021-09-06 02:53:54,078 :: INFO :: Reset Control Node
2021-09-06 02:53:56,962 :: INFO :: Stop experiment succeeded
