2021-09-06 01:53:28,288 :: INFO :: Start experiment: luna-276368
2021-09-06 01:53:28,291 :: INFO :: Control node : Starting of control node serial interface
2021-09-06 01:53:28,294 :: INFO :: Control node : reset
2021-09-06 01:53:28,297 :: INFO :: Reset Control Node
2021-09-06 01:53:31,251 :: INFO :: Control node : start power of open node
2021-09-06 01:53:31,272 :: INFO :: Node OpenOCD: Setup of openocd node
2021-09-06 01:53:34,301 :: INFO :: Node OpenOCD: flash of openocd node
2021-09-06 01:53:34,319 :: INFO :: Flash firmware on OpenOCD: /tmp/tmpZcncze--07af995c71c4c03e0b354753e4bf4313_unicast-sender-count-30T-191B.iotlab-m3
2021-09-06 01:53:41,321 :: INFO :: Control node : Start experiment
2021-09-06 01:53:41,371 :: INFO :: Control Node set time delay: 1709 us
2021-09-06 01:53:41,399 :: INFO :: Control node : profile configuration
2021-09-06 01:53:41,402 :: INFO :: Configure profile on Control Node
2021-09-06 01:53:41,444 :: INFO :: Start experiment succeeded
2021-09-06 02:52:57,219 :: INFO :: Check 'control' node ftdi
2021-09-06 02:52:57,383 :: INFO :: 'control' node ftdi found
2021-09-06 02:52:57,393 :: INFO :: Check 'm3' node ftdi
2021-09-06 02:52:57,539 :: INFO :: 'm3' node ftdi found
2021-09-06 02:53:47,522 :: INFO :: Gateway Manager : Stop experiment
2021-09-06 02:53:47,543 :: INFO :: Stop experiment
2021-09-06 02:53:47,562 :: INFO :: Control node : stop of the experiment
2021-09-06 02:53:47,585 :: INFO :: Control node : profile configuration
2021-09-06 02:53:47,602 :: INFO :: Configure profile on Control Node
2021-09-06 02:53:47,764 :: INFO :: Control node : start power of open node
2021-09-06 02:53:47,784 :: INFO :: Node OpenOCD: teardown of openocd node
2021-09-06 02:53:50,828 :: INFO :: openocd node debugger stop
2021-09-06 02:53:51,518 :: INFO :: Node OpenOCD: flash of openocd node
2021-09-06 02:53:51,533 :: INFO :: Flash firmware on OpenOCD: /usr/lib/python2.7/site-packages/gateway_code/static/m3_idle.elf
2021-09-06 02:53:54,146 :: INFO :: Control node : Stop control node serial interface
2021-09-06 02:53:54,151 :: INFO :: Control node : stop power of open node
2021-09-06 02:53:54,221 :: INFO :: Control node : reset
2021-09-06 02:53:54,228 :: INFO :: Reset Control Node
2021-09-06 02:53:57,167 :: INFO :: Stop experiment succeeded
