2021-09-06 01:53:28,275 :: INFO :: Start experiment: luna-276368
2021-09-06 01:53:28,279 :: INFO :: Control node : Starting of control node serial interface
2021-09-06 01:53:28,282 :: INFO :: Control node : reset
2021-09-06 01:53:28,285 :: INFO :: Reset Control Node
2021-09-06 01:53:31,243 :: INFO :: Control node : start power of open node
2021-09-06 01:53:31,298 :: INFO :: Node OpenOCD: Setup of openocd node
2021-09-06 01:53:34,341 :: INFO :: Node OpenOCD: flash of openocd node
2021-09-06 01:53:34,356 :: INFO :: Flash firmware on OpenOCD: /tmp/tmptLUIHD--07af995c71c4c03e0b354753e4bf4313_unicast-sender-count-30T-191B.iotlab-m3
2021-09-06 01:53:41,416 :: INFO :: Control node : Start experiment
2021-09-06 01:53:41,468 :: INFO :: Control Node set time delay: 1221 us
2021-09-06 01:53:41,488 :: INFO :: Control node : profile configuration
2021-09-06 01:53:41,492 :: INFO :: Configure profile on Control Node
2021-09-06 01:53:41,535 :: INFO :: Start experiment succeeded
2021-09-06 02:50:15,426 :: INFO :: Check 'control' node ftdi
2021-09-06 02:50:15,696 :: INFO :: 'control' node ftdi found
2021-09-06 02:50:15,701 :: INFO :: Check 'm3' node ftdi
2021-09-06 02:50:15,770 :: INFO :: 'm3' node ftdi found
2021-09-06 02:53:47,512 :: INFO :: Gateway Manager : Stop experiment
2021-09-06 02:53:47,522 :: INFO :: Stop experiment
2021-09-06 02:53:47,530 :: INFO :: Control node : stop of the experiment
2021-09-06 02:53:47,538 :: INFO :: Control node : profile configuration
2021-09-06 02:53:47,545 :: INFO :: Configure profile on Control Node
2021-09-06 02:53:47,623 :: INFO :: Control node : start power of open node
2021-09-06 02:53:47,668 :: INFO :: Node OpenOCD: teardown of openocd node
2021-09-06 02:53:50,714 :: INFO :: openocd node debugger stop
2021-09-06 02:53:51,411 :: INFO :: Node OpenOCD: flash of openocd node
2021-09-06 02:53:51,426 :: INFO :: Flash firmware on OpenOCD: /usr/lib/python2.7/site-packages/gateway_code/static/m3_idle.elf
2021-09-06 02:53:53,991 :: INFO :: Control node : Stop control node serial interface
2021-09-06 02:53:53,996 :: INFO :: Control node : stop power of open node
2021-09-06 02:53:54,043 :: INFO :: Control node : reset
2021-09-06 02:53:54,046 :: INFO :: Reset Control Node
2021-09-06 02:53:56,914 :: INFO :: Stop experiment succeeded
