2021-09-06 16:15:43,273 :: INFO :: Start experiment: luna-276391
2021-09-06 16:15:43,276 :: INFO :: Control node : Starting of control node serial interface
2021-09-06 16:15:43,279 :: INFO :: Control node : reset
2021-09-06 16:15:43,282 :: INFO :: Reset Control Node
2021-09-06 16:15:46,240 :: INFO :: Control node : start power of open node
2021-09-06 16:15:46,294 :: INFO :: Node OpenOCD: Setup of openocd node
2021-09-06 16:15:49,335 :: INFO :: Node OpenOCD: flash of openocd node
2021-09-06 16:15:49,351 :: INFO :: Flash firmware on OpenOCD: /tmp/tmpJxlzE8--ddd0625ff8382e7208c25657471d6a4a_unicast-receiver-count.iotlab-m3
2021-09-06 16:15:55,902 :: INFO :: Control node : Start experiment
2021-09-06 16:15:55,976 :: INFO :: Control Node set time delay: 1922 us
2021-09-06 16:15:56,002 :: INFO :: Control node : profile configuration
2021-09-06 16:15:56,009 :: INFO :: Configure profile on Control Node
2021-09-06 16:15:56,089 :: INFO :: Start experiment succeeded
2021-09-06 17:17:02,257 :: INFO :: Gateway Manager : Stop experiment
2021-09-06 17:17:02,267 :: INFO :: Stop experiment
2021-09-06 17:17:02,275 :: INFO :: Control node : stop of the experiment
2021-09-06 17:17:02,282 :: INFO :: Control node : profile configuration
2021-09-06 17:17:02,289 :: INFO :: Configure profile on Control Node
2021-09-06 17:17:02,361 :: INFO :: Control node : start power of open node
2021-09-06 17:17:02,404 :: INFO :: Node OpenOCD: teardown of openocd node
2021-09-06 17:17:05,461 :: INFO :: openocd node debugger stop
2021-09-06 17:17:06,144 :: INFO :: Node OpenOCD: flash of openocd node
2021-09-06 17:17:06,158 :: INFO :: Flash firmware on OpenOCD: /usr/lib/python2.7/site-packages/gateway_code/static/m3_idle.elf
2021-09-06 17:17:08,726 :: INFO :: Control node : Stop control node serial interface
2021-09-06 17:17:08,734 :: INFO :: Control node : stop power of open node
2021-09-06 17:17:08,832 :: INFO :: Control node : reset
2021-09-06 17:17:08,839 :: INFO :: Reset Control Node
2021-09-06 17:17:11,724 :: INFO :: Stop experiment succeeded
