2021-09-05 01:18:11,292 :: INFO :: Start experiment: luna-276344
2021-09-05 01:18:11,296 :: INFO :: Control node : Starting of control node serial interface
2021-09-05 01:18:11,299 :: INFO :: Control node : reset
2021-09-05 01:18:11,301 :: INFO :: Reset Control Node
2021-09-05 01:18:14,213 :: INFO :: Control node : start power of open node
2021-09-05 01:18:14,243 :: INFO :: Node OpenOCD: Setup of openocd node
2021-09-05 01:18:17,282 :: INFO :: Node OpenOCD: flash of openocd node
2021-09-05 01:18:17,300 :: INFO :: Flash firmware on OpenOCD: /tmp/tmpoKVms5--a14ddd1a1d6cc1c4ffb46cbabc9d20fe_unicast-sender-count-10T-20B.iotlab-m3
2021-09-05 01:18:24,309 :: INFO :: Control node : Start experiment
2021-09-05 01:18:24,369 :: INFO :: Control Node set time delay: 1190 us
2021-09-05 01:18:24,401 :: INFO :: Control node : profile configuration
2021-09-05 01:18:24,405 :: INFO :: Configure profile on Control Node
2021-09-05 01:18:24,445 :: INFO :: Start experiment succeeded
2021-09-05 02:19:31,180 :: INFO :: Gateway Manager : Stop experiment
2021-09-05 02:19:31,202 :: INFO :: Stop experiment
2021-09-05 02:19:31,221 :: INFO :: Control node : stop of the experiment
2021-09-05 02:19:31,237 :: INFO :: Control node : profile configuration
2021-09-05 02:19:31,261 :: INFO :: Configure profile on Control Node
2021-09-05 02:19:31,429 :: INFO :: Control node : start power of open node
2021-09-05 02:19:31,449 :: INFO :: Node OpenOCD: teardown of openocd node
2021-09-05 02:19:34,516 :: INFO :: openocd node debugger stop
2021-09-05 02:19:35,194 :: INFO :: Node OpenOCD: flash of openocd node
2021-09-05 02:19:35,202 :: INFO :: Flash firmware on OpenOCD: /usr/lib/python2.7/site-packages/gateway_code/static/m3_idle.elf
2021-09-05 02:19:37,757 :: INFO :: Control node : Stop control node serial interface
2021-09-05 02:19:37,762 :: INFO :: Control node : stop power of open node
2021-09-05 02:19:37,811 :: INFO :: Control node : reset
2021-09-05 02:19:37,815 :: INFO :: Reset Control Node
2021-09-05 02:19:40,693 :: INFO :: Stop experiment succeeded
