2021-09-05 01:18:11,291 :: INFO :: Start experiment: luna-276344
2021-09-05 01:18:11,294 :: INFO :: Control node : Starting of control node serial interface
2021-09-05 01:18:11,297 :: INFO :: Control node : reset
2021-09-05 01:18:11,300 :: INFO :: Reset Control Node
2021-09-05 01:18:14,313 :: INFO :: Control node : start power of open node
2021-09-05 01:18:14,372 :: INFO :: Node OpenOCD: Setup of openocd node
2021-09-05 01:18:17,419 :: INFO :: Node OpenOCD: flash of openocd node
2021-09-05 01:18:17,434 :: INFO :: Flash firmware on OpenOCD: /tmp/tmpaYKENd--a14ddd1a1d6cc1c4ffb46cbabc9d20fe_unicast-sender-count-10T-20B.iotlab-m3
2021-09-05 01:18:24,320 :: INFO :: Control node : Start experiment
2021-09-05 01:18:24,383 :: INFO :: Control Node set time delay: 1922 us
2021-09-05 01:18:24,417 :: INFO :: Control node : profile configuration
2021-09-05 01:18:24,424 :: INFO :: Configure profile on Control Node
2021-09-05 01:18:24,503 :: INFO :: Start experiment succeeded
2021-09-05 02:19:31,206 :: INFO :: Gateway Manager : Stop experiment
2021-09-05 02:19:31,224 :: INFO :: Stop experiment
2021-09-05 02:19:31,242 :: INFO :: Control node : stop of the experiment
2021-09-05 02:19:31,262 :: INFO :: Control node : profile configuration
2021-09-05 02:19:31,279 :: INFO :: Configure profile on Control Node
2021-09-05 02:19:31,436 :: INFO :: Control node : start power of open node
2021-09-05 02:19:31,456 :: INFO :: Node OpenOCD: teardown of openocd node
2021-09-05 02:19:34,504 :: INFO :: openocd node debugger stop
2021-09-05 02:19:35,190 :: INFO :: Node OpenOCD: flash of openocd node
2021-09-05 02:19:35,204 :: INFO :: Flash firmware on OpenOCD: /usr/lib/python2.7/site-packages/gateway_code/static/m3_idle.elf
2021-09-05 02:19:37,714 :: INFO :: Control node : Stop control node serial interface
2021-09-05 02:19:37,719 :: INFO :: Control node : stop power of open node
2021-09-05 02:19:37,787 :: INFO :: Control node : reset
2021-09-05 02:19:37,793 :: INFO :: Reset Control Node
2021-09-05 02:19:40,684 :: INFO :: Stop experiment succeeded
