2021-09-05 01:18:11,332 :: INFO :: Start experiment: luna-276344
2021-09-05 01:18:11,335 :: INFO :: Control node : Starting of control node serial interface
2021-09-05 01:18:11,338 :: INFO :: Control node : reset
2021-09-05 01:18:11,340 :: INFO :: Reset Control Node
2021-09-05 01:18:14,352 :: INFO :: Control node : start power of open node
2021-09-05 01:18:14,414 :: INFO :: Node OpenOCD: Setup of openocd node
2021-09-05 01:18:17,463 :: INFO :: Node OpenOCD: flash of openocd node
2021-09-05 01:18:17,478 :: INFO :: Flash firmware on OpenOCD: /tmp/tmp1CC04d--a14ddd1a1d6cc1c4ffb46cbabc9d20fe_unicast-sender-count-10T-20B.iotlab-m3
2021-09-05 01:18:24,481 :: INFO :: Control node : Start experiment
2021-09-05 01:18:24,532 :: INFO :: Control Node set time delay: 1922 us
2021-09-05 01:18:24,551 :: INFO :: Control node : profile configuration
2021-09-05 01:18:24,555 :: INFO :: Configure profile on Control Node
2021-09-05 01:18:24,599 :: INFO :: Start experiment succeeded
2021-09-05 02:19:31,196 :: INFO :: Gateway Manager : Stop experiment
2021-09-05 02:19:31,212 :: INFO :: Stop experiment
2021-09-05 02:19:31,220 :: INFO :: Control node : stop of the experiment
2021-09-05 02:19:31,228 :: INFO :: Control node : profile configuration
2021-09-05 02:19:31,235 :: INFO :: Configure profile on Control Node
2021-09-05 02:19:31,311 :: INFO :: Control node : start power of open node
2021-09-05 02:19:31,354 :: INFO :: Node OpenOCD: teardown of openocd node
2021-09-05 02:19:34,401 :: INFO :: openocd node debugger stop
2021-09-05 02:19:35,086 :: INFO :: Node OpenOCD: flash of openocd node
2021-09-05 02:19:35,093 :: INFO :: Flash firmware on OpenOCD: /usr/lib/python2.7/site-packages/gateway_code/static/m3_idle.elf
2021-09-05 02:19:37,597 :: INFO :: Control node : Stop control node serial interface
2021-09-05 02:19:37,606 :: INFO :: Control node : stop power of open node
2021-09-05 02:19:37,720 :: INFO :: Control node : reset
2021-09-05 02:19:37,726 :: INFO :: Reset Control Node
2021-09-05 02:19:40,610 :: INFO :: Stop experiment succeeded
