2021-09-05 01:18:11,214 :: INFO :: Start experiment: luna-276344
2021-09-05 01:18:11,217 :: INFO :: Control node : Starting of control node serial interface
2021-09-05 01:18:11,220 :: INFO :: Control node : reset
2021-09-05 01:18:11,222 :: INFO :: Reset Control Node
2021-09-05 01:18:14,186 :: INFO :: Control node : start power of open node
2021-09-05 01:18:14,241 :: INFO :: Node OpenOCD: Setup of openocd node
2021-09-05 01:18:17,282 :: INFO :: Node OpenOCD: flash of openocd node
2021-09-05 01:18:17,297 :: INFO :: Flash firmware on OpenOCD: /tmp/tmpzGFZ5e--a14ddd1a1d6cc1c4ffb46cbabc9d20fe_unicast-sender-count-10T-20B.iotlab-m3
2021-09-05 01:18:24,301 :: INFO :: Control node : Start experiment
2021-09-05 01:18:24,368 :: INFO :: Control Node set time delay: 1525 us
2021-09-05 01:18:24,389 :: INFO :: Control node : profile configuration
2021-09-05 01:18:24,392 :: INFO :: Configure profile on Control Node
2021-09-05 01:18:24,433 :: INFO :: Start experiment succeeded
2021-09-05 02:19:31,139 :: INFO :: Gateway Manager : Stop experiment
2021-09-05 02:19:31,148 :: INFO :: Stop experiment
2021-09-05 02:19:31,156 :: INFO :: Control node : stop of the experiment
2021-09-05 02:19:31,164 :: INFO :: Control node : profile configuration
2021-09-05 02:19:31,174 :: INFO :: Configure profile on Control Node
2021-09-05 02:19:31,246 :: INFO :: Control node : start power of open node
2021-09-05 02:19:31,288 :: INFO :: Node OpenOCD: teardown of openocd node
2021-09-05 02:19:34,334 :: INFO :: openocd node debugger stop
2021-09-05 02:19:35,017 :: INFO :: Node OpenOCD: flash of openocd node
2021-09-05 02:19:35,024 :: INFO :: Flash firmware on OpenOCD: /usr/lib/python2.7/site-packages/gateway_code/static/m3_idle.elf
2021-09-05 02:19:37,531 :: INFO :: Control node : Stop control node serial interface
2021-09-05 02:19:37,539 :: INFO :: Control node : stop power of open node
2021-09-05 02:19:37,630 :: INFO :: Control node : reset
2021-09-05 02:19:37,636 :: INFO :: Reset Control Node
2021-09-05 02:19:40,527 :: INFO :: Stop experiment succeeded
