2021-09-05 01:18:11,230 :: INFO :: Start experiment: luna-276344
2021-09-05 01:18:11,234 :: INFO :: Control node : Starting of control node serial interface
2021-09-05 01:18:11,237 :: INFO :: Control node : reset
2021-09-05 01:18:11,239 :: INFO :: Reset Control Node
2021-09-05 01:18:14,197 :: INFO :: Control node : start power of open node
2021-09-05 01:18:14,252 :: INFO :: Node OpenOCD: Setup of openocd node
2021-09-05 01:18:17,294 :: INFO :: Node OpenOCD: flash of openocd node
2021-09-05 01:18:17,309 :: INFO :: Flash firmware on OpenOCD: /tmp/tmpyQAbJA--a14ddd1a1d6cc1c4ffb46cbabc9d20fe_unicast-sender-count-10T-20B.iotlab-m3
2021-09-05 01:18:24,199 :: INFO :: Control node : Start experiment
2021-09-05 01:18:24,261 :: INFO :: Control Node set time delay: 1221 us
2021-09-05 01:18:24,293 :: INFO :: Control node : profile configuration
2021-09-05 01:18:24,300 :: INFO :: Configure profile on Control Node
2021-09-05 01:18:24,379 :: INFO :: Start experiment succeeded
2021-09-05 02:19:31,162 :: INFO :: Gateway Manager : Stop experiment
2021-09-05 02:19:31,181 :: INFO :: Stop experiment
2021-09-05 02:19:31,199 :: INFO :: Control node : stop of the experiment
2021-09-05 02:19:31,213 :: INFO :: Control node : profile configuration
2021-09-05 02:19:31,228 :: INFO :: Configure profile on Control Node
2021-09-05 02:19:31,379 :: INFO :: Control node : start power of open node
2021-09-05 02:19:31,434 :: INFO :: Node OpenOCD: teardown of openocd node
2021-09-05 02:19:34,491 :: INFO :: openocd node debugger stop
2021-09-05 02:19:35,175 :: INFO :: Node OpenOCD: flash of openocd node
2021-09-05 02:19:35,182 :: INFO :: Flash firmware on OpenOCD: /usr/lib/python2.7/site-packages/gateway_code/static/m3_idle.elf
2021-09-05 02:19:37,645 :: INFO :: Control node : Stop control node serial interface
2021-09-05 02:19:37,654 :: INFO :: Control node : stop power of open node
2021-09-05 02:19:37,751 :: INFO :: Control node : reset
2021-09-05 02:19:37,758 :: INFO :: Reset Control Node
2021-09-05 02:19:40,644 :: INFO :: Stop experiment succeeded
