2021-09-05 01:18:11,281 :: INFO :: Start experiment: luna-276344
2021-09-05 01:18:11,284 :: INFO :: Control node : Starting of control node serial interface
2021-09-05 01:18:11,287 :: INFO :: Control node : reset
2021-09-05 01:18:11,290 :: INFO :: Reset Control Node
2021-09-05 01:18:14,252 :: INFO :: Control node : start power of open node
2021-09-05 01:18:14,308 :: INFO :: Node OpenOCD: Setup of openocd node
2021-09-05 01:18:17,351 :: INFO :: Node OpenOCD: flash of openocd node
2021-09-05 01:18:17,365 :: INFO :: Flash firmware on OpenOCD: /tmp/tmprdAsHZ--a14ddd1a1d6cc1c4ffb46cbabc9d20fe_unicast-sender-count-10T-20B.iotlab-m3
2021-09-05 01:18:24,266 :: INFO :: Control node : Start experiment
2021-09-05 01:18:24,325 :: INFO :: Control Node set time delay: 1770 us
2021-09-05 01:18:24,355 :: INFO :: Control node : profile configuration
2021-09-05 01:18:24,362 :: INFO :: Configure profile on Control Node
2021-09-05 01:18:24,441 :: INFO :: Start experiment succeeded
2021-09-05 02:19:31,179 :: INFO :: Gateway Manager : Stop experiment
2021-09-05 02:19:31,189 :: INFO :: Stop experiment
2021-09-05 02:19:31,198 :: INFO :: Control node : stop of the experiment
2021-09-05 02:19:31,205 :: INFO :: Control node : profile configuration
2021-09-05 02:19:31,213 :: INFO :: Configure profile on Control Node
2021-09-05 02:19:31,291 :: INFO :: Control node : start power of open node
2021-09-05 02:19:31,334 :: INFO :: Node OpenOCD: teardown of openocd node
2021-09-05 02:19:34,394 :: INFO :: openocd node debugger stop
2021-09-05 02:19:35,080 :: INFO :: Node OpenOCD: flash of openocd node
2021-09-05 02:19:35,087 :: INFO :: Flash firmware on OpenOCD: /usr/lib/python2.7/site-packages/gateway_code/static/m3_idle.elf
2021-09-05 02:19:37,598 :: INFO :: Control node : Stop control node serial interface
2021-09-05 02:19:37,603 :: INFO :: Control node : stop power of open node
2021-09-05 02:19:37,660 :: INFO :: Control node : reset
2021-09-05 02:19:37,667 :: INFO :: Reset Control Node
2021-09-05 02:19:40,559 :: INFO :: Stop experiment succeeded
