2021-09-06 21:15:28,788 :: INFO :: Start experiment: luna-276386
2021-09-06 21:15:28,791 :: INFO :: Control node : Starting of control node serial interface
2021-09-06 21:15:28,794 :: INFO :: Control node : reset
2021-09-06 21:15:28,797 :: INFO :: Reset Control Node
2021-09-06 21:15:31,808 :: INFO :: Control node : start power of open node
2021-09-06 21:15:31,866 :: INFO :: Node OpenOCD: Setup of openocd node
2021-09-06 21:15:34,916 :: INFO :: Node OpenOCD: flash of openocd node
2021-09-06 21:15:34,930 :: INFO :: Flash firmware on OpenOCD: /tmp/tmp1kfi0w--07af995c71c4c03e0b354753e4bf4313_unicast-sender-count-30T-191B.iotlab-m3
2021-09-06 21:15:41,930 :: INFO :: Control node : Start experiment
2021-09-06 21:15:41,984 :: INFO :: Control Node set time delay: 1496 us
2021-09-06 21:15:42,001 :: INFO :: Control node : profile configuration
2021-09-06 21:15:42,005 :: INFO :: Configure profile on Control Node
2021-09-06 21:15:42,046 :: INFO :: Start experiment succeeded
2021-09-06 22:16:47,973 :: INFO :: Gateway Manager : Stop experiment
2021-09-06 22:16:47,992 :: INFO :: Stop experiment
2021-09-06 22:16:48,009 :: INFO :: Control node : stop of the experiment
2021-09-06 22:16:48,024 :: INFO :: Control node : profile configuration
2021-09-06 22:16:48,043 :: INFO :: Configure profile on Control Node
2021-09-06 22:16:48,207 :: INFO :: Control node : start power of open node
2021-09-06 22:16:48,227 :: INFO :: Node OpenOCD: teardown of openocd node
2021-09-06 22:16:51,262 :: INFO :: openocd node debugger stop
2021-09-06 22:16:51,947 :: INFO :: Node OpenOCD: flash of openocd node
2021-09-06 22:16:51,954 :: INFO :: Flash firmware on OpenOCD: /usr/lib/python2.7/site-packages/gateway_code/static/m3_idle.elf
2021-09-06 22:16:54,459 :: INFO :: Control node : Stop control node serial interface
2021-09-06 22:16:54,464 :: INFO :: Control node : stop power of open node
2021-09-06 22:16:54,523 :: INFO :: Control node : reset
2021-09-06 22:16:54,527 :: INFO :: Reset Control Node
2021-09-06 22:16:57,407 :: INFO :: Stop experiment succeeded
