2021-09-06 21:15:28,781 :: INFO :: Start experiment: luna-276386
2021-09-06 21:15:28,785 :: INFO :: Control node : Starting of control node serial interface
2021-09-06 21:15:28,788 :: INFO :: Control node : reset
2021-09-06 21:15:28,790 :: INFO :: Reset Control Node
2021-09-06 21:15:31,798 :: INFO :: Control node : start power of open node
2021-09-06 21:15:31,826 :: INFO :: Node OpenOCD: Setup of openocd node
2021-09-06 21:15:34,854 :: INFO :: Node OpenOCD: flash of openocd node
2021-09-06 21:15:34,869 :: INFO :: Flash firmware on OpenOCD: /tmp/tmpvYpPla--07af995c71c4c03e0b354753e4bf4313_unicast-sender-count-30T-191B.iotlab-m3
2021-09-06 21:15:41,804 :: INFO :: Control node : Start experiment
2021-09-06 21:15:41,862 :: INFO :: Control Node set time delay: 1862 us
2021-09-06 21:15:41,881 :: INFO :: Control node : profile configuration
2021-09-06 21:15:41,885 :: INFO :: Configure profile on Control Node
2021-09-06 21:15:41,926 :: INFO :: Start experiment succeeded
2021-09-06 22:16:47,971 :: INFO :: Gateway Manager : Stop experiment
2021-09-06 22:16:47,991 :: INFO :: Stop experiment
2021-09-06 22:16:48,011 :: INFO :: Control node : stop of the experiment
2021-09-06 22:16:48,019 :: INFO :: Control node : profile configuration
2021-09-06 22:16:48,026 :: INFO :: Configure profile on Control Node
2021-09-06 22:16:48,106 :: INFO :: Control node : start power of open node
2021-09-06 22:16:48,152 :: INFO :: Node OpenOCD: teardown of openocd node
2021-09-06 22:16:51,229 :: INFO :: openocd node debugger stop
2021-09-06 22:16:51,917 :: INFO :: Node OpenOCD: flash of openocd node
2021-09-06 22:16:51,935 :: INFO :: Flash firmware on OpenOCD: /usr/lib/python2.7/site-packages/gateway_code/static/m3_idle.elf
2021-09-06 22:16:54,506 :: INFO :: Control node : Stop control node serial interface
2021-09-06 22:16:54,515 :: INFO :: Control node : stop power of open node
2021-09-06 22:16:54,613 :: INFO :: Control node : reset
2021-09-06 22:16:54,620 :: INFO :: Reset Control Node
2021-09-06 22:16:57,513 :: INFO :: Stop experiment succeeded
