2021-09-06 21:15:28,747 :: INFO :: Start experiment: luna-276386
2021-09-06 21:15:28,750 :: INFO :: Control node : Starting of control node serial interface
2021-09-06 21:15:28,753 :: INFO :: Control node : reset
2021-09-06 21:15:28,756 :: INFO :: Reset Control Node
2021-09-06 21:15:31,708 :: INFO :: Control node : start power of open node
2021-09-06 21:15:31,764 :: INFO :: Node OpenOCD: Setup of openocd node
2021-09-06 21:15:34,806 :: INFO :: Node OpenOCD: flash of openocd node
2021-09-06 21:15:34,821 :: INFO :: Flash firmware on OpenOCD: /tmp/tmpTttdkw--07af995c71c4c03e0b354753e4bf4313_unicast-sender-count-30T-191B.iotlab-m3
2021-09-06 21:15:41,772 :: INFO :: Control node : Start experiment
2021-09-06 21:15:41,840 :: INFO :: Control Node set time delay: 1130 us
2021-09-06 21:15:41,872 :: INFO :: Control node : profile configuration
2021-09-06 21:15:41,879 :: INFO :: Configure profile on Control Node
2021-09-06 21:15:41,958 :: INFO :: Start experiment succeeded
2021-09-06 22:16:47,971 :: INFO :: Gateway Manager : Stop experiment
2021-09-06 22:16:47,981 :: INFO :: Stop experiment
2021-09-06 22:16:47,989 :: INFO :: Control node : stop of the experiment
2021-09-06 22:16:47,996 :: INFO :: Control node : profile configuration
2021-09-06 22:16:48,004 :: INFO :: Configure profile on Control Node
2021-09-06 22:16:48,083 :: INFO :: Control node : start power of open node
2021-09-06 22:16:48,127 :: INFO :: Node OpenOCD: teardown of openocd node
2021-09-06 22:16:51,174 :: INFO :: openocd node debugger stop
2021-09-06 22:16:51,862 :: INFO :: Node OpenOCD: flash of openocd node
2021-09-06 22:16:51,877 :: INFO :: Flash firmware on OpenOCD: /usr/lib/python2.7/site-packages/gateway_code/static/m3_idle.elf
2021-09-06 22:16:54,445 :: INFO :: Control node : Stop control node serial interface
2021-09-06 22:16:54,454 :: INFO :: Control node : stop power of open node
2021-09-06 22:16:54,559 :: INFO :: Control node : reset
2021-09-06 22:16:54,566 :: INFO :: Reset Control Node
2021-09-06 22:16:57,457 :: INFO :: Stop experiment succeeded
