2021-09-06 21:15:28,768 :: INFO :: Start experiment: luna-276386
2021-09-06 21:15:28,772 :: INFO :: Control node : Starting of control node serial interface
2021-09-06 21:15:28,774 :: INFO :: Control node : reset
2021-09-06 21:15:28,777 :: INFO :: Reset Control Node
2021-09-06 21:15:31,681 :: INFO :: Control node : start power of open node
2021-09-06 21:15:31,735 :: INFO :: Node OpenOCD: Setup of openocd node
2021-09-06 21:15:34,779 :: INFO :: Node OpenOCD: flash of openocd node
2021-09-06 21:15:34,798 :: INFO :: Flash firmware on OpenOCD: /tmp/tmpGXqULb--07af995c71c4c03e0b354753e4bf4313_unicast-sender-count-30T-191B.iotlab-m3
2021-09-06 21:15:41,803 :: INFO :: Control node : Start experiment
2021-09-06 21:15:41,858 :: INFO :: Control Node set time delay: 1709 us
2021-09-06 21:15:41,879 :: INFO :: Control node : profile configuration
2021-09-06 21:15:41,882 :: INFO :: Configure profile on Control Node
2021-09-06 21:15:41,924 :: INFO :: Start experiment succeeded
2021-09-06 22:16:47,924 :: INFO :: Gateway Manager : Stop experiment
2021-09-06 22:16:47,934 :: INFO :: Stop experiment
2021-09-06 22:16:47,943 :: INFO :: Control node : stop of the experiment
2021-09-06 22:16:47,951 :: INFO :: Control node : profile configuration
2021-09-06 22:16:47,961 :: INFO :: Configure profile on Control Node
2021-09-06 22:16:48,035 :: INFO :: Control node : start power of open node
2021-09-06 22:16:48,079 :: INFO :: Node OpenOCD: teardown of openocd node
2021-09-06 22:16:51,134 :: INFO :: openocd node debugger stop
2021-09-06 22:16:51,735 :: INFO :: Node OpenOCD: flash of openocd node
2021-09-06 22:16:51,751 :: INFO :: Flash firmware on OpenOCD: /usr/lib/python2.7/site-packages/gateway_code/static/m3_idle.elf
2021-09-06 22:16:54,328 :: INFO :: Control node : Stop control node serial interface
2021-09-06 22:16:54,333 :: INFO :: Control node : stop power of open node
2021-09-06 22:16:54,389 :: INFO :: Control node : reset
2021-09-06 22:16:54,393 :: INFO :: Reset Control Node
2021-09-06 22:16:57,311 :: INFO :: Stop experiment succeeded
