2021-09-06 21:15:28,794 :: INFO :: Start experiment: luna-276386
2021-09-06 21:15:28,797 :: INFO :: Control node : Starting of control node serial interface
2021-09-06 21:15:28,800 :: INFO :: Control node : reset
2021-09-06 21:15:28,803 :: INFO :: Reset Control Node
2021-09-06 21:15:31,755 :: INFO :: Control node : start power of open node
2021-09-06 21:15:31,811 :: INFO :: Node OpenOCD: Setup of openocd node
2021-09-06 21:15:34,860 :: INFO :: Node OpenOCD: flash of openocd node
2021-09-06 21:15:34,875 :: INFO :: Flash firmware on OpenOCD: /tmp/tmpl2A9zP--07af995c71c4c03e0b354753e4bf4313_unicast-sender-count-30T-191B.iotlab-m3
2021-09-06 21:15:41,728 :: INFO :: Control node : Start experiment
2021-09-06 21:15:41,795 :: INFO :: Control Node set time delay: 1893 us
2021-09-06 21:15:41,829 :: INFO :: Control node : profile configuration
2021-09-06 21:15:41,836 :: INFO :: Configure profile on Control Node
2021-09-06 21:15:41,915 :: INFO :: Start experiment succeeded
2021-09-06 22:16:47,934 :: INFO :: Gateway Manager : Stop experiment
2021-09-06 22:16:47,943 :: INFO :: Stop experiment
2021-09-06 22:16:47,951 :: INFO :: Control node : stop of the experiment
2021-09-06 22:16:47,958 :: INFO :: Control node : profile configuration
2021-09-06 22:16:47,965 :: INFO :: Configure profile on Control Node
2021-09-06 22:16:48,041 :: INFO :: Control node : start power of open node
2021-09-06 22:16:48,084 :: INFO :: Node OpenOCD: teardown of openocd node
2021-09-06 22:16:51,158 :: INFO :: openocd node debugger stop
2021-09-06 22:16:51,842 :: INFO :: Node OpenOCD: flash of openocd node
2021-09-06 22:16:51,849 :: INFO :: Flash firmware on OpenOCD: /usr/lib/python2.7/site-packages/gateway_code/static/m3_idle.elf
2021-09-06 22:16:54,412 :: INFO :: Control node : Stop control node serial interface
2021-09-06 22:16:54,417 :: INFO :: Control node : stop power of open node
2021-09-06 22:16:54,476 :: INFO :: Control node : reset
2021-09-06 22:16:54,480 :: INFO :: Reset Control Node
2021-09-06 22:16:57,407 :: INFO :: Stop experiment succeeded
