2021-09-06 21:15:28,800 :: INFO :: Start experiment: luna-276386
2021-09-06 21:15:28,804 :: INFO :: Control node : Starting of control node serial interface
2021-09-06 21:15:28,807 :: INFO :: Control node : reset
2021-09-06 21:15:28,809 :: INFO :: Reset Control Node
2021-09-06 21:15:31,762 :: INFO :: Control node : start power of open node
2021-09-06 21:15:31,819 :: INFO :: Node OpenOCD: Setup of openocd node
2021-09-06 21:15:34,858 :: INFO :: Node OpenOCD: flash of openocd node
2021-09-06 21:15:34,874 :: INFO :: Flash firmware on OpenOCD: /tmp/tmpwyJAzq--07af995c71c4c03e0b354753e4bf4313_unicast-sender-count-30T-191B.iotlab-m3
2021-09-06 21:15:41,865 :: INFO :: Control node : Start experiment
2021-09-06 21:15:41,913 :: INFO :: Control Node set time delay: 1465 us
2021-09-06 21:15:41,942 :: INFO :: Control node : profile configuration
2021-09-06 21:15:41,945 :: INFO :: Configure profile on Control Node
2021-09-06 21:15:41,987 :: INFO :: Start experiment succeeded
2021-09-06 22:16:47,929 :: INFO :: Gateway Manager : Stop experiment
2021-09-06 22:16:47,939 :: INFO :: Stop experiment
2021-09-06 22:16:47,947 :: INFO :: Control node : stop of the experiment
2021-09-06 22:16:47,954 :: INFO :: Control node : profile configuration
2021-09-06 22:16:47,965 :: INFO :: Configure profile on Control Node
2021-09-06 22:16:48,037 :: INFO :: Control node : start power of open node
2021-09-06 22:16:48,081 :: INFO :: Node OpenOCD: teardown of openocd node
2021-09-06 22:16:51,137 :: INFO :: openocd node debugger stop
2021-09-06 22:16:51,818 :: INFO :: Node OpenOCD: flash of openocd node
2021-09-06 22:16:51,825 :: INFO :: Flash firmware on OpenOCD: /usr/lib/python2.7/site-packages/gateway_code/static/m3_idle.elf
2021-09-06 22:16:54,442 :: INFO :: Control node : Stop control node serial interface
2021-09-06 22:16:54,447 :: INFO :: Control node : stop power of open node
2021-09-06 22:16:54,502 :: INFO :: Control node : reset
2021-09-06 22:16:54,506 :: INFO :: Reset Control Node
2021-09-06 22:16:57,389 :: INFO :: Stop experiment succeeded
