2021-09-06 21:15:28,746 :: INFO :: Start experiment: luna-276386
2021-09-06 21:15:28,749 :: INFO :: Control node : Starting of control node serial interface
2021-09-06 21:15:28,752 :: INFO :: Control node : reset
2021-09-06 21:15:28,755 :: INFO :: Reset Control Node
2021-09-06 21:15:31,753 :: INFO :: Control node : start power of open node
2021-09-06 21:15:31,812 :: INFO :: Node OpenOCD: Setup of openocd node
2021-09-06 21:15:34,859 :: INFO :: Node OpenOCD: flash of openocd node
2021-09-06 21:15:34,877 :: INFO :: Flash firmware on OpenOCD: /tmp/tmpWPs1bM--ddd0625ff8382e7208c25657471d6a4a_unicast-receiver-count.iotlab-m3
2021-09-06 21:15:41,378 :: INFO :: Control node : Start experiment
2021-09-06 21:15:41,446 :: INFO :: Control Node set time delay: 1861 us
2021-09-06 21:15:41,471 :: INFO :: Control node : profile configuration
2021-09-06 21:15:41,478 :: INFO :: Configure profile on Control Node
2021-09-06 21:15:41,558 :: INFO :: Start experiment succeeded
2021-09-06 22:16:47,922 :: INFO :: Gateway Manager : Stop experiment
2021-09-06 22:16:47,931 :: INFO :: Stop experiment
2021-09-06 22:16:47,940 :: INFO :: Control node : stop of the experiment
2021-09-06 22:16:47,947 :: INFO :: Control node : profile configuration
2021-09-06 22:16:47,955 :: INFO :: Configure profile on Control Node
2021-09-06 22:16:48,027 :: INFO :: Control node : start power of open node
2021-09-06 22:16:48,069 :: INFO :: Node OpenOCD: teardown of openocd node
2021-09-06 22:16:51,132 :: INFO :: openocd node debugger stop
2021-09-06 22:16:51,821 :: INFO :: Node OpenOCD: flash of openocd node
2021-09-06 22:16:51,836 :: INFO :: Flash firmware on OpenOCD: /usr/lib/python2.7/site-packages/gateway_code/static/m3_idle.elf
2021-09-06 22:16:54,407 :: INFO :: Control node : Stop control node serial interface
2021-09-06 22:16:54,416 :: INFO :: Control node : stop power of open node
2021-09-06 22:16:54,495 :: INFO :: Control node : reset
2021-09-06 22:16:54,502 :: INFO :: Reset Control Node
2021-09-06 22:16:57,340 :: INFO :: Stop experiment succeeded
