2021-09-06 21:15:28,755 :: INFO :: Start experiment: luna-276386
2021-09-06 21:15:28,758 :: INFO :: Control node : Starting of control node serial interface
2021-09-06 21:15:28,761 :: INFO :: Control node : reset
2021-09-06 21:15:28,763 :: INFO :: Reset Control Node
2021-09-06 21:15:31,721 :: INFO :: Control node : start power of open node
2021-09-06 21:15:31,776 :: INFO :: Node OpenOCD: Setup of openocd node
2021-09-06 21:15:34,816 :: INFO :: Node OpenOCD: flash of openocd node
2021-09-06 21:15:34,831 :: INFO :: Flash firmware on OpenOCD: /tmp/tmpedcUhd--07af995c71c4c03e0b354753e4bf4313_unicast-sender-count-30T-191B.iotlab-m3
2021-09-06 21:15:41,794 :: INFO :: Control node : Start experiment
2021-09-06 21:15:41,844 :: INFO :: Control Node set time delay: 1954 us
2021-09-06 21:15:41,873 :: INFO :: Control node : profile configuration
2021-09-06 21:15:41,876 :: INFO :: Configure profile on Control Node
2021-09-06 21:15:41,918 :: INFO :: Start experiment succeeded
2021-09-06 22:16:47,925 :: INFO :: Gateway Manager : Stop experiment
2021-09-06 22:16:47,934 :: INFO :: Stop experiment
2021-09-06 22:16:47,943 :: INFO :: Control node : stop of the experiment
2021-09-06 22:16:47,950 :: INFO :: Control node : profile configuration
2021-09-06 22:16:47,958 :: INFO :: Configure profile on Control Node
2021-09-06 22:16:48,035 :: INFO :: Control node : start power of open node
2021-09-06 22:16:48,079 :: INFO :: Node OpenOCD: teardown of openocd node
2021-09-06 22:16:51,128 :: INFO :: openocd node debugger stop
2021-09-06 22:16:51,810 :: INFO :: Node OpenOCD: flash of openocd node
2021-09-06 22:16:51,817 :: INFO :: Flash firmware on OpenOCD: /usr/lib/python2.7/site-packages/gateway_code/static/m3_idle.elf
2021-09-06 22:16:54,272 :: INFO :: Control node : Stop control node serial interface
2021-09-06 22:16:54,281 :: INFO :: Control node : stop power of open node
2021-09-06 22:16:54,393 :: INFO :: Control node : reset
2021-09-06 22:16:54,400 :: INFO :: Reset Control Node
2021-09-06 22:16:57,283 :: INFO :: Stop experiment succeeded
