2021-09-06 21:15:28,775 :: INFO :: Start experiment: luna-276386
2021-09-06 21:15:28,778 :: INFO :: Control node : Starting of control node serial interface
2021-09-06 21:15:28,781 :: INFO :: Control node : reset
2021-09-06 21:15:28,783 :: INFO :: Reset Control Node
2021-09-06 21:15:31,740 :: INFO :: Control node : start power of open node
2021-09-06 21:15:31,756 :: INFO :: Node OpenOCD: Setup of openocd node
2021-09-06 21:15:34,787 :: INFO :: Node OpenOCD: flash of openocd node
2021-09-06 21:15:34,805 :: INFO :: Flash firmware on OpenOCD: /tmp/tmpSt0a4X--07af995c71c4c03e0b354753e4bf4313_unicast-sender-count-30T-191B.iotlab-m3
2021-09-06 21:15:41,753 :: INFO :: Control node : Start experiment
2021-09-06 21:15:41,839 :: INFO :: Control Node set time delay: 1740 us
2021-09-06 21:15:41,862 :: INFO :: Control node : profile configuration
2021-09-06 21:15:41,869 :: INFO :: Configure profile on Control Node
2021-09-06 21:15:41,950 :: INFO :: Start experiment succeeded
2021-09-06 22:16:47,919 :: INFO :: Gateway Manager : Stop experiment
2021-09-06 22:16:47,928 :: INFO :: Stop experiment
2021-09-06 22:16:47,938 :: INFO :: Control node : stop of the experiment
2021-09-06 22:16:47,945 :: INFO :: Control node : profile configuration
2021-09-06 22:16:47,952 :: INFO :: Configure profile on Control Node
2021-09-06 22:16:48,021 :: INFO :: Control node : start power of open node
2021-09-06 22:16:48,063 :: INFO :: Node OpenOCD: teardown of openocd node
2021-09-06 22:16:51,148 :: INFO :: openocd node debugger stop
2021-09-06 22:16:51,821 :: INFO :: Node OpenOCD: flash of openocd node
2021-09-06 22:16:51,828 :: INFO :: Flash firmware on OpenOCD: /usr/lib/python2.7/site-packages/gateway_code/static/m3_idle.elf
2021-09-06 22:16:54,338 :: INFO :: Control node : Stop control node serial interface
2021-09-06 22:16:54,347 :: INFO :: Control node : stop power of open node
2021-09-06 22:16:54,445 :: INFO :: Control node : reset
2021-09-06 22:16:54,452 :: INFO :: Reset Control Node
2021-09-06 22:16:57,337 :: INFO :: Stop experiment succeeded
