2021-09-06 15:14:00,631 :: INFO :: Start experiment: luna-276390
2021-09-06 15:14:00,634 :: INFO :: Control node : Starting of control node serial interface
2021-09-06 15:14:00,637 :: INFO :: Control node : reset
2021-09-06 15:14:00,640 :: INFO :: Reset Control Node
2021-09-06 15:14:03,597 :: INFO :: Control node : start power of open node
2021-09-06 15:14:03,654 :: INFO :: Node OpenOCD: Setup of openocd node
2021-09-06 15:14:06,696 :: INFO :: Node OpenOCD: flash of openocd node
2021-09-06 15:14:06,711 :: INFO :: Flash firmware on OpenOCD: /tmp/tmpJV05Ik--9eca698c47b1367377dfc6ae1bda6964_unicast-sender-count-60T-20B.iotlab-m3
2021-09-06 15:14:13,664 :: INFO :: Control node : Start experiment
2021-09-06 15:14:13,690 :: INFO :: Control Node set time delay: 1404 us
2021-09-06 15:14:13,708 :: INFO :: Control node : profile configuration
2021-09-06 15:14:13,712 :: INFO :: Configure profile on Control Node
2021-09-06 15:14:13,756 :: INFO :: Start experiment succeeded
2021-09-06 16:15:19,711 :: INFO :: Gateway Manager : Stop experiment
2021-09-06 16:15:19,721 :: INFO :: Stop experiment
2021-09-06 16:15:19,729 :: INFO :: Control node : stop of the experiment
2021-09-06 16:15:19,737 :: INFO :: Control node : profile configuration
2021-09-06 16:15:19,749 :: INFO :: Configure profile on Control Node
2021-09-06 16:15:19,825 :: INFO :: Control node : start power of open node
2021-09-06 16:15:19,869 :: INFO :: Node OpenOCD: teardown of openocd node
2021-09-06 16:15:22,924 :: INFO :: openocd node debugger stop
2021-09-06 16:15:23,609 :: INFO :: Node OpenOCD: flash of openocd node
2021-09-06 16:15:23,624 :: INFO :: Flash firmware on OpenOCD: /usr/lib/python2.7/site-packages/gateway_code/static/m3_idle.elf
2021-09-06 16:15:26,246 :: INFO :: Control node : Stop control node serial interface
2021-09-06 16:15:26,255 :: INFO :: Control node : stop power of open node
2021-09-06 16:15:26,360 :: INFO :: Control node : reset
2021-09-06 16:15:26,367 :: INFO :: Reset Control Node
2021-09-06 16:15:29,254 :: INFO :: Stop experiment succeeded
