2021-09-06 15:14:00,622 :: INFO :: Start experiment: luna-276390
2021-09-06 15:14:00,625 :: INFO :: Control node : Starting of control node serial interface
2021-09-06 15:14:00,628 :: INFO :: Control node : reset
2021-09-06 15:14:00,631 :: INFO :: Reset Control Node
2021-09-06 15:14:03,590 :: INFO :: Control node : start power of open node
2021-09-06 15:14:03,629 :: INFO :: Node OpenOCD: Setup of openocd node
2021-09-06 15:14:06,666 :: INFO :: Node OpenOCD: flash of openocd node
2021-09-06 15:14:06,684 :: INFO :: Flash firmware on OpenOCD: /tmp/tmpVVANrU--9eca698c47b1367377dfc6ae1bda6964_unicast-sender-count-60T-20B.iotlab-m3
2021-09-06 15:14:13,695 :: INFO :: Control node : Start experiment
2021-09-06 15:14:13,746 :: INFO :: Control Node set time delay: 1587 us
2021-09-06 15:14:13,771 :: INFO :: Control node : profile configuration
2021-09-06 15:14:13,775 :: INFO :: Configure profile on Control Node
2021-09-06 15:14:13,816 :: INFO :: Start experiment succeeded
2021-09-06 16:15:19,711 :: INFO :: Gateway Manager : Stop experiment
2021-09-06 16:15:19,721 :: INFO :: Stop experiment
2021-09-06 16:15:19,729 :: INFO :: Control node : stop of the experiment
2021-09-06 16:15:19,737 :: INFO :: Control node : profile configuration
2021-09-06 16:15:19,744 :: INFO :: Configure profile on Control Node
2021-09-06 16:15:19,818 :: INFO :: Control node : start power of open node
2021-09-06 16:15:19,861 :: INFO :: Node OpenOCD: teardown of openocd node
2021-09-06 16:15:22,927 :: INFO :: openocd node debugger stop
2021-09-06 16:15:23,612 :: INFO :: Node OpenOCD: flash of openocd node
2021-09-06 16:15:23,618 :: INFO :: Flash firmware on OpenOCD: /usr/lib/python2.7/site-packages/gateway_code/static/m3_idle.elf
2021-09-06 16:15:26,126 :: INFO :: Control node : Stop control node serial interface
2021-09-06 16:15:26,134 :: INFO :: Control node : stop power of open node
2021-09-06 16:15:26,237 :: INFO :: Control node : reset
2021-09-06 16:15:26,244 :: INFO :: Reset Control Node
2021-09-06 16:15:29,131 :: INFO :: Stop experiment succeeded
