2021-09-06 15:14:00,563 :: INFO :: Start experiment: luna-276390
2021-09-06 15:14:00,567 :: INFO :: Control node : Starting of control node serial interface
2021-09-06 15:14:00,570 :: INFO :: Control node : reset
2021-09-06 15:14:00,572 :: INFO :: Reset Control Node
2021-09-06 15:14:03,530 :: INFO :: Control node : start power of open node
2021-09-06 15:14:03,586 :: INFO :: Node OpenOCD: Setup of openocd node
2021-09-06 15:14:06,638 :: INFO :: Node OpenOCD: flash of openocd node
2021-09-06 15:14:06,654 :: INFO :: Flash firmware on OpenOCD: /tmp/tmpdhYCUE--9eca698c47b1367377dfc6ae1bda6964_unicast-sender-count-60T-20B.iotlab-m3
2021-09-06 15:14:13,548 :: INFO :: Control node : Start experiment
2021-09-06 15:14:13,604 :: INFO :: Control Node set time delay: 1862 us
2021-09-06 15:14:13,627 :: INFO :: Control node : profile configuration
2021-09-06 15:14:13,633 :: INFO :: Configure profile on Control Node
2021-09-06 15:14:13,714 :: INFO :: Start experiment succeeded
2021-09-06 16:15:19,742 :: INFO :: Gateway Manager : Stop experiment
2021-09-06 16:15:19,751 :: INFO :: Stop experiment
2021-09-06 16:15:19,759 :: INFO :: Control node : stop of the experiment
2021-09-06 16:15:19,766 :: INFO :: Control node : profile configuration
2021-09-06 16:15:19,773 :: INFO :: Configure profile on Control Node
2021-09-06 16:15:19,853 :: INFO :: Control node : start power of open node
2021-09-06 16:15:19,896 :: INFO :: Node OpenOCD: teardown of openocd node
2021-09-06 16:15:22,929 :: INFO :: openocd node debugger stop
2021-09-06 16:15:23,610 :: INFO :: Node OpenOCD: flash of openocd node
2021-09-06 16:15:23,617 :: INFO :: Flash firmware on OpenOCD: /usr/lib/python2.7/site-packages/gateway_code/static/m3_idle.elf
2021-09-06 16:15:26,129 :: INFO :: Control node : Stop control node serial interface
2021-09-06 16:15:26,138 :: INFO :: Control node : stop power of open node
2021-09-06 16:15:26,223 :: INFO :: Control node : reset
2021-09-06 16:15:26,230 :: INFO :: Reset Control Node
2021-09-06 16:15:29,119 :: INFO :: Stop experiment succeeded
