2021-09-06 15:14:00,606 :: INFO :: Start experiment: luna-276390
2021-09-06 15:14:00,610 :: INFO :: Control node : Starting of control node serial interface
2021-09-06 15:14:00,613 :: INFO :: Control node : reset
2021-09-06 15:14:00,616 :: INFO :: Reset Control Node
2021-09-06 15:14:03,521 :: INFO :: Control node : start power of open node
2021-09-06 15:14:03,550 :: INFO :: Node OpenOCD: Setup of openocd node
2021-09-06 15:14:06,587 :: INFO :: Node OpenOCD: flash of openocd node
2021-09-06 15:14:06,606 :: INFO :: Flash firmware on OpenOCD: /tmp/tmpQBXEOM--9eca698c47b1367377dfc6ae1bda6964_unicast-sender-count-60T-20B.iotlab-m3
2021-09-06 15:14:13,566 :: INFO :: Control node : Start experiment
2021-09-06 15:14:13,626 :: INFO :: Control Node set time delay: 1190 us
2021-09-06 15:14:13,648 :: INFO :: Control node : profile configuration
2021-09-06 15:14:13,655 :: INFO :: Configure profile on Control Node
2021-09-06 15:14:13,705 :: INFO :: Start experiment succeeded
2021-09-06 16:15:19,722 :: INFO :: Gateway Manager : Stop experiment
2021-09-06 16:15:19,732 :: INFO :: Stop experiment
2021-09-06 16:15:19,740 :: INFO :: Control node : stop of the experiment
2021-09-06 16:15:19,747 :: INFO :: Control node : profile configuration
2021-09-06 16:15:19,757 :: INFO :: Configure profile on Control Node
2021-09-06 16:15:19,830 :: INFO :: Control node : start power of open node
2021-09-06 16:15:19,872 :: INFO :: Node OpenOCD: teardown of openocd node
2021-09-06 16:15:22,921 :: INFO :: openocd node debugger stop
2021-09-06 16:15:23,608 :: INFO :: Node OpenOCD: flash of openocd node
2021-09-06 16:15:23,622 :: INFO :: Flash firmware on OpenOCD: /usr/lib/python2.7/site-packages/gateway_code/static/m3_idle.elf
2021-09-06 16:15:26,096 :: INFO :: Control node : Stop control node serial interface
2021-09-06 16:15:26,104 :: INFO :: Control node : stop power of open node
2021-09-06 16:15:26,193 :: INFO :: Control node : reset
2021-09-06 16:15:26,200 :: INFO :: Reset Control Node
2021-09-06 16:15:29,040 :: INFO :: Stop experiment succeeded
