2021-09-06 15:14:00,603 :: INFO :: Start experiment: luna-276390
2021-09-06 15:14:00,606 :: INFO :: Control node : Starting of control node serial interface
2021-09-06 15:14:00,609 :: INFO :: Control node : reset
2021-09-06 15:14:00,612 :: INFO :: Reset Control Node
2021-09-06 15:14:03,570 :: INFO :: Control node : start power of open node
2021-09-06 15:14:03,626 :: INFO :: Node OpenOCD: Setup of openocd node
2021-09-06 15:14:06,676 :: INFO :: Node OpenOCD: flash of openocd node
2021-09-06 15:14:06,691 :: INFO :: Flash firmware on OpenOCD: /tmp/tmplQKt4T--9eca698c47b1367377dfc6ae1bda6964_unicast-sender-count-60T-20B.iotlab-m3
2021-09-06 15:14:13,603 :: INFO :: Control node : Start experiment
2021-09-06 15:14:13,661 :: INFO :: Control Node set time delay: 1832 us
2021-09-06 15:14:13,694 :: INFO :: Control node : profile configuration
2021-09-06 15:14:13,701 :: INFO :: Configure profile on Control Node
2021-09-06 15:14:13,777 :: INFO :: Start experiment succeeded
2021-09-06 16:15:19,703 :: INFO :: Gateway Manager : Stop experiment
2021-09-06 16:15:19,713 :: INFO :: Stop experiment
2021-09-06 16:15:19,722 :: INFO :: Control node : stop of the experiment
2021-09-06 16:15:19,729 :: INFO :: Control node : profile configuration
2021-09-06 16:15:19,736 :: INFO :: Configure profile on Control Node
2021-09-06 16:15:19,812 :: INFO :: Control node : start power of open node
2021-09-06 16:15:19,855 :: INFO :: Node OpenOCD: teardown of openocd node
2021-09-06 16:15:22,916 :: INFO :: openocd node debugger stop
2021-09-06 16:15:23,599 :: INFO :: Node OpenOCD: flash of openocd node
2021-09-06 16:15:23,614 :: INFO :: Flash firmware on OpenOCD: /usr/lib/python2.7/site-packages/gateway_code/static/m3_idle.elf
2021-09-06 16:15:26,183 :: INFO :: Control node : Stop control node serial interface
2021-09-06 16:15:26,192 :: INFO :: Control node : stop power of open node
2021-09-06 16:15:26,298 :: INFO :: Control node : reset
2021-09-06 16:15:26,305 :: INFO :: Reset Control Node
2021-09-06 16:15:29,141 :: INFO :: Stop experiment succeeded
