2021-09-06 15:14:00,597 :: INFO :: Start experiment: luna-276390
2021-09-06 15:14:00,600 :: INFO :: Control node : Starting of control node serial interface
2021-09-06 15:14:00,603 :: INFO :: Control node : reset
2021-09-06 15:14:00,606 :: INFO :: Reset Control Node
2021-09-06 15:14:03,557 :: INFO :: Control node : start power of open node
2021-09-06 15:14:03,612 :: INFO :: Node OpenOCD: Setup of openocd node
2021-09-06 15:14:06,654 :: INFO :: Node OpenOCD: flash of openocd node
2021-09-06 15:14:06,672 :: INFO :: Flash firmware on OpenOCD: /tmp/tmp0AiEQc--ddd0625ff8382e7208c25657471d6a4a_unicast-receiver-count.iotlab-m3
2021-09-06 15:14:13,324 :: INFO :: Control node : Start experiment
2021-09-06 15:14:13,375 :: INFO :: Control Node set time delay: 1587 us
2021-09-06 15:14:13,407 :: INFO :: Control node : profile configuration
2021-09-06 15:14:13,414 :: INFO :: Configure profile on Control Node
2021-09-06 15:14:13,458 :: INFO :: Start experiment succeeded
2021-09-06 16:15:19,691 :: INFO :: Gateway Manager : Stop experiment
2021-09-06 16:15:19,700 :: INFO :: Stop experiment
2021-09-06 16:15:19,709 :: INFO :: Control node : stop of the experiment
2021-09-06 16:15:19,716 :: INFO :: Control node : profile configuration
2021-09-06 16:15:19,723 :: INFO :: Configure profile on Control Node
2021-09-06 16:15:19,794 :: INFO :: Control node : start power of open node
2021-09-06 16:15:19,834 :: INFO :: Node OpenOCD: teardown of openocd node
2021-09-06 16:15:22,891 :: INFO :: openocd node debugger stop
2021-09-06 16:15:23,572 :: INFO :: Node OpenOCD: flash of openocd node
2021-09-06 16:15:23,586 :: INFO :: Flash firmware on OpenOCD: /usr/lib/python2.7/site-packages/gateway_code/static/m3_idle.elf
2021-09-06 16:15:26,154 :: INFO :: Control node : Stop control node serial interface
2021-09-06 16:15:26,159 :: INFO :: Control node : stop power of open node
2021-09-06 16:15:26,210 :: INFO :: Control node : reset
2021-09-06 16:15:26,214 :: INFO :: Reset Control Node
2021-09-06 16:15:29,143 :: INFO :: Stop experiment succeeded
