2021-09-05 13:39:21,302 :: INFO :: Start experiment: luna-276356
2021-09-05 13:39:21,305 :: INFO :: Control node : Starting of control node serial interface
2021-09-05 13:39:21,308 :: INFO :: Control node : reset
2021-09-05 13:39:21,311 :: INFO :: Reset Control Node
2021-09-05 13:39:24,239 :: INFO :: Control node : start power of open node
2021-09-05 13:39:24,267 :: INFO :: Node OpenOCD: Setup of openocd node
2021-09-05 13:39:27,305 :: INFO :: Node OpenOCD: flash of openocd node
2021-09-05 13:39:27,323 :: INFO :: Flash firmware on OpenOCD: /tmp/tmpP7IYol--cb924b41fcfd3e3c0bada58631722ec6_unicast-sender-count-30T-100B.iotlab-m3
2021-09-05 13:39:34,336 :: INFO :: Control node : Start experiment
2021-09-05 13:39:34,390 :: INFO :: Control Node set time delay: 1526 us
2021-09-05 13:39:34,414 :: INFO :: Control node : profile configuration
2021-09-05 13:39:34,421 :: INFO :: Configure profile on Control Node
2021-09-05 13:39:34,500 :: INFO :: Start experiment succeeded
2021-09-05 14:40:40,402 :: INFO :: Gateway Manager : Stop experiment
2021-09-05 14:40:40,412 :: INFO :: Stop experiment
2021-09-05 14:40:40,420 :: INFO :: Control node : stop of the experiment
2021-09-05 14:40:40,427 :: INFO :: Control node : profile configuration
2021-09-05 14:40:40,434 :: INFO :: Configure profile on Control Node
2021-09-05 14:40:40,509 :: INFO :: Control node : start power of open node
2021-09-05 14:40:40,551 :: INFO :: Node OpenOCD: teardown of openocd node
2021-09-05 14:40:43,605 :: INFO :: openocd node debugger stop
2021-09-05 14:40:44,294 :: INFO :: Node OpenOCD: flash of openocd node
2021-09-05 14:40:44,309 :: INFO :: Flash firmware on OpenOCD: /usr/lib/python2.7/site-packages/gateway_code/static/m3_idle.elf
2021-09-05 14:40:46,933 :: INFO :: Control node : Stop control node serial interface
2021-09-05 14:40:46,942 :: INFO :: Control node : stop power of open node
2021-09-05 14:40:47,056 :: INFO :: Control node : reset
2021-09-05 14:40:47,063 :: INFO :: Reset Control Node
2021-09-05 14:40:49,950 :: INFO :: Stop experiment succeeded
