2021-09-05 13:39:21,335 :: INFO :: Start experiment: luna-276356
2021-09-05 13:39:21,339 :: INFO :: Control node : Starting of control node serial interface
2021-09-05 13:39:21,342 :: INFO :: Control node : reset
2021-09-05 13:39:21,345 :: INFO :: Reset Control Node
2021-09-05 13:39:24,247 :: INFO :: Control node : start power of open node
2021-09-05 13:39:24,276 :: INFO :: Node OpenOCD: Setup of openocd node
2021-09-05 13:39:27,314 :: INFO :: Node OpenOCD: flash of openocd node
2021-09-05 13:39:27,332 :: INFO :: Flash firmware on OpenOCD: /tmp/tmpX5xx3P--cb924b41fcfd3e3c0bada58631722ec6_unicast-sender-count-30T-100B.iotlab-m3
2021-09-05 13:39:34,229 :: INFO :: Control node : Start experiment
2021-09-05 13:39:34,295 :: INFO :: Control Node set time delay: 1373 us
2021-09-05 13:39:34,318 :: INFO :: Control node : profile configuration
2021-09-05 13:39:34,325 :: INFO :: Configure profile on Control Node
2021-09-05 13:39:34,406 :: INFO :: Start experiment succeeded
2021-09-05 14:40:40,397 :: INFO :: Gateway Manager : Stop experiment
2021-09-05 14:40:40,407 :: INFO :: Stop experiment
2021-09-05 14:40:40,416 :: INFO :: Control node : stop of the experiment
2021-09-05 14:40:40,423 :: INFO :: Control node : profile configuration
2021-09-05 14:40:40,433 :: INFO :: Configure profile on Control Node
2021-09-05 14:40:40,505 :: INFO :: Control node : start power of open node
2021-09-05 14:40:40,549 :: INFO :: Node OpenOCD: teardown of openocd node
2021-09-05 14:40:43,598 :: INFO :: openocd node debugger stop
2021-09-05 14:40:44,289 :: INFO :: Node OpenOCD: flash of openocd node
2021-09-05 14:40:44,304 :: INFO :: Flash firmware on OpenOCD: /usr/lib/python2.7/site-packages/gateway_code/static/m3_idle.elf
2021-09-05 14:40:46,804 :: INFO :: Control node : Stop control node serial interface
2021-09-05 14:40:46,813 :: INFO :: Control node : stop power of open node
2021-09-05 14:40:46,910 :: INFO :: Control node : reset
2021-09-05 14:40:46,917 :: INFO :: Reset Control Node
2021-09-05 14:40:49,803 :: INFO :: Stop experiment succeeded
