2021-09-05 13:39:21,268 :: INFO :: Start experiment: luna-276356
2021-09-05 13:39:21,271 :: INFO :: Control node : Starting of control node serial interface
2021-09-05 13:39:21,274 :: INFO :: Control node : reset
2021-09-05 13:39:21,277 :: INFO :: Reset Control Node
2021-09-05 13:39:24,278 :: INFO :: Control node : start power of open node
2021-09-05 13:39:24,334 :: INFO :: Node OpenOCD: Setup of openocd node
2021-09-05 13:39:27,380 :: INFO :: Node OpenOCD: flash of openocd node
2021-09-05 13:39:27,395 :: INFO :: Flash firmware on OpenOCD: /tmp/tmpu41LNj--cb924b41fcfd3e3c0bada58631722ec6_unicast-sender-count-30T-100B.iotlab-m3
2021-09-05 13:39:34,331 :: INFO :: Control node : Start experiment
2021-09-05 13:39:34,397 :: INFO :: Control Node set time delay: 2075 us
2021-09-05 13:39:34,419 :: INFO :: Control node : profile configuration
2021-09-05 13:39:34,426 :: INFO :: Configure profile on Control Node
2021-09-05 13:39:34,468 :: INFO :: Start experiment succeeded
2021-09-05 14:40:40,403 :: INFO :: Gateway Manager : Stop experiment
2021-09-05 14:40:40,412 :: INFO :: Stop experiment
2021-09-05 14:40:40,421 :: INFO :: Control node : stop of the experiment
2021-09-05 14:40:40,428 :: INFO :: Control node : profile configuration
2021-09-05 14:40:40,435 :: INFO :: Configure profile on Control Node
2021-09-05 14:40:40,509 :: INFO :: Control node : start power of open node
2021-09-05 14:40:40,551 :: INFO :: Node OpenOCD: teardown of openocd node
2021-09-05 14:40:43,597 :: INFO :: openocd node debugger stop
2021-09-05 14:40:44,254 :: INFO :: Node OpenOCD: flash of openocd node
2021-09-05 14:40:44,261 :: INFO :: Flash firmware on OpenOCD: /usr/lib/python2.7/site-packages/gateway_code/static/m3_idle.elf
2021-09-05 14:40:46,767 :: INFO :: Control node : Stop control node serial interface
2021-09-05 14:40:46,772 :: INFO :: Control node : stop power of open node
2021-09-05 14:40:46,824 :: INFO :: Control node : reset
2021-09-05 14:40:46,828 :: INFO :: Reset Control Node
2021-09-05 14:40:49,647 :: INFO :: Stop experiment succeeded
