2021-09-05 13:39:21,286 :: INFO :: Start experiment: luna-276356
2021-09-05 13:39:21,290 :: INFO :: Control node : Starting of control node serial interface
2021-09-05 13:39:21,293 :: INFO :: Control node : reset
2021-09-05 13:39:21,295 :: INFO :: Reset Control Node
2021-09-05 13:39:24,242 :: INFO :: Control node : start power of open node
2021-09-05 13:39:24,298 :: INFO :: Node OpenOCD: Setup of openocd node
2021-09-05 13:39:27,349 :: INFO :: Node OpenOCD: flash of openocd node
2021-09-05 13:39:27,364 :: INFO :: Flash firmware on OpenOCD: /tmp/tmpds5Rnz--cb924b41fcfd3e3c0bada58631722ec6_unicast-sender-count-30T-100B.iotlab-m3
2021-09-05 13:39:34,308 :: INFO :: Control node : Start experiment
2021-09-05 13:39:34,370 :: INFO :: Control Node set time delay: 1923 us
2021-09-05 13:39:34,396 :: INFO :: Control node : profile configuration
2021-09-05 13:39:34,402 :: INFO :: Configure profile on Control Node
2021-09-05 13:39:34,481 :: INFO :: Start experiment succeeded
2021-09-05 14:40:40,379 :: INFO :: Gateway Manager : Stop experiment
2021-09-05 14:40:40,389 :: INFO :: Stop experiment
2021-09-05 14:40:40,397 :: INFO :: Control node : stop of the experiment
2021-09-05 14:40:40,405 :: INFO :: Control node : profile configuration
2021-09-05 14:40:40,412 :: INFO :: Configure profile on Control Node
2021-09-05 14:40:40,493 :: INFO :: Control node : start power of open node
2021-09-05 14:40:40,536 :: INFO :: Node OpenOCD: teardown of openocd node
2021-09-05 14:40:43,586 :: INFO :: openocd node debugger stop
2021-09-05 14:40:44,270 :: INFO :: Node OpenOCD: flash of openocd node
2021-09-05 14:40:44,278 :: INFO :: Flash firmware on OpenOCD: /usr/lib/python2.7/site-packages/gateway_code/static/m3_idle.elf
2021-09-05 14:40:46,780 :: INFO :: Control node : Stop control node serial interface
2021-09-05 14:40:46,785 :: INFO :: Control node : stop power of open node
2021-09-05 14:40:46,859 :: INFO :: Control node : reset
2021-09-05 14:40:46,866 :: INFO :: Reset Control Node
2021-09-05 14:40:49,751 :: INFO :: Stop experiment succeeded
