2021-09-05 13:39:21,346 :: INFO :: Start experiment: luna-276356
2021-09-05 13:39:21,350 :: INFO :: Control node : Starting of control node serial interface
2021-09-05 13:39:21,353 :: INFO :: Control node : reset
2021-09-05 13:39:21,355 :: INFO :: Reset Control Node
2021-09-05 13:39:24,308 :: INFO :: Control node : start power of open node
2021-09-05 13:39:24,338 :: INFO :: Node OpenOCD: Setup of openocd node
2021-09-05 13:39:27,368 :: INFO :: Node OpenOCD: flash of openocd node
2021-09-05 13:39:27,386 :: INFO :: Flash firmware on OpenOCD: /tmp/tmpBMUZtu--cb924b41fcfd3e3c0bada58631722ec6_unicast-sender-count-30T-100B.iotlab-m3
2021-09-05 13:39:34,336 :: INFO :: Control node : Start experiment
2021-09-05 13:39:34,411 :: INFO :: Control Node set time delay: 1404 us
2021-09-05 13:39:34,447 :: INFO :: Control node : profile configuration
2021-09-05 13:39:34,453 :: INFO :: Configure profile on Control Node
2021-09-05 13:39:34,533 :: INFO :: Start experiment succeeded
2021-09-05 14:40:40,395 :: INFO :: Gateway Manager : Stop experiment
2021-09-05 14:40:40,405 :: INFO :: Stop experiment
2021-09-05 14:40:40,414 :: INFO :: Control node : stop of the experiment
2021-09-05 14:40:40,421 :: INFO :: Control node : profile configuration
2021-09-05 14:40:40,428 :: INFO :: Configure profile on Control Node
2021-09-05 14:40:40,503 :: INFO :: Control node : start power of open node
2021-09-05 14:40:40,545 :: INFO :: Node OpenOCD: teardown of openocd node
2021-09-05 14:40:43,609 :: INFO :: openocd node debugger stop
2021-09-05 14:40:44,292 :: INFO :: Node OpenOCD: flash of openocd node
2021-09-05 14:40:44,299 :: INFO :: Flash firmware on OpenOCD: /usr/lib/python2.7/site-packages/gateway_code/static/m3_idle.elf
2021-09-05 14:40:46,810 :: INFO :: Control node : Stop control node serial interface
2021-09-05 14:40:46,819 :: INFO :: Control node : stop power of open node
2021-09-05 14:40:46,936 :: INFO :: Control node : reset
2021-09-05 14:40:46,943 :: INFO :: Reset Control Node
2021-09-05 14:40:49,780 :: INFO :: Stop experiment succeeded
