2021-09-05 13:39:21,279 :: INFO :: Start experiment: luna-276356
2021-09-05 13:39:21,283 :: INFO :: Control node : Starting of control node serial interface
2021-09-05 13:39:21,286 :: INFO :: Control node : reset
2021-09-05 13:39:21,288 :: INFO :: Reset Control Node
2021-09-05 13:39:24,239 :: INFO :: Control node : start power of open node
2021-09-05 13:39:24,298 :: INFO :: Node OpenOCD: Setup of openocd node
2021-09-05 13:39:27,345 :: INFO :: Node OpenOCD: flash of openocd node
2021-09-05 13:39:27,360 :: INFO :: Flash firmware on OpenOCD: /tmp/tmpsZIpze--cb924b41fcfd3e3c0bada58631722ec6_unicast-sender-count-30T-100B.iotlab-m3
2021-09-05 13:39:34,343 :: INFO :: Control node : Start experiment
2021-09-05 13:39:34,397 :: INFO :: Control Node set time delay: 1739 us
2021-09-05 13:39:34,416 :: INFO :: Control node : profile configuration
2021-09-05 13:39:34,420 :: INFO :: Configure profile on Control Node
2021-09-05 13:39:34,463 :: INFO :: Start experiment succeeded
2021-09-05 14:40:40,406 :: INFO :: Gateway Manager : Stop experiment
2021-09-05 14:40:40,416 :: INFO :: Stop experiment
2021-09-05 14:40:40,425 :: INFO :: Control node : stop of the experiment
2021-09-05 14:40:40,432 :: INFO :: Control node : profile configuration
2021-09-05 14:40:40,439 :: INFO :: Configure profile on Control Node
2021-09-05 14:40:40,518 :: INFO :: Control node : start power of open node
2021-09-05 14:40:40,562 :: INFO :: Node OpenOCD: teardown of openocd node
2021-09-05 14:40:43,616 :: INFO :: openocd node debugger stop
2021-09-05 14:40:44,181 :: INFO :: Node OpenOCD: flash of openocd node
2021-09-05 14:40:44,195 :: INFO :: Flash firmware on OpenOCD: /usr/lib/python2.7/site-packages/gateway_code/static/m3_idle.elf
2021-09-05 14:40:46,715 :: INFO :: Control node : Stop control node serial interface
2021-09-05 14:40:46,725 :: INFO :: Control node : stop power of open node
2021-09-05 14:40:46,823 :: INFO :: Control node : reset
2021-09-05 14:40:46,829 :: INFO :: Reset Control Node
2021-09-05 14:40:49,722 :: INFO :: Stop experiment succeeded
