2021-09-05 13:39:21,328 :: INFO :: Start experiment: luna-276356
2021-09-05 13:39:21,332 :: INFO :: Control node : Starting of control node serial interface
2021-09-05 13:39:21,334 :: INFO :: Control node : reset
2021-09-05 13:39:21,337 :: INFO :: Reset Control Node
2021-09-05 13:39:24,240 :: INFO :: Control node : start power of open node
2021-09-05 13:39:24,294 :: INFO :: Node OpenOCD: Setup of openocd node
2021-09-05 13:39:27,335 :: INFO :: Node OpenOCD: flash of openocd node
2021-09-05 13:39:27,353 :: INFO :: Flash firmware on OpenOCD: /tmp/tmpmREVS4--cb924b41fcfd3e3c0bada58631722ec6_unicast-sender-count-30T-100B.iotlab-m3
2021-09-05 13:39:34,248 :: INFO :: Control node : Start experiment
2021-09-05 13:39:34,312 :: INFO :: Control Node set time delay: 1709 us
2021-09-05 13:39:34,344 :: INFO :: Control node : profile configuration
2021-09-05 13:39:34,351 :: INFO :: Configure profile on Control Node
2021-09-05 13:39:34,429 :: INFO :: Start experiment succeeded
2021-09-05 14:40:40,392 :: INFO :: Gateway Manager : Stop experiment
2021-09-05 14:40:40,403 :: INFO :: Stop experiment
2021-09-05 14:40:40,411 :: INFO :: Control node : stop of the experiment
2021-09-05 14:40:40,419 :: INFO :: Control node : profile configuration
2021-09-05 14:40:40,426 :: INFO :: Configure profile on Control Node
2021-09-05 14:40:40,503 :: INFO :: Control node : start power of open node
2021-09-05 14:40:40,546 :: INFO :: Node OpenOCD: teardown of openocd node
2021-09-05 14:40:43,612 :: INFO :: openocd node debugger stop
2021-09-05 14:40:44,309 :: INFO :: Node OpenOCD: flash of openocd node
2021-09-05 14:40:44,323 :: INFO :: Flash firmware on OpenOCD: /usr/lib/python2.7/site-packages/gateway_code/static/m3_idle.elf
2021-09-05 14:40:46,895 :: INFO :: Control node : Stop control node serial interface
2021-09-05 14:40:46,900 :: INFO :: Control node : stop power of open node
2021-09-05 14:40:46,955 :: INFO :: Control node : reset
2021-09-05 14:40:46,962 :: INFO :: Reset Control Node
2021-09-05 14:40:49,847 :: INFO :: Stop experiment succeeded
