2021-09-05 13:39:21,343 :: INFO :: Start experiment: luna-276356
2021-09-05 13:39:21,347 :: INFO :: Control node : Starting of control node serial interface
2021-09-05 13:39:21,349 :: INFO :: Control node : reset
2021-09-05 13:39:21,352 :: INFO :: Reset Control Node
2021-09-05 13:39:24,303 :: INFO :: Control node : start power of open node
2021-09-05 13:39:24,360 :: INFO :: Node OpenOCD: Setup of openocd node
2021-09-05 13:39:27,409 :: INFO :: Node OpenOCD: flash of openocd node
2021-09-05 13:39:27,424 :: INFO :: Flash firmware on OpenOCD: /tmp/tmp4Pvjaz--cb924b41fcfd3e3c0bada58631722ec6_unicast-sender-count-30T-100B.iotlab-m3
2021-09-05 13:39:34,289 :: INFO :: Control node : Start experiment
2021-09-05 13:39:34,345 :: INFO :: Control Node set time delay: 1221 us
2021-09-05 13:39:34,371 :: INFO :: Control node : profile configuration
2021-09-05 13:39:34,378 :: INFO :: Configure profile on Control Node
2021-09-05 13:39:34,457 :: INFO :: Start experiment succeeded
2021-09-05 14:40:40,406 :: INFO :: Gateway Manager : Stop experiment
2021-09-05 14:40:40,416 :: INFO :: Stop experiment
2021-09-05 14:40:40,424 :: INFO :: Control node : stop of the experiment
2021-09-05 14:40:40,432 :: INFO :: Control node : profile configuration
2021-09-05 14:40:40,439 :: INFO :: Configure profile on Control Node
2021-09-05 14:40:40,515 :: INFO :: Control node : start power of open node
2021-09-05 14:40:40,557 :: INFO :: Node OpenOCD: teardown of openocd node
2021-09-05 14:40:43,620 :: INFO :: openocd node debugger stop
2021-09-05 14:40:44,314 :: INFO :: Node OpenOCD: flash of openocd node
2021-09-05 14:40:44,329 :: INFO :: Flash firmware on OpenOCD: /usr/lib/python2.7/site-packages/gateway_code/static/m3_idle.elf
2021-09-05 14:40:46,920 :: INFO :: Control node : Stop control node serial interface
2021-09-05 14:40:46,928 :: INFO :: Control node : stop power of open node
2021-09-05 14:40:47,032 :: INFO :: Control node : reset
2021-09-05 14:40:47,038 :: INFO :: Reset Control Node
2021-09-05 14:40:49,907 :: INFO :: Stop experiment succeeded
