2021-09-05 13:39:21,313 :: INFO :: Start experiment: luna-276356
2021-09-05 13:39:21,317 :: INFO :: Control node : Starting of control node serial interface
2021-09-05 13:39:21,319 :: INFO :: Control node : reset
2021-09-05 13:39:21,322 :: INFO :: Reset Control Node
2021-09-05 13:39:24,272 :: INFO :: Control node : start power of open node
2021-09-05 13:39:24,320 :: INFO :: Node OpenOCD: Setup of openocd node
2021-09-05 13:39:27,350 :: INFO :: Node OpenOCD: flash of openocd node
2021-09-05 13:39:27,369 :: INFO :: Flash firmware on OpenOCD: /tmp/tmp29FWaK--cb924b41fcfd3e3c0bada58631722ec6_unicast-sender-count-30T-100B.iotlab-m3
2021-09-05 13:39:34,271 :: INFO :: Control node : Start experiment
2021-09-05 13:39:34,332 :: INFO :: Control Node set time delay: 1740 us
2021-09-05 13:39:34,364 :: INFO :: Control node : profile configuration
2021-09-05 13:39:34,370 :: INFO :: Configure profile on Control Node
2021-09-05 13:39:34,449 :: INFO :: Start experiment succeeded
2021-09-05 14:40:40,393 :: INFO :: Gateway Manager : Stop experiment
2021-09-05 14:40:40,402 :: INFO :: Stop experiment
2021-09-05 14:40:40,411 :: INFO :: Control node : stop of the experiment
2021-09-05 14:40:40,418 :: INFO :: Control node : profile configuration
2021-09-05 14:40:40,425 :: INFO :: Configure profile on Control Node
2021-09-05 14:40:40,503 :: INFO :: Control node : start power of open node
2021-09-05 14:40:40,547 :: INFO :: Node OpenOCD: teardown of openocd node
2021-09-05 14:40:43,594 :: INFO :: openocd node debugger stop
2021-09-05 14:40:44,283 :: INFO :: Node OpenOCD: flash of openocd node
2021-09-05 14:40:44,298 :: INFO :: Flash firmware on OpenOCD: /usr/lib/python2.7/site-packages/gateway_code/static/m3_idle.elf
2021-09-05 14:40:46,867 :: INFO :: Control node : Stop control node serial interface
2021-09-05 14:40:46,876 :: INFO :: Control node : stop power of open node
2021-09-05 14:40:46,957 :: INFO :: Control node : reset
2021-09-05 14:40:46,964 :: INFO :: Reset Control Node
2021-09-05 14:40:49,801 :: INFO :: Stop experiment succeeded
