2021-09-05 13:39:21,351 :: INFO :: Start experiment: luna-276356
2021-09-05 13:39:21,355 :: INFO :: Control node : Starting of control node serial interface
2021-09-05 13:39:21,358 :: INFO :: Control node : reset
2021-09-05 13:39:21,361 :: INFO :: Reset Control Node
2021-09-05 13:39:24,368 :: INFO :: Control node : start power of open node
2021-09-05 13:39:24,427 :: INFO :: Node OpenOCD: Setup of openocd node
2021-09-05 13:39:27,465 :: INFO :: Node OpenOCD: flash of openocd node
2021-09-05 13:39:27,480 :: INFO :: Flash firmware on OpenOCD: /tmp/tmpGJYL5I--cb924b41fcfd3e3c0bada58631722ec6_unicast-sender-count-30T-100B.iotlab-m3
2021-09-05 13:39:34,377 :: INFO :: Control node : Start experiment
2021-09-05 13:39:34,420 :: INFO :: Control Node set time delay: 1404 us
2021-09-05 13:39:34,452 :: INFO :: Control node : profile configuration
2021-09-05 13:39:34,459 :: INFO :: Configure profile on Control Node
2021-09-05 13:39:34,538 :: INFO :: Start experiment succeeded
2021-09-05 14:40:40,392 :: INFO :: Gateway Manager : Stop experiment
2021-09-05 14:40:40,401 :: INFO :: Stop experiment
2021-09-05 14:40:40,410 :: INFO :: Control node : stop of the experiment
2021-09-05 14:40:40,417 :: INFO :: Control node : profile configuration
2021-09-05 14:40:40,427 :: INFO :: Configure profile on Control Node
2021-09-05 14:40:40,507 :: INFO :: Control node : start power of open node
2021-09-05 14:40:40,549 :: INFO :: Node OpenOCD: teardown of openocd node
2021-09-05 14:40:43,603 :: INFO :: openocd node debugger stop
2021-09-05 14:40:44,294 :: INFO :: Node OpenOCD: flash of openocd node
2021-09-05 14:40:44,309 :: INFO :: Flash firmware on OpenOCD: /usr/lib/python2.7/site-packages/gateway_code/static/m3_idle.elf
2021-09-05 14:40:46,798 :: INFO :: Control node : Stop control node serial interface
2021-09-05 14:40:46,802 :: INFO :: Control node : stop power of open node
2021-09-05 14:40:46,863 :: INFO :: Control node : reset
2021-09-05 14:40:46,870 :: INFO :: Reset Control Node
2021-09-05 14:40:49,754 :: INFO :: Stop experiment succeeded
