2021-09-05 13:39:21,311 :: INFO :: Start experiment: luna-276356
2021-09-05 13:39:21,314 :: INFO :: Control node : Starting of control node serial interface
2021-09-05 13:39:21,317 :: INFO :: Control node : reset
2021-09-05 13:39:21,319 :: INFO :: Reset Control Node
2021-09-05 13:39:24,274 :: INFO :: Control node : start power of open node
2021-09-05 13:39:24,332 :: INFO :: Node OpenOCD: Setup of openocd node
2021-09-05 13:39:27,361 :: INFO :: Node OpenOCD: flash of openocd node
2021-09-05 13:39:27,379 :: INFO :: Flash firmware on OpenOCD: /tmp/tmpXeIz7S--cb924b41fcfd3e3c0bada58631722ec6_unicast-sender-count-30T-100B.iotlab-m3
2021-09-05 13:39:34,355 :: INFO :: Control node : Start experiment
2021-09-05 13:39:34,409 :: INFO :: Control Node set time delay: 1984 us
2021-09-05 13:39:34,437 :: INFO :: Control node : profile configuration
2021-09-05 13:39:34,441 :: INFO :: Configure profile on Control Node
2021-09-05 13:39:34,482 :: INFO :: Start experiment succeeded
2021-09-05 14:40:40,406 :: INFO :: Gateway Manager : Stop experiment
2021-09-05 14:40:40,420 :: INFO :: Stop experiment
2021-09-05 14:40:40,429 :: INFO :: Control node : stop of the experiment
2021-09-05 14:40:40,436 :: INFO :: Control node : profile configuration
2021-09-05 14:40:40,443 :: INFO :: Configure profile on Control Node
2021-09-05 14:40:40,526 :: INFO :: Control node : start power of open node
2021-09-05 14:40:40,568 :: INFO :: Node OpenOCD: teardown of openocd node
2021-09-05 14:40:43,617 :: INFO :: openocd node debugger stop
2021-09-05 14:40:44,267 :: INFO :: Node OpenOCD: flash of openocd node
2021-09-05 14:40:44,274 :: INFO :: Flash firmware on OpenOCD: /usr/lib/python2.7/site-packages/gateway_code/static/m3_idle.elf
2021-09-05 14:40:46,730 :: INFO :: Control node : Stop control node serial interface
2021-09-05 14:40:46,739 :: INFO :: Control node : stop power of open node
2021-09-05 14:40:46,844 :: INFO :: Control node : reset
2021-09-05 14:40:46,850 :: INFO :: Reset Control Node
2021-09-05 14:40:49,737 :: INFO :: Stop experiment succeeded
