2021-09-05 13:39:21,297 :: INFO :: Start experiment: luna-276356
2021-09-05 13:39:21,300 :: INFO :: Control node : Starting of control node serial interface
2021-09-05 13:39:21,303 :: INFO :: Control node : reset
2021-09-05 13:39:21,306 :: INFO :: Reset Control Node
2021-09-05 13:39:24,261 :: INFO :: Control node : start power of open node
2021-09-05 13:39:24,320 :: INFO :: Node OpenOCD: Setup of openocd node
2021-09-05 13:39:27,365 :: INFO :: Node OpenOCD: flash of openocd node
2021-09-05 13:39:27,380 :: INFO :: Flash firmware on OpenOCD: /tmp/tmpZO8yCa--cb924b41fcfd3e3c0bada58631722ec6_unicast-sender-count-30T-100B.iotlab-m3
2021-09-05 13:39:34,360 :: INFO :: Control node : Start experiment
2021-09-05 13:39:34,421 :: INFO :: Control Node set time delay: 1831 us
2021-09-05 13:39:34,437 :: INFO :: Control node : profile configuration
2021-09-05 13:39:34,441 :: INFO :: Configure profile on Control Node
2021-09-05 13:39:34,484 :: INFO :: Start experiment succeeded
2021-09-05 14:40:40,400 :: INFO :: Gateway Manager : Stop experiment
2021-09-05 14:40:40,409 :: INFO :: Stop experiment
2021-09-05 14:40:40,417 :: INFO :: Control node : stop of the experiment
2021-09-05 14:40:40,425 :: INFO :: Control node : profile configuration
2021-09-05 14:40:40,432 :: INFO :: Configure profile on Control Node
2021-09-05 14:40:40,504 :: INFO :: Control node : start power of open node
2021-09-05 14:40:40,545 :: INFO :: Node OpenOCD: teardown of openocd node
2021-09-05 14:40:43,597 :: INFO :: openocd node debugger stop
2021-09-05 14:40:44,281 :: INFO :: Node OpenOCD: flash of openocd node
2021-09-05 14:40:44,288 :: INFO :: Flash firmware on OpenOCD: /usr/lib/python2.7/site-packages/gateway_code/static/m3_idle.elf
2021-09-05 14:40:46,795 :: INFO :: Control node : Stop control node serial interface
2021-09-05 14:40:46,801 :: INFO :: Control node : stop power of open node
2021-09-05 14:40:46,853 :: INFO :: Control node : reset
2021-09-05 14:40:46,857 :: INFO :: Reset Control Node
2021-09-05 14:40:49,744 :: INFO :: Stop experiment succeeded
