2021-09-05 13:39:21,295 :: INFO :: Start experiment: luna-276356
2021-09-05 13:39:21,298 :: INFO :: Control node : Starting of control node serial interface
2021-09-05 13:39:21,301 :: INFO :: Control node : reset
2021-09-05 13:39:21,304 :: INFO :: Reset Control Node
2021-09-05 13:39:24,224 :: INFO :: Control node : start power of open node
2021-09-05 13:39:24,252 :: INFO :: Node OpenOCD: Setup of openocd node
2021-09-05 13:39:27,292 :: INFO :: Node OpenOCD: flash of openocd node
2021-09-05 13:39:27,310 :: INFO :: Flash firmware on OpenOCD: /tmp/tmpMmhAGs--cb924b41fcfd3e3c0bada58631722ec6_unicast-sender-count-30T-100B.iotlab-m3
2021-09-05 13:39:34,373 :: INFO :: Control node : Start experiment
2021-09-05 13:39:34,421 :: INFO :: Control Node set time delay: 1953 us
2021-09-05 13:39:34,438 :: INFO :: Control node : profile configuration
2021-09-05 13:39:34,441 :: INFO :: Configure profile on Control Node
2021-09-05 13:39:34,483 :: INFO :: Start experiment succeeded
2021-09-05 14:40:40,380 :: INFO :: Gateway Manager : Stop experiment
2021-09-05 14:40:40,390 :: INFO :: Stop experiment
2021-09-05 14:40:40,398 :: INFO :: Control node : stop of the experiment
2021-09-05 14:40:40,405 :: INFO :: Control node : profile configuration
2021-09-05 14:40:40,413 :: INFO :: Configure profile on Control Node
2021-09-05 14:40:40,488 :: INFO :: Control node : start power of open node
2021-09-05 14:40:40,531 :: INFO :: Node OpenOCD: teardown of openocd node
2021-09-05 14:40:43,582 :: INFO :: openocd node debugger stop
2021-09-05 14:40:44,267 :: INFO :: Node OpenOCD: flash of openocd node
2021-09-05 14:40:44,282 :: INFO :: Flash firmware on OpenOCD: /usr/lib/python2.7/site-packages/gateway_code/static/m3_idle.elf
2021-09-05 14:40:46,849 :: INFO :: Control node : Stop control node serial interface
2021-09-05 14:40:46,857 :: INFO :: Control node : stop power of open node
2021-09-05 14:40:46,953 :: INFO :: Control node : reset
2021-09-05 14:40:46,960 :: INFO :: Reset Control Node
2021-09-05 14:40:49,847 :: INFO :: Stop experiment succeeded
