2021-09-05 13:39:21,344 :: INFO :: Start experiment: luna-276356
2021-09-05 13:39:21,348 :: INFO :: Control node : Starting of control node serial interface
2021-09-05 13:39:21,351 :: INFO :: Control node : reset
2021-09-05 13:39:21,353 :: INFO :: Reset Control Node
2021-09-05 13:39:24,310 :: INFO :: Control node : start power of open node
2021-09-05 13:39:24,346 :: INFO :: Node OpenOCD: Setup of openocd node
2021-09-05 13:39:27,379 :: INFO :: Node OpenOCD: flash of openocd node
2021-09-05 13:39:27,396 :: INFO :: Flash firmware on OpenOCD: /tmp/tmpsvBgC8--cb924b41fcfd3e3c0bada58631722ec6_unicast-sender-count-30T-100B.iotlab-m3
2021-09-05 13:39:34,430 :: INFO :: Control node : Start experiment
2021-09-05 13:39:34,475 :: INFO :: Control Node set time delay: 1648 us
2021-09-05 13:39:34,503 :: INFO :: Control node : profile configuration
2021-09-05 13:39:34,506 :: INFO :: Configure profile on Control Node
2021-09-05 13:39:34,548 :: INFO :: Start experiment succeeded
2021-09-05 14:40:40,395 :: INFO :: Gateway Manager : Stop experiment
2021-09-05 14:40:40,405 :: INFO :: Stop experiment
2021-09-05 14:40:40,413 :: INFO :: Control node : stop of the experiment
2021-09-05 14:40:40,420 :: INFO :: Control node : profile configuration
2021-09-05 14:40:40,426 :: INFO :: Configure profile on Control Node
2021-09-05 14:40:40,496 :: INFO :: Control node : start power of open node
2021-09-05 14:40:40,535 :: INFO :: Node OpenOCD: teardown of openocd node
2021-09-05 14:40:43,592 :: INFO :: openocd node debugger stop
2021-09-05 14:40:44,275 :: INFO :: Node OpenOCD: flash of openocd node
2021-09-05 14:40:44,282 :: INFO :: Flash firmware on OpenOCD: /usr/lib/python2.7/site-packages/gateway_code/static/m3_idle.elf
2021-09-05 14:40:46,737 :: INFO :: Control node : Stop control node serial interface
2021-09-05 14:40:46,745 :: INFO :: Control node : stop power of open node
2021-09-05 14:40:46,862 :: INFO :: Control node : reset
2021-09-05 14:40:46,869 :: INFO :: Reset Control Node
2021-09-05 14:40:49,753 :: INFO :: Stop experiment succeeded
