2021-09-05 13:39:21,300 :: INFO :: Start experiment: luna-276356
2021-09-05 13:39:21,304 :: INFO :: Control node : Starting of control node serial interface
2021-09-05 13:39:21,307 :: INFO :: Control node : reset
2021-09-05 13:39:21,309 :: INFO :: Reset Control Node
2021-09-05 13:39:24,213 :: INFO :: Control node : start power of open node
2021-09-05 13:39:24,267 :: INFO :: Node OpenOCD: Setup of openocd node
2021-09-05 13:39:27,316 :: INFO :: Node OpenOCD: flash of openocd node
2021-09-05 13:39:27,334 :: INFO :: Flash firmware on OpenOCD: /tmp/tmpGn9mrJ--cb924b41fcfd3e3c0bada58631722ec6_unicast-sender-count-30T-100B.iotlab-m3
2021-09-05 13:39:34,292 :: INFO :: Control node : Start experiment
2021-09-05 13:39:34,327 :: INFO :: Control Node set time delay: 1282 us
2021-09-05 13:39:34,345 :: INFO :: Control node : profile configuration
2021-09-05 13:39:34,348 :: INFO :: Configure profile on Control Node
2021-09-05 13:39:34,392 :: INFO :: Start experiment succeeded
2021-09-05 14:40:40,401 :: INFO :: Gateway Manager : Stop experiment
2021-09-05 14:40:40,410 :: INFO :: Stop experiment
2021-09-05 14:40:40,418 :: INFO :: Control node : stop of the experiment
2021-09-05 14:40:40,425 :: INFO :: Control node : profile configuration
2021-09-05 14:40:40,432 :: INFO :: Configure profile on Control Node
2021-09-05 14:40:40,508 :: INFO :: Control node : start power of open node
2021-09-05 14:40:40,549 :: INFO :: Node OpenOCD: teardown of openocd node
2021-09-05 14:40:43,610 :: INFO :: openocd node debugger stop
2021-09-05 14:40:44,292 :: INFO :: Node OpenOCD: flash of openocd node
2021-09-05 14:40:44,300 :: INFO :: Flash firmware on OpenOCD: /usr/lib/python2.7/site-packages/gateway_code/static/m3_idle.elf
2021-09-05 14:40:46,806 :: INFO :: Control node : Stop control node serial interface
2021-09-05 14:40:46,815 :: INFO :: Control node : stop power of open node
2021-09-05 14:40:46,914 :: INFO :: Control node : reset
2021-09-05 14:40:46,921 :: INFO :: Reset Control Node
2021-09-05 14:40:49,810 :: INFO :: Stop experiment succeeded
