2021-09-05 13:39:21,329 :: INFO :: Start experiment: luna-276356
2021-09-05 13:39:21,332 :: INFO :: Control node : Starting of control node serial interface
2021-09-05 13:39:21,335 :: INFO :: Control node : reset
2021-09-05 13:39:21,338 :: INFO :: Reset Control Node
2021-09-05 13:39:24,290 :: INFO :: Control node : start power of open node
2021-09-05 13:39:24,335 :: INFO :: Node OpenOCD: Setup of openocd node
2021-09-05 13:39:27,365 :: INFO :: Node OpenOCD: flash of openocd node
2021-09-05 13:39:27,383 :: INFO :: Flash firmware on OpenOCD: /tmp/tmp5fzgFt--cb924b41fcfd3e3c0bada58631722ec6_unicast-sender-count-30T-100B.iotlab-m3
2021-09-05 13:39:34,355 :: INFO :: Control node : Start experiment
2021-09-05 13:39:34,404 :: INFO :: Control Node set time delay: 1190 us
2021-09-05 13:39:34,423 :: INFO :: Control node : profile configuration
2021-09-05 13:39:34,426 :: INFO :: Configure profile on Control Node
2021-09-05 13:39:34,469 :: INFO :: Start experiment succeeded
2021-09-05 14:40:40,390 :: INFO :: Gateway Manager : Stop experiment
2021-09-05 14:40:40,399 :: INFO :: Stop experiment
2021-09-05 14:40:40,407 :: INFO :: Control node : stop of the experiment
2021-09-05 14:40:40,414 :: INFO :: Control node : profile configuration
2021-09-05 14:40:40,421 :: INFO :: Configure profile on Control Node
2021-09-05 14:40:40,494 :: INFO :: Control node : start power of open node
2021-09-05 14:40:40,536 :: INFO :: Node OpenOCD: teardown of openocd node
2021-09-05 14:40:43,598 :: INFO :: openocd node debugger stop
2021-09-05 14:40:44,280 :: INFO :: Node OpenOCD: flash of openocd node
2021-09-05 14:40:44,288 :: INFO :: Flash firmware on OpenOCD: /usr/lib/python2.7/site-packages/gateway_code/static/m3_idle.elf
2021-09-05 14:40:46,798 :: INFO :: Control node : Stop control node serial interface
2021-09-05 14:40:46,807 :: INFO :: Control node : stop power of open node
2021-09-05 14:40:46,902 :: INFO :: Control node : reset
2021-09-05 14:40:46,909 :: INFO :: Reset Control Node
2021-09-05 14:40:49,798 :: INFO :: Stop experiment succeeded
