2021-09-05 13:39:21,336 :: INFO :: Start experiment: luna-276356
2021-09-05 13:39:21,339 :: INFO :: Control node : Starting of control node serial interface
2021-09-05 13:39:21,342 :: INFO :: Control node : reset
2021-09-05 13:39:21,344 :: INFO :: Reset Control Node
2021-09-05 13:39:24,302 :: INFO :: Control node : start power of open node
2021-09-05 13:39:24,358 :: INFO :: Node OpenOCD: Setup of openocd node
2021-09-05 13:39:27,400 :: INFO :: Node OpenOCD: flash of openocd node
2021-09-05 13:39:27,415 :: INFO :: Flash firmware on OpenOCD: /tmp/tmpPFO3oI--cb924b41fcfd3e3c0bada58631722ec6_unicast-sender-count-30T-100B.iotlab-m3
2021-09-05 13:39:34,434 :: INFO :: Control node : Start experiment
2021-09-05 13:39:34,491 :: INFO :: Control Node set time delay: 1953 us
2021-09-05 13:39:34,513 :: INFO :: Control node : profile configuration
2021-09-05 13:39:34,516 :: INFO :: Configure profile on Control Node
2021-09-05 13:39:34,558 :: INFO :: Start experiment succeeded
2021-09-05 14:40:40,400 :: INFO :: Gateway Manager : Stop experiment
2021-09-05 14:40:40,410 :: INFO :: Stop experiment
2021-09-05 14:40:40,418 :: INFO :: Control node : stop of the experiment
2021-09-05 14:40:40,428 :: INFO :: Control node : profile configuration
2021-09-05 14:40:40,436 :: INFO :: Configure profile on Control Node
2021-09-05 14:40:40,505 :: INFO :: Control node : start power of open node
2021-09-05 14:40:40,548 :: INFO :: Node OpenOCD: teardown of openocd node
2021-09-05 14:40:43,611 :: INFO :: openocd node debugger stop
2021-09-05 14:40:44,299 :: INFO :: Node OpenOCD: flash of openocd node
2021-09-05 14:40:44,313 :: INFO :: Flash firmware on OpenOCD: /usr/lib/python2.7/site-packages/gateway_code/static/m3_idle.elf
2021-09-05 14:40:46,862 :: INFO :: Control node : Stop control node serial interface
2021-09-05 14:40:46,867 :: INFO :: Control node : stop power of open node
2021-09-05 14:40:46,931 :: INFO :: Control node : reset
2021-09-05 14:40:46,935 :: INFO :: Reset Control Node
2021-09-05 14:40:49,863 :: INFO :: Stop experiment succeeded
