2021-09-05 13:39:21,311 :: INFO :: Start experiment: luna-276356
2021-09-05 13:39:21,315 :: INFO :: Control node : Starting of control node serial interface
2021-09-05 13:39:21,317 :: INFO :: Control node : reset
2021-09-05 13:39:21,320 :: INFO :: Reset Control Node
2021-09-05 13:39:24,270 :: INFO :: Control node : start power of open node
2021-09-05 13:39:24,327 :: INFO :: Node OpenOCD: Setup of openocd node
2021-09-05 13:39:27,376 :: INFO :: Node OpenOCD: flash of openocd node
2021-09-05 13:39:27,391 :: INFO :: Flash firmware on OpenOCD: /tmp/tmpOehGOc--cb924b41fcfd3e3c0bada58631722ec6_unicast-sender-count-30T-100B.iotlab-m3
2021-09-05 13:39:34,276 :: INFO :: Control node : Start experiment
2021-09-05 13:39:34,346 :: INFO :: Control Node set time delay: 1923 us
2021-09-05 13:39:34,378 :: INFO :: Control node : profile configuration
2021-09-05 13:39:34,385 :: INFO :: Configure profile on Control Node
2021-09-05 13:39:34,463 :: INFO :: Start experiment succeeded
2021-09-05 14:40:40,384 :: INFO :: Gateway Manager : Stop experiment
2021-09-05 14:40:40,393 :: INFO :: Stop experiment
2021-09-05 14:40:40,402 :: INFO :: Control node : stop of the experiment
2021-09-05 14:40:40,409 :: INFO :: Control node : profile configuration
2021-09-05 14:40:40,416 :: INFO :: Configure profile on Control Node
2021-09-05 14:40:40,489 :: INFO :: Control node : start power of open node
2021-09-05 14:40:40,534 :: INFO :: Node OpenOCD: teardown of openocd node
2021-09-05 14:40:43,623 :: INFO :: openocd node debugger stop
2021-09-05 14:40:44,316 :: INFO :: Node OpenOCD: flash of openocd node
2021-09-05 14:40:44,331 :: INFO :: Flash firmware on OpenOCD: /usr/lib/python2.7/site-packages/gateway_code/static/m3_idle.elf
2021-09-05 14:40:46,871 :: INFO :: Control node : Stop control node serial interface
2021-09-05 14:40:46,876 :: INFO :: Control node : stop power of open node
2021-09-05 14:40:46,949 :: INFO :: Control node : reset
2021-09-05 14:40:46,953 :: INFO :: Reset Control Node
2021-09-05 14:40:49,887 :: INFO :: Stop experiment succeeded
