2021-09-05 13:39:21,337 :: INFO :: Start experiment: luna-276356
2021-09-05 13:39:21,341 :: INFO :: Control node : Starting of control node serial interface
2021-09-05 13:39:21,344 :: INFO :: Control node : reset
2021-09-05 13:39:21,346 :: INFO :: Reset Control Node
2021-09-05 13:39:24,302 :: INFO :: Control node : start power of open node
2021-09-05 13:39:24,356 :: INFO :: Node OpenOCD: Setup of openocd node
2021-09-05 13:39:27,400 :: INFO :: Node OpenOCD: flash of openocd node
2021-09-05 13:39:27,414 :: INFO :: Flash firmware on OpenOCD: /tmp/tmpHnaDpG--cb924b41fcfd3e3c0bada58631722ec6_unicast-sender-count-30T-100B.iotlab-m3
2021-09-05 13:39:34,362 :: INFO :: Control node : Start experiment
2021-09-05 13:39:34,419 :: INFO :: Control Node set time delay: 1343 us
2021-09-05 13:39:34,442 :: INFO :: Control node : profile configuration
2021-09-05 13:39:34,445 :: INFO :: Configure profile on Control Node
2021-09-05 13:39:34,487 :: INFO :: Start experiment succeeded
2021-09-05 14:40:40,395 :: INFO :: Gateway Manager : Stop experiment
2021-09-05 14:40:40,404 :: INFO :: Stop experiment
2021-09-05 14:40:40,413 :: INFO :: Control node : stop of the experiment
2021-09-05 14:40:40,421 :: INFO :: Control node : profile configuration
2021-09-05 14:40:40,428 :: INFO :: Configure profile on Control Node
2021-09-05 14:40:40,506 :: INFO :: Control node : start power of open node
2021-09-05 14:40:40,549 :: INFO :: Node OpenOCD: teardown of openocd node
2021-09-05 14:40:43,613 :: INFO :: openocd node debugger stop
2021-09-05 14:40:44,307 :: INFO :: Node OpenOCD: flash of openocd node
2021-09-05 14:40:44,322 :: INFO :: Flash firmware on OpenOCD: /usr/lib/python2.7/site-packages/gateway_code/static/m3_idle.elf
2021-09-05 14:40:46,837 :: INFO :: Control node : Stop control node serial interface
2021-09-05 14:40:46,842 :: INFO :: Control node : stop power of open node
2021-09-05 14:40:46,931 :: INFO :: Control node : reset
2021-09-05 14:40:46,938 :: INFO :: Reset Control Node
2021-09-05 14:40:49,824 :: INFO :: Stop experiment succeeded
