2021-09-05 13:39:21,310 :: INFO :: Start experiment: luna-276356
2021-09-05 13:39:21,314 :: INFO :: Control node : Starting of control node serial interface
2021-09-05 13:39:21,317 :: INFO :: Control node : reset
2021-09-05 13:39:21,319 :: INFO :: Reset Control Node
2021-09-05 13:39:24,267 :: INFO :: Control node : start power of open node
2021-09-05 13:39:24,323 :: INFO :: Node OpenOCD: Setup of openocd node
2021-09-05 13:39:27,367 :: INFO :: Node OpenOCD: flash of openocd node
2021-09-05 13:39:27,385 :: INFO :: Flash firmware on OpenOCD: /tmp/tmpfcdeMg--cb924b41fcfd3e3c0bada58631722ec6_unicast-sender-count-30T-100B.iotlab-m3
2021-09-05 13:39:34,243 :: INFO :: Control node : Start experiment
2021-09-05 13:39:34,298 :: INFO :: Control Node set time delay: 1739 us
2021-09-05 13:39:34,332 :: INFO :: Control node : profile configuration
2021-09-05 13:39:34,339 :: INFO :: Configure profile on Control Node
2021-09-05 13:39:34,417 :: INFO :: Start experiment succeeded
2021-09-05 14:40:40,402 :: INFO :: Gateway Manager : Stop experiment
2021-09-05 14:40:40,412 :: INFO :: Stop experiment
2021-09-05 14:40:40,420 :: INFO :: Control node : stop of the experiment
2021-09-05 14:40:40,427 :: INFO :: Control node : profile configuration
2021-09-05 14:40:40,434 :: INFO :: Configure profile on Control Node
2021-09-05 14:40:40,506 :: INFO :: Control node : start power of open node
2021-09-05 14:40:40,547 :: INFO :: Node OpenOCD: teardown of openocd node
2021-09-05 14:40:43,594 :: INFO :: openocd node debugger stop
2021-09-05 14:40:44,279 :: INFO :: Node OpenOCD: flash of openocd node
2021-09-05 14:40:44,294 :: INFO :: Flash firmware on OpenOCD: /usr/lib/python2.7/site-packages/gateway_code/static/m3_idle.elf
2021-09-05 14:40:46,812 :: INFO :: Control node : Stop control node serial interface
2021-09-05 14:40:46,821 :: INFO :: Control node : stop power of open node
2021-09-05 14:40:46,913 :: INFO :: Control node : reset
2021-09-05 14:40:46,920 :: INFO :: Reset Control Node
2021-09-05 14:40:49,758 :: INFO :: Stop experiment succeeded
