2021-09-06 19:20:56,203 :: INFO :: Start experiment: luna-276394
2021-09-06 19:20:56,207 :: INFO :: Control node : Starting of control node serial interface
2021-09-06 19:20:56,210 :: INFO :: Control node : reset
2021-09-06 19:20:56,213 :: INFO :: Reset Control Node
2021-09-06 19:20:59,168 :: INFO :: Control node : start power of open node
2021-09-06 19:20:59,224 :: INFO :: Node OpenOCD: Setup of openocd node
2021-09-06 19:21:02,265 :: INFO :: Node OpenOCD: flash of openocd node
2021-09-06 19:21:02,280 :: INFO :: Flash firmware on OpenOCD: /tmp/tmpl302KK--3e6b491341ebfbb107b5d3aaa6c4431d_unicast-sender-count-10T-191B.iotlab-m3
2021-09-06 19:21:09,162 :: INFO :: Control node : Start experiment
2021-09-06 19:21:09,226 :: INFO :: Control Node set time delay: 1068 us
2021-09-06 19:21:09,250 :: INFO :: Control node : profile configuration
2021-09-06 19:21:09,257 :: INFO :: Configure profile on Control Node
2021-09-06 19:21:09,334 :: INFO :: Start experiment succeeded
2021-09-06 20:22:15,194 :: INFO :: Gateway Manager : Stop experiment
2021-09-06 20:22:15,205 :: INFO :: Stop experiment
2021-09-06 20:22:15,214 :: INFO :: Control node : stop of the experiment
2021-09-06 20:22:15,221 :: INFO :: Control node : profile configuration
2021-09-06 20:22:15,231 :: INFO :: Configure profile on Control Node
2021-09-06 20:22:15,310 :: INFO :: Control node : start power of open node
2021-09-06 20:22:15,353 :: INFO :: Node OpenOCD: teardown of openocd node
2021-09-06 20:22:18,401 :: INFO :: openocd node debugger stop
2021-09-06 20:22:19,094 :: INFO :: Node OpenOCD: flash of openocd node
2021-09-06 20:22:19,109 :: INFO :: Flash firmware on OpenOCD: /usr/lib/python2.7/site-packages/gateway_code/static/m3_idle.elf
2021-09-06 20:22:21,674 :: INFO :: Control node : Stop control node serial interface
2021-09-06 20:22:21,683 :: INFO :: Control node : stop power of open node
2021-09-06 20:22:21,779 :: INFO :: Control node : reset
2021-09-06 20:22:21,786 :: INFO :: Reset Control Node
2021-09-06 20:22:24,675 :: INFO :: Stop experiment succeeded
