2021-09-06 19:20:56,222 :: INFO :: Start experiment: luna-276394
2021-09-06 19:20:56,226 :: INFO :: Control node : Starting of control node serial interface
2021-09-06 19:20:56,229 :: INFO :: Control node : reset
2021-09-06 19:20:56,231 :: INFO :: Reset Control Node
2021-09-06 19:20:59,187 :: INFO :: Control node : start power of open node
2021-09-06 19:20:59,242 :: INFO :: Node OpenOCD: Setup of openocd node
2021-09-06 19:21:02,294 :: INFO :: Node OpenOCD: flash of openocd node
2021-09-06 19:21:02,302 :: INFO :: Flash firmware on OpenOCD: /tmp/tmpJJ09J3--3e6b491341ebfbb107b5d3aaa6c4431d_unicast-sender-count-10T-191B.iotlab-m3
2021-09-06 19:21:09,134 :: INFO :: Control node : Start experiment
2021-09-06 19:21:09,232 :: INFO :: Control Node set time delay: 1007 us
2021-09-06 19:21:09,251 :: INFO :: Control node : profile configuration
2021-09-06 19:21:09,259 :: INFO :: Configure profile on Control Node
2021-09-06 19:21:09,338 :: INFO :: Start experiment succeeded
2021-09-06 20:22:15,165 :: INFO :: Gateway Manager : Stop experiment
2021-09-06 20:22:15,174 :: INFO :: Stop experiment
2021-09-06 20:22:15,183 :: INFO :: Control node : stop of the experiment
2021-09-06 20:22:15,190 :: INFO :: Control node : profile configuration
2021-09-06 20:22:15,197 :: INFO :: Configure profile on Control Node
2021-09-06 20:22:15,273 :: INFO :: Control node : start power of open node
2021-09-06 20:22:15,316 :: INFO :: Node OpenOCD: teardown of openocd node
2021-09-06 20:22:18,397 :: INFO :: openocd node debugger stop
2021-09-06 20:22:19,057 :: INFO :: Node OpenOCD: flash of openocd node
2021-09-06 20:22:19,071 :: INFO :: Flash firmware on OpenOCD: /usr/lib/python2.7/site-packages/gateway_code/static/m3_idle.elf
2021-09-06 20:22:21,588 :: INFO :: Control node : Stop control node serial interface
2021-09-06 20:22:21,597 :: INFO :: Control node : stop power of open node
2021-09-06 20:22:21,706 :: INFO :: Control node : reset
2021-09-06 20:22:21,713 :: INFO :: Reset Control Node
2021-09-06 20:22:24,601 :: INFO :: Stop experiment succeeded
