2021-09-06 19:20:56,204 :: INFO :: Start experiment: luna-276394
2021-09-06 19:20:56,208 :: INFO :: Control node : Starting of control node serial interface
2021-09-06 19:20:56,210 :: INFO :: Control node : reset
2021-09-06 19:20:56,213 :: INFO :: Reset Control Node
2021-09-06 19:20:59,168 :: INFO :: Control node : start power of open node
2021-09-06 19:20:59,223 :: INFO :: Node OpenOCD: Setup of openocd node
2021-09-06 19:21:02,265 :: INFO :: Node OpenOCD: flash of openocd node
2021-09-06 19:21:02,272 :: INFO :: Flash firmware on OpenOCD: /tmp/tmpxC2mCM--3e6b491341ebfbb107b5d3aaa6c4431d_unicast-sender-count-10T-191B.iotlab-m3
2021-09-06 19:21:09,165 :: INFO :: Control node : Start experiment
2021-09-06 19:21:09,224 :: INFO :: Control Node set time delay: 1831 us
2021-09-06 19:21:09,248 :: INFO :: Control node : profile configuration
2021-09-06 19:21:09,255 :: INFO :: Configure profile on Control Node
2021-09-06 19:21:09,298 :: INFO :: Start experiment succeeded
2021-09-06 20:22:15,188 :: INFO :: Gateway Manager : Stop experiment
2021-09-06 20:22:15,207 :: INFO :: Stop experiment
2021-09-06 20:22:15,225 :: INFO :: Control node : stop of the experiment
2021-09-06 20:22:15,279 :: INFO :: Control node : profile configuration
2021-09-06 20:22:15,310 :: INFO :: Configure profile on Control Node
2021-09-06 20:22:15,444 :: INFO :: Control node : start power of open node
2021-09-06 20:22:15,465 :: INFO :: Node OpenOCD: teardown of openocd node
2021-09-06 20:22:18,519 :: INFO :: openocd node debugger stop
2021-09-06 20:22:19,170 :: INFO :: Node OpenOCD: flash of openocd node
2021-09-06 20:22:19,184 :: INFO :: Flash firmware on OpenOCD: /usr/lib/python2.7/site-packages/gateway_code/static/m3_idle.elf
2021-09-06 20:22:21,745 :: INFO :: Control node : Stop control node serial interface
2021-09-06 20:22:21,750 :: INFO :: Control node : stop power of open node
2021-09-06 20:22:21,818 :: INFO :: Control node : reset
2021-09-06 20:22:21,824 :: INFO :: Reset Control Node
2021-09-06 20:22:24,713 :: INFO :: Stop experiment succeeded
