2021-09-06 19:20:56,219 :: INFO :: Start experiment: luna-276394
2021-09-06 19:20:56,222 :: INFO :: Control node : Starting of control node serial interface
2021-09-06 19:20:56,225 :: INFO :: Control node : reset
2021-09-06 19:20:56,228 :: INFO :: Reset Control Node
2021-09-06 19:20:59,182 :: INFO :: Control node : start power of open node
2021-09-06 19:20:59,239 :: INFO :: Node OpenOCD: Setup of openocd node
2021-09-06 19:21:02,282 :: INFO :: Node OpenOCD: flash of openocd node
2021-09-06 19:21:02,297 :: INFO :: Flash firmware on OpenOCD: /tmp/tmpfCx4pZ--3e6b491341ebfbb107b5d3aaa6c4431d_unicast-sender-count-10T-191B.iotlab-m3
2021-09-06 19:21:09,173 :: INFO :: Control node : Start experiment
2021-09-06 19:21:09,219 :: INFO :: Control Node set time delay: 1191 us
2021-09-06 19:21:09,251 :: INFO :: Control node : profile configuration
2021-09-06 19:21:09,257 :: INFO :: Configure profile on Control Node
2021-09-06 19:21:09,336 :: INFO :: Start experiment succeeded
2021-09-06 20:22:15,155 :: INFO :: Gateway Manager : Stop experiment
2021-09-06 20:22:15,164 :: INFO :: Stop experiment
2021-09-06 20:22:15,172 :: INFO :: Control node : stop of the experiment
2021-09-06 20:22:15,179 :: INFO :: Control node : profile configuration
2021-09-06 20:22:15,187 :: INFO :: Configure profile on Control Node
2021-09-06 20:22:15,261 :: INFO :: Control node : start power of open node
2021-09-06 20:22:15,302 :: INFO :: Node OpenOCD: teardown of openocd node
2021-09-06 20:22:18,350 :: INFO :: openocd node debugger stop
2021-09-06 20:22:19,035 :: INFO :: Node OpenOCD: flash of openocd node
2021-09-06 20:22:19,049 :: INFO :: Flash firmware on OpenOCD: /usr/lib/python2.7/site-packages/gateway_code/static/m3_idle.elf
2021-09-06 20:22:21,617 :: INFO :: Control node : Stop control node serial interface
2021-09-06 20:22:21,622 :: INFO :: Control node : stop power of open node
2021-09-06 20:22:21,679 :: INFO :: Control node : reset
2021-09-06 20:22:21,683 :: INFO :: Reset Control Node
2021-09-06 20:22:24,610 :: INFO :: Stop experiment succeeded
