2021-09-05 23:51:59,591 :: INFO :: Start experiment: luna-276366
2021-09-05 23:51:59,594 :: INFO :: Control node : Starting of control node serial interface
2021-09-05 23:51:59,597 :: INFO :: Control node : reset
2021-09-05 23:51:59,600 :: INFO :: Reset Control Node
2021-09-05 23:52:02,516 :: INFO :: Control node : start power of open node
2021-09-05 23:52:02,543 :: INFO :: Node OpenOCD: Setup of openocd node
2021-09-05 23:52:05,580 :: INFO :: Node OpenOCD: flash of openocd node
2021-09-05 23:52:05,597 :: INFO :: Flash firmware on OpenOCD: /tmp/tmpTMpPav--c646a7bd7eca22cfbffed9b70d2e0c90_unicast-sender-count-60T-100B.iotlab-m3
2021-09-05 23:52:12,602 :: INFO :: Control node : Start experiment
2021-09-05 23:52:12,662 :: INFO :: Control Node set time delay: 1862 us
2021-09-05 23:52:12,679 :: INFO :: Control node : profile configuration
2021-09-05 23:52:12,682 :: INFO :: Configure profile on Control Node
2021-09-05 23:52:12,723 :: INFO :: Start experiment succeeded
2021-09-06 00:52:18,695 :: INFO :: Gateway Manager : Stop experiment
2021-09-06 00:52:18,706 :: INFO :: Stop experiment
2021-09-06 00:52:18,714 :: INFO :: Control node : stop of the experiment
2021-09-06 00:52:18,722 :: INFO :: Control node : profile configuration
2021-09-06 00:52:18,729 :: INFO :: Configure profile on Control Node
2021-09-06 00:52:18,806 :: INFO :: Control node : start power of open node
2021-09-06 00:52:18,850 :: INFO :: Node OpenOCD: teardown of openocd node
2021-09-06 00:52:21,901 :: INFO :: openocd node debugger stop
2021-09-06 00:52:22,495 :: INFO :: Node OpenOCD: flash of openocd node
2021-09-06 00:52:22,502 :: INFO :: Flash firmware on OpenOCD: /usr/lib/python2.7/site-packages/gateway_code/static/m3_idle.elf
2021-09-06 00:52:25,127 :: INFO :: Control node : Stop control node serial interface
2021-09-06 00:52:25,136 :: INFO :: Control node : stop power of open node
2021-09-06 00:52:25,232 :: INFO :: Control node : reset
2021-09-06 00:52:25,239 :: INFO :: Reset Control Node
2021-09-06 00:52:28,129 :: INFO :: Stop experiment succeeded
