2021-09-05 23:51:59,609 :: INFO :: Start experiment: luna-276366
2021-09-05 23:51:59,612 :: INFO :: Control node : Starting of control node serial interface
2021-09-05 23:51:59,615 :: INFO :: Control node : reset
2021-09-05 23:51:59,617 :: INFO :: Reset Control Node
2021-09-05 23:52:02,523 :: INFO :: Control node : start power of open node
2021-09-05 23:52:02,580 :: INFO :: Node OpenOCD: Setup of openocd node
2021-09-05 23:52:05,628 :: INFO :: Node OpenOCD: flash of openocd node
2021-09-05 23:52:05,645 :: INFO :: Flash firmware on OpenOCD: /tmp/tmp57CqC9--c646a7bd7eca22cfbffed9b70d2e0c90_unicast-sender-count-60T-100B.iotlab-m3
2021-09-05 23:52:12,592 :: INFO :: Control node : Start experiment
2021-09-05 23:52:12,677 :: INFO :: Control Node set time delay: 1465 us
2021-09-05 23:52:12,699 :: INFO :: Control node : profile configuration
2021-09-05 23:52:12,706 :: INFO :: Configure profile on Control Node
2021-09-05 23:52:12,785 :: INFO :: Start experiment succeeded
2021-09-06 00:52:18,676 :: INFO :: Gateway Manager : Stop experiment
2021-09-06 00:52:18,686 :: INFO :: Stop experiment
2021-09-06 00:52:18,694 :: INFO :: Control node : stop of the experiment
2021-09-06 00:52:18,701 :: INFO :: Control node : profile configuration
2021-09-06 00:52:18,708 :: INFO :: Configure profile on Control Node
2021-09-06 00:52:18,783 :: INFO :: Control node : start power of open node
2021-09-06 00:52:18,826 :: INFO :: Node OpenOCD: teardown of openocd node
2021-09-06 00:52:21,862 :: INFO :: openocd node debugger stop
2021-09-06 00:52:22,533 :: INFO :: Node OpenOCD: flash of openocd node
2021-09-06 00:52:22,540 :: INFO :: Flash firmware on OpenOCD: /usr/lib/python2.7/site-packages/gateway_code/static/m3_idle.elf
2021-09-06 00:52:24,994 :: INFO :: Control node : Stop control node serial interface
2021-09-06 00:52:25,003 :: INFO :: Control node : stop power of open node
2021-09-06 00:52:25,111 :: INFO :: Control node : reset
2021-09-06 00:52:25,118 :: INFO :: Reset Control Node
2021-09-06 00:52:28,010 :: INFO :: Stop experiment succeeded
