2021-09-05 23:51:59,604 :: INFO :: Start experiment: luna-276366
2021-09-05 23:51:59,607 :: INFO :: Control node : Starting of control node serial interface
2021-09-05 23:51:59,610 :: INFO :: Control node : reset
2021-09-05 23:51:59,612 :: INFO :: Reset Control Node
2021-09-05 23:52:02,547 :: INFO :: Control node : start power of open node
2021-09-05 23:52:02,575 :: INFO :: Node OpenOCD: Setup of openocd node
2021-09-05 23:52:05,617 :: INFO :: Node OpenOCD: flash of openocd node
2021-09-05 23:52:05,635 :: INFO :: Flash firmware on OpenOCD: /tmp/tmpkUDdnm--c646a7bd7eca22cfbffed9b70d2e0c90_unicast-sender-count-60T-100B.iotlab-m3
2021-09-05 23:52:12,533 :: INFO :: Control node : Start experiment
2021-09-05 23:52:12,595 :: INFO :: Control Node set time delay: 1862 us
2021-09-05 23:52:12,620 :: INFO :: Control node : profile configuration
2021-09-05 23:52:12,627 :: INFO :: Configure profile on Control Node
2021-09-05 23:52:12,705 :: INFO :: Start experiment succeeded
2021-09-06 00:52:18,702 :: INFO :: Gateway Manager : Stop experiment
2021-09-06 00:52:18,722 :: INFO :: Stop experiment
2021-09-06 00:52:18,739 :: INFO :: Control node : stop of the experiment
2021-09-06 00:52:18,755 :: INFO :: Control node : profile configuration
2021-09-06 00:52:18,771 :: INFO :: Configure profile on Control Node
2021-09-06 00:52:18,946 :: INFO :: Control node : start power of open node
2021-09-06 00:52:18,967 :: INFO :: Node OpenOCD: teardown of openocd node
2021-09-06 00:52:22,010 :: INFO :: openocd node debugger stop
2021-09-06 00:52:22,693 :: INFO :: Node OpenOCD: flash of openocd node
2021-09-06 00:52:22,700 :: INFO :: Flash firmware on OpenOCD: /usr/lib/python2.7/site-packages/gateway_code/static/m3_idle.elf
2021-09-06 00:52:25,201 :: INFO :: Control node : Stop control node serial interface
2021-09-06 00:52:25,207 :: INFO :: Control node : stop power of open node
2021-09-06 00:52:25,306 :: INFO :: Control node : reset
2021-09-06 00:52:25,313 :: INFO :: Reset Control Node
2021-09-06 00:52:28,199 :: INFO :: Stop experiment succeeded
