2021-09-05 23:51:59,597 :: INFO :: Start experiment: luna-276366
2021-09-05 23:51:59,601 :: INFO :: Control node : Starting of control node serial interface
2021-09-05 23:51:59,604 :: INFO :: Control node : reset
2021-09-05 23:51:59,606 :: INFO :: Reset Control Node
2021-09-05 23:52:02,554 :: INFO :: Control node : start power of open node
2021-09-05 23:52:02,611 :: INFO :: Node OpenOCD: Setup of openocd node
2021-09-05 23:52:05,655 :: INFO :: Node OpenOCD: flash of openocd node
2021-09-05 23:52:05,673 :: INFO :: Flash firmware on OpenOCD: /tmp/tmpTmJ0SY--c646a7bd7eca22cfbffed9b70d2e0c90_unicast-sender-count-60T-100B.iotlab-m3
2021-09-05 23:52:12,612 :: INFO :: Control node : Start experiment
2021-09-05 23:52:12,658 :: INFO :: Control Node set time delay: 1160 us
2021-09-05 23:52:12,690 :: INFO :: Control node : profile configuration
2021-09-05 23:52:12,697 :: INFO :: Configure profile on Control Node
2021-09-05 23:52:12,777 :: INFO :: Start experiment succeeded
2021-09-06 00:52:18,669 :: INFO :: Gateway Manager : Stop experiment
2021-09-06 00:52:18,679 :: INFO :: Stop experiment
2021-09-06 00:52:18,688 :: INFO :: Control node : stop of the experiment
2021-09-06 00:52:18,698 :: INFO :: Control node : profile configuration
2021-09-06 00:52:18,706 :: INFO :: Configure profile on Control Node
2021-09-06 00:52:18,780 :: INFO :: Control node : start power of open node
2021-09-06 00:52:18,825 :: INFO :: Node OpenOCD: teardown of openocd node
2021-09-06 00:52:21,874 :: INFO :: openocd node debugger stop
2021-09-06 00:52:22,555 :: INFO :: Node OpenOCD: flash of openocd node
2021-09-06 00:52:22,562 :: INFO :: Flash firmware on OpenOCD: /usr/lib/python2.7/site-packages/gateway_code/static/m3_idle.elf
2021-09-06 00:52:25,066 :: INFO :: Control node : Stop control node serial interface
2021-09-06 00:52:25,075 :: INFO :: Control node : stop power of open node
2021-09-06 00:52:25,175 :: INFO :: Control node : reset
2021-09-06 00:52:25,182 :: INFO :: Reset Control Node
2021-09-06 00:52:28,070 :: INFO :: Stop experiment succeeded
