2021-09-05 23:51:59,531 :: INFO :: Start experiment: luna-276366
2021-09-05 23:51:59,534 :: INFO :: Control node : Starting of control node serial interface
2021-09-05 23:51:59,537 :: INFO :: Control node : reset
2021-09-05 23:51:59,539 :: INFO :: Reset Control Node
2021-09-05 23:52:02,479 :: INFO :: Control node : start power of open node
2021-09-05 23:52:02,497 :: INFO :: Node OpenOCD: Setup of openocd node
2021-09-05 23:52:05,526 :: INFO :: Node OpenOCD: flash of openocd node
2021-09-05 23:52:05,544 :: INFO :: Flash firmware on OpenOCD: /tmp/tmpmgtjSp--c646a7bd7eca22cfbffed9b70d2e0c90_unicast-sender-count-60T-100B.iotlab-m3
2021-09-05 23:52:12,554 :: INFO :: Control node : Start experiment
2021-09-05 23:52:12,606 :: INFO :: Control Node set time delay: 1862 us
2021-09-05 23:52:12,625 :: INFO :: Control node : profile configuration
2021-09-05 23:52:12,628 :: INFO :: Configure profile on Control Node
2021-09-05 23:52:12,670 :: INFO :: Start experiment succeeded
2021-09-06 00:52:18,707 :: INFO :: Gateway Manager : Stop experiment
2021-09-06 00:52:18,729 :: INFO :: Stop experiment
2021-09-06 00:52:18,748 :: INFO :: Control node : stop of the experiment
2021-09-06 00:52:18,771 :: INFO :: Control node : profile configuration
2021-09-06 00:52:18,788 :: INFO :: Configure profile on Control Node
2021-09-06 00:52:18,947 :: INFO :: Control node : start power of open node
2021-09-06 00:52:18,967 :: INFO :: Node OpenOCD: teardown of openocd node
2021-09-06 00:52:21,998 :: INFO :: openocd node debugger stop
2021-09-06 00:52:22,681 :: INFO :: Node OpenOCD: flash of openocd node
2021-09-06 00:52:22,688 :: INFO :: Flash firmware on OpenOCD: /usr/lib/python2.7/site-packages/gateway_code/static/m3_idle.elf
2021-09-06 00:52:25,141 :: INFO :: Control node : Stop control node serial interface
2021-09-06 00:52:25,150 :: INFO :: Control node : stop power of open node
2021-09-06 00:52:25,242 :: INFO :: Control node : reset
2021-09-06 00:52:25,249 :: INFO :: Reset Control Node
2021-09-06 00:52:28,134 :: INFO :: Stop experiment succeeded
