2021-09-05 23:51:59,608 :: INFO :: Start experiment: luna-276366
2021-09-05 23:51:59,612 :: INFO :: Control node : Starting of control node serial interface
2021-09-05 23:51:59,614 :: INFO :: Control node : reset
2021-09-05 23:51:59,617 :: INFO :: Reset Control Node
2021-09-05 23:52:02,572 :: INFO :: Control node : start power of open node
2021-09-05 23:52:02,628 :: INFO :: Node OpenOCD: Setup of openocd node
2021-09-05 23:52:05,669 :: INFO :: Node OpenOCD: flash of openocd node
2021-09-05 23:52:05,683 :: INFO :: Flash firmware on OpenOCD: /tmp/tmplW8peO--c646a7bd7eca22cfbffed9b70d2e0c90_unicast-sender-count-60T-100B.iotlab-m3
2021-09-05 23:52:12,556 :: INFO :: Control node : Start experiment
2021-09-05 23:52:12,603 :: INFO :: Control Node set time delay: 1892 us
2021-09-05 23:52:12,636 :: INFO :: Control node : profile configuration
2021-09-05 23:52:12,643 :: INFO :: Configure profile on Control Node
2021-09-05 23:52:12,722 :: INFO :: Start experiment succeeded
2021-09-06 00:52:18,701 :: INFO :: Gateway Manager : Stop experiment
2021-09-06 00:52:18,710 :: INFO :: Stop experiment
2021-09-06 00:52:18,718 :: INFO :: Control node : stop of the experiment
2021-09-06 00:52:18,728 :: INFO :: Control node : profile configuration
2021-09-06 00:52:18,736 :: INFO :: Configure profile on Control Node
2021-09-06 00:52:18,807 :: INFO :: Control node : start power of open node
2021-09-06 00:52:18,849 :: INFO :: Node OpenOCD: teardown of openocd node
2021-09-06 00:52:21,892 :: INFO :: openocd node debugger stop
2021-09-06 00:52:22,583 :: INFO :: Node OpenOCD: flash of openocd node
2021-09-06 00:52:22,597 :: INFO :: Flash firmware on OpenOCD: /usr/lib/python2.7/site-packages/gateway_code/static/m3_idle.elf
2021-09-06 00:52:25,137 :: INFO :: Control node : Stop control node serial interface
2021-09-06 00:52:25,142 :: INFO :: Control node : stop power of open node
2021-09-06 00:52:25,202 :: INFO :: Control node : reset
2021-09-06 00:52:25,206 :: INFO :: Reset Control Node
2021-09-06 00:52:28,123 :: INFO :: Stop experiment succeeded
