2021-09-05 23:51:59,581 :: INFO :: Start experiment: luna-276366
2021-09-05 23:51:59,584 :: INFO :: Control node : Starting of control node serial interface
2021-09-05 23:51:59,587 :: INFO :: Control node : reset
2021-09-05 23:51:59,590 :: INFO :: Reset Control Node
2021-09-05 23:52:02,546 :: INFO :: Control node : start power of open node
2021-09-05 23:52:02,602 :: INFO :: Node OpenOCD: Setup of openocd node
2021-09-05 23:52:05,646 :: INFO :: Node OpenOCD: flash of openocd node
2021-09-05 23:52:05,660 :: INFO :: Flash firmware on OpenOCD: /tmp/tmpUy5eGX--c646a7bd7eca22cfbffed9b70d2e0c90_unicast-sender-count-60T-100B.iotlab-m3
2021-09-05 23:52:12,560 :: INFO :: Control node : Start experiment
2021-09-05 23:52:12,613 :: INFO :: Control Node set time delay: 1587 us
2021-09-05 23:52:12,632 :: INFO :: Control node : profile configuration
2021-09-05 23:52:12,635 :: INFO :: Configure profile on Control Node
2021-09-05 23:52:12,679 :: INFO :: Start experiment succeeded
2021-09-06 00:52:18,693 :: INFO :: Gateway Manager : Stop experiment
2021-09-06 00:52:18,702 :: INFO :: Stop experiment
2021-09-06 00:52:18,710 :: INFO :: Control node : stop of the experiment
2021-09-06 00:52:18,720 :: INFO :: Control node : profile configuration
2021-09-06 00:52:18,727 :: INFO :: Configure profile on Control Node
2021-09-06 00:52:18,794 :: INFO :: Control node : start power of open node
2021-09-06 00:52:18,836 :: INFO :: Node OpenOCD: teardown of openocd node
2021-09-06 00:52:21,882 :: INFO :: openocd node debugger stop
2021-09-06 00:52:22,574 :: INFO :: Node OpenOCD: flash of openocd node
2021-09-06 00:52:22,588 :: INFO :: Flash firmware on OpenOCD: /usr/lib/python2.7/site-packages/gateway_code/static/m3_idle.elf
2021-09-06 00:52:25,102 :: INFO :: Control node : Stop control node serial interface
2021-09-06 00:52:25,111 :: INFO :: Control node : stop power of open node
2021-09-06 00:52:25,188 :: INFO :: Control node : reset
2021-09-06 00:52:25,195 :: INFO :: Reset Control Node
2021-09-06 00:52:28,084 :: INFO :: Stop experiment succeeded
