2021-09-05 23:51:59,573 :: INFO :: Start experiment: luna-276366
2021-09-05 23:51:59,577 :: INFO :: Control node : Starting of control node serial interface
2021-09-05 23:51:59,580 :: INFO :: Control node : reset
2021-09-05 23:51:59,582 :: INFO :: Reset Control Node
2021-09-05 23:52:02,536 :: INFO :: Control node : start power of open node
2021-09-05 23:52:02,590 :: INFO :: Node OpenOCD: Setup of openocd node
2021-09-05 23:52:05,632 :: INFO :: Node OpenOCD: flash of openocd node
2021-09-05 23:52:05,647 :: INFO :: Flash firmware on OpenOCD: /tmp/tmpbOVzZ5--c646a7bd7eca22cfbffed9b70d2e0c90_unicast-sender-count-60T-100B.iotlab-m3
2021-09-05 23:52:12,650 :: INFO :: Control node : Start experiment
2021-09-05 23:52:12,700 :: INFO :: Control Node set time delay: 1434 us
2021-09-05 23:52:12,727 :: INFO :: Control node : profile configuration
2021-09-05 23:52:12,730 :: INFO :: Configure profile on Control Node
2021-09-05 23:52:12,772 :: INFO :: Start experiment succeeded
2021-09-06 00:52:18,709 :: INFO :: Gateway Manager : Stop experiment
2021-09-06 00:52:18,730 :: INFO :: Stop experiment
2021-09-06 00:52:18,749 :: INFO :: Control node : stop of the experiment
2021-09-06 00:52:18,766 :: INFO :: Control node : profile configuration
2021-09-06 00:52:18,788 :: INFO :: Configure profile on Control Node
2021-09-06 00:52:18,949 :: INFO :: Control node : start power of open node
2021-09-06 00:52:18,970 :: INFO :: Node OpenOCD: teardown of openocd node
2021-09-06 00:52:22,011 :: INFO :: openocd node debugger stop
2021-09-06 00:52:22,666 :: INFO :: Node OpenOCD: flash of openocd node
2021-09-06 00:52:22,683 :: INFO :: Flash firmware on OpenOCD: /usr/lib/python2.7/site-packages/gateway_code/static/m3_idle.elf
2021-09-06 00:52:25,298 :: INFO :: Control node : Stop control node serial interface
2021-09-06 00:52:25,307 :: INFO :: Control node : stop power of open node
2021-09-06 00:52:25,398 :: INFO :: Control node : reset
2021-09-06 00:52:25,405 :: INFO :: Reset Control Node
2021-09-06 00:52:28,295 :: INFO :: Stop experiment succeeded
