2021-09-05 23:51:59,619 :: INFO :: Start experiment: luna-276366
2021-09-05 23:51:59,623 :: INFO :: Control node : Starting of control node serial interface
2021-09-05 23:51:59,625 :: INFO :: Control node : reset
2021-09-05 23:51:59,628 :: INFO :: Reset Control Node
2021-09-05 23:52:02,577 :: INFO :: Control node : start power of open node
2021-09-05 23:52:02,634 :: INFO :: Node OpenOCD: Setup of openocd node
2021-09-05 23:52:05,676 :: INFO :: Node OpenOCD: flash of openocd node
2021-09-05 23:52:05,694 :: INFO :: Flash firmware on OpenOCD: /tmp/tmpA_Es2o--c646a7bd7eca22cfbffed9b70d2e0c90_unicast-sender-count-60T-100B.iotlab-m3
2021-09-05 23:52:12,585 :: INFO :: Control node : Start experiment
2021-09-05 23:52:12,632 :: INFO :: Control Node set time delay: 1892 us
2021-09-05 23:52:12,665 :: INFO :: Control node : profile configuration
2021-09-05 23:52:12,672 :: INFO :: Configure profile on Control Node
2021-09-05 23:52:12,750 :: INFO :: Start experiment succeeded
2021-09-06 00:52:18,714 :: INFO :: Gateway Manager : Stop experiment
2021-09-06 00:52:18,735 :: INFO :: Stop experiment
2021-09-06 00:52:18,755 :: INFO :: Control node : stop of the experiment
2021-09-06 00:52:18,773 :: INFO :: Control node : profile configuration
2021-09-06 00:52:18,789 :: INFO :: Configure profile on Control Node
2021-09-06 00:52:18,953 :: INFO :: Control node : start power of open node
2021-09-06 00:52:18,974 :: INFO :: Node OpenOCD: teardown of openocd node
2021-09-06 00:52:22,005 :: INFO :: openocd node debugger stop
2021-09-06 00:52:22,698 :: INFO :: Node OpenOCD: flash of openocd node
2021-09-06 00:52:22,712 :: INFO :: Flash firmware on OpenOCD: /usr/lib/python2.7/site-packages/gateway_code/static/m3_idle.elf
2021-09-06 00:52:25,269 :: INFO :: Control node : Stop control node serial interface
2021-09-06 00:52:25,274 :: INFO :: Control node : stop power of open node
2021-09-06 00:52:25,370 :: INFO :: Control node : reset
2021-09-06 00:52:25,377 :: INFO :: Reset Control Node
2021-09-06 00:52:28,262 :: INFO :: Stop experiment succeeded
