2021-09-05 23:51:59,535 :: INFO :: Start experiment: luna-276366
2021-09-05 23:51:59,539 :: INFO :: Control node : Starting of control node serial interface
2021-09-05 23:51:59,541 :: INFO :: Control node : reset
2021-09-05 23:51:59,544 :: INFO :: Reset Control Node
2021-09-05 23:52:02,499 :: INFO :: Control node : start power of open node
2021-09-05 23:52:02,554 :: INFO :: Node OpenOCD: Setup of openocd node
2021-09-05 23:52:05,595 :: INFO :: Node OpenOCD: flash of openocd node
2021-09-05 23:52:05,611 :: INFO :: Flash firmware on OpenOCD: /tmp/tmphyNpcG--c646a7bd7eca22cfbffed9b70d2e0c90_unicast-sender-count-60T-100B.iotlab-m3
2021-09-05 23:52:12,505 :: INFO :: Control node : Start experiment
2021-09-05 23:52:12,567 :: INFO :: Control Node set time delay: 1038 us
2021-09-05 23:52:12,591 :: INFO :: Control node : profile configuration
2021-09-05 23:52:12,598 :: INFO :: Configure profile on Control Node
2021-09-05 23:52:12,676 :: INFO :: Start experiment succeeded
2021-09-06 00:52:18,694 :: INFO :: Gateway Manager : Stop experiment
2021-09-06 00:52:18,703 :: INFO :: Stop experiment
2021-09-06 00:52:18,712 :: INFO :: Control node : stop of the experiment
2021-09-06 00:52:18,719 :: INFO :: Control node : profile configuration
2021-09-06 00:52:18,726 :: INFO :: Configure profile on Control Node
2021-09-06 00:52:18,804 :: INFO :: Control node : start power of open node
2021-09-06 00:52:18,848 :: INFO :: Node OpenOCD: teardown of openocd node
2021-09-06 00:52:21,893 :: INFO :: openocd node debugger stop
2021-09-06 00:52:22,580 :: INFO :: Node OpenOCD: flash of openocd node
2021-09-06 00:52:22,594 :: INFO :: Flash firmware on OpenOCD: /usr/lib/python2.7/site-packages/gateway_code/static/m3_idle.elf
2021-09-06 00:52:25,108 :: INFO :: Control node : Stop control node serial interface
2021-09-06 00:52:25,117 :: INFO :: Control node : stop power of open node
2021-09-06 00:52:25,228 :: INFO :: Control node : reset
2021-09-06 00:52:25,234 :: INFO :: Reset Control Node
2021-09-06 00:52:28,122 :: INFO :: Stop experiment succeeded
