2021-09-05 23:51:59,572 :: INFO :: Start experiment: luna-276366
2021-09-05 23:51:59,575 :: INFO :: Control node : Starting of control node serial interface
2021-09-05 23:51:59,578 :: INFO :: Control node : reset
2021-09-05 23:51:59,581 :: INFO :: Reset Control Node
2021-09-05 23:52:02,535 :: INFO :: Control node : start power of open node
2021-09-05 23:52:02,592 :: INFO :: Node OpenOCD: Setup of openocd node
2021-09-05 23:52:05,645 :: INFO :: Node OpenOCD: flash of openocd node
2021-09-05 23:52:05,660 :: INFO :: Flash firmware on OpenOCD: /tmp/tmpNhSDv9--c646a7bd7eca22cfbffed9b70d2e0c90_unicast-sender-count-60T-100B.iotlab-m3
2021-09-05 23:52:12,669 :: INFO :: Control node : Start experiment
2021-09-05 23:52:12,724 :: INFO :: Control Node set time delay: 1801 us
2021-09-05 23:52:12,742 :: INFO :: Control node : profile configuration
2021-09-05 23:52:12,746 :: INFO :: Configure profile on Control Node
2021-09-05 23:52:12,790 :: INFO :: Start experiment succeeded
2021-09-06 00:52:18,668 :: INFO :: Gateway Manager : Stop experiment
2021-09-06 00:52:18,677 :: INFO :: Stop experiment
2021-09-06 00:52:18,685 :: INFO :: Control node : stop of the experiment
2021-09-06 00:52:18,696 :: INFO :: Control node : profile configuration
2021-09-06 00:52:18,703 :: INFO :: Configure profile on Control Node
2021-09-06 00:52:18,778 :: INFO :: Control node : start power of open node
2021-09-06 00:52:18,822 :: INFO :: Node OpenOCD: teardown of openocd node
2021-09-06 00:52:21,866 :: INFO :: openocd node debugger stop
2021-09-06 00:52:22,549 :: INFO :: Node OpenOCD: flash of openocd node
2021-09-06 00:52:22,556 :: INFO :: Flash firmware on OpenOCD: /usr/lib/python2.7/site-packages/gateway_code/static/m3_idle.elf
2021-09-06 00:52:25,062 :: INFO :: Control node : Stop control node serial interface
2021-09-06 00:52:25,066 :: INFO :: Control node : stop power of open node
2021-09-06 00:52:25,125 :: INFO :: Control node : reset
2021-09-06 00:52:25,131 :: INFO :: Reset Control Node
2021-09-06 00:52:28,019 :: INFO :: Stop experiment succeeded
