2021-09-06 18:10:17,517 :: INFO :: Start experiment: luna-276383
2021-09-06 18:10:17,520 :: INFO :: Control node : Starting of control node serial interface
2021-09-06 18:10:17,523 :: INFO :: Control node : reset
2021-09-06 18:10:17,526 :: INFO :: Reset Control Node
2021-09-06 18:10:20,481 :: INFO :: Control node : start power of open node
2021-09-06 18:10:20,537 :: INFO :: Node OpenOCD: Setup of openocd node
2021-09-06 18:10:23,581 :: INFO :: Node OpenOCD: flash of openocd node
2021-09-06 18:10:23,596 :: INFO :: Flash firmware on OpenOCD: /tmp/tmpHUlW4N--cb924b41fcfd3e3c0bada58631722ec6_unicast-sender-count-30T-100B.iotlab-m3
2021-09-06 18:10:30,497 :: INFO :: Control node : Start experiment
2021-09-06 18:10:30,534 :: INFO :: Control Node set time delay: 1953 us
2021-09-06 18:10:30,566 :: INFO :: Control node : profile configuration
2021-09-06 18:10:30,573 :: INFO :: Configure profile on Control Node
2021-09-06 18:10:30,652 :: INFO :: Start experiment succeeded
2021-09-06 19:11:36,565 :: INFO :: Gateway Manager : Stop experiment
2021-09-06 19:11:36,574 :: INFO :: Stop experiment
2021-09-06 19:11:36,583 :: INFO :: Control node : stop of the experiment
2021-09-06 19:11:36,591 :: INFO :: Control node : profile configuration
2021-09-06 19:11:36,600 :: INFO :: Configure profile on Control Node
2021-09-06 19:11:36,674 :: INFO :: Control node : start power of open node
2021-09-06 19:11:36,715 :: INFO :: Node OpenOCD: teardown of openocd node
2021-09-06 19:11:39,763 :: INFO :: openocd node debugger stop
2021-09-06 19:11:40,449 :: INFO :: Node OpenOCD: flash of openocd node
2021-09-06 19:11:40,463 :: INFO :: Flash firmware on OpenOCD: /usr/lib/python2.7/site-packages/gateway_code/static/m3_idle.elf
2021-09-06 19:11:43,029 :: INFO :: Control node : Stop control node serial interface
2021-09-06 19:11:43,034 :: INFO :: Control node : stop power of open node
2021-09-06 19:11:43,121 :: INFO :: Control node : reset
2021-09-06 19:11:43,127 :: INFO :: Reset Control Node
2021-09-06 19:11:46,015 :: INFO :: Stop experiment succeeded
