2021-09-06 18:10:17,532 :: INFO :: Start experiment: luna-276383
2021-09-06 18:10:17,535 :: INFO :: Control node : Starting of control node serial interface
2021-09-06 18:10:17,538 :: INFO :: Control node : reset
2021-09-06 18:10:17,541 :: INFO :: Reset Control Node
2021-09-06 18:10:20,450 :: INFO :: Control node : start power of open node
2021-09-06 18:10:20,478 :: INFO :: Node OpenOCD: Setup of openocd node
2021-09-06 18:10:23,519 :: INFO :: Node OpenOCD: flash of openocd node
2021-09-06 18:10:23,537 :: INFO :: Flash firmware on OpenOCD: /tmp/tmplpbo3H--cb924b41fcfd3e3c0bada58631722ec6_unicast-sender-count-30T-100B.iotlab-m3
2021-09-06 18:10:30,488 :: INFO :: Control node : Start experiment
2021-09-06 18:10:30,571 :: INFO :: Control Node set time delay: 1129 us
2021-09-06 18:10:30,595 :: INFO :: Control node : profile configuration
2021-09-06 18:10:30,602 :: INFO :: Configure profile on Control Node
2021-09-06 18:10:30,682 :: INFO :: Start experiment succeeded
2021-09-06 19:11:36,566 :: INFO :: Gateway Manager : Stop experiment
2021-09-06 19:11:36,575 :: INFO :: Stop experiment
2021-09-06 19:11:36,584 :: INFO :: Control node : stop of the experiment
2021-09-06 19:11:36,592 :: INFO :: Control node : profile configuration
2021-09-06 19:11:36,602 :: INFO :: Configure profile on Control Node
2021-09-06 19:11:36,675 :: INFO :: Control node : start power of open node
2021-09-06 19:11:36,720 :: INFO :: Node OpenOCD: teardown of openocd node
2021-09-06 19:11:39,773 :: INFO :: openocd node debugger stop
2021-09-06 19:11:40,453 :: INFO :: Node OpenOCD: flash of openocd node
2021-09-06 19:11:40,461 :: INFO :: Flash firmware on OpenOCD: /usr/lib/python2.7/site-packages/gateway_code/static/m3_idle.elf
2021-09-06 19:11:43,032 :: INFO :: Control node : Stop control node serial interface
2021-09-06 19:11:43,041 :: INFO :: Control node : stop power of open node
2021-09-06 19:11:43,165 :: INFO :: Control node : reset
2021-09-06 19:11:43,172 :: INFO :: Reset Control Node
2021-09-06 19:11:46,054 :: INFO :: Stop experiment succeeded
