2021-09-06 18:10:17,520 :: INFO :: Start experiment: luna-276383
2021-09-06 18:10:17,523 :: INFO :: Control node : Starting of control node serial interface
2021-09-06 18:10:17,526 :: INFO :: Control node : reset
2021-09-06 18:10:17,529 :: INFO :: Reset Control Node
2021-09-06 18:10:20,486 :: INFO :: Control node : start power of open node
2021-09-06 18:10:20,542 :: INFO :: Node OpenOCD: Setup of openocd node
2021-09-06 18:10:23,582 :: INFO :: Node OpenOCD: flash of openocd node
2021-09-06 18:10:23,596 :: INFO :: Flash firmware on OpenOCD: /tmp/tmp5PotfE--cb924b41fcfd3e3c0bada58631722ec6_unicast-sender-count-30T-100B.iotlab-m3
2021-09-06 18:10:30,539 :: INFO :: Control node : Start experiment
2021-09-06 18:10:30,584 :: INFO :: Control Node set time delay: 1343 us
2021-09-06 18:10:30,617 :: INFO :: Control node : profile configuration
2021-09-06 18:10:30,624 :: INFO :: Configure profile on Control Node
2021-09-06 18:10:30,703 :: INFO :: Start experiment succeeded
2021-09-06 19:11:36,597 :: INFO :: Gateway Manager : Stop experiment
2021-09-06 19:11:36,608 :: INFO :: Stop experiment
2021-09-06 19:11:36,616 :: INFO :: Control node : stop of the experiment
2021-09-06 19:11:36,624 :: INFO :: Control node : profile configuration
2021-09-06 19:11:36,631 :: INFO :: Configure profile on Control Node
2021-09-06 19:11:36,706 :: INFO :: Control node : start power of open node
2021-09-06 19:11:36,750 :: INFO :: Node OpenOCD: teardown of openocd node
2021-09-06 19:11:39,800 :: INFO :: openocd node debugger stop
2021-09-06 19:11:40,491 :: INFO :: Node OpenOCD: flash of openocd node
2021-09-06 19:11:40,506 :: INFO :: Flash firmware on OpenOCD: /usr/lib/python2.7/site-packages/gateway_code/static/m3_idle.elf
2021-09-06 19:11:43,128 :: INFO :: Control node : Stop control node serial interface
2021-09-06 19:11:43,137 :: INFO :: Control node : stop power of open node
2021-09-06 19:11:43,230 :: INFO :: Control node : reset
2021-09-06 19:11:43,237 :: INFO :: Reset Control Node
2021-09-06 19:11:46,125 :: INFO :: Stop experiment succeeded
