2021-09-06 18:10:17,491 :: INFO :: Start experiment: luna-276383
2021-09-06 18:10:17,495 :: INFO :: Control node : Starting of control node serial interface
2021-09-06 18:10:17,497 :: INFO :: Control node : reset
2021-09-06 18:10:17,500 :: INFO :: Reset Control Node
2021-09-06 18:10:20,450 :: INFO :: Control node : start power of open node
2021-09-06 18:10:20,506 :: INFO :: Node OpenOCD: Setup of openocd node
2021-09-06 18:10:23,553 :: INFO :: Node OpenOCD: flash of openocd node
2021-09-06 18:10:23,571 :: INFO :: Flash firmware on OpenOCD: /tmp/tmp2qlU7j--cb924b41fcfd3e3c0bada58631722ec6_unicast-sender-count-30T-100B.iotlab-m3
2021-09-06 18:10:30,458 :: INFO :: Control node : Start experiment
2021-09-06 18:10:30,527 :: INFO :: Control Node set time delay: 1251 us
2021-09-06 18:10:30,560 :: INFO :: Control node : profile configuration
2021-09-06 18:10:30,566 :: INFO :: Configure profile on Control Node
2021-09-06 18:10:30,644 :: INFO :: Start experiment succeeded
2021-09-06 19:11:36,558 :: INFO :: Gateway Manager : Stop experiment
2021-09-06 19:11:36,567 :: INFO :: Stop experiment
2021-09-06 19:11:36,576 :: INFO :: Control node : stop of the experiment
2021-09-06 19:11:36,584 :: INFO :: Control node : profile configuration
2021-09-06 19:11:36,591 :: INFO :: Configure profile on Control Node
2021-09-06 19:11:36,663 :: INFO :: Control node : start power of open node
2021-09-06 19:11:36,703 :: INFO :: Node OpenOCD: teardown of openocd node
2021-09-06 19:11:39,764 :: INFO :: openocd node debugger stop
2021-09-06 19:11:40,456 :: INFO :: Node OpenOCD: flash of openocd node
2021-09-06 19:11:40,471 :: INFO :: Flash firmware on OpenOCD: /usr/lib/python2.7/site-packages/gateway_code/static/m3_idle.elf
2021-09-06 19:11:43,039 :: INFO :: Control node : Stop control node serial interface
2021-09-06 19:11:43,044 :: INFO :: Control node : stop power of open node
2021-09-06 19:11:43,106 :: INFO :: Control node : reset
2021-09-06 19:11:43,110 :: INFO :: Reset Control Node
2021-09-06 19:11:45,990 :: INFO :: Stop experiment succeeded
