2021-09-06 18:10:17,515 :: INFO :: Start experiment: luna-276383
2021-09-06 18:10:17,518 :: INFO :: Control node : Starting of control node serial interface
2021-09-06 18:10:17,521 :: INFO :: Control node : reset
2021-09-06 18:10:17,523 :: INFO :: Reset Control Node
2021-09-06 18:10:20,458 :: INFO :: Control node : start power of open node
2021-09-06 18:10:20,486 :: INFO :: Node OpenOCD: Setup of openocd node
2021-09-06 18:10:23,530 :: INFO :: Node OpenOCD: flash of openocd node
2021-09-06 18:10:23,547 :: INFO :: Flash firmware on OpenOCD: /tmp/tmpfhTRUK--cb924b41fcfd3e3c0bada58631722ec6_unicast-sender-count-30T-100B.iotlab-m3
2021-09-06 18:10:30,485 :: INFO :: Control node : Start experiment
2021-09-06 18:10:30,533 :: INFO :: Control Node set time delay: 1038 us
2021-09-06 18:10:30,566 :: INFO :: Control node : profile configuration
2021-09-06 18:10:30,572 :: INFO :: Configure profile on Control Node
2021-09-06 18:10:30,614 :: INFO :: Start experiment succeeded
2021-09-06 19:11:36,605 :: INFO :: Gateway Manager : Stop experiment
2021-09-06 19:11:36,626 :: INFO :: Stop experiment
2021-09-06 19:11:36,645 :: INFO :: Control node : stop of the experiment
2021-09-06 19:11:36,661 :: INFO :: Control node : profile configuration
2021-09-06 19:11:36,683 :: INFO :: Configure profile on Control Node
2021-09-06 19:11:36,829 :: INFO :: Control node : start power of open node
2021-09-06 19:11:36,849 :: INFO :: Node OpenOCD: teardown of openocd node
2021-09-06 19:11:39,895 :: INFO :: openocd node debugger stop
2021-09-06 19:11:40,581 :: INFO :: Node OpenOCD: flash of openocd node
2021-09-06 19:11:40,596 :: INFO :: Flash firmware on OpenOCD: /usr/lib/python2.7/site-packages/gateway_code/static/m3_idle.elf
2021-09-06 19:11:43,155 :: INFO :: Control node : Stop control node serial interface
2021-09-06 19:11:43,159 :: INFO :: Control node : stop power of open node
2021-09-06 19:11:43,218 :: INFO :: Control node : reset
2021-09-06 19:11:43,222 :: INFO :: Reset Control Node
2021-09-06 19:11:46,150 :: INFO :: Stop experiment succeeded
