2021-09-06 18:10:17,512 :: INFO :: Start experiment: luna-276383
2021-09-06 18:10:17,515 :: INFO :: Control node : Starting of control node serial interface
2021-09-06 18:10:17,518 :: INFO :: Control node : reset
2021-09-06 18:10:17,521 :: INFO :: Reset Control Node
2021-09-06 18:10:20,477 :: INFO :: Control node : start power of open node
2021-09-06 18:10:20,532 :: INFO :: Node OpenOCD: Setup of openocd node
2021-09-06 18:10:23,571 :: INFO :: Node OpenOCD: flash of openocd node
2021-09-06 18:10:23,586 :: INFO :: Flash firmware on OpenOCD: /tmp/tmpZq8vHu--cb924b41fcfd3e3c0bada58631722ec6_unicast-sender-count-30T-100B.iotlab-m3
2021-09-06 18:10:30,482 :: INFO :: Control node : Start experiment
2021-09-06 18:10:30,538 :: INFO :: Control Node set time delay: 1922 us
2021-09-06 18:10:30,562 :: INFO :: Control node : profile configuration
2021-09-06 18:10:30,568 :: INFO :: Configure profile on Control Node
2021-09-06 18:10:30,648 :: INFO :: Start experiment succeeded
2021-09-06 19:11:36,592 :: INFO :: Gateway Manager : Stop experiment
2021-09-06 19:11:36,602 :: INFO :: Stop experiment
2021-09-06 19:11:36,611 :: INFO :: Control node : stop of the experiment
2021-09-06 19:11:36,618 :: INFO :: Control node : profile configuration
2021-09-06 19:11:36,626 :: INFO :: Configure profile on Control Node
2021-09-06 19:11:36,701 :: INFO :: Control node : start power of open node
2021-09-06 19:11:36,745 :: INFO :: Node OpenOCD: teardown of openocd node
2021-09-06 19:11:39,782 :: INFO :: openocd node debugger stop
2021-09-06 19:11:40,449 :: INFO :: Node OpenOCD: flash of openocd node
2021-09-06 19:11:40,456 :: INFO :: Flash firmware on OpenOCD: /usr/lib/python2.7/site-packages/gateway_code/static/m3_idle.elf
2021-09-06 19:11:42,961 :: INFO :: Control node : Stop control node serial interface
2021-09-06 19:11:42,970 :: INFO :: Control node : stop power of open node
2021-09-06 19:11:43,073 :: INFO :: Control node : reset
2021-09-06 19:11:43,080 :: INFO :: Reset Control Node
2021-09-06 19:11:45,919 :: INFO :: Stop experiment succeeded
