2021-09-06 18:10:17,461 :: INFO :: Start experiment: luna-276383
2021-09-06 18:10:17,465 :: INFO :: Control node : Starting of control node serial interface
2021-09-06 18:10:17,468 :: INFO :: Control node : reset
2021-09-06 18:10:17,470 :: INFO :: Reset Control Node
2021-09-06 18:10:20,423 :: INFO :: Control node : start power of open node
2021-09-06 18:10:20,479 :: INFO :: Node OpenOCD: Setup of openocd node
2021-09-06 18:10:23,522 :: INFO :: Node OpenOCD: flash of openocd node
2021-09-06 18:10:23,537 :: INFO :: Flash firmware on OpenOCD: /tmp/tmpVOu8UF--cb924b41fcfd3e3c0bada58631722ec6_unicast-sender-count-30T-100B.iotlab-m3
2021-09-06 18:10:30,430 :: INFO :: Control node : Start experiment
2021-09-06 18:10:30,471 :: INFO :: Control Node set time delay: 1099 us
2021-09-06 18:10:30,499 :: INFO :: Control node : profile configuration
2021-09-06 18:10:30,506 :: INFO :: Configure profile on Control Node
2021-09-06 18:10:30,585 :: INFO :: Start experiment succeeded
2021-09-06 19:11:36,578 :: INFO :: Gateway Manager : Stop experiment
2021-09-06 19:11:36,587 :: INFO :: Stop experiment
2021-09-06 19:11:36,596 :: INFO :: Control node : stop of the experiment
2021-09-06 19:11:36,607 :: INFO :: Control node : profile configuration
2021-09-06 19:11:36,614 :: INFO :: Configure profile on Control Node
2021-09-06 19:11:36,687 :: INFO :: Control node : start power of open node
2021-09-06 19:11:36,731 :: INFO :: Node OpenOCD: teardown of openocd node
2021-09-06 19:11:39,774 :: INFO :: openocd node debugger stop
2021-09-06 19:11:40,448 :: INFO :: Node OpenOCD: flash of openocd node
2021-09-06 19:11:40,455 :: INFO :: Flash firmware on OpenOCD: /usr/lib/python2.7/site-packages/gateway_code/static/m3_idle.elf
2021-09-06 19:11:42,858 :: INFO :: Control node : Stop control node serial interface
2021-09-06 19:11:42,867 :: INFO :: Control node : stop power of open node
2021-09-06 19:11:42,955 :: INFO :: Control node : reset
2021-09-06 19:11:42,962 :: INFO :: Reset Control Node
2021-09-06 19:11:45,851 :: INFO :: Stop experiment succeeded
