2021-09-06 18:10:17,456 :: INFO :: Start experiment: luna-276383
2021-09-06 18:10:17,460 :: INFO :: Control node : Starting of control node serial interface
2021-09-06 18:10:17,463 :: INFO :: Control node : reset
2021-09-06 18:10:17,465 :: INFO :: Reset Control Node
2021-09-06 18:10:20,419 :: INFO :: Control node : start power of open node
2021-09-06 18:10:20,476 :: INFO :: Node OpenOCD: Setup of openocd node
2021-09-06 18:10:23,527 :: INFO :: Node OpenOCD: flash of openocd node
2021-09-06 18:10:23,542 :: INFO :: Flash firmware on OpenOCD: /tmp/tmpFdyFCz--ddd0625ff8382e7208c25657471d6a4a_unicast-receiver-count.iotlab-m3
2021-09-06 18:10:30,197 :: INFO :: Control node : Start experiment
2021-09-06 18:10:30,257 :: INFO :: Control Node set time delay: 1037 us
2021-09-06 18:10:30,270 :: INFO :: Control node : profile configuration
2021-09-06 18:10:30,273 :: INFO :: Configure profile on Control Node
2021-09-06 18:10:30,317 :: INFO :: Start experiment succeeded
2021-09-06 19:11:36,561 :: INFO :: Gateway Manager : Stop experiment
2021-09-06 19:11:36,570 :: INFO :: Stop experiment
2021-09-06 19:11:36,579 :: INFO :: Control node : stop of the experiment
2021-09-06 19:11:36,587 :: INFO :: Control node : profile configuration
2021-09-06 19:11:36,594 :: INFO :: Configure profile on Control Node
2021-09-06 19:11:36,669 :: INFO :: Control node : start power of open node
2021-09-06 19:11:36,713 :: INFO :: Node OpenOCD: teardown of openocd node
2021-09-06 19:11:39,776 :: INFO :: openocd node debugger stop
2021-09-06 19:11:40,463 :: INFO :: Node OpenOCD: flash of openocd node
2021-09-06 19:11:40,478 :: INFO :: Flash firmware on OpenOCD: /usr/lib/python2.7/site-packages/gateway_code/static/m3_idle.elf
2021-09-06 19:11:43,042 :: INFO :: Control node : Stop control node serial interface
2021-09-06 19:11:43,047 :: INFO :: Control node : stop power of open node
2021-09-06 19:11:43,101 :: INFO :: Control node : reset
2021-09-06 19:11:43,105 :: INFO :: Reset Control Node
2021-09-06 19:11:45,995 :: INFO :: Stop experiment succeeded
