2021-09-06 18:10:17,539 :: INFO :: Start experiment: luna-276383
2021-09-06 18:10:17,542 :: INFO :: Control node : Starting of control node serial interface
2021-09-06 18:10:17,545 :: INFO :: Control node : reset
2021-09-06 18:10:17,547 :: INFO :: Reset Control Node
2021-09-06 18:10:20,453 :: INFO :: Control node : start power of open node
2021-09-06 18:10:20,507 :: INFO :: Node OpenOCD: Setup of openocd node
2021-09-06 18:10:23,546 :: INFO :: Node OpenOCD: flash of openocd node
2021-09-06 18:10:23,565 :: INFO :: Flash firmware on OpenOCD: /tmp/tmp_Yw7Mq--cb924b41fcfd3e3c0bada58631722ec6_unicast-sender-count-30T-100B.iotlab-m3
2021-09-06 18:10:30,526 :: INFO :: Control node : Start experiment
2021-09-06 18:10:30,580 :: INFO :: Control Node set time delay: 1221 us
2021-09-06 18:10:30,603 :: INFO :: Control node : profile configuration
2021-09-06 18:10:30,606 :: INFO :: Configure profile on Control Node
2021-09-06 18:10:30,647 :: INFO :: Start experiment succeeded
2021-09-06 19:11:36,595 :: INFO :: Gateway Manager : Stop experiment
2021-09-06 19:11:36,604 :: INFO :: Stop experiment
2021-09-06 19:11:36,613 :: INFO :: Control node : stop of the experiment
2021-09-06 19:11:36,620 :: INFO :: Control node : profile configuration
2021-09-06 19:11:36,627 :: INFO :: Configure profile on Control Node
2021-09-06 19:11:36,704 :: INFO :: Control node : start power of open node
2021-09-06 19:11:36,746 :: INFO :: Node OpenOCD: teardown of openocd node
2021-09-06 19:11:39,795 :: INFO :: openocd node debugger stop
2021-09-06 19:11:40,479 :: INFO :: Node OpenOCD: flash of openocd node
2021-09-06 19:11:40,486 :: INFO :: Flash firmware on OpenOCD: /usr/lib/python2.7/site-packages/gateway_code/static/m3_idle.elf
2021-09-06 19:11:42,997 :: INFO :: Control node : Stop control node serial interface
2021-09-06 19:11:43,002 :: INFO :: Control node : stop power of open node
2021-09-06 19:11:43,062 :: INFO :: Control node : reset
2021-09-06 19:11:43,069 :: INFO :: Reset Control Node
2021-09-06 19:11:45,943 :: INFO :: Stop experiment succeeded
