2021-09-06 20:13:45,211 :: INFO :: Start experiment: luna-276385
2021-09-06 20:13:45,214 :: INFO :: Control node : Starting of control node serial interface
2021-09-06 20:13:45,217 :: INFO :: Control node : reset
2021-09-06 20:13:45,220 :: INFO :: Reset Control Node
2021-09-06 20:13:48,176 :: INFO :: Control node : start power of open node
2021-09-06 20:13:48,234 :: INFO :: Node OpenOCD: Setup of openocd node
2021-09-06 20:13:51,275 :: INFO :: Node OpenOCD: flash of openocd node
2021-09-06 20:13:51,290 :: INFO :: Flash firmware on OpenOCD: /tmp/tmpJBxttl--3e6b491341ebfbb107b5d3aaa6c4431d_unicast-sender-count-10T-191B.iotlab-m3
2021-09-06 20:13:58,248 :: INFO :: Control node : Start experiment
2021-09-06 20:13:58,301 :: INFO :: Control Node set time delay: 1800 us
2021-09-06 20:13:58,334 :: INFO :: Control node : profile configuration
2021-09-06 20:13:58,338 :: INFO :: Configure profile on Control Node
2021-09-06 20:13:58,380 :: INFO :: Start experiment succeeded
2021-09-06 21:15:04,142 :: INFO :: Gateway Manager : Stop experiment
2021-09-06 21:15:04,152 :: INFO :: Stop experiment
2021-09-06 21:15:04,160 :: INFO :: Control node : stop of the experiment
2021-09-06 21:15:04,168 :: INFO :: Control node : profile configuration
2021-09-06 21:15:04,175 :: INFO :: Configure profile on Control Node
2021-09-06 21:15:04,253 :: INFO :: Control node : start power of open node
2021-09-06 21:15:04,299 :: INFO :: Node OpenOCD: teardown of openocd node
2021-09-06 21:15:07,352 :: INFO :: openocd node debugger stop
2021-09-06 21:15:08,038 :: INFO :: Node OpenOCD: flash of openocd node
2021-09-06 21:15:08,053 :: INFO :: Flash firmware on OpenOCD: /usr/lib/python2.7/site-packages/gateway_code/static/m3_idle.elf
2021-09-06 21:15:10,626 :: INFO :: Control node : Stop control node serial interface
2021-09-06 21:15:10,634 :: INFO :: Control node : stop power of open node
2021-09-06 21:15:10,755 :: INFO :: Control node : reset
2021-09-06 21:15:10,762 :: INFO :: Reset Control Node
2021-09-06 21:15:13,651 :: INFO :: Stop experiment succeeded
