2021-09-06 20:13:45,206 :: INFO :: Start experiment: luna-276385
2021-09-06 20:13:45,210 :: INFO :: Control node : Starting of control node serial interface
2021-09-06 20:13:45,213 :: INFO :: Control node : reset
2021-09-06 20:13:45,215 :: INFO :: Reset Control Node
2021-09-06 20:13:48,165 :: INFO :: Control node : start power of open node
2021-09-06 20:13:48,220 :: INFO :: Node OpenOCD: Setup of openocd node
2021-09-06 20:13:51,273 :: INFO :: Node OpenOCD: flash of openocd node
2021-09-06 20:13:51,287 :: INFO :: Flash firmware on OpenOCD: /tmp/tmpnfX_N5--3e6b491341ebfbb107b5d3aaa6c4431d_unicast-sender-count-10T-191B.iotlab-m3
2021-09-06 20:13:58,167 :: INFO :: Control node : Start experiment
2021-09-06 20:13:58,218 :: INFO :: Control Node set time delay: 1923 us
2021-09-06 20:13:58,250 :: INFO :: Control node : profile configuration
2021-09-06 20:13:58,257 :: INFO :: Configure profile on Control Node
2021-09-06 20:13:58,337 :: INFO :: Start experiment succeeded
2021-09-06 21:15:04,166 :: INFO :: Gateway Manager : Stop experiment
2021-09-06 21:15:04,186 :: INFO :: Stop experiment
2021-09-06 21:15:04,203 :: INFO :: Control node : stop of the experiment
2021-09-06 21:15:04,210 :: INFO :: Control node : profile configuration
2021-09-06 21:15:04,217 :: INFO :: Configure profile on Control Node
2021-09-06 21:15:04,289 :: INFO :: Control node : start power of open node
2021-09-06 21:15:04,332 :: INFO :: Node OpenOCD: teardown of openocd node
2021-09-06 21:15:07,369 :: INFO :: openocd node debugger stop
2021-09-06 21:15:08,056 :: INFO :: Node OpenOCD: flash of openocd node
2021-09-06 21:15:08,071 :: INFO :: Flash firmware on OpenOCD: /usr/lib/python2.7/site-packages/gateway_code/static/m3_idle.elf
2021-09-06 21:15:10,631 :: INFO :: Control node : Stop control node serial interface
2021-09-06 21:15:10,640 :: INFO :: Control node : stop power of open node
2021-09-06 21:15:10,763 :: INFO :: Control node : reset
2021-09-06 21:15:10,769 :: INFO :: Reset Control Node
2021-09-06 21:15:13,605 :: INFO :: Stop experiment succeeded
