2021-09-06 20:13:45,191 :: INFO :: Start experiment: luna-276385
2021-09-06 20:13:45,195 :: INFO :: Control node : Starting of control node serial interface
2021-09-06 20:13:45,198 :: INFO :: Control node : reset
2021-09-06 20:13:45,200 :: INFO :: Reset Control Node
2021-09-06 20:13:48,156 :: INFO :: Control node : start power of open node
2021-09-06 20:13:48,211 :: INFO :: Node OpenOCD: Setup of openocd node
2021-09-06 20:13:51,253 :: INFO :: Node OpenOCD: flash of openocd node
2021-09-06 20:13:51,268 :: INFO :: Flash firmware on OpenOCD: /tmp/tmpbHN9I5--3e6b491341ebfbb107b5d3aaa6c4431d_unicast-sender-count-10T-191B.iotlab-m3
2021-09-06 20:13:58,166 :: INFO :: Control node : Start experiment
2021-09-06 20:13:58,241 :: INFO :: Control Node set time delay: 1831 us
2021-09-06 20:13:58,275 :: INFO :: Control node : profile configuration
2021-09-06 20:13:58,282 :: INFO :: Configure profile on Control Node
2021-09-06 20:13:58,362 :: INFO :: Start experiment succeeded
2021-09-06 21:15:04,134 :: INFO :: Gateway Manager : Stop experiment
2021-09-06 21:15:04,143 :: INFO :: Stop experiment
2021-09-06 21:15:04,152 :: INFO :: Control node : stop of the experiment
2021-09-06 21:15:04,162 :: INFO :: Control node : profile configuration
2021-09-06 21:15:04,170 :: INFO :: Configure profile on Control Node
2021-09-06 21:15:04,242 :: INFO :: Control node : start power of open node
2021-09-06 21:15:04,286 :: INFO :: Node OpenOCD: teardown of openocd node
2021-09-06 21:15:07,366 :: INFO :: openocd node debugger stop
2021-09-06 21:15:08,051 :: INFO :: Node OpenOCD: flash of openocd node
2021-09-06 21:15:08,058 :: INFO :: Flash firmware on OpenOCD: /usr/lib/python2.7/site-packages/gateway_code/static/m3_idle.elf
2021-09-06 21:15:10,512 :: INFO :: Control node : Stop control node serial interface
2021-09-06 21:15:10,517 :: INFO :: Control node : stop power of open node
2021-09-06 21:15:10,588 :: INFO :: Control node : reset
2021-09-06 21:15:10,594 :: INFO :: Reset Control Node
2021-09-06 21:15:13,480 :: INFO :: Stop experiment succeeded
