2021-09-06 20:13:45,213 :: INFO :: Start experiment: luna-276385
2021-09-06 20:13:45,217 :: INFO :: Control node : Starting of control node serial interface
2021-09-06 20:13:45,220 :: INFO :: Control node : reset
2021-09-06 20:13:45,222 :: INFO :: Reset Control Node
2021-09-06 20:13:48,178 :: INFO :: Control node : start power of open node
2021-09-06 20:13:48,235 :: INFO :: Node OpenOCD: Setup of openocd node
2021-09-06 20:13:51,288 :: INFO :: Node OpenOCD: flash of openocd node
2021-09-06 20:13:51,302 :: INFO :: Flash firmware on OpenOCD: /tmp/tmp020huO--3e6b491341ebfbb107b5d3aaa6c4431d_unicast-sender-count-10T-191B.iotlab-m3
2021-09-06 20:13:58,198 :: INFO :: Control node : Start experiment
2021-09-06 20:13:58,253 :: INFO :: Control Node set time delay: 1403 us
2021-09-06 20:13:58,285 :: INFO :: Control node : profile configuration
2021-09-06 20:13:58,292 :: INFO :: Configure profile on Control Node
2021-09-06 20:13:58,371 :: INFO :: Start experiment succeeded
2021-09-06 21:15:04,134 :: INFO :: Gateway Manager : Stop experiment
2021-09-06 21:15:04,144 :: INFO :: Stop experiment
2021-09-06 21:15:04,152 :: INFO :: Control node : stop of the experiment
2021-09-06 21:15:04,159 :: INFO :: Control node : profile configuration
2021-09-06 21:15:04,166 :: INFO :: Configure profile on Control Node
2021-09-06 21:15:04,238 :: INFO :: Control node : start power of open node
2021-09-06 21:15:04,279 :: INFO :: Node OpenOCD: teardown of openocd node
2021-09-06 21:15:07,329 :: INFO :: openocd node debugger stop
2021-09-06 21:15:08,013 :: INFO :: Node OpenOCD: flash of openocd node
2021-09-06 21:15:08,027 :: INFO :: Flash firmware on OpenOCD: /usr/lib/python2.7/site-packages/gateway_code/static/m3_idle.elf
2021-09-06 21:15:10,537 :: INFO :: Control node : Stop control node serial interface
2021-09-06 21:15:10,546 :: INFO :: Control node : stop power of open node
2021-09-06 21:15:10,643 :: INFO :: Control node : reset
2021-09-06 21:15:10,649 :: INFO :: Reset Control Node
2021-09-06 21:15:13,534 :: INFO :: Stop experiment succeeded
