2021-09-06 20:13:45,203 :: INFO :: Start experiment: luna-276385
2021-09-06 20:13:45,207 :: INFO :: Control node : Starting of control node serial interface
2021-09-06 20:13:45,210 :: INFO :: Control node : reset
2021-09-06 20:13:45,212 :: INFO :: Reset Control Node
2021-09-06 20:13:48,157 :: INFO :: Control node : start power of open node
2021-09-06 20:13:48,215 :: INFO :: Node OpenOCD: Setup of openocd node
2021-09-06 20:13:51,256 :: INFO :: Node OpenOCD: flash of openocd node
2021-09-06 20:13:51,275 :: INFO :: Flash firmware on OpenOCD: /tmp/tmpDiZtad--3e6b491341ebfbb107b5d3aaa6c4431d_unicast-sender-count-10T-191B.iotlab-m3
2021-09-06 20:13:58,225 :: INFO :: Control node : Start experiment
2021-09-06 20:13:58,285 :: INFO :: Control Node set time delay: 1465 us
2021-09-06 20:13:58,301 :: INFO :: Control node : profile configuration
2021-09-06 20:13:58,305 :: INFO :: Configure profile on Control Node
2021-09-06 20:13:58,348 :: INFO :: Start experiment succeeded
2021-09-06 21:15:04,172 :: INFO :: Gateway Manager : Stop experiment
2021-09-06 21:15:04,191 :: INFO :: Stop experiment
2021-09-06 21:15:04,199 :: INFO :: Control node : stop of the experiment
2021-09-06 21:15:04,206 :: INFO :: Control node : profile configuration
2021-09-06 21:15:04,213 :: INFO :: Configure profile on Control Node
2021-09-06 21:15:04,282 :: INFO :: Control node : start power of open node
2021-09-06 21:15:04,324 :: INFO :: Node OpenOCD: teardown of openocd node
2021-09-06 21:15:07,382 :: INFO :: openocd node debugger stop
2021-09-06 21:15:08,073 :: INFO :: Node OpenOCD: flash of openocd node
2021-09-06 21:15:08,088 :: INFO :: Flash firmware on OpenOCD: /usr/lib/python2.7/site-packages/gateway_code/static/m3_idle.elf
2021-09-06 21:15:10,576 :: INFO :: Control node : Stop control node serial interface
2021-09-06 21:15:10,585 :: INFO :: Control node : stop power of open node
2021-09-06 21:15:10,692 :: INFO :: Control node : reset
2021-09-06 21:15:10,698 :: INFO :: Reset Control Node
2021-09-06 21:15:13,584 :: INFO :: Stop experiment succeeded
