2021-09-05 21:50:30,713 :: INFO :: Start experiment: luna-276364
2021-09-05 21:50:30,717 :: INFO :: Control node : Starting of control node serial interface
2021-09-05 21:50:30,719 :: INFO :: Control node : reset
2021-09-05 21:50:30,722 :: INFO :: Reset Control Node
2021-09-05 21:50:33,731 :: INFO :: Control node : start power of open node
2021-09-05 21:50:33,790 :: INFO :: Node OpenOCD: Setup of openocd node
2021-09-05 21:50:36,839 :: INFO :: Node OpenOCD: flash of openocd node
2021-09-05 21:50:36,854 :: INFO :: Flash firmware on OpenOCD: /tmp/tmpzH3vdF--93e977ac3781fe5042fd86dcc34ed19b_unicast-sender-count-10T-100B.iotlab-m3
2021-09-05 21:50:43,844 :: INFO :: Control node : Start experiment
2021-09-05 21:50:43,896 :: INFO :: Control Node set time delay: 1007 us
2021-09-05 21:50:43,927 :: INFO :: Control node : profile configuration
2021-09-05 21:50:43,930 :: INFO :: Configure profile on Control Node
2021-09-05 21:50:43,972 :: INFO :: Start experiment succeeded
2021-09-05 22:50:49,643 :: INFO :: Gateway Manager : Stop experiment
2021-09-05 22:50:49,653 :: INFO :: Stop experiment
2021-09-05 22:50:49,662 :: INFO :: Control node : stop of the experiment
2021-09-05 22:50:49,669 :: INFO :: Control node : profile configuration
2021-09-05 22:50:49,676 :: INFO :: Configure profile on Control Node
2021-09-05 22:50:49,749 :: INFO :: Control node : start power of open node
2021-09-05 22:50:49,791 :: INFO :: Node OpenOCD: teardown of openocd node
2021-09-05 22:50:52,828 :: INFO :: openocd node debugger stop
2021-09-05 22:50:53,502 :: INFO :: Node OpenOCD: flash of openocd node
2021-09-05 22:50:53,517 :: INFO :: Flash firmware on OpenOCD: /usr/lib/python2.7/site-packages/gateway_code/static/m3_idle.elf
2021-09-05 22:50:56,085 :: INFO :: Control node : Stop control node serial interface
2021-09-05 22:50:56,093 :: INFO :: Control node : stop power of open node
2021-09-05 22:50:56,221 :: INFO :: Control node : reset
2021-09-05 22:50:56,228 :: INFO :: Reset Control Node
2021-09-05 22:50:59,068 :: INFO :: Stop experiment succeeded
