2021-09-05 21:50:30,710 :: INFO :: Start experiment: luna-276364
2021-09-05 21:50:30,714 :: INFO :: Control node : Starting of control node serial interface
2021-09-05 21:50:30,717 :: INFO :: Control node : reset
2021-09-05 21:50:30,719 :: INFO :: Reset Control Node
2021-09-05 21:50:33,668 :: INFO :: Control node : start power of open node
2021-09-05 21:50:33,726 :: INFO :: Node OpenOCD: Setup of openocd node
2021-09-05 21:50:36,780 :: INFO :: Node OpenOCD: flash of openocd node
2021-09-05 21:50:36,795 :: INFO :: Flash firmware on OpenOCD: /tmp/tmprhkEJW--93e977ac3781fe5042fd86dcc34ed19b_unicast-sender-count-10T-100B.iotlab-m3
2021-09-05 21:50:43,727 :: INFO :: Control node : Start experiment
2021-09-05 21:50:43,787 :: INFO :: Control Node set time delay: 1831 us
2021-09-05 21:50:43,810 :: INFO :: Control node : profile configuration
2021-09-05 21:50:43,817 :: INFO :: Configure profile on Control Node
2021-09-05 21:50:43,878 :: INFO :: Start experiment succeeded
2021-09-05 22:50:49,607 :: INFO :: Gateway Manager : Stop experiment
2021-09-05 22:50:49,617 :: INFO :: Stop experiment
2021-09-05 22:50:49,625 :: INFO :: Control node : stop of the experiment
2021-09-05 22:50:49,632 :: INFO :: Control node : profile configuration
2021-09-05 22:50:49,639 :: INFO :: Configure profile on Control Node
2021-09-05 22:50:49,713 :: INFO :: Control node : start power of open node
2021-09-05 22:50:49,755 :: INFO :: Node OpenOCD: teardown of openocd node
2021-09-05 22:50:52,800 :: INFO :: openocd node debugger stop
2021-09-05 22:50:53,486 :: INFO :: Node OpenOCD: flash of openocd node
2021-09-05 22:50:53,501 :: INFO :: Flash firmware on OpenOCD: /usr/lib/python2.7/site-packages/gateway_code/static/m3_idle.elf
2021-09-05 22:50:56,067 :: INFO :: Control node : Stop control node serial interface
2021-09-05 22:50:56,076 :: INFO :: Control node : stop power of open node
2021-09-05 22:50:56,180 :: INFO :: Control node : reset
2021-09-05 22:50:56,187 :: INFO :: Reset Control Node
2021-09-05 22:50:59,079 :: INFO :: Stop experiment succeeded
