2021-09-05 21:50:30,694 :: INFO :: Start experiment: luna-276364
2021-09-05 21:50:30,698 :: INFO :: Control node : Starting of control node serial interface
2021-09-05 21:50:30,701 :: INFO :: Control node : reset
2021-09-05 21:50:30,704 :: INFO :: Reset Control Node
2021-09-05 21:50:33,662 :: INFO :: Control node : start power of open node
2021-09-05 21:50:33,720 :: INFO :: Node OpenOCD: Setup of openocd node
2021-09-05 21:50:36,767 :: INFO :: Node OpenOCD: flash of openocd node
2021-09-05 21:50:36,782 :: INFO :: Flash firmware on OpenOCD: /tmp/tmpZj8wlx--93e977ac3781fe5042fd86dcc34ed19b_unicast-sender-count-10T-100B.iotlab-m3
2021-09-05 21:50:43,734 :: INFO :: Control node : Start experiment
2021-09-05 21:50:43,784 :: INFO :: Control Node set time delay: 1831 us
2021-09-05 21:50:43,817 :: INFO :: Control node : profile configuration
2021-09-05 21:50:43,824 :: INFO :: Configure profile on Control Node
2021-09-05 21:50:43,877 :: INFO :: Start experiment succeeded
2021-09-05 22:50:49,599 :: INFO :: Gateway Manager : Stop experiment
2021-09-05 22:50:49,609 :: INFO :: Stop experiment
2021-09-05 22:50:49,617 :: INFO :: Control node : stop of the experiment
2021-09-05 22:50:49,625 :: INFO :: Control node : profile configuration
2021-09-05 22:50:49,633 :: INFO :: Configure profile on Control Node
2021-09-05 22:50:49,711 :: INFO :: Control node : start power of open node
2021-09-05 22:50:49,757 :: INFO :: Node OpenOCD: teardown of openocd node
2021-09-05 22:50:52,833 :: INFO :: openocd node debugger stop
2021-09-05 22:50:53,522 :: INFO :: Node OpenOCD: flash of openocd node
2021-09-05 22:50:53,537 :: INFO :: Flash firmware on OpenOCD: /usr/lib/python2.7/site-packages/gateway_code/static/m3_idle.elf
2021-09-05 22:50:56,106 :: INFO :: Control node : Stop control node serial interface
2021-09-05 22:50:56,115 :: INFO :: Control node : stop power of open node
2021-09-05 22:50:56,217 :: INFO :: Control node : reset
2021-09-05 22:50:56,224 :: INFO :: Reset Control Node
2021-09-05 22:50:59,064 :: INFO :: Stop experiment succeeded
