2021-09-05 21:50:30,694 :: INFO :: Start experiment: luna-276364
2021-09-05 21:50:30,698 :: INFO :: Control node : Starting of control node serial interface
2021-09-05 21:50:30,700 :: INFO :: Control node : reset
2021-09-05 21:50:30,703 :: INFO :: Reset Control Node
2021-09-05 21:50:33,652 :: INFO :: Control node : start power of open node
2021-09-05 21:50:33,709 :: INFO :: Node OpenOCD: Setup of openocd node
2021-09-05 21:50:36,753 :: INFO :: Node OpenOCD: flash of openocd node
2021-09-05 21:50:36,768 :: INFO :: Flash firmware on OpenOCD: /tmp/tmpKN2W_5--93e977ac3781fe5042fd86dcc34ed19b_unicast-sender-count-10T-100B.iotlab-m3
2021-09-05 21:50:43,746 :: INFO :: Control node : Start experiment
2021-09-05 21:50:43,836 :: INFO :: Control Node set time delay: 1465 us
2021-09-05 21:50:43,849 :: INFO :: Control node : profile configuration
2021-09-05 21:50:43,852 :: INFO :: Configure profile on Control Node
2021-09-05 21:50:43,898 :: INFO :: Start experiment succeeded
2021-09-05 22:50:49,601 :: INFO :: Gateway Manager : Stop experiment
2021-09-05 22:50:49,610 :: INFO :: Stop experiment
2021-09-05 22:50:49,619 :: INFO :: Control node : stop of the experiment
2021-09-05 22:50:49,626 :: INFO :: Control node : profile configuration
2021-09-05 22:50:49,633 :: INFO :: Configure profile on Control Node
2021-09-05 22:50:49,703 :: INFO :: Control node : start power of open node
2021-09-05 22:50:49,744 :: INFO :: Node OpenOCD: teardown of openocd node
2021-09-05 22:50:52,810 :: INFO :: openocd node debugger stop
2021-09-05 22:50:53,500 :: INFO :: Node OpenOCD: flash of openocd node
2021-09-05 22:50:53,515 :: INFO :: Flash firmware on OpenOCD: /usr/lib/python2.7/site-packages/gateway_code/static/m3_idle.elf
2021-09-05 22:50:56,031 :: INFO :: Control node : Stop control node serial interface
2021-09-05 22:50:56,040 :: INFO :: Control node : stop power of open node
2021-09-05 22:50:56,144 :: INFO :: Control node : reset
2021-09-05 22:50:56,151 :: INFO :: Reset Control Node
2021-09-05 22:50:58,992 :: INFO :: Stop experiment succeeded
