2021-09-05 21:50:30,709 :: INFO :: Start experiment: luna-276364
2021-09-05 21:50:30,713 :: INFO :: Control node : Starting of control node serial interface
2021-09-05 21:50:30,715 :: INFO :: Control node : reset
2021-09-05 21:50:30,718 :: INFO :: Reset Control Node
2021-09-05 21:50:33,671 :: INFO :: Control node : start power of open node
2021-09-05 21:50:33,726 :: INFO :: Node OpenOCD: Setup of openocd node
2021-09-05 21:50:36,778 :: INFO :: Node OpenOCD: flash of openocd node
2021-09-05 21:50:36,792 :: INFO :: Flash firmware on OpenOCD: /tmp/tmpOn61dg--93e977ac3781fe5042fd86dcc34ed19b_unicast-sender-count-10T-100B.iotlab-m3
2021-09-05 21:50:43,690 :: INFO :: Control node : Start experiment
2021-09-05 21:50:43,764 :: INFO :: Control Node set time delay: 1922 us
2021-09-05 21:50:43,796 :: INFO :: Control node : profile configuration
2021-09-05 21:50:43,803 :: INFO :: Configure profile on Control Node
2021-09-05 21:50:43,883 :: INFO :: Start experiment succeeded
2021-09-05 22:50:49,633 :: INFO :: Gateway Manager : Stop experiment
2021-09-05 22:50:49,664 :: INFO :: Stop experiment
2021-09-05 22:50:49,684 :: INFO :: Control node : stop of the experiment
2021-09-05 22:50:49,702 :: INFO :: Control node : profile configuration
2021-09-05 22:50:49,724 :: INFO :: Configure profile on Control Node
2021-09-05 22:50:49,885 :: INFO :: Control node : start power of open node
2021-09-05 22:50:49,906 :: INFO :: Node OpenOCD: teardown of openocd node
2021-09-05 22:50:52,949 :: INFO :: openocd node debugger stop
2021-09-05 22:50:53,642 :: INFO :: Node OpenOCD: flash of openocd node
2021-09-05 22:50:53,656 :: INFO :: Flash firmware on OpenOCD: /usr/lib/python2.7/site-packages/gateway_code/static/m3_idle.elf
2021-09-05 22:50:56,219 :: INFO :: Control node : Stop control node serial interface
2021-09-05 22:50:56,228 :: INFO :: Control node : stop power of open node
2021-09-05 22:50:56,336 :: INFO :: Control node : reset
2021-09-05 22:50:56,343 :: INFO :: Reset Control Node
2021-09-05 22:50:59,235 :: INFO :: Stop experiment succeeded
