2021-09-05 21:50:30,682 :: INFO :: Start experiment: luna-276364
2021-09-05 21:50:30,685 :: INFO :: Control node : Starting of control node serial interface
2021-09-05 21:50:30,688 :: INFO :: Control node : reset
2021-09-05 21:50:30,691 :: INFO :: Reset Control Node
2021-09-05 21:50:33,645 :: INFO :: Control node : start power of open node
2021-09-05 21:50:33,702 :: INFO :: Node OpenOCD: Setup of openocd node
2021-09-05 21:50:36,744 :: INFO :: Node OpenOCD: flash of openocd node
2021-09-05 21:50:36,759 :: INFO :: Flash firmware on OpenOCD: /tmp/tmpoo4iB2--93e977ac3781fe5042fd86dcc34ed19b_unicast-sender-count-10T-100B.iotlab-m3
2021-09-05 21:50:43,745 :: INFO :: Control node : Start experiment
2021-09-05 21:50:43,802 :: INFO :: Control Node set time delay: 1129 us
2021-09-05 21:50:43,823 :: INFO :: Control node : profile configuration
2021-09-05 21:50:43,826 :: INFO :: Configure profile on Control Node
2021-09-05 21:50:43,868 :: INFO :: Start experiment succeeded
2021-09-05 22:50:49,644 :: INFO :: Gateway Manager : Stop experiment
2021-09-05 22:50:49,649 :: INFO :: Stop experiment
2021-09-05 22:50:49,654 :: INFO :: Control node : stop of the experiment
2021-09-05 22:50:49,658 :: INFO :: Control node : profile configuration
2021-09-05 22:50:49,662 :: INFO :: Configure profile on Control Node
2021-09-05 22:50:49,701 :: INFO :: Control node : start power of open node
2021-09-05 22:50:49,726 :: INFO :: Node OpenOCD: teardown of openocd node
2021-09-05 22:50:52,771 :: INFO :: openocd node debugger stop
2021-09-05 22:50:53,453 :: INFO :: Node OpenOCD: flash of openocd node
2021-09-05 22:50:53,460 :: INFO :: Flash firmware on OpenOCD: /usr/lib/python2.7/site-packages/gateway_code/static/m3_idle.elf
2021-09-05 22:50:55,966 :: INFO :: Control node : Stop control node serial interface
2021-09-05 22:50:55,975 :: INFO :: Control node : stop power of open node
2021-09-05 22:50:56,065 :: INFO :: Control node : reset
2021-09-05 22:50:56,071 :: INFO :: Reset Control Node
2021-09-05 22:50:58,962 :: INFO :: Stop experiment succeeded
