2021-09-05 21:50:30,715 :: INFO :: Start experiment: luna-276364
2021-09-05 21:50:30,718 :: INFO :: Control node : Starting of control node serial interface
2021-09-05 21:50:30,721 :: INFO :: Control node : reset
2021-09-05 21:50:30,723 :: INFO :: Reset Control Node
2021-09-05 21:50:33,678 :: INFO :: Control node : start power of open node
2021-09-05 21:50:33,735 :: INFO :: Node OpenOCD: Setup of openocd node
2021-09-05 21:50:36,784 :: INFO :: Node OpenOCD: flash of openocd node
2021-09-05 21:50:36,799 :: INFO :: Flash firmware on OpenOCD: /tmp/tmpG3tG94--93e977ac3781fe5042fd86dcc34ed19b_unicast-sender-count-10T-100B.iotlab-m3
2021-09-05 21:50:43,703 :: INFO :: Control node : Start experiment
2021-09-05 21:50:43,759 :: INFO :: Control Node set time delay: 1526 us
2021-09-05 21:50:43,781 :: INFO :: Control node : profile configuration
2021-09-05 21:50:43,788 :: INFO :: Configure profile on Control Node
2021-09-05 21:50:43,868 :: INFO :: Start experiment succeeded
2021-09-05 22:50:49,597 :: INFO :: Gateway Manager : Stop experiment
2021-09-05 22:50:49,606 :: INFO :: Stop experiment
2021-09-05 22:50:49,615 :: INFO :: Control node : stop of the experiment
2021-09-05 22:50:49,622 :: INFO :: Control node : profile configuration
2021-09-05 22:50:49,633 :: INFO :: Configure profile on Control Node
2021-09-05 22:50:49,705 :: INFO :: Control node : start power of open node
2021-09-05 22:50:49,748 :: INFO :: Node OpenOCD: teardown of openocd node
2021-09-05 22:50:52,804 :: INFO :: openocd node debugger stop
2021-09-05 22:50:53,491 :: INFO :: Node OpenOCD: flash of openocd node
2021-09-05 22:50:53,506 :: INFO :: Flash firmware on OpenOCD: /usr/lib/python2.7/site-packages/gateway_code/static/m3_idle.elf
2021-09-05 22:50:56,076 :: INFO :: Control node : Stop control node serial interface
2021-09-05 22:50:56,085 :: INFO :: Control node : stop power of open node
2021-09-05 22:50:56,171 :: INFO :: Control node : reset
2021-09-05 22:50:56,178 :: INFO :: Reset Control Node
2021-09-05 22:50:59,067 :: INFO :: Stop experiment succeeded
