2021-09-05 21:50:30,688 :: INFO :: Start experiment: luna-276364
2021-09-05 21:50:30,691 :: INFO :: Control node : Starting of control node serial interface
2021-09-05 21:50:30,694 :: INFO :: Control node : reset
2021-09-05 21:50:30,696 :: INFO :: Reset Control Node
2021-09-05 21:50:33,597 :: INFO :: Control node : start power of open node
2021-09-05 21:50:33,653 :: INFO :: Node OpenOCD: Setup of openocd node
2021-09-05 21:50:36,697 :: INFO :: Node OpenOCD: flash of openocd node
2021-09-05 21:50:36,715 :: INFO :: Flash firmware on OpenOCD: /tmp/tmp4DmrqE--93e977ac3781fe5042fd86dcc34ed19b_unicast-sender-count-10T-100B.iotlab-m3
2021-09-05 21:50:43,590 :: INFO :: Control node : Start experiment
2021-09-05 21:50:43,675 :: INFO :: Control Node set time delay: 1892 us
2021-09-05 21:50:43,697 :: INFO :: Control node : profile configuration
2021-09-05 21:50:43,704 :: INFO :: Configure profile on Control Node
2021-09-05 21:50:43,783 :: INFO :: Start experiment succeeded
2021-09-05 22:50:49,600 :: INFO :: Gateway Manager : Stop experiment
2021-09-05 22:50:49,609 :: INFO :: Stop experiment
2021-09-05 22:50:49,618 :: INFO :: Control node : stop of the experiment
2021-09-05 22:50:49,626 :: INFO :: Control node : profile configuration
2021-09-05 22:50:49,633 :: INFO :: Configure profile on Control Node
2021-09-05 22:50:49,709 :: INFO :: Control node : start power of open node
2021-09-05 22:50:49,753 :: INFO :: Node OpenOCD: teardown of openocd node
2021-09-05 22:50:52,809 :: INFO :: openocd node debugger stop
2021-09-05 22:50:53,496 :: INFO :: Node OpenOCD: flash of openocd node
2021-09-05 22:50:53,510 :: INFO :: Flash firmware on OpenOCD: /usr/lib/python2.7/site-packages/gateway_code/static/m3_idle.elf
2021-09-05 22:50:56,126 :: INFO :: Control node : Stop control node serial interface
2021-09-05 22:50:56,135 :: INFO :: Control node : stop power of open node
2021-09-05 22:50:56,235 :: INFO :: Control node : reset
2021-09-05 22:50:56,241 :: INFO :: Reset Control Node
2021-09-05 22:50:59,123 :: INFO :: Stop experiment succeeded
