2021-09-05 21:50:30,651 :: INFO :: Start experiment: luna-276364
2021-09-05 21:50:30,654 :: INFO :: Control node : Starting of control node serial interface
2021-09-05 21:50:30,657 :: INFO :: Control node : reset
2021-09-05 21:50:30,659 :: INFO :: Reset Control Node
2021-09-05 21:50:33,602 :: INFO :: Control node : start power of open node
2021-09-05 21:50:33,618 :: INFO :: Node OpenOCD: Setup of openocd node
2021-09-05 21:50:36,648 :: INFO :: Node OpenOCD: flash of openocd node
2021-09-05 21:50:36,666 :: INFO :: Flash firmware on OpenOCD: /tmp/tmpPEyjwP--93e977ac3781fe5042fd86dcc34ed19b_unicast-sender-count-10T-100B.iotlab-m3
2021-09-05 21:50:43,488 :: INFO :: Control node : Start experiment
2021-09-05 21:50:43,552 :: INFO :: Control Node set time delay: 1007 us
2021-09-05 21:50:43,584 :: INFO :: Control node : profile configuration
2021-09-05 21:50:43,591 :: INFO :: Configure profile on Control Node
2021-09-05 21:50:43,670 :: INFO :: Start experiment succeeded
2021-09-05 22:50:49,637 :: INFO :: Gateway Manager : Stop experiment
2021-09-05 22:50:49,647 :: INFO :: Stop experiment
2021-09-05 22:50:49,655 :: INFO :: Control node : stop of the experiment
2021-09-05 22:50:49,663 :: INFO :: Control node : profile configuration
2021-09-05 22:50:49,670 :: INFO :: Configure profile on Control Node
2021-09-05 22:50:49,745 :: INFO :: Control node : start power of open node
2021-09-05 22:50:49,790 :: INFO :: Node OpenOCD: teardown of openocd node
2021-09-05 22:50:52,834 :: INFO :: openocd node debugger stop
2021-09-05 22:50:53,531 :: INFO :: Node OpenOCD: flash of openocd node
2021-09-05 22:50:53,545 :: INFO :: Flash firmware on OpenOCD: /usr/lib/python2.7/site-packages/gateway_code/static/m3_idle.elf
2021-09-05 22:50:56,118 :: INFO :: Control node : Stop control node serial interface
2021-09-05 22:50:56,127 :: INFO :: Control node : stop power of open node
2021-09-05 22:50:56,232 :: INFO :: Control node : reset
2021-09-05 22:50:56,238 :: INFO :: Reset Control Node
2021-09-05 22:50:59,128 :: INFO :: Stop experiment succeeded
