2021-09-05 21:50:30,694 :: INFO :: Start experiment: luna-276364
2021-09-05 21:50:30,698 :: INFO :: Control node : Starting of control node serial interface
2021-09-05 21:50:30,701 :: INFO :: Control node : reset
2021-09-05 21:50:30,703 :: INFO :: Reset Control Node
2021-09-05 21:50:33,596 :: INFO :: Control node : start power of open node
2021-09-05 21:50:33,626 :: INFO :: Node OpenOCD: Setup of openocd node
2021-09-05 21:50:36,667 :: INFO :: Node OpenOCD: flash of openocd node
2021-09-05 21:50:36,685 :: INFO :: Flash firmware on OpenOCD: /tmp/tmpShpA6x--93e977ac3781fe5042fd86dcc34ed19b_unicast-sender-count-10T-100B.iotlab-m3
2021-09-05 21:50:43,695 :: INFO :: Control node : Start experiment
2021-09-05 21:50:43,746 :: INFO :: Control Node set time delay: 1220 us
2021-09-05 21:50:43,774 :: INFO :: Control node : profile configuration
2021-09-05 21:50:43,778 :: INFO :: Configure profile on Control Node
2021-09-05 21:50:43,817 :: INFO :: Start experiment succeeded
2021-09-05 22:50:49,630 :: INFO :: Gateway Manager : Stop experiment
2021-09-05 22:50:49,646 :: INFO :: Stop experiment
2021-09-05 22:50:49,654 :: INFO :: Control node : stop of the experiment
2021-09-05 22:50:49,664 :: INFO :: Control node : profile configuration
2021-09-05 22:50:49,671 :: INFO :: Configure profile on Control Node
2021-09-05 22:50:49,744 :: INFO :: Control node : start power of open node
2021-09-05 22:50:49,787 :: INFO :: Node OpenOCD: teardown of openocd node
2021-09-05 22:50:52,835 :: INFO :: openocd node debugger stop
2021-09-05 22:50:53,525 :: INFO :: Node OpenOCD: flash of openocd node
2021-09-05 22:50:53,539 :: INFO :: Flash firmware on OpenOCD: /usr/lib/python2.7/site-packages/gateway_code/static/m3_idle.elf
2021-09-05 22:50:56,159 :: INFO :: Control node : Stop control node serial interface
2021-09-05 22:50:56,168 :: INFO :: Control node : stop power of open node
2021-09-05 22:50:56,255 :: INFO :: Control node : reset
2021-09-05 22:50:56,261 :: INFO :: Reset Control Node
2021-09-05 22:50:59,154 :: INFO :: Stop experiment succeeded
