2021-09-05 21:50:30,709 :: INFO :: Start experiment: luna-276364
2021-09-05 21:50:30,713 :: INFO :: Control node : Starting of control node serial interface
2021-09-05 21:50:30,716 :: INFO :: Control node : reset
2021-09-05 21:50:30,718 :: INFO :: Reset Control Node
2021-09-05 21:50:33,620 :: INFO :: Control node : start power of open node
2021-09-05 21:50:33,676 :: INFO :: Node OpenOCD: Setup of openocd node
2021-09-05 21:50:36,724 :: INFO :: Node OpenOCD: flash of openocd node
2021-09-05 21:50:36,741 :: INFO :: Flash firmware on OpenOCD: /tmp/tmp__p5Mt--93e977ac3781fe5042fd86dcc34ed19b_unicast-sender-count-10T-100B.iotlab-m3
2021-09-05 21:50:43,685 :: INFO :: Control node : Start experiment
2021-09-05 21:50:43,763 :: INFO :: Control Node set time delay: 1739 us
2021-09-05 21:50:43,797 :: INFO :: Control node : profile configuration
2021-09-05 21:50:43,804 :: INFO :: Configure profile on Control Node
2021-09-05 21:50:43,883 :: INFO :: Start experiment succeeded
2021-09-05 22:50:49,629 :: INFO :: Gateway Manager : Stop experiment
2021-09-05 22:50:49,665 :: INFO :: Stop experiment
2021-09-05 22:50:49,684 :: INFO :: Control node : stop of the experiment
2021-09-05 22:50:49,708 :: INFO :: Control node : profile configuration
2021-09-05 22:50:49,724 :: INFO :: Configure profile on Control Node
2021-09-05 22:50:49,874 :: INFO :: Control node : start power of open node
2021-09-05 22:50:49,894 :: INFO :: Node OpenOCD: teardown of openocd node
2021-09-05 22:50:52,929 :: INFO :: openocd node debugger stop
2021-09-05 22:50:53,620 :: INFO :: Node OpenOCD: flash of openocd node
2021-09-05 22:50:53,635 :: INFO :: Flash firmware on OpenOCD: /usr/lib/python2.7/site-packages/gateway_code/static/m3_idle.elf
2021-09-05 22:50:56,200 :: INFO :: Control node : Stop control node serial interface
2021-09-05 22:50:56,209 :: INFO :: Control node : stop power of open node
2021-09-05 22:50:56,293 :: INFO :: Control node : reset
2021-09-05 22:50:56,300 :: INFO :: Reset Control Node
2021-09-05 22:50:59,190 :: INFO :: Stop experiment succeeded
