2021-09-05 21:50:30,695 :: INFO :: Start experiment: luna-276364
2021-09-05 21:50:30,699 :: INFO :: Control node : Starting of control node serial interface
2021-09-05 21:50:30,702 :: INFO :: Control node : reset
2021-09-05 21:50:30,704 :: INFO :: Reset Control Node
2021-09-05 21:50:33,657 :: INFO :: Control node : start power of open node
2021-09-05 21:50:33,711 :: INFO :: Node OpenOCD: Setup of openocd node
2021-09-05 21:50:36,763 :: INFO :: Node OpenOCD: flash of openocd node
2021-09-05 21:50:36,781 :: INFO :: Flash firmware on OpenOCD: /tmp/tmpXx3EEA--ddd0625ff8382e7208c25657471d6a4a_unicast-receiver-count.iotlab-m3
2021-09-05 21:50:43,325 :: INFO :: Control node : Start experiment
2021-09-05 21:50:43,384 :: INFO :: Control Node set time delay: 1129 us
2021-09-05 21:50:43,415 :: INFO :: Control node : profile configuration
2021-09-05 21:50:43,422 :: INFO :: Configure profile on Control Node
2021-09-05 21:50:43,502 :: INFO :: Start experiment succeeded
2021-09-05 22:50:49,601 :: INFO :: Gateway Manager : Stop experiment
2021-09-05 22:50:49,610 :: INFO :: Stop experiment
2021-09-05 22:50:49,619 :: INFO :: Control node : stop of the experiment
2021-09-05 22:50:49,627 :: INFO :: Control node : profile configuration
2021-09-05 22:50:49,637 :: INFO :: Configure profile on Control Node
2021-09-05 22:50:49,712 :: INFO :: Control node : start power of open node
2021-09-05 22:50:49,757 :: INFO :: Node OpenOCD: teardown of openocd node
2021-09-05 22:50:52,831 :: INFO :: openocd node debugger stop
2021-09-05 22:50:53,523 :: INFO :: Node OpenOCD: flash of openocd node
2021-09-05 22:50:53,538 :: INFO :: Flash firmware on OpenOCD: /usr/lib/python2.7/site-packages/gateway_code/static/m3_idle.elf
2021-09-05 22:50:56,101 :: INFO :: Control node : Stop control node serial interface
2021-09-05 22:50:56,105 :: INFO :: Control node : stop power of open node
2021-09-05 22:50:56,208 :: INFO :: Control node : reset
2021-09-05 22:50:56,214 :: INFO :: Reset Control Node
2021-09-05 22:50:59,105 :: INFO :: Stop experiment succeeded
