2021-09-05 21:50:30,630 :: INFO :: Start experiment: luna-276364
2021-09-05 21:50:30,633 :: INFO :: Control node : Starting of control node serial interface
2021-09-05 21:50:30,636 :: INFO :: Control node : reset
2021-09-05 21:50:30,639 :: INFO :: Reset Control Node
2021-09-05 21:50:33,544 :: INFO :: Control node : start power of open node
2021-09-05 21:50:33,572 :: INFO :: Node OpenOCD: Setup of openocd node
2021-09-05 21:50:36,606 :: INFO :: Node OpenOCD: flash of openocd node
2021-09-05 21:50:36,625 :: INFO :: Flash firmware on OpenOCD: /tmp/tmpBsM1TT--93e977ac3781fe5042fd86dcc34ed19b_unicast-sender-count-10T-100B.iotlab-m3
2021-09-05 21:50:43,583 :: INFO :: Control node : Start experiment
2021-09-05 21:50:43,659 :: INFO :: Control Node set time delay: 1068 us
2021-09-05 21:50:43,684 :: INFO :: Control node : profile configuration
2021-09-05 21:50:43,690 :: INFO :: Configure profile on Control Node
2021-09-05 21:50:43,769 :: INFO :: Start experiment succeeded
2021-09-05 22:50:49,630 :: INFO :: Gateway Manager : Stop experiment
2021-09-05 22:50:49,645 :: INFO :: Stop experiment
2021-09-05 22:50:49,653 :: INFO :: Control node : stop of the experiment
2021-09-05 22:50:49,661 :: INFO :: Control node : profile configuration
2021-09-05 22:50:49,671 :: INFO :: Configure profile on Control Node
2021-09-05 22:50:49,746 :: INFO :: Control node : start power of open node
2021-09-05 22:50:49,791 :: INFO :: Node OpenOCD: teardown of openocd node
2021-09-05 22:50:52,835 :: INFO :: openocd node debugger stop
2021-09-05 22:50:53,519 :: INFO :: Node OpenOCD: flash of openocd node
2021-09-05 22:50:53,533 :: INFO :: Flash firmware on OpenOCD: /usr/lib/python2.7/site-packages/gateway_code/static/m3_idle.elf
2021-09-05 22:50:56,156 :: INFO :: Control node : Stop control node serial interface
2021-09-05 22:50:56,165 :: INFO :: Control node : stop power of open node
2021-09-05 22:50:56,262 :: INFO :: Control node : reset
2021-09-05 22:50:56,269 :: INFO :: Reset Control Node
2021-09-05 22:50:59,159 :: INFO :: Stop experiment succeeded
