2021-09-05 21:50:30,663 :: INFO :: Start experiment: luna-276364
2021-09-05 21:50:30,666 :: INFO :: Control node : Starting of control node serial interface
2021-09-05 21:50:30,669 :: INFO :: Control node : reset
2021-09-05 21:50:30,672 :: INFO :: Reset Control Node
2021-09-05 21:50:33,677 :: INFO :: Control node : start power of open node
2021-09-05 21:50:33,738 :: INFO :: Node OpenOCD: Setup of openocd node
2021-09-05 21:50:36,779 :: INFO :: Node OpenOCD: flash of openocd node
2021-09-05 21:50:36,794 :: INFO :: Flash firmware on OpenOCD: /tmp/tmpSgUhVg--93e977ac3781fe5042fd86dcc34ed19b_unicast-sender-count-10T-100B.iotlab-m3
2021-09-05 21:50:43,798 :: INFO :: Control node : Start experiment
2021-09-05 21:50:43,848 :: INFO :: Control Node set time delay: 1618 us
2021-09-05 21:50:43,880 :: INFO :: Control node : profile configuration
2021-09-05 21:50:43,884 :: INFO :: Configure profile on Control Node
2021-09-05 21:50:43,925 :: INFO :: Start experiment succeeded
2021-09-05 22:50:49,645 :: INFO :: Gateway Manager : Stop experiment
2021-09-05 22:50:49,655 :: INFO :: Stop experiment
2021-09-05 22:50:49,664 :: INFO :: Control node : stop of the experiment
2021-09-05 22:50:49,671 :: INFO :: Control node : profile configuration
2021-09-05 22:50:49,678 :: INFO :: Configure profile on Control Node
2021-09-05 22:50:49,754 :: INFO :: Control node : start power of open node
2021-09-05 22:50:49,798 :: INFO :: Node OpenOCD: teardown of openocd node
2021-09-05 22:50:52,836 :: INFO :: openocd node debugger stop
2021-09-05 22:50:53,520 :: INFO :: Node OpenOCD: flash of openocd node
2021-09-05 22:50:53,528 :: INFO :: Flash firmware on OpenOCD: /usr/lib/python2.7/site-packages/gateway_code/static/m3_idle.elf
2021-09-05 22:50:55,987 :: INFO :: Control node : Stop control node serial interface
2021-09-05 22:50:55,996 :: INFO :: Control node : stop power of open node
2021-09-05 22:50:56,105 :: INFO :: Control node : reset
2021-09-05 22:50:56,112 :: INFO :: Reset Control Node
2021-09-05 22:50:59,006 :: INFO :: Stop experiment succeeded
