2021-09-05 21:50:30,674 :: INFO :: Start experiment: luna-276364
2021-09-05 21:50:30,677 :: INFO :: Control node : Starting of control node serial interface
2021-09-05 21:50:30,680 :: INFO :: Control node : reset
2021-09-05 21:50:30,683 :: INFO :: Reset Control Node
2021-09-05 21:50:33,635 :: INFO :: Control node : start power of open node
2021-09-05 21:50:33,677 :: INFO :: Node OpenOCD: Setup of openocd node
2021-09-05 21:50:36,717 :: INFO :: Node OpenOCD: flash of openocd node
2021-09-05 21:50:36,735 :: INFO :: Flash firmware on OpenOCD: /tmp/tmpc6A4XB--93e977ac3781fe5042fd86dcc34ed19b_unicast-sender-count-10T-100B.iotlab-m3
2021-09-05 21:50:43,741 :: INFO :: Control node : Start experiment
2021-09-05 21:50:43,790 :: INFO :: Control Node set time delay: 1160 us
2021-09-05 21:50:43,812 :: INFO :: Control node : profile configuration
2021-09-05 21:50:43,816 :: INFO :: Configure profile on Control Node
2021-09-05 21:50:43,857 :: INFO :: Start experiment succeeded
2021-09-05 22:50:49,604 :: INFO :: Gateway Manager : Stop experiment
2021-09-05 22:50:49,613 :: INFO :: Stop experiment
2021-09-05 22:50:49,627 :: INFO :: Control node : stop of the experiment
2021-09-05 22:50:49,636 :: INFO :: Control node : profile configuration
2021-09-05 22:50:49,643 :: INFO :: Configure profile on Control Node
2021-09-05 22:50:49,719 :: INFO :: Control node : start power of open node
2021-09-05 22:50:49,765 :: INFO :: Node OpenOCD: teardown of openocd node
2021-09-05 22:50:52,834 :: INFO :: openocd node debugger stop
2021-09-05 22:50:53,522 :: INFO :: Node OpenOCD: flash of openocd node
2021-09-05 22:50:53,537 :: INFO :: Flash firmware on OpenOCD: /usr/lib/python2.7/site-packages/gateway_code/static/m3_idle.elf
2021-09-05 22:50:55,999 :: INFO :: Control node : Stop control node serial interface
2021-09-05 22:50:56,008 :: INFO :: Control node : stop power of open node
2021-09-05 22:50:56,115 :: INFO :: Control node : reset
2021-09-05 22:50:56,121 :: INFO :: Reset Control Node
2021-09-05 22:50:58,996 :: INFO :: Stop experiment succeeded
