2021-09-06 17:08:33,355 :: INFO :: Start experiment: luna-276382
2021-09-06 17:08:33,358 :: INFO :: Control node : Starting of control node serial interface
2021-09-06 17:08:33,361 :: INFO :: Control node : reset
2021-09-06 17:08:33,364 :: INFO :: Reset Control Node
2021-09-06 17:08:36,317 :: INFO :: Control node : start power of open node
2021-09-06 17:08:36,373 :: INFO :: Node OpenOCD: Setup of openocd node
2021-09-06 17:08:39,419 :: INFO :: Node OpenOCD: flash of openocd node
2021-09-06 17:08:39,434 :: INFO :: Flash firmware on OpenOCD: /tmp/tmpbpPdY8--93e977ac3781fe5042fd86dcc34ed19b_unicast-sender-count-10T-100B.iotlab-m3
2021-09-06 17:08:46,339 :: INFO :: Control node : Start experiment
2021-09-06 17:08:46,381 :: INFO :: Control Node set time delay: 1069 us
2021-09-06 17:08:46,413 :: INFO :: Control node : profile configuration
2021-09-06 17:08:46,419 :: INFO :: Configure profile on Control Node
2021-09-06 17:08:46,497 :: INFO :: Start experiment succeeded
2021-09-06 18:09:52,345 :: INFO :: Gateway Manager : Stop experiment
2021-09-06 18:09:52,355 :: INFO :: Stop experiment
2021-09-06 18:09:52,364 :: INFO :: Control node : stop of the experiment
2021-09-06 18:09:52,371 :: INFO :: Control node : profile configuration
2021-09-06 18:09:52,381 :: INFO :: Configure profile on Control Node
2021-09-06 18:09:52,454 :: INFO :: Control node : start power of open node
2021-09-06 18:09:52,498 :: INFO :: Node OpenOCD: teardown of openocd node
2021-09-06 18:09:55,537 :: INFO :: openocd node debugger stop
2021-09-06 18:09:56,221 :: INFO :: Node OpenOCD: flash of openocd node
2021-09-06 18:09:56,228 :: INFO :: Flash firmware on OpenOCD: /usr/lib/python2.7/site-packages/gateway_code/static/m3_idle.elf
2021-09-06 18:09:58,685 :: INFO :: Control node : Stop control node serial interface
2021-09-06 18:09:58,694 :: INFO :: Control node : stop power of open node
2021-09-06 18:09:58,801 :: INFO :: Control node : reset
2021-09-06 18:09:58,807 :: INFO :: Reset Control Node
2021-09-06 18:10:01,650 :: INFO :: Stop experiment succeeded
