2021-09-06 17:08:33,367 :: INFO :: Start experiment: luna-276382
2021-09-06 17:08:33,370 :: INFO :: Control node : Starting of control node serial interface
2021-09-06 17:08:33,373 :: INFO :: Control node : reset
2021-09-06 17:08:33,375 :: INFO :: Reset Control Node
2021-09-06 17:08:36,327 :: INFO :: Control node : start power of open node
2021-09-06 17:08:36,383 :: INFO :: Node OpenOCD: Setup of openocd node
2021-09-06 17:08:39,422 :: INFO :: Node OpenOCD: flash of openocd node
2021-09-06 17:08:39,441 :: INFO :: Flash firmware on OpenOCD: /tmp/tmpMYxPPP--93e977ac3781fe5042fd86dcc34ed19b_unicast-sender-count-10T-100B.iotlab-m3
2021-09-06 17:08:46,335 :: INFO :: Control node : Start experiment
2021-09-06 17:08:46,375 :: INFO :: Control Node set time delay: 1526 us
2021-09-06 17:08:46,407 :: INFO :: Control node : profile configuration
2021-09-06 17:08:46,414 :: INFO :: Configure profile on Control Node
2021-09-06 17:08:46,493 :: INFO :: Start experiment succeeded
2021-09-06 18:09:52,362 :: INFO :: Gateway Manager : Stop experiment
2021-09-06 18:09:52,370 :: INFO :: Stop experiment
2021-09-06 18:09:52,378 :: INFO :: Control node : stop of the experiment
2021-09-06 18:09:52,388 :: INFO :: Control node : profile configuration
2021-09-06 18:09:52,394 :: INFO :: Configure profile on Control Node
2021-09-06 18:09:52,464 :: INFO :: Control node : start power of open node
2021-09-06 18:09:52,505 :: INFO :: Node OpenOCD: teardown of openocd node
2021-09-06 18:09:55,538 :: INFO :: openocd node debugger stop
2021-09-06 18:09:56,216 :: INFO :: Node OpenOCD: flash of openocd node
2021-09-06 18:09:56,230 :: INFO :: Flash firmware on OpenOCD: /usr/lib/python2.7/site-packages/gateway_code/static/m3_idle.elf
2021-09-06 18:09:58,738 :: INFO :: Control node : Stop control node serial interface
2021-09-06 18:09:58,747 :: INFO :: Control node : stop power of open node
2021-09-06 18:09:58,841 :: INFO :: Control node : reset
2021-09-06 18:09:58,848 :: INFO :: Reset Control Node
2021-09-06 18:10:01,666 :: INFO :: Stop experiment succeeded
