2021-09-06 17:08:33,392 :: INFO :: Start experiment: luna-276382
2021-09-06 17:08:33,395 :: INFO :: Control node : Starting of control node serial interface
2021-09-06 17:08:33,398 :: INFO :: Control node : reset
2021-09-06 17:08:33,401 :: INFO :: Reset Control Node
2021-09-06 17:08:36,358 :: INFO :: Control node : start power of open node
2021-09-06 17:08:36,414 :: INFO :: Node OpenOCD: Setup of openocd node
2021-09-06 17:08:39,458 :: INFO :: Node OpenOCD: flash of openocd node
2021-09-06 17:08:39,472 :: INFO :: Flash firmware on OpenOCD: /tmp/tmpZCApK7--93e977ac3781fe5042fd86dcc34ed19b_unicast-sender-count-10T-100B.iotlab-m3
2021-09-06 17:08:46,438 :: INFO :: Control node : Start experiment
2021-09-06 17:08:46,513 :: INFO :: Control Node set time delay: 1862 us
2021-09-06 17:08:46,550 :: INFO :: Control node : profile configuration
2021-09-06 17:08:46,556 :: INFO :: Configure profile on Control Node
2021-09-06 17:08:46,635 :: INFO :: Start experiment succeeded
2021-09-06 18:09:52,342 :: INFO :: Gateway Manager : Stop experiment
2021-09-06 18:09:52,352 :: INFO :: Stop experiment
2021-09-06 18:09:52,360 :: INFO :: Control node : stop of the experiment
2021-09-06 18:09:52,370 :: INFO :: Control node : profile configuration
2021-09-06 18:09:52,378 :: INFO :: Configure profile on Control Node
2021-09-06 18:09:52,450 :: INFO :: Control node : start power of open node
2021-09-06 18:09:52,493 :: INFO :: Node OpenOCD: teardown of openocd node
2021-09-06 18:09:55,535 :: INFO :: openocd node debugger stop
2021-09-06 18:09:56,229 :: INFO :: Node OpenOCD: flash of openocd node
2021-09-06 18:09:56,243 :: INFO :: Flash firmware on OpenOCD: /usr/lib/python2.7/site-packages/gateway_code/static/m3_idle.elf
2021-09-06 18:09:58,783 :: INFO :: Control node : Stop control node serial interface
2021-09-06 18:09:58,792 :: INFO :: Control node : stop power of open node
2021-09-06 18:09:58,885 :: INFO :: Control node : reset
2021-09-06 18:09:58,892 :: INFO :: Reset Control Node
2021-09-06 18:10:01,773 :: INFO :: Stop experiment succeeded
