2021-09-06 17:08:33,304 :: INFO :: Start experiment: luna-276382
2021-09-06 17:08:33,307 :: INFO :: Control node : Starting of control node serial interface
2021-09-06 17:08:33,310 :: INFO :: Control node : reset
2021-09-06 17:08:33,313 :: INFO :: Reset Control Node
2021-09-06 17:08:36,270 :: INFO :: Control node : start power of open node
2021-09-06 17:08:36,327 :: INFO :: Node OpenOCD: Setup of openocd node
2021-09-06 17:08:39,375 :: INFO :: Node OpenOCD: flash of openocd node
2021-09-06 17:08:39,391 :: INFO :: Flash firmware on OpenOCD: /tmp/tmpiTwW4S--ddd0625ff8382e7208c25657471d6a4a_unicast-receiver-count.iotlab-m3
2021-09-06 17:08:45,938 :: INFO :: Control node : Start experiment
2021-09-06 17:08:45,992 :: INFO :: Control Node set time delay: 1831 us
2021-09-06 17:08:46,024 :: INFO :: Control node : profile configuration
2021-09-06 17:08:46,031 :: INFO :: Configure profile on Control Node
2021-09-06 17:08:46,110 :: INFO :: Start experiment succeeded
2021-09-06 18:09:52,327 :: INFO :: Gateway Manager : Stop experiment
2021-09-06 18:09:52,336 :: INFO :: Stop experiment
2021-09-06 18:09:52,344 :: INFO :: Control node : stop of the experiment
2021-09-06 18:09:52,351 :: INFO :: Control node : profile configuration
2021-09-06 18:09:52,358 :: INFO :: Configure profile on Control Node
2021-09-06 18:09:52,423 :: INFO :: Control node : start power of open node
2021-09-06 18:09:52,463 :: INFO :: Node OpenOCD: teardown of openocd node
2021-09-06 18:09:55,500 :: INFO :: openocd node debugger stop
2021-09-06 18:09:56,189 :: INFO :: Node OpenOCD: flash of openocd node
2021-09-06 18:09:56,203 :: INFO :: Flash firmware on OpenOCD: /usr/lib/python2.7/site-packages/gateway_code/static/m3_idle.elf
2021-09-06 18:09:58,778 :: INFO :: Control node : Stop control node serial interface
2021-09-06 18:09:58,787 :: INFO :: Control node : stop power of open node
2021-09-06 18:09:58,871 :: INFO :: Control node : reset
2021-09-06 18:09:58,878 :: INFO :: Reset Control Node
2021-09-06 18:10:01,768 :: INFO :: Stop experiment succeeded
