2021-09-05 22:51:14,990 :: INFO :: Start experiment: luna-276365
2021-09-05 22:51:14,993 :: INFO :: Control node : Starting of control node serial interface
2021-09-05 22:51:14,996 :: INFO :: Control node : reset
2021-09-05 22:51:14,998 :: INFO :: Reset Control Node
2021-09-05 22:51:18,008 :: INFO :: Control node : start power of open node
2021-09-05 22:51:18,063 :: INFO :: Node OpenOCD: Setup of openocd node
2021-09-05 22:51:21,106 :: INFO :: Node OpenOCD: flash of openocd node
2021-09-05 22:51:21,121 :: INFO :: Flash firmware on OpenOCD: /tmp/tmp7f8soZ--cb924b41fcfd3e3c0bada58631722ec6_unicast-sender-count-30T-100B.iotlab-m3
2021-09-05 22:51:28,080 :: INFO :: Control node : Start experiment
2021-09-05 22:51:28,144 :: INFO :: Control Node set time delay: 1770 us
2021-09-05 22:51:28,158 :: INFO :: Control node : profile configuration
2021-09-05 22:51:28,162 :: INFO :: Configure profile on Control Node
2021-09-05 22:51:28,203 :: INFO :: Start experiment succeeded
2021-09-05 23:51:34,160 :: INFO :: Gateway Manager : Stop experiment
2021-09-05 23:51:34,169 :: INFO :: Stop experiment
2021-09-05 23:51:34,178 :: INFO :: Control node : stop of the experiment
2021-09-05 23:51:34,189 :: INFO :: Control node : profile configuration
2021-09-05 23:51:34,196 :: INFO :: Configure profile on Control Node
2021-09-05 23:51:34,270 :: INFO :: Control node : start power of open node
2021-09-05 23:51:34,313 :: INFO :: Node OpenOCD: teardown of openocd node
2021-09-05 23:51:37,376 :: INFO :: openocd node debugger stop
2021-09-05 23:51:38,062 :: INFO :: Node OpenOCD: flash of openocd node
2021-09-05 23:51:38,069 :: INFO :: Flash firmware on OpenOCD: /usr/lib/python2.7/site-packages/gateway_code/static/m3_idle.elf
2021-09-05 23:51:40,584 :: INFO :: Control node : Stop control node serial interface
2021-09-05 23:51:40,592 :: INFO :: Control node : stop power of open node
2021-09-05 23:51:40,716 :: INFO :: Control node : reset
2021-09-05 23:51:40,722 :: INFO :: Reset Control Node
2021-09-05 23:51:43,609 :: INFO :: Stop experiment succeeded
