2021-09-05 22:51:14,954 :: INFO :: Start experiment: luna-276365
2021-09-05 22:51:14,958 :: INFO :: Control node : Starting of control node serial interface
2021-09-05 22:51:14,960 :: INFO :: Control node : reset
2021-09-05 22:51:14,963 :: INFO :: Reset Control Node
2021-09-05 22:51:17,921 :: INFO :: Control node : start power of open node
2021-09-05 22:51:17,977 :: INFO :: Node OpenOCD: Setup of openocd node
2021-09-05 22:51:21,019 :: INFO :: Node OpenOCD: flash of openocd node
2021-09-05 22:51:21,034 :: INFO :: Flash firmware on OpenOCD: /tmp/tmpYwZofq--cb924b41fcfd3e3c0bada58631722ec6_unicast-sender-count-30T-100B.iotlab-m3
2021-09-05 22:51:27,981 :: INFO :: Control node : Start experiment
2021-09-05 22:51:28,064 :: INFO :: Control Node set time delay: 1129 us
2021-09-05 22:51:28,090 :: INFO :: Control node : profile configuration
2021-09-05 22:51:28,097 :: INFO :: Configure profile on Control Node
2021-09-05 22:51:28,178 :: INFO :: Start experiment succeeded
2021-09-05 23:51:34,197 :: INFO :: Gateway Manager : Stop experiment
2021-09-05 23:51:34,206 :: INFO :: Stop experiment
2021-09-05 23:51:34,215 :: INFO :: Control node : stop of the experiment
2021-09-05 23:51:34,222 :: INFO :: Control node : profile configuration
2021-09-05 23:51:34,229 :: INFO :: Configure profile on Control Node
2021-09-05 23:51:34,305 :: INFO :: Control node : start power of open node
2021-09-05 23:51:34,350 :: INFO :: Node OpenOCD: teardown of openocd node
2021-09-05 23:51:37,399 :: INFO :: openocd node debugger stop
2021-09-05 23:51:38,067 :: INFO :: Node OpenOCD: flash of openocd node
2021-09-05 23:51:38,075 :: INFO :: Flash firmware on OpenOCD: /usr/lib/python2.7/site-packages/gateway_code/static/m3_idle.elf
2021-09-05 23:51:40,535 :: INFO :: Control node : Stop control node serial interface
2021-09-05 23:51:40,544 :: INFO :: Control node : stop power of open node
2021-09-05 23:51:40,642 :: INFO :: Control node : reset
2021-09-05 23:51:40,648 :: INFO :: Reset Control Node
2021-09-05 23:51:43,539 :: INFO :: Stop experiment succeeded
