2021-09-05 22:51:15,003 :: INFO :: Start experiment: luna-276365
2021-09-05 22:51:15,007 :: INFO :: Control node : Starting of control node serial interface
2021-09-05 22:51:15,010 :: INFO :: Control node : reset
2021-09-05 22:51:15,012 :: INFO :: Reset Control Node
2021-09-05 22:51:17,962 :: INFO :: Control node : start power of open node
2021-09-05 22:51:18,017 :: INFO :: Node OpenOCD: Setup of openocd node
2021-09-05 22:51:21,060 :: INFO :: Node OpenOCD: flash of openocd node
2021-09-05 22:51:21,075 :: INFO :: Flash firmware on OpenOCD: /tmp/tmpX32jK6--cb924b41fcfd3e3c0bada58631722ec6_unicast-sender-count-30T-100B.iotlab-m3
2021-09-05 22:51:27,973 :: INFO :: Control node : Start experiment
2021-09-05 22:51:28,012 :: INFO :: Control Node set time delay: 1739 us
2021-09-05 22:51:28,045 :: INFO :: Control node : profile configuration
2021-09-05 22:51:28,051 :: INFO :: Configure profile on Control Node
2021-09-05 22:51:28,129 :: INFO :: Start experiment succeeded
2021-09-05 23:51:34,199 :: INFO :: Gateway Manager : Stop experiment
2021-09-05 23:51:34,219 :: INFO :: Stop experiment
2021-09-05 23:51:34,239 :: INFO :: Control node : stop of the experiment
2021-09-05 23:51:34,262 :: INFO :: Control node : profile configuration
2021-09-05 23:51:34,279 :: INFO :: Configure profile on Control Node
2021-09-05 23:51:34,441 :: INFO :: Control node : start power of open node
2021-09-05 23:51:34,461 :: INFO :: Node OpenOCD: teardown of openocd node
2021-09-05 23:51:37,493 :: INFO :: openocd node debugger stop
2021-09-05 23:51:38,170 :: INFO :: Node OpenOCD: flash of openocd node
2021-09-05 23:51:38,184 :: INFO :: Flash firmware on OpenOCD: /usr/lib/python2.7/site-packages/gateway_code/static/m3_idle.elf
2021-09-05 23:51:40,671 :: INFO :: Control node : Stop control node serial interface
2021-09-05 23:51:40,680 :: INFO :: Control node : stop power of open node
2021-09-05 23:51:40,783 :: INFO :: Control node : reset
2021-09-05 23:51:40,789 :: INFO :: Reset Control Node
2021-09-05 23:51:43,670 :: INFO :: Stop experiment succeeded
