2021-09-05 22:51:15,001 :: INFO :: Start experiment: luna-276365
2021-09-05 22:51:15,004 :: INFO :: Control node : Starting of control node serial interface
2021-09-05 22:51:15,007 :: INFO :: Control node : reset
2021-09-05 22:51:15,009 :: INFO :: Reset Control Node
2021-09-05 22:51:17,891 :: INFO :: Control node : start power of open node
2021-09-05 22:51:17,919 :: INFO :: Node OpenOCD: Setup of openocd node
2021-09-05 22:51:20,957 :: INFO :: Node OpenOCD: flash of openocd node
2021-09-05 22:51:20,974 :: INFO :: Flash firmware on OpenOCD: /tmp/tmpvKiKoh--cb924b41fcfd3e3c0bada58631722ec6_unicast-sender-count-30T-100B.iotlab-m3
2021-09-05 22:51:27,983 :: INFO :: Control node : Start experiment
2021-09-05 22:51:28,016 :: INFO :: Control Node set time delay: 1312 us
2021-09-05 22:51:28,035 :: INFO :: Control node : profile configuration
2021-09-05 22:51:28,038 :: INFO :: Configure profile on Control Node
2021-09-05 22:51:28,082 :: INFO :: Start experiment succeeded
2021-09-05 23:51:34,157 :: INFO :: Gateway Manager : Stop experiment
2021-09-05 23:51:34,166 :: INFO :: Stop experiment
2021-09-05 23:51:34,176 :: INFO :: Control node : stop of the experiment
2021-09-05 23:51:34,183 :: INFO :: Control node : profile configuration
2021-09-05 23:51:34,191 :: INFO :: Configure profile on Control Node
2021-09-05 23:51:34,266 :: INFO :: Control node : start power of open node
2021-09-05 23:51:34,310 :: INFO :: Node OpenOCD: teardown of openocd node
2021-09-05 23:51:37,420 :: INFO :: openocd node debugger stop
2021-09-05 23:51:38,095 :: INFO :: Node OpenOCD: flash of openocd node
2021-09-05 23:51:38,103 :: INFO :: Flash firmware on OpenOCD: /usr/lib/python2.7/site-packages/gateway_code/static/m3_idle.elf
2021-09-05 23:51:40,611 :: INFO :: Control node : Stop control node serial interface
2021-09-05 23:51:40,615 :: INFO :: Control node : stop power of open node
2021-09-05 23:51:40,666 :: INFO :: Control node : reset
2021-09-05 23:51:40,670 :: INFO :: Reset Control Node
2021-09-05 23:51:43,554 :: INFO :: Stop experiment succeeded
