2021-09-05 22:51:14,983 :: INFO :: Start experiment: luna-276365
2021-09-05 22:51:14,987 :: INFO :: Control node : Starting of control node serial interface
2021-09-05 22:51:14,989 :: INFO :: Control node : reset
2021-09-05 22:51:14,992 :: INFO :: Reset Control Node
2021-09-05 22:51:17,924 :: INFO :: Control node : start power of open node
2021-09-05 22:51:17,951 :: INFO :: Node OpenOCD: Setup of openocd node
2021-09-05 22:51:20,989 :: INFO :: Node OpenOCD: flash of openocd node
2021-09-05 22:51:21,007 :: INFO :: Flash firmware on OpenOCD: /tmp/tmpHIFO7h--cb924b41fcfd3e3c0bada58631722ec6_unicast-sender-count-30T-100B.iotlab-m3
2021-09-05 22:51:28,014 :: INFO :: Control node : Start experiment
2021-09-05 22:51:28,067 :: INFO :: Control Node set time delay: 1221 us
2021-09-05 22:51:28,093 :: INFO :: Control node : profile configuration
2021-09-05 22:51:28,097 :: INFO :: Configure profile on Control Node
2021-09-05 22:51:28,138 :: INFO :: Start experiment succeeded
2021-09-05 23:51:34,152 :: INFO :: Gateway Manager : Stop experiment
2021-09-05 23:51:34,161 :: INFO :: Stop experiment
2021-09-05 23:51:34,169 :: INFO :: Control node : stop of the experiment
2021-09-05 23:51:34,176 :: INFO :: Control node : profile configuration
2021-09-05 23:51:34,183 :: INFO :: Configure profile on Control Node
2021-09-05 23:51:34,256 :: INFO :: Control node : start power of open node
2021-09-05 23:51:34,300 :: INFO :: Node OpenOCD: teardown of openocd node
2021-09-05 23:51:37,362 :: INFO :: openocd node debugger stop
2021-09-05 23:51:38,042 :: INFO :: Node OpenOCD: flash of openocd node
2021-09-05 23:51:38,057 :: INFO :: Flash firmware on OpenOCD: /usr/lib/python2.7/site-packages/gateway_code/static/m3_idle.elf
2021-09-05 23:51:40,578 :: INFO :: Control node : Stop control node serial interface
2021-09-05 23:51:40,587 :: INFO :: Control node : stop power of open node
2021-09-05 23:51:40,692 :: INFO :: Control node : reset
2021-09-05 23:51:40,699 :: INFO :: Reset Control Node
2021-09-05 23:51:43,570 :: INFO :: Stop experiment succeeded
