2021-09-05 22:51:15,003 :: INFO :: Start experiment: luna-276365
2021-09-05 22:51:15,007 :: INFO :: Control node : Starting of control node serial interface
2021-09-05 22:51:15,010 :: INFO :: Control node : reset
2021-09-05 22:51:15,012 :: INFO :: Reset Control Node
2021-09-05 22:51:17,966 :: INFO :: Control node : start power of open node
2021-09-05 22:51:18,022 :: INFO :: Node OpenOCD: Setup of openocd node
2021-09-05 22:51:21,069 :: INFO :: Node OpenOCD: flash of openocd node
2021-09-05 22:51:21,084 :: INFO :: Flash firmware on OpenOCD: /tmp/tmpVu71L_--cb924b41fcfd3e3c0bada58631722ec6_unicast-sender-count-30T-100B.iotlab-m3
2021-09-05 22:51:27,920 :: INFO :: Control node : Start experiment
2021-09-05 22:51:27,984 :: INFO :: Control Node set time delay: 1831 us
2021-09-05 22:51:28,017 :: INFO :: Control node : profile configuration
2021-09-05 22:51:28,023 :: INFO :: Configure profile on Control Node
2021-09-05 22:51:28,100 :: INFO :: Start experiment succeeded
2021-09-05 23:51:34,179 :: INFO :: Gateway Manager : Stop experiment
2021-09-05 23:51:34,189 :: INFO :: Stop experiment
2021-09-05 23:51:34,197 :: INFO :: Control node : stop of the experiment
2021-09-05 23:51:34,204 :: INFO :: Control node : profile configuration
2021-09-05 23:51:34,214 :: INFO :: Configure profile on Control Node
2021-09-05 23:51:34,286 :: INFO :: Control node : start power of open node
2021-09-05 23:51:34,330 :: INFO :: Node OpenOCD: teardown of openocd node
2021-09-05 23:51:37,391 :: INFO :: openocd node debugger stop
2021-09-05 23:51:38,083 :: INFO :: Node OpenOCD: flash of openocd node
2021-09-05 23:51:38,098 :: INFO :: Flash firmware on OpenOCD: /usr/lib/python2.7/site-packages/gateway_code/static/m3_idle.elf
2021-09-05 23:51:40,665 :: INFO :: Control node : Stop control node serial interface
2021-09-05 23:51:40,674 :: INFO :: Control node : stop power of open node
2021-09-05 23:51:40,768 :: INFO :: Control node : reset
2021-09-05 23:51:40,774 :: INFO :: Reset Control Node
2021-09-05 23:51:43,607 :: INFO :: Stop experiment succeeded
