2021-09-05 22:51:14,971 :: INFO :: Start experiment: luna-276365
2021-09-05 22:51:14,974 :: INFO :: Control node : Starting of control node serial interface
2021-09-05 22:51:14,977 :: INFO :: Control node : reset
2021-09-05 22:51:14,980 :: INFO :: Reset Control Node
2021-09-05 22:51:17,932 :: INFO :: Control node : start power of open node
2021-09-05 22:51:17,987 :: INFO :: Node OpenOCD: Setup of openocd node
2021-09-05 22:51:21,037 :: INFO :: Node OpenOCD: flash of openocd node
2021-09-05 22:51:21,053 :: INFO :: Flash firmware on OpenOCD: /tmp/tmpfYrE01--cb924b41fcfd3e3c0bada58631722ec6_unicast-sender-count-30T-100B.iotlab-m3
2021-09-05 22:51:27,919 :: INFO :: Control node : Start experiment
2021-09-05 22:51:27,995 :: INFO :: Control Node set time delay: 1526 us
2021-09-05 22:51:28,040 :: INFO :: Control node : profile configuration
2021-09-05 22:51:28,047 :: INFO :: Configure profile on Control Node
2021-09-05 22:51:28,088 :: INFO :: Start experiment succeeded
2021-09-05 23:51:34,166 :: INFO :: Gateway Manager : Stop experiment
2021-09-05 23:51:34,176 :: INFO :: Stop experiment
2021-09-05 23:51:34,184 :: INFO :: Control node : stop of the experiment
2021-09-05 23:51:34,192 :: INFO :: Control node : profile configuration
2021-09-05 23:51:34,199 :: INFO :: Configure profile on Control Node
2021-09-05 23:51:34,275 :: INFO :: Control node : start power of open node
2021-09-05 23:51:34,319 :: INFO :: Node OpenOCD: teardown of openocd node
2021-09-05 23:51:37,381 :: INFO :: openocd node debugger stop
2021-09-05 23:51:38,075 :: INFO :: Node OpenOCD: flash of openocd node
2021-09-05 23:51:38,090 :: INFO :: Flash firmware on OpenOCD: /usr/lib/python2.7/site-packages/gateway_code/static/m3_idle.elf
2021-09-05 23:51:40,603 :: INFO :: Control node : Stop control node serial interface
2021-09-05 23:51:40,611 :: INFO :: Control node : stop power of open node
2021-09-05 23:51:40,725 :: INFO :: Control node : reset
2021-09-05 23:51:40,732 :: INFO :: Reset Control Node
2021-09-05 23:51:43,613 :: INFO :: Stop experiment succeeded
