2021-09-05 22:51:14,969 :: INFO :: Start experiment: luna-276365
2021-09-05 22:51:14,972 :: INFO :: Control node : Starting of control node serial interface
2021-09-05 22:51:14,975 :: INFO :: Control node : reset
2021-09-05 22:51:14,977 :: INFO :: Reset Control Node
2021-09-05 22:51:17,986 :: INFO :: Control node : start power of open node
2021-09-05 22:51:18,046 :: INFO :: Node OpenOCD: Setup of openocd node
2021-09-05 22:51:21,087 :: INFO :: Node OpenOCD: flash of openocd node
2021-09-05 22:51:21,103 :: INFO :: Flash firmware on OpenOCD: /tmp/tmp4O9wXd--cb924b41fcfd3e3c0bada58631722ec6_unicast-sender-count-30T-100B.iotlab-m3
2021-09-05 22:51:28,058 :: INFO :: Control node : Start experiment
2021-09-05 22:51:28,129 :: INFO :: Control Node set time delay: 1557 us
2021-09-05 22:51:28,161 :: INFO :: Control node : profile configuration
2021-09-05 22:51:28,168 :: INFO :: Configure profile on Control Node
2021-09-05 22:51:28,248 :: INFO :: Start experiment succeeded
2021-09-05 23:51:34,193 :: INFO :: Gateway Manager : Stop experiment
2021-09-05 23:51:34,202 :: INFO :: Stop experiment
2021-09-05 23:51:34,211 :: INFO :: Control node : stop of the experiment
2021-09-05 23:51:34,218 :: INFO :: Control node : profile configuration
2021-09-05 23:51:34,225 :: INFO :: Configure profile on Control Node
2021-09-05 23:51:34,303 :: INFO :: Control node : start power of open node
2021-09-05 23:51:34,348 :: INFO :: Node OpenOCD: teardown of openocd node
2021-09-05 23:51:37,388 :: INFO :: openocd node debugger stop
2021-09-05 23:51:38,079 :: INFO :: Node OpenOCD: flash of openocd node
2021-09-05 23:51:38,094 :: INFO :: Flash firmware on OpenOCD: /usr/lib/python2.7/site-packages/gateway_code/static/m3_idle.elf
2021-09-05 23:51:40,667 :: INFO :: Control node : Stop control node serial interface
2021-09-05 23:51:40,676 :: INFO :: Control node : stop power of open node
2021-09-05 23:51:40,756 :: INFO :: Control node : reset
2021-09-05 23:51:40,763 :: INFO :: Reset Control Node
2021-09-05 23:51:43,648 :: INFO :: Stop experiment succeeded
