2021-09-05 22:51:14,995 :: INFO :: Start experiment: luna-276365
2021-09-05 22:51:14,999 :: INFO :: Control node : Starting of control node serial interface
2021-09-05 22:51:15,002 :: INFO :: Control node : reset
2021-09-05 22:51:15,004 :: INFO :: Reset Control Node
2021-09-05 22:51:17,957 :: INFO :: Control node : start power of open node
2021-09-05 22:51:18,012 :: INFO :: Node OpenOCD: Setup of openocd node
2021-09-05 22:51:21,064 :: INFO :: Node OpenOCD: flash of openocd node
2021-09-05 22:51:21,078 :: INFO :: Flash firmware on OpenOCD: /tmp/tmpAxGtg7--cb924b41fcfd3e3c0bada58631722ec6_unicast-sender-count-30T-100B.iotlab-m3
2021-09-05 22:51:27,923 :: INFO :: Control node : Start experiment
2021-09-05 22:51:27,996 :: INFO :: Control Node set time delay: 1434 us
2021-09-05 22:51:28,030 :: INFO :: Control node : profile configuration
2021-09-05 22:51:28,036 :: INFO :: Configure profile on Control Node
2021-09-05 22:51:28,114 :: INFO :: Start experiment succeeded
2021-09-05 23:51:34,167 :: INFO :: Gateway Manager : Stop experiment
2021-09-05 23:51:34,177 :: INFO :: Stop experiment
2021-09-05 23:51:34,185 :: INFO :: Control node : stop of the experiment
2021-09-05 23:51:34,193 :: INFO :: Control node : profile configuration
2021-09-05 23:51:34,203 :: INFO :: Configure profile on Control Node
2021-09-05 23:51:34,275 :: INFO :: Control node : start power of open node
2021-09-05 23:51:34,318 :: INFO :: Node OpenOCD: teardown of openocd node
2021-09-05 23:51:37,385 :: INFO :: openocd node debugger stop
2021-09-05 23:51:38,080 :: INFO :: Node OpenOCD: flash of openocd node
2021-09-05 23:51:38,095 :: INFO :: Flash firmware on OpenOCD: /usr/lib/python2.7/site-packages/gateway_code/static/m3_idle.elf
2021-09-05 23:51:40,663 :: INFO :: Control node : Stop control node serial interface
2021-09-05 23:51:40,667 :: INFO :: Control node : stop power of open node
2021-09-05 23:51:40,726 :: INFO :: Control node : reset
2021-09-05 23:51:40,730 :: INFO :: Reset Control Node
2021-09-05 23:51:43,607 :: INFO :: Stop experiment succeeded
