2021-09-05 11:35:46,436 :: INFO :: Start experiment: luna-276354
2021-09-05 11:35:46,439 :: INFO :: Control node : Starting of control node serial interface
2021-09-05 11:35:46,442 :: INFO :: Control node : reset
2021-09-05 11:35:46,444 :: INFO :: Reset Control Node
2021-09-05 11:35:49,400 :: INFO :: Control node : start power of open node
2021-09-05 11:35:49,454 :: INFO :: Node OpenOCD: Setup of openocd node
2021-09-05 11:35:52,494 :: INFO :: Node OpenOCD: flash of openocd node
2021-09-05 11:35:52,509 :: INFO :: Flash firmware on OpenOCD: /tmp/tmpblsXx0--9eca698c47b1367377dfc6ae1bda6964_unicast-sender-count-60T-20B.iotlab-m3
2021-09-05 11:35:59,411 :: INFO :: Control node : Start experiment
2021-09-05 11:35:59,475 :: INFO :: Control Node set time delay: 1587 us
2021-09-05 11:35:59,491 :: INFO :: Control node : profile configuration
2021-09-05 11:35:59,498 :: INFO :: Configure profile on Control Node
2021-09-05 11:35:59,544 :: INFO :: Start experiment succeeded
2021-09-05 12:37:05,525 :: INFO :: Gateway Manager : Stop experiment
2021-09-05 12:37:05,534 :: INFO :: Stop experiment
2021-09-05 12:37:05,542 :: INFO :: Control node : stop of the experiment
2021-09-05 12:37:05,550 :: INFO :: Control node : profile configuration
2021-09-05 12:37:05,559 :: INFO :: Configure profile on Control Node
2021-09-05 12:37:05,633 :: INFO :: Control node : start power of open node
2021-09-05 12:37:05,678 :: INFO :: Node OpenOCD: teardown of openocd node
2021-09-05 12:37:08,726 :: INFO :: openocd node debugger stop
2021-09-05 12:37:09,410 :: INFO :: Node OpenOCD: flash of openocd node
2021-09-05 12:37:09,418 :: INFO :: Flash firmware on OpenOCD: /usr/lib/python2.7/site-packages/gateway_code/static/m3_idle.elf
2021-09-05 12:37:11,926 :: INFO :: Control node : Stop control node serial interface
2021-09-05 12:37:11,935 :: INFO :: Control node : stop power of open node
2021-09-05 12:37:12,048 :: INFO :: Control node : reset
2021-09-05 12:37:12,054 :: INFO :: Reset Control Node
2021-09-05 12:37:14,891 :: INFO :: Stop experiment succeeded
