2021-09-05 11:35:46,475 :: INFO :: Start experiment: luna-276354
2021-09-05 11:35:46,479 :: INFO :: Control node : Starting of control node serial interface
2021-09-05 11:35:46,482 :: INFO :: Control node : reset
2021-09-05 11:35:46,485 :: INFO :: Reset Control Node
2021-09-05 11:35:49,441 :: INFO :: Control node : start power of open node
2021-09-05 11:35:49,497 :: INFO :: Node OpenOCD: Setup of openocd node
2021-09-05 11:35:52,549 :: INFO :: Node OpenOCD: flash of openocd node
2021-09-05 11:35:52,563 :: INFO :: Flash firmware on OpenOCD: /tmp/tmpeMY0In--9eca698c47b1367377dfc6ae1bda6964_unicast-sender-count-60T-20B.iotlab-m3
2021-09-05 11:35:59,488 :: INFO :: Control node : Start experiment
2021-09-05 11:35:59,541 :: INFO :: Control Node set time delay: 1770 us
2021-09-05 11:35:59,573 :: INFO :: Control node : profile configuration
2021-09-05 11:35:59,579 :: INFO :: Configure profile on Control Node
2021-09-05 11:35:59,623 :: INFO :: Start experiment succeeded
2021-09-05 12:37:05,538 :: INFO :: Gateway Manager : Stop experiment
2021-09-05 12:37:05,548 :: INFO :: Stop experiment
2021-09-05 12:37:05,557 :: INFO :: Control node : stop of the experiment
2021-09-05 12:37:05,564 :: INFO :: Control node : profile configuration
2021-09-05 12:37:05,571 :: INFO :: Configure profile on Control Node
2021-09-05 12:37:05,649 :: INFO :: Control node : start power of open node
2021-09-05 12:37:05,694 :: INFO :: Node OpenOCD: teardown of openocd node
2021-09-05 12:37:08,743 :: INFO :: openocd node debugger stop
2021-09-05 12:37:09,431 :: INFO :: Node OpenOCD: flash of openocd node
2021-09-05 12:37:09,445 :: INFO :: Flash firmware on OpenOCD: /usr/lib/python2.7/site-packages/gateway_code/static/m3_idle.elf
2021-09-05 12:37:12,063 :: INFO :: Control node : Stop control node serial interface
2021-09-05 12:37:12,072 :: INFO :: Control node : stop power of open node
2021-09-05 12:37:12,170 :: INFO :: Control node : reset
2021-09-05 12:37:12,177 :: INFO :: Reset Control Node
2021-09-05 12:37:15,064 :: INFO :: Stop experiment succeeded
