2021-09-05 11:35:46,369 :: INFO :: Start experiment: luna-276354
2021-09-05 11:35:46,373 :: INFO :: Control node : Starting of control node serial interface
2021-09-05 11:35:46,376 :: INFO :: Control node : reset
2021-09-05 11:35:46,378 :: INFO :: Reset Control Node
2021-09-05 11:35:49,338 :: INFO :: Control node : start power of open node
2021-09-05 11:35:49,393 :: INFO :: Node OpenOCD: Setup of openocd node
2021-09-05 11:35:52,440 :: INFO :: Node OpenOCD: flash of openocd node
2021-09-05 11:35:52,455 :: INFO :: Flash firmware on OpenOCD: /tmp/tmp6ZyiNL--9eca698c47b1367377dfc6ae1bda6964_unicast-sender-count-60T-20B.iotlab-m3
2021-09-05 11:35:59,353 :: INFO :: Control node : Start experiment
2021-09-05 11:35:59,407 :: INFO :: Control Node set time delay: 1953 us
2021-09-05 11:35:59,435 :: INFO :: Control node : profile configuration
2021-09-05 11:35:59,439 :: INFO :: Configure profile on Control Node
2021-09-05 11:35:59,481 :: INFO :: Start experiment succeeded
2021-09-05 12:37:05,549 :: INFO :: Gateway Manager : Stop experiment
2021-09-05 12:37:05,558 :: INFO :: Stop experiment
2021-09-05 12:37:05,566 :: INFO :: Control node : stop of the experiment
2021-09-05 12:37:05,574 :: INFO :: Control node : profile configuration
2021-09-05 12:37:05,581 :: INFO :: Configure profile on Control Node
2021-09-05 12:37:05,658 :: INFO :: Control node : start power of open node
2021-09-05 12:37:05,701 :: INFO :: Node OpenOCD: teardown of openocd node
2021-09-05 12:37:08,748 :: INFO :: openocd node debugger stop
2021-09-05 12:37:09,428 :: INFO :: Node OpenOCD: flash of openocd node
2021-09-05 12:37:09,435 :: INFO :: Flash firmware on OpenOCD: /usr/lib/python2.7/site-packages/gateway_code/static/m3_idle.elf
2021-09-05 12:37:11,944 :: INFO :: Control node : Stop control node serial interface
2021-09-05 12:37:11,953 :: INFO :: Control node : stop power of open node
2021-09-05 12:37:12,029 :: INFO :: Control node : reset
2021-09-05 12:37:12,035 :: INFO :: Reset Control Node
2021-09-05 12:37:14,929 :: INFO :: Stop experiment succeeded
