2021-09-05 11:35:46,469 :: INFO :: Start experiment: luna-276354
2021-09-05 11:35:46,473 :: INFO :: Control node : Starting of control node serial interface
2021-09-05 11:35:46,475 :: INFO :: Control node : reset
2021-09-05 11:35:46,478 :: INFO :: Reset Control Node
2021-09-05 11:35:49,398 :: INFO :: Control node : start power of open node
2021-09-05 11:35:49,427 :: INFO :: Node OpenOCD: Setup of openocd node
2021-09-05 11:35:52,469 :: INFO :: Node OpenOCD: flash of openocd node
2021-09-05 11:35:52,487 :: INFO :: Flash firmware on OpenOCD: /tmp/tmpquVOE3--9eca698c47b1367377dfc6ae1bda6964_unicast-sender-count-60T-20B.iotlab-m3
2021-09-05 11:35:59,388 :: INFO :: Control node : Start experiment
2021-09-05 11:35:59,481 :: INFO :: Control Node set time delay: 1892 us
2021-09-05 11:35:59,498 :: INFO :: Control node : profile configuration
2021-09-05 11:35:59,505 :: INFO :: Configure profile on Control Node
2021-09-05 11:35:59,586 :: INFO :: Start experiment succeeded
2021-09-05 12:37:05,538 :: INFO :: Gateway Manager : Stop experiment
2021-09-05 12:37:05,547 :: INFO :: Stop experiment
2021-09-05 12:37:05,556 :: INFO :: Control node : stop of the experiment
2021-09-05 12:37:05,563 :: INFO :: Control node : profile configuration
2021-09-05 12:37:05,570 :: INFO :: Configure profile on Control Node
2021-09-05 12:37:05,645 :: INFO :: Control node : start power of open node
2021-09-05 12:37:05,689 :: INFO :: Node OpenOCD: teardown of openocd node
2021-09-05 12:37:08,740 :: INFO :: openocd node debugger stop
2021-09-05 12:37:09,425 :: INFO :: Node OpenOCD: flash of openocd node
2021-09-05 12:37:09,439 :: INFO :: Flash firmware on OpenOCD: /usr/lib/python2.7/site-packages/gateway_code/static/m3_idle.elf
2021-09-05 12:37:11,952 :: INFO :: Control node : Stop control node serial interface
2021-09-05 12:37:11,957 :: INFO :: Control node : stop power of open node
2021-09-05 12:37:12,018 :: INFO :: Control node : reset
2021-09-05 12:37:12,021 :: INFO :: Reset Control Node
2021-09-05 12:37:14,948 :: INFO :: Stop experiment succeeded
