2021-09-05 11:35:46,436 :: INFO :: Start experiment: luna-276354
2021-09-05 11:35:46,439 :: INFO :: Control node : Starting of control node serial interface
2021-09-05 11:35:46,442 :: INFO :: Control node : reset
2021-09-05 11:35:46,445 :: INFO :: Reset Control Node
2021-09-05 11:35:49,368 :: INFO :: Control node : start power of open node
2021-09-05 11:35:49,396 :: INFO :: Node OpenOCD: Setup of openocd node
2021-09-05 11:35:52,437 :: INFO :: Node OpenOCD: flash of openocd node
2021-09-05 11:35:52,455 :: INFO :: Flash firmware on OpenOCD: /tmp/tmpfPVl1E--ddd0625ff8382e7208c25657471d6a4a_unicast-receiver-count.iotlab-m3
2021-09-05 11:35:59,358 :: INFO :: Control node : Start experiment
2021-09-05 11:35:59,384 :: INFO :: Control Node set time delay: 1282 us
2021-09-05 11:35:59,401 :: INFO :: Control node : profile configuration
2021-09-05 11:35:59,404 :: INFO :: Configure profile on Control Node
2021-09-05 11:35:59,450 :: INFO :: Start experiment succeeded
2021-09-05 12:37:05,529 :: INFO :: Gateway Manager : Stop experiment
2021-09-05 12:37:05,538 :: INFO :: Stop experiment
2021-09-05 12:37:05,545 :: INFO :: Control node : stop of the experiment
2021-09-05 12:37:05,552 :: INFO :: Control node : profile configuration
2021-09-05 12:37:05,559 :: INFO :: Configure profile on Control Node
2021-09-05 12:37:05,627 :: INFO :: Control node : start power of open node
2021-09-05 12:37:05,666 :: INFO :: Node OpenOCD: teardown of openocd node
2021-09-05 12:37:08,704 :: INFO :: openocd node debugger stop
2021-09-05 12:37:09,385 :: INFO :: Node OpenOCD: flash of openocd node
2021-09-05 12:37:09,400 :: INFO :: Flash firmware on OpenOCD: /usr/lib/python2.7/site-packages/gateway_code/static/m3_idle.elf
2021-09-05 12:37:11,965 :: INFO :: Control node : Stop control node serial interface
2021-09-05 12:37:11,974 :: INFO :: Control node : stop power of open node
2021-09-05 12:37:12,061 :: INFO :: Control node : reset
2021-09-05 12:37:12,068 :: INFO :: Reset Control Node
2021-09-05 12:37:14,907 :: INFO :: Stop experiment succeeded
