2021-09-05 11:35:46,397 :: INFO :: Start experiment: luna-276354
2021-09-05 11:35:46,400 :: INFO :: Control node : Starting of control node serial interface
2021-09-05 11:35:46,403 :: INFO :: Control node : reset
2021-09-05 11:35:46,406 :: INFO :: Reset Control Node
2021-09-05 11:35:49,361 :: INFO :: Control node : start power of open node
2021-09-05 11:35:49,416 :: INFO :: Node OpenOCD: Setup of openocd node
2021-09-05 11:35:52,467 :: INFO :: Node OpenOCD: flash of openocd node
2021-09-05 11:35:52,482 :: INFO :: Flash firmware on OpenOCD: /tmp/tmpToBD9w--9eca698c47b1367377dfc6ae1bda6964_unicast-sender-count-60T-20B.iotlab-m3
2021-09-05 11:35:59,392 :: INFO :: Control node : Start experiment
2021-09-05 11:35:59,456 :: INFO :: Control Node set time delay: 1678 us
2021-09-05 11:35:59,474 :: INFO :: Control node : profile configuration
2021-09-05 11:35:59,481 :: INFO :: Configure profile on Control Node
2021-09-05 11:35:59,526 :: INFO :: Start experiment succeeded
2021-09-05 12:37:05,571 :: INFO :: Gateway Manager : Stop experiment
2021-09-05 12:37:05,592 :: INFO :: Stop experiment
2021-09-05 12:37:05,610 :: INFO :: Control node : stop of the experiment
2021-09-05 12:37:05,626 :: INFO :: Control node : profile configuration
2021-09-05 12:37:05,648 :: INFO :: Configure profile on Control Node
2021-09-05 12:37:05,818 :: INFO :: Control node : start power of open node
2021-09-05 12:37:05,837 :: INFO :: Node OpenOCD: teardown of openocd node
2021-09-05 12:37:08,870 :: INFO :: openocd node debugger stop
2021-09-05 12:37:09,560 :: INFO :: Node OpenOCD: flash of openocd node
2021-09-05 12:37:09,574 :: INFO :: Flash firmware on OpenOCD: /usr/lib/python2.7/site-packages/gateway_code/static/m3_idle.elf
2021-09-05 12:37:12,136 :: INFO :: Control node : Stop control node serial interface
2021-09-05 12:37:12,145 :: INFO :: Control node : stop power of open node
2021-09-05 12:37:12,253 :: INFO :: Control node : reset
2021-09-05 12:37:12,259 :: INFO :: Reset Control Node
2021-09-05 12:37:15,151 :: INFO :: Stop experiment succeeded
