2021-09-05 11:35:46,458 :: INFO :: Start experiment: luna-276354
2021-09-05 11:35:46,462 :: INFO :: Control node : Starting of control node serial interface
2021-09-05 11:35:46,465 :: INFO :: Control node : reset
2021-09-05 11:35:46,467 :: INFO :: Reset Control Node
2021-09-05 11:35:49,361 :: INFO :: Control node : start power of open node
2021-09-05 11:35:49,389 :: INFO :: Node OpenOCD: Setup of openocd node
2021-09-05 11:35:52,428 :: INFO :: Node OpenOCD: flash of openocd node
2021-09-05 11:35:52,446 :: INFO :: Flash firmware on OpenOCD: /tmp/tmpPdLHKv--9eca698c47b1367377dfc6ae1bda6964_unicast-sender-count-60T-20B.iotlab-m3
2021-09-05 11:35:59,280 :: INFO :: Control node : Start experiment
2021-09-05 11:35:59,354 :: INFO :: Control Node set time delay: 1739 us
2021-09-05 11:35:59,377 :: INFO :: Control node : profile configuration
2021-09-05 11:35:59,383 :: INFO :: Configure profile on Control Node
2021-09-05 11:35:59,465 :: INFO :: Start experiment succeeded
2021-09-05 12:37:05,544 :: INFO :: Gateway Manager : Stop experiment
2021-09-05 12:37:05,553 :: INFO :: Stop experiment
2021-09-05 12:37:05,561 :: INFO :: Control node : stop of the experiment
2021-09-05 12:37:05,569 :: INFO :: Control node : profile configuration
2021-09-05 12:37:05,579 :: INFO :: Configure profile on Control Node
2021-09-05 12:37:05,656 :: INFO :: Control node : start power of open node
2021-09-05 12:37:05,699 :: INFO :: Node OpenOCD: teardown of openocd node
2021-09-05 12:37:08,747 :: INFO :: openocd node debugger stop
2021-09-05 12:37:09,433 :: INFO :: Node OpenOCD: flash of openocd node
2021-09-05 12:37:09,440 :: INFO :: Flash firmware on OpenOCD: /usr/lib/python2.7/site-packages/gateway_code/static/m3_idle.elf
2021-09-05 12:37:11,896 :: INFO :: Control node : Stop control node serial interface
2021-09-05 12:37:11,905 :: INFO :: Control node : stop power of open node
2021-09-05 12:37:12,010 :: INFO :: Control node : reset
2021-09-05 12:37:12,016 :: INFO :: Reset Control Node
2021-09-05 12:37:14,903 :: INFO :: Stop experiment succeeded
