2021-09-05 11:35:46,459 :: INFO :: Start experiment: luna-276354
2021-09-05 11:35:46,464 :: INFO :: Control node : Starting of control node serial interface
2021-09-05 11:35:46,467 :: INFO :: Control node : reset
2021-09-05 11:35:46,470 :: INFO :: Reset Control Node
2021-09-05 11:35:49,469 :: INFO :: Control node : start power of open node
2021-09-05 11:35:49,486 :: INFO :: Node OpenOCD: Setup of openocd node
2021-09-05 11:35:52,514 :: INFO :: Node OpenOCD: flash of openocd node
2021-09-05 11:35:52,532 :: INFO :: Flash firmware on OpenOCD: /tmp/tmpINdNBo--9eca698c47b1367377dfc6ae1bda6964_unicast-sender-count-60T-20B.iotlab-m3
2021-09-05 11:35:59,491 :: INFO :: Control node : Start experiment
2021-09-05 11:35:59,573 :: INFO :: Control Node set time delay: 1160 us
2021-09-05 11:35:59,596 :: INFO :: Control node : profile configuration
2021-09-05 11:35:59,602 :: INFO :: Configure profile on Control Node
2021-09-05 11:35:59,684 :: INFO :: Start experiment succeeded
2021-09-05 12:37:05,556 :: INFO :: Gateway Manager : Stop experiment
2021-09-05 12:37:05,565 :: INFO :: Stop experiment
2021-09-05 12:37:05,574 :: INFO :: Control node : stop of the experiment
2021-09-05 12:37:05,582 :: INFO :: Control node : profile configuration
2021-09-05 12:37:05,589 :: INFO :: Configure profile on Control Node
2021-09-05 12:37:05,666 :: INFO :: Control node : start power of open node
2021-09-05 12:37:05,714 :: INFO :: Node OpenOCD: teardown of openocd node
2021-09-05 12:37:08,758 :: INFO :: openocd node debugger stop
2021-09-05 12:37:09,315 :: INFO :: Node OpenOCD: flash of openocd node
2021-09-05 12:37:09,322 :: INFO :: Flash firmware on OpenOCD: /usr/lib/python2.7/site-packages/gateway_code/static/m3_idle.elf
2021-09-05 12:37:11,826 :: INFO :: Control node : Stop control node serial interface
2021-09-05 12:37:11,835 :: INFO :: Control node : stop power of open node
2021-09-05 12:37:11,920 :: INFO :: Control node : reset
2021-09-05 12:37:11,927 :: INFO :: Reset Control Node
2021-09-05 12:37:14,818 :: INFO :: Stop experiment succeeded
