2021-09-05 11:35:46,442 :: INFO :: Start experiment: luna-276354
2021-09-05 11:35:46,445 :: INFO :: Control node : Starting of control node serial interface
2021-09-05 11:35:46,448 :: INFO :: Control node : reset
2021-09-05 11:35:46,450 :: INFO :: Reset Control Node
2021-09-05 11:35:49,402 :: INFO :: Control node : start power of open node
2021-09-05 11:35:49,459 :: INFO :: Node OpenOCD: Setup of openocd node
2021-09-05 11:35:52,512 :: INFO :: Node OpenOCD: flash of openocd node
2021-09-05 11:35:52,527 :: INFO :: Flash firmware on OpenOCD: /tmp/tmpG6RG2G--9eca698c47b1367377dfc6ae1bda6964_unicast-sender-count-60T-20B.iotlab-m3
2021-09-05 11:35:59,499 :: INFO :: Control node : Start experiment
2021-09-05 11:35:59,546 :: INFO :: Control Node set time delay: 1496 us
2021-09-05 11:35:59,564 :: INFO :: Control node : profile configuration
2021-09-05 11:35:59,568 :: INFO :: Configure profile on Control Node
2021-09-05 11:35:59,610 :: INFO :: Start experiment succeeded
2021-09-05 12:37:05,569 :: INFO :: Gateway Manager : Stop experiment
2021-09-05 12:37:05,590 :: INFO :: Stop experiment
2021-09-05 12:37:05,610 :: INFO :: Control node : stop of the experiment
2021-09-05 12:37:05,627 :: INFO :: Control node : profile configuration
2021-09-05 12:37:05,643 :: INFO :: Configure profile on Control Node
2021-09-05 12:37:05,736 :: INFO :: Control node : start power of open node
2021-09-05 12:37:05,766 :: INFO :: Node OpenOCD: teardown of openocd node
2021-09-05 12:37:08,799 :: INFO :: openocd node debugger stop
2021-09-05 12:37:09,487 :: INFO :: Node OpenOCD: flash of openocd node
2021-09-05 12:37:09,502 :: INFO :: Flash firmware on OpenOCD: /usr/lib/python2.7/site-packages/gateway_code/static/m3_idle.elf
2021-09-05 12:37:12,125 :: INFO :: Control node : Stop control node serial interface
2021-09-05 12:37:12,133 :: INFO :: Control node : stop power of open node
2021-09-05 12:37:12,216 :: INFO :: Control node : reset
2021-09-05 12:37:12,223 :: INFO :: Reset Control Node
2021-09-05 12:37:15,098 :: INFO :: Stop experiment succeeded
