2021-09-05 11:35:46,425 :: INFO :: Start experiment: luna-276354
2021-09-05 11:35:46,429 :: INFO :: Control node : Starting of control node serial interface
2021-09-05 11:35:46,432 :: INFO :: Control node : reset
2021-09-05 11:35:46,434 :: INFO :: Reset Control Node
2021-09-05 11:35:49,391 :: INFO :: Control node : start power of open node
2021-09-05 11:35:49,447 :: INFO :: Node OpenOCD: Setup of openocd node
2021-09-05 11:35:52,499 :: INFO :: Node OpenOCD: flash of openocd node
2021-09-05 11:35:52,513 :: INFO :: Flash firmware on OpenOCD: /tmp/tmpoVedbN--9eca698c47b1367377dfc6ae1bda6964_unicast-sender-count-60T-20B.iotlab-m3
2021-09-05 11:35:59,418 :: INFO :: Control node : Start experiment
2021-09-05 11:35:59,455 :: INFO :: Control Node set time delay: 1282 us
2021-09-05 11:35:59,487 :: INFO :: Control node : profile configuration
2021-09-05 11:35:59,493 :: INFO :: Configure profile on Control Node
2021-09-05 11:35:59,572 :: INFO :: Start experiment succeeded
2021-09-05 12:37:05,569 :: INFO :: Gateway Manager : Stop experiment
2021-09-05 12:37:05,589 :: INFO :: Stop experiment
2021-09-05 12:37:05,610 :: INFO :: Control node : stop of the experiment
2021-09-05 12:37:05,626 :: INFO :: Control node : profile configuration
2021-09-05 12:37:05,642 :: INFO :: Configure profile on Control Node
2021-09-05 12:37:05,810 :: INFO :: Control node : start power of open node
2021-09-05 12:37:05,829 :: INFO :: Node OpenOCD: teardown of openocd node
2021-09-05 12:37:08,865 :: INFO :: openocd node debugger stop
2021-09-05 12:37:09,552 :: INFO :: Node OpenOCD: flash of openocd node
2021-09-05 12:37:09,567 :: INFO :: Flash firmware on OpenOCD: /usr/lib/python2.7/site-packages/gateway_code/static/m3_idle.elf
2021-09-05 12:37:12,178 :: INFO :: Control node : Stop control node serial interface
2021-09-05 12:37:12,183 :: INFO :: Control node : stop power of open node
2021-09-05 12:37:12,243 :: INFO :: Control node : reset
2021-09-05 12:37:12,250 :: INFO :: Reset Control Node
2021-09-05 12:37:15,128 :: INFO :: Stop experiment succeeded
