2021-09-05 11:35:46,455 :: INFO :: Start experiment: luna-276354
2021-09-05 11:35:46,458 :: INFO :: Control node : Starting of control node serial interface
2021-09-05 11:35:46,461 :: INFO :: Control node : reset
2021-09-05 11:35:46,464 :: INFO :: Reset Control Node
2021-09-05 11:35:49,418 :: INFO :: Control node : start power of open node
2021-09-05 11:35:49,436 :: INFO :: Node OpenOCD: Setup of openocd node
2021-09-05 11:35:52,466 :: INFO :: Node OpenOCD: flash of openocd node
2021-09-05 11:35:52,484 :: INFO :: Flash firmware on OpenOCD: /tmp/tmpw75hPX--9eca698c47b1367377dfc6ae1bda6964_unicast-sender-count-60T-20B.iotlab-m3
2021-09-05 11:35:59,386 :: INFO :: Control node : Start experiment
2021-09-05 11:35:59,442 :: INFO :: Control Node set time delay: 1526 us
2021-09-05 11:35:59,465 :: INFO :: Control node : profile configuration
2021-09-05 11:35:59,472 :: INFO :: Configure profile on Control Node
2021-09-05 11:35:59,552 :: INFO :: Start experiment succeeded
2021-09-05 12:37:05,545 :: INFO :: Gateway Manager : Stop experiment
2021-09-05 12:37:05,554 :: INFO :: Stop experiment
2021-09-05 12:37:05,563 :: INFO :: Control node : stop of the experiment
2021-09-05 12:37:05,570 :: INFO :: Control node : profile configuration
2021-09-05 12:37:05,580 :: INFO :: Configure profile on Control Node
2021-09-05 12:37:05,654 :: INFO :: Control node : start power of open node
2021-09-05 12:37:05,700 :: INFO :: Node OpenOCD: teardown of openocd node
2021-09-05 12:37:08,748 :: INFO :: openocd node debugger stop
2021-09-05 12:37:09,432 :: INFO :: Node OpenOCD: flash of openocd node
2021-09-05 12:37:09,438 :: INFO :: Flash firmware on OpenOCD: /usr/lib/python2.7/site-packages/gateway_code/static/m3_idle.elf
2021-09-05 12:37:11,947 :: INFO :: Control node : Stop control node serial interface
2021-09-05 12:37:11,952 :: INFO :: Control node : stop power of open node
2021-09-05 12:37:12,005 :: INFO :: Control node : reset
2021-09-05 12:37:12,009 :: INFO :: Reset Control Node
2021-09-05 12:37:14,894 :: INFO :: Stop experiment succeeded
