2021-09-05 11:35:46,459 :: INFO :: Start experiment: luna-276354
2021-09-05 11:35:46,463 :: INFO :: Control node : Starting of control node serial interface
2021-09-05 11:35:46,466 :: INFO :: Control node : reset
2021-09-05 11:35:46,468 :: INFO :: Reset Control Node
2021-09-05 11:35:49,405 :: INFO :: Control node : start power of open node
2021-09-05 11:35:49,433 :: INFO :: Node OpenOCD: Setup of openocd node
2021-09-05 11:35:52,470 :: INFO :: Node OpenOCD: flash of openocd node
2021-09-05 11:35:52,488 :: INFO :: Flash firmware on OpenOCD: /tmp/tmpbpqFgo--9eca698c47b1367377dfc6ae1bda6964_unicast-sender-count-60T-20B.iotlab-m3
2021-09-05 11:35:59,491 :: INFO :: Control node : Start experiment
2021-09-05 11:35:59,545 :: INFO :: Control Node set time delay: 1770 us
2021-09-05 11:35:59,570 :: INFO :: Control node : profile configuration
2021-09-05 11:35:59,577 :: INFO :: Configure profile on Control Node
2021-09-05 11:35:59,656 :: INFO :: Start experiment succeeded
2021-09-05 12:37:05,542 :: INFO :: Gateway Manager : Stop experiment
2021-09-05 12:37:05,551 :: INFO :: Stop experiment
2021-09-05 12:37:05,560 :: INFO :: Control node : stop of the experiment
2021-09-05 12:37:05,567 :: INFO :: Control node : profile configuration
2021-09-05 12:37:05,574 :: INFO :: Configure profile on Control Node
2021-09-05 12:37:05,649 :: INFO :: Control node : start power of open node
2021-09-05 12:37:05,692 :: INFO :: Node OpenOCD: teardown of openocd node
2021-09-05 12:37:08,741 :: INFO :: openocd node debugger stop
2021-09-05 12:37:09,434 :: INFO :: Node OpenOCD: flash of openocd node
2021-09-05 12:37:09,448 :: INFO :: Flash firmware on OpenOCD: /usr/lib/python2.7/site-packages/gateway_code/static/m3_idle.elf
2021-09-05 12:37:11,989 :: INFO :: Control node : Stop control node serial interface
2021-09-05 12:37:11,998 :: INFO :: Control node : stop power of open node
2021-09-05 12:37:12,093 :: INFO :: Control node : reset
2021-09-05 12:37:12,100 :: INFO :: Reset Control Node
2021-09-05 12:37:14,983 :: INFO :: Stop experiment succeeded
