2021-09-05 11:35:46,448 :: INFO :: Start experiment: luna-276354
2021-09-05 11:35:46,452 :: INFO :: Control node : Starting of control node serial interface
2021-09-05 11:35:46,454 :: INFO :: Control node : reset
2021-09-05 11:35:46,457 :: INFO :: Reset Control Node
2021-09-05 11:35:49,409 :: INFO :: Control node : start power of open node
2021-09-05 11:35:49,431 :: INFO :: Node OpenOCD: Setup of openocd node
2021-09-05 11:35:52,467 :: INFO :: Node OpenOCD: flash of openocd node
2021-09-05 11:35:52,484 :: INFO :: Flash firmware on OpenOCD: /tmp/tmpjCbjpT--9eca698c47b1367377dfc6ae1bda6964_unicast-sender-count-60T-20B.iotlab-m3
2021-09-05 11:35:59,441 :: INFO :: Control node : Start experiment
2021-09-05 11:35:59,500 :: INFO :: Control Node set time delay: 1831 us
2021-09-05 11:35:59,522 :: INFO :: Control node : profile configuration
2021-09-05 11:35:59,529 :: INFO :: Configure profile on Control Node
2021-09-05 11:35:59,582 :: INFO :: Start experiment succeeded
2021-09-05 12:37:05,534 :: INFO :: Gateway Manager : Stop experiment
2021-09-05 12:37:05,544 :: INFO :: Stop experiment
2021-09-05 12:37:05,552 :: INFO :: Control node : stop of the experiment
2021-09-05 12:37:05,562 :: INFO :: Control node : profile configuration
2021-09-05 12:37:05,570 :: INFO :: Configure profile on Control Node
2021-09-05 12:37:05,642 :: INFO :: Control node : start power of open node
2021-09-05 12:37:05,686 :: INFO :: Node OpenOCD: teardown of openocd node
2021-09-05 12:37:08,729 :: INFO :: openocd node debugger stop
2021-09-05 12:37:09,411 :: INFO :: Node OpenOCD: flash of openocd node
2021-09-05 12:37:09,418 :: INFO :: Flash firmware on OpenOCD: /usr/lib/python2.7/site-packages/gateway_code/static/m3_idle.elf
2021-09-05 12:37:11,923 :: INFO :: Control node : Stop control node serial interface
2021-09-05 12:37:11,931 :: INFO :: Control node : stop power of open node
2021-09-05 12:37:12,040 :: INFO :: Control node : reset
2021-09-05 12:37:12,047 :: INFO :: Reset Control Node
2021-09-05 12:37:14,935 :: INFO :: Stop experiment succeeded
