2021-09-05 11:35:46,377 :: INFO :: Start experiment: luna-276354
2021-09-05 11:35:46,380 :: INFO :: Control node : Starting of control node serial interface
2021-09-05 11:35:46,383 :: INFO :: Control node : reset
2021-09-05 11:35:46,385 :: INFO :: Reset Control Node
2021-09-05 11:35:49,340 :: INFO :: Control node : start power of open node
2021-09-05 11:35:49,397 :: INFO :: Node OpenOCD: Setup of openocd node
2021-09-05 11:35:52,439 :: INFO :: Node OpenOCD: flash of openocd node
2021-09-05 11:35:52,453 :: INFO :: Flash firmware on OpenOCD: /tmp/tmpQ7D1wX--9eca698c47b1367377dfc6ae1bda6964_unicast-sender-count-60T-20B.iotlab-m3
2021-09-05 11:35:59,348 :: INFO :: Control node : Start experiment
2021-09-05 11:35:59,405 :: INFO :: Control Node set time delay: 1587 us
2021-09-05 11:35:59,430 :: INFO :: Control node : profile configuration
2021-09-05 11:35:59,437 :: INFO :: Configure profile on Control Node
2021-09-05 11:35:59,516 :: INFO :: Start experiment succeeded
2021-09-05 12:37:05,529 :: INFO :: Gateway Manager : Stop experiment
2021-09-05 12:37:05,538 :: INFO :: Stop experiment
2021-09-05 12:37:05,547 :: INFO :: Control node : stop of the experiment
2021-09-05 12:37:05,554 :: INFO :: Control node : profile configuration
2021-09-05 12:37:05,561 :: INFO :: Configure profile on Control Node
2021-09-05 12:37:05,633 :: INFO :: Control node : start power of open node
2021-09-05 12:37:05,676 :: INFO :: Node OpenOCD: teardown of openocd node
2021-09-05 12:37:08,717 :: INFO :: openocd node debugger stop
2021-09-05 12:37:09,399 :: INFO :: Node OpenOCD: flash of openocd node
2021-09-05 12:37:09,413 :: INFO :: Flash firmware on OpenOCD: /usr/lib/python2.7/site-packages/gateway_code/static/m3_idle.elf
2021-09-05 12:37:11,950 :: INFO :: Control node : Stop control node serial interface
2021-09-05 12:37:11,955 :: INFO :: Control node : stop power of open node
2021-09-05 12:37:12,018 :: INFO :: Control node : reset
2021-09-05 12:37:12,024 :: INFO :: Reset Control Node
2021-09-05 12:37:14,965 :: INFO :: Stop experiment succeeded
