2021-09-05 11:35:46,431 :: INFO :: Start experiment: luna-276354
2021-09-05 11:35:46,435 :: INFO :: Control node : Starting of control node serial interface
2021-09-05 11:35:46,438 :: INFO :: Control node : reset
2021-09-05 11:35:46,440 :: INFO :: Reset Control Node
2021-09-05 11:35:49,393 :: INFO :: Control node : start power of open node
2021-09-05 11:35:49,450 :: INFO :: Node OpenOCD: Setup of openocd node
2021-09-05 11:35:52,492 :: INFO :: Node OpenOCD: flash of openocd node
2021-09-05 11:35:52,507 :: INFO :: Flash firmware on OpenOCD: /tmp/tmp6rMpuB--9eca698c47b1367377dfc6ae1bda6964_unicast-sender-count-60T-20B.iotlab-m3
2021-09-05 11:35:59,519 :: INFO :: Control node : Start experiment
2021-09-05 11:35:59,577 :: INFO :: Control Node set time delay: 1129 us
2021-09-05 11:35:59,600 :: INFO :: Control node : profile configuration
2021-09-05 11:35:59,607 :: INFO :: Configure profile on Control Node
2021-09-05 11:35:59,655 :: INFO :: Start experiment succeeded
2021-09-05 12:37:05,532 :: INFO :: Gateway Manager : Stop experiment
2021-09-05 12:37:05,541 :: INFO :: Stop experiment
2021-09-05 12:37:05,551 :: INFO :: Control node : stop of the experiment
2021-09-05 12:37:05,558 :: INFO :: Control node : profile configuration
2021-09-05 12:37:05,565 :: INFO :: Configure profile on Control Node
2021-09-05 12:37:05,638 :: INFO :: Control node : start power of open node
2021-09-05 12:37:05,682 :: INFO :: Node OpenOCD: teardown of openocd node
2021-09-05 12:37:08,718 :: INFO :: openocd node debugger stop
2021-09-05 12:37:09,379 :: INFO :: Node OpenOCD: flash of openocd node
2021-09-05 12:37:09,386 :: INFO :: Flash firmware on OpenOCD: /usr/lib/python2.7/site-packages/gateway_code/static/m3_idle.elf
2021-09-05 12:37:11,893 :: INFO :: Control node : Stop control node serial interface
2021-09-05 12:37:11,902 :: INFO :: Control node : stop power of open node
2021-09-05 12:37:11,998 :: INFO :: Control node : reset
2021-09-05 12:37:12,001 :: INFO :: Reset Control Node
2021-09-05 12:37:14,864 :: INFO :: Stop experiment succeeded
