2021-09-05 11:35:46,442 :: INFO :: Start experiment: luna-276354
2021-09-05 11:35:46,445 :: INFO :: Control node : Starting of control node serial interface
2021-09-05 11:35:46,448 :: INFO :: Control node : reset
2021-09-05 11:35:46,450 :: INFO :: Reset Control Node
2021-09-05 11:35:49,371 :: INFO :: Control node : start power of open node
2021-09-05 11:35:49,398 :: INFO :: Node OpenOCD: Setup of openocd node
2021-09-05 11:35:52,439 :: INFO :: Node OpenOCD: flash of openocd node
2021-09-05 11:35:52,457 :: INFO :: Flash firmware on OpenOCD: /tmp/tmpSYHA1k--9eca698c47b1367377dfc6ae1bda6964_unicast-sender-count-60T-20B.iotlab-m3
2021-09-05 11:35:59,480 :: INFO :: Control node : Start experiment
2021-09-05 11:35:59,530 :: INFO :: Control Node set time delay: 1404 us
2021-09-05 11:35:59,558 :: INFO :: Control node : profile configuration
2021-09-05 11:35:59,562 :: INFO :: Configure profile on Control Node
2021-09-05 11:35:59,604 :: INFO :: Start experiment succeeded
2021-09-05 12:37:05,549 :: INFO :: Gateway Manager : Stop experiment
2021-09-05 12:37:05,558 :: INFO :: Stop experiment
2021-09-05 12:37:05,567 :: INFO :: Control node : stop of the experiment
2021-09-05 12:37:05,574 :: INFO :: Control node : profile configuration
2021-09-05 12:37:05,585 :: INFO :: Configure profile on Control Node
2021-09-05 12:37:05,658 :: INFO :: Control node : start power of open node
2021-09-05 12:37:05,703 :: INFO :: Node OpenOCD: teardown of openocd node
2021-09-05 12:37:08,753 :: INFO :: openocd node debugger stop
2021-09-05 12:37:09,443 :: INFO :: Node OpenOCD: flash of openocd node
2021-09-05 12:37:09,457 :: INFO :: Flash firmware on OpenOCD: /usr/lib/python2.7/site-packages/gateway_code/static/m3_idle.elf
2021-09-05 12:37:11,972 :: INFO :: Control node : Stop control node serial interface
2021-09-05 12:37:11,981 :: INFO :: Control node : stop power of open node
2021-09-05 12:37:12,085 :: INFO :: Control node : reset
2021-09-05 12:37:12,092 :: INFO :: Reset Control Node
2021-09-05 12:37:14,912 :: INFO :: Stop experiment succeeded
