2021-09-05 11:35:46,399 :: INFO :: Start experiment: luna-276354
2021-09-05 11:35:46,402 :: INFO :: Control node : Starting of control node serial interface
2021-09-05 11:35:46,405 :: INFO :: Control node : reset
2021-09-05 11:35:46,408 :: INFO :: Reset Control Node
2021-09-05 11:35:49,359 :: INFO :: Control node : start power of open node
2021-09-05 11:35:49,414 :: INFO :: Node OpenOCD: Setup of openocd node
2021-09-05 11:35:52,457 :: INFO :: Node OpenOCD: flash of openocd node
2021-09-05 11:35:52,473 :: INFO :: Flash firmware on OpenOCD: /tmp/tmp6rXdhV--9eca698c47b1367377dfc6ae1bda6964_unicast-sender-count-60T-20B.iotlab-m3
2021-09-05 11:35:59,344 :: INFO :: Control node : Start experiment
2021-09-05 11:35:59,411 :: INFO :: Control Node set time delay: 1892 us
2021-09-05 11:35:59,444 :: INFO :: Control node : profile configuration
2021-09-05 11:35:59,451 :: INFO :: Configure profile on Control Node
2021-09-05 11:35:59,530 :: INFO :: Start experiment succeeded
2021-09-05 12:37:05,522 :: INFO :: Gateway Manager : Stop experiment
2021-09-05 12:37:05,532 :: INFO :: Stop experiment
2021-09-05 12:37:05,540 :: INFO :: Control node : stop of the experiment
2021-09-05 12:37:05,548 :: INFO :: Control node : profile configuration
2021-09-05 12:37:05,555 :: INFO :: Configure profile on Control Node
2021-09-05 12:37:05,631 :: INFO :: Control node : start power of open node
2021-09-05 12:37:05,677 :: INFO :: Node OpenOCD: teardown of openocd node
2021-09-05 12:37:08,712 :: INFO :: openocd node debugger stop
2021-09-05 12:37:09,390 :: INFO :: Node OpenOCD: flash of openocd node
2021-09-05 12:37:09,405 :: INFO :: Flash firmware on OpenOCD: /usr/lib/python2.7/site-packages/gateway_code/static/m3_idle.elf
2021-09-05 12:37:11,968 :: INFO :: Control node : Stop control node serial interface
2021-09-05 12:37:11,973 :: INFO :: Control node : stop power of open node
2021-09-05 12:37:12,017 :: INFO :: Control node : reset
2021-09-05 12:37:12,021 :: INFO :: Reset Control Node
2021-09-05 12:37:14,945 :: INFO :: Stop experiment succeeded
