2021-09-05 11:35:46,384 :: INFO :: Start experiment: luna-276354
2021-09-05 11:35:46,388 :: INFO :: Control node : Starting of control node serial interface
2021-09-05 11:35:46,391 :: INFO :: Control node : reset
2021-09-05 11:35:46,393 :: INFO :: Reset Control Node
2021-09-05 11:35:49,350 :: INFO :: Control node : start power of open node
2021-09-05 11:35:49,405 :: INFO :: Node OpenOCD: Setup of openocd node
2021-09-05 11:35:52,447 :: INFO :: Node OpenOCD: flash of openocd node
2021-09-05 11:35:52,462 :: INFO :: Flash firmware on OpenOCD: /tmp/tmpJga5TT--9eca698c47b1367377dfc6ae1bda6964_unicast-sender-count-60T-20B.iotlab-m3
2021-09-05 11:35:59,465 :: INFO :: Control node : Start experiment
2021-09-05 11:35:59,516 :: INFO :: Control Node set time delay: 1557 us
2021-09-05 11:35:59,548 :: INFO :: Control node : profile configuration
2021-09-05 11:35:59,555 :: INFO :: Configure profile on Control Node
2021-09-05 11:35:59,599 :: INFO :: Start experiment succeeded
2021-09-05 12:37:05,511 :: INFO :: Gateway Manager : Stop experiment
2021-09-05 12:37:05,521 :: INFO :: Stop experiment
2021-09-05 12:37:05,529 :: INFO :: Control node : stop of the experiment
2021-09-05 12:37:05,537 :: INFO :: Control node : profile configuration
2021-09-05 12:37:05,544 :: INFO :: Configure profile on Control Node
2021-09-05 12:37:05,621 :: INFO :: Control node : start power of open node
2021-09-05 12:37:05,665 :: INFO :: Node OpenOCD: teardown of openocd node
2021-09-05 12:37:08,707 :: INFO :: openocd node debugger stop
2021-09-05 12:37:09,403 :: INFO :: Node OpenOCD: flash of openocd node
2021-09-05 12:37:09,417 :: INFO :: Flash firmware on OpenOCD: /usr/lib/python2.7/site-packages/gateway_code/static/m3_idle.elf
2021-09-05 12:37:11,930 :: INFO :: Control node : Stop control node serial interface
2021-09-05 12:37:11,938 :: INFO :: Control node : stop power of open node
2021-09-05 12:37:12,047 :: INFO :: Control node : reset
2021-09-05 12:37:12,053 :: INFO :: Reset Control Node
2021-09-05 12:37:14,939 :: INFO :: Stop experiment succeeded
