2021-09-05 11:35:46,453 :: INFO :: Start experiment: luna-276354
2021-09-05 11:35:46,456 :: INFO :: Control node : Starting of control node serial interface
2021-09-05 11:35:46,459 :: INFO :: Control node : reset
2021-09-05 11:35:46,461 :: INFO :: Reset Control Node
2021-09-05 11:35:49,411 :: INFO :: Control node : start power of open node
2021-09-05 11:35:49,467 :: INFO :: Node OpenOCD: Setup of openocd node
2021-09-05 11:35:52,517 :: INFO :: Node OpenOCD: flash of openocd node
2021-09-05 11:35:52,532 :: INFO :: Flash firmware on OpenOCD: /tmp/tmpjCV_QI--9eca698c47b1367377dfc6ae1bda6964_unicast-sender-count-60T-20B.iotlab-m3
2021-09-05 11:35:59,452 :: INFO :: Control node : Start experiment
2021-09-05 11:35:59,507 :: INFO :: Control Node set time delay: 1221 us
2021-09-05 11:35:59,532 :: INFO :: Control node : profile configuration
2021-09-05 11:35:59,539 :: INFO :: Configure profile on Control Node
2021-09-05 11:35:59,603 :: INFO :: Start experiment succeeded
2021-09-05 12:37:05,532 :: INFO :: Gateway Manager : Stop experiment
2021-09-05 12:37:05,542 :: INFO :: Stop experiment
2021-09-05 12:37:05,551 :: INFO :: Control node : stop of the experiment
2021-09-05 12:37:05,558 :: INFO :: Control node : profile configuration
2021-09-05 12:37:05,565 :: INFO :: Configure profile on Control Node
2021-09-05 12:37:05,642 :: INFO :: Control node : start power of open node
2021-09-05 12:37:05,686 :: INFO :: Node OpenOCD: teardown of openocd node
2021-09-05 12:37:08,735 :: INFO :: openocd node debugger stop
2021-09-05 12:37:09,423 :: INFO :: Node OpenOCD: flash of openocd node
2021-09-05 12:37:09,437 :: INFO :: Flash firmware on OpenOCD: /usr/lib/python2.7/site-packages/gateway_code/static/m3_idle.elf
2021-09-05 12:37:11,999 :: INFO :: Control node : Stop control node serial interface
2021-09-05 12:37:12,003 :: INFO :: Control node : stop power of open node
2021-09-05 12:37:12,047 :: INFO :: Control node : reset
2021-09-05 12:37:12,051 :: INFO :: Reset Control Node
2021-09-05 12:37:14,945 :: INFO :: Stop experiment succeeded
