2021-09-06 12:08:41,141 :: INFO :: Start experiment: luna-276378
2021-09-06 12:08:41,144 :: INFO :: Control node : Starting of control node serial interface
2021-09-06 12:08:41,147 :: INFO :: Control node : reset
2021-09-06 12:08:41,150 :: INFO :: Reset Control Node
2021-09-06 12:08:44,112 :: INFO :: Control node : start power of open node
2021-09-06 12:08:44,169 :: INFO :: Node OpenOCD: Setup of openocd node
2021-09-06 12:08:47,211 :: INFO :: Node OpenOCD: flash of openocd node
2021-09-06 12:08:47,225 :: INFO :: Flash firmware on OpenOCD: /tmp/tmp6jERgs--11b39be0afbe655a47f82e084cf5704d_unicast-sender-count-60T-191B.iotlab-m3
2021-09-06 12:08:54,175 :: INFO :: Control node : Start experiment
2021-09-06 12:08:54,255 :: INFO :: Control Node set time delay: 1801 us
2021-09-06 12:08:54,291 :: INFO :: Control node : profile configuration
2021-09-06 12:08:54,298 :: INFO :: Configure profile on Control Node
2021-09-06 12:08:54,379 :: INFO :: Start experiment succeeded
2021-09-06 13:10:00,111 :: INFO :: Gateway Manager : Stop experiment
2021-09-06 13:10:00,120 :: INFO :: Stop experiment
2021-09-06 13:10:00,128 :: INFO :: Control node : stop of the experiment
2021-09-06 13:10:00,136 :: INFO :: Control node : profile configuration
2021-09-06 13:10:00,147 :: INFO :: Configure profile on Control Node
2021-09-06 13:10:00,223 :: INFO :: Control node : start power of open node
2021-09-06 13:10:00,270 :: INFO :: Node OpenOCD: teardown of openocd node
2021-09-06 13:10:03,317 :: INFO :: openocd node debugger stop
2021-09-06 13:10:04,002 :: INFO :: Node OpenOCD: flash of openocd node
2021-09-06 13:10:04,017 :: INFO :: Flash firmware on OpenOCD: /usr/lib/python2.7/site-packages/gateway_code/static/m3_idle.elf
2021-09-06 13:10:06,584 :: INFO :: Control node : Stop control node serial interface
2021-09-06 13:10:06,589 :: INFO :: Control node : stop power of open node
2021-09-06 13:10:06,649 :: INFO :: Control node : reset
2021-09-06 13:10:06,653 :: INFO :: Reset Control Node
2021-09-06 13:10:09,579 :: INFO :: Stop experiment succeeded
