2021-09-05 16:44:44,184 :: INFO :: Start experiment: luna-276359
2021-09-05 16:44:44,187 :: INFO :: Control node : Starting of control node serial interface
2021-09-05 16:44:44,190 :: INFO :: Control node : reset
2021-09-05 16:44:44,193 :: INFO :: Reset Control Node
2021-09-05 16:44:47,144 :: INFO :: Control node : start power of open node
2021-09-05 16:44:47,201 :: INFO :: Node OpenOCD: Setup of openocd node
2021-09-05 16:44:50,242 :: INFO :: Node OpenOCD: flash of openocd node
2021-09-05 16:44:50,256 :: INFO :: Flash firmware on OpenOCD: /tmp/tmpru6kI1--07af995c71c4c03e0b354753e4bf4313_unicast-sender-count-30T-191B.iotlab-m3
2021-09-05 16:44:57,199 :: INFO :: Control node : Start experiment
2021-09-05 16:44:57,249 :: INFO :: Control Node set time delay: 1373 us
2021-09-05 16:44:57,272 :: INFO :: Control node : profile configuration
2021-09-05 16:44:57,278 :: INFO :: Configure profile on Control Node
2021-09-05 16:44:57,356 :: INFO :: Start experiment succeeded
2021-09-05 17:46:03,301 :: INFO :: Gateway Manager : Stop experiment
2021-09-05 17:46:03,310 :: INFO :: Stop experiment
2021-09-05 17:46:03,318 :: INFO :: Control node : stop of the experiment
2021-09-05 17:46:03,326 :: INFO :: Control node : profile configuration
2021-09-05 17:46:03,333 :: INFO :: Configure profile on Control Node
2021-09-05 17:46:03,407 :: INFO :: Control node : start power of open node
2021-09-05 17:46:03,451 :: INFO :: Node OpenOCD: teardown of openocd node
2021-09-05 17:46:06,491 :: INFO :: openocd node debugger stop
2021-09-05 17:46:07,171 :: INFO :: Node OpenOCD: flash of openocd node
2021-09-05 17:46:07,185 :: INFO :: Flash firmware on OpenOCD: /usr/lib/python2.7/site-packages/gateway_code/static/m3_idle.elf
2021-09-05 17:46:09,749 :: INFO :: Control node : Stop control node serial interface
2021-09-05 17:46:09,758 :: INFO :: Control node : stop power of open node
2021-09-05 17:46:09,848 :: INFO :: Control node : reset
2021-09-05 17:46:09,855 :: INFO :: Reset Control Node
2021-09-05 17:46:12,738 :: INFO :: Stop experiment succeeded
