2021-09-05 16:44:44,219 :: INFO :: Start experiment: luna-276359
2021-09-05 16:44:44,223 :: INFO :: Control node : Starting of control node serial interface
2021-09-05 16:44:44,225 :: INFO :: Control node : reset
2021-09-05 16:44:44,228 :: INFO :: Reset Control Node
2021-09-05 16:44:47,182 :: INFO :: Control node : start power of open node
2021-09-05 16:44:47,238 :: INFO :: Node OpenOCD: Setup of openocd node
2021-09-05 16:44:50,279 :: INFO :: Node OpenOCD: flash of openocd node
2021-09-05 16:44:50,294 :: INFO :: Flash firmware on OpenOCD: /tmp/tmpdtb2S9--07af995c71c4c03e0b354753e4bf4313_unicast-sender-count-30T-191B.iotlab-m3
2021-09-05 16:44:57,252 :: INFO :: Control node : Start experiment
2021-09-05 16:44:57,332 :: INFO :: Control Node set time delay: 1587 us
2021-09-05 16:44:57,365 :: INFO :: Control node : profile configuration
2021-09-05 16:44:57,372 :: INFO :: Configure profile on Control Node
2021-09-05 16:44:57,453 :: INFO :: Start experiment succeeded
2021-09-05 17:46:03,330 :: INFO :: Gateway Manager : Stop experiment
2021-09-05 17:46:03,351 :: INFO :: Stop experiment
2021-09-05 17:46:03,368 :: INFO :: Control node : stop of the experiment
2021-09-05 17:46:03,389 :: INFO :: Control node : profile configuration
2021-09-05 17:46:03,405 :: INFO :: Configure profile on Control Node
2021-09-05 17:46:03,568 :: INFO :: Control node : start power of open node
2021-09-05 17:46:03,587 :: INFO :: Node OpenOCD: teardown of openocd node
2021-09-05 17:46:06,629 :: INFO :: openocd node debugger stop
2021-09-05 17:46:07,317 :: INFO :: Node OpenOCD: flash of openocd node
2021-09-05 17:46:07,331 :: INFO :: Flash firmware on OpenOCD: /usr/lib/python2.7/site-packages/gateway_code/static/m3_idle.elf
2021-09-05 17:46:09,898 :: INFO :: Control node : Stop control node serial interface
2021-09-05 17:46:09,906 :: INFO :: Control node : stop power of open node
2021-09-05 17:46:10,005 :: INFO :: Control node : reset
2021-09-05 17:46:10,012 :: INFO :: Reset Control Node
2021-09-05 17:46:12,904 :: INFO :: Stop experiment succeeded
