2021-09-05 16:44:44,212 :: INFO :: Start experiment: luna-276359
2021-09-05 16:44:44,215 :: INFO :: Control node : Starting of control node serial interface
2021-09-05 16:44:44,218 :: INFO :: Control node : reset
2021-09-05 16:44:44,221 :: INFO :: Reset Control Node
2021-09-05 16:44:47,175 :: INFO :: Control node : start power of open node
2021-09-05 16:44:47,231 :: INFO :: Node OpenOCD: Setup of openocd node
2021-09-05 16:44:50,276 :: INFO :: Node OpenOCD: flash of openocd node
2021-09-05 16:44:50,291 :: INFO :: Flash firmware on OpenOCD: /tmp/tmpSH4u5W--07af995c71c4c03e0b354753e4bf4313_unicast-sender-count-30T-191B.iotlab-m3
2021-09-05 16:44:57,246 :: INFO :: Control node : Start experiment
2021-09-05 16:44:57,297 :: INFO :: Control Node set time delay: 1526 us
2021-09-05 16:44:57,316 :: INFO :: Control node : profile configuration
2021-09-05 16:44:57,320 :: INFO :: Configure profile on Control Node
2021-09-05 16:44:57,364 :: INFO :: Start experiment succeeded
2021-09-05 17:46:03,317 :: INFO :: Gateway Manager : Stop experiment
2021-09-05 17:46:03,327 :: INFO :: Stop experiment
2021-09-05 17:46:03,335 :: INFO :: Control node : stop of the experiment
2021-09-05 17:46:03,343 :: INFO :: Control node : profile configuration
2021-09-05 17:46:03,350 :: INFO :: Configure profile on Control Node
2021-09-05 17:46:03,427 :: INFO :: Control node : start power of open node
2021-09-05 17:46:03,471 :: INFO :: Node OpenOCD: teardown of openocd node
2021-09-05 17:46:06,519 :: INFO :: openocd node debugger stop
2021-09-05 17:46:07,214 :: INFO :: Node OpenOCD: flash of openocd node
2021-09-05 17:46:07,228 :: INFO :: Flash firmware on OpenOCD: /usr/lib/python2.7/site-packages/gateway_code/static/m3_idle.elf
2021-09-05 17:46:09,741 :: INFO :: Control node : Stop control node serial interface
2021-09-05 17:46:09,750 :: INFO :: Control node : stop power of open node
2021-09-05 17:46:09,848 :: INFO :: Control node : reset
2021-09-05 17:46:09,854 :: INFO :: Reset Control Node
2021-09-05 17:46:12,689 :: INFO :: Stop experiment succeeded
