2021-09-05 16:44:44,242 :: INFO :: Start experiment: luna-276359
2021-09-05 16:44:44,245 :: INFO :: Control node : Starting of control node serial interface
2021-09-05 16:44:44,248 :: INFO :: Control node : reset
2021-09-05 16:44:44,251 :: INFO :: Reset Control Node
2021-09-05 16:44:47,206 :: INFO :: Control node : start power of open node
2021-09-05 16:44:47,262 :: INFO :: Node OpenOCD: Setup of openocd node
2021-09-05 16:44:50,307 :: INFO :: Node OpenOCD: flash of openocd node
2021-09-05 16:44:50,321 :: INFO :: Flash firmware on OpenOCD: /tmp/tmpXMIdcX--07af995c71c4c03e0b354753e4bf4313_unicast-sender-count-30T-191B.iotlab-m3
2021-09-05 16:44:57,232 :: INFO :: Control node : Start experiment
2021-09-05 16:44:57,283 :: INFO :: Control Node set time delay: 1892 us
2021-09-05 16:44:57,316 :: INFO :: Control node : profile configuration
2021-09-05 16:44:57,322 :: INFO :: Configure profile on Control Node
2021-09-05 16:44:57,402 :: INFO :: Start experiment succeeded
2021-09-05 17:46:03,312 :: INFO :: Gateway Manager : Stop experiment
2021-09-05 17:46:03,321 :: INFO :: Stop experiment
2021-09-05 17:46:03,330 :: INFO :: Control node : stop of the experiment
2021-09-05 17:46:03,340 :: INFO :: Control node : profile configuration
2021-09-05 17:46:03,348 :: INFO :: Configure profile on Control Node
2021-09-05 17:46:03,421 :: INFO :: Control node : start power of open node
2021-09-05 17:46:03,463 :: INFO :: Node OpenOCD: teardown of openocd node
2021-09-05 17:46:06,510 :: INFO :: openocd node debugger stop
2021-09-05 17:46:07,196 :: INFO :: Node OpenOCD: flash of openocd node
2021-09-05 17:46:07,202 :: INFO :: Flash firmware on OpenOCD: /usr/lib/python2.7/site-packages/gateway_code/static/m3_idle.elf
2021-09-05 17:46:09,656 :: INFO :: Control node : Stop control node serial interface
2021-09-05 17:46:09,661 :: INFO :: Control node : stop power of open node
2021-09-05 17:46:09,739 :: INFO :: Control node : reset
2021-09-05 17:46:09,743 :: INFO :: Reset Control Node
2021-09-05 17:46:12,684 :: INFO :: Stop experiment succeeded
