2021-09-05 16:44:44,204 :: INFO :: Start experiment: luna-276359
2021-09-05 16:44:44,208 :: INFO :: Control node : Starting of control node serial interface
2021-09-05 16:44:44,211 :: INFO :: Control node : reset
2021-09-05 16:44:44,213 :: INFO :: Reset Control Node
2021-09-05 16:44:47,163 :: INFO :: Control node : start power of open node
2021-09-05 16:44:47,221 :: INFO :: Node OpenOCD: Setup of openocd node
2021-09-05 16:44:50,267 :: INFO :: Node OpenOCD: flash of openocd node
2021-09-05 16:44:50,282 :: INFO :: Flash firmware on OpenOCD: /tmp/tmpBLnYrR--07af995c71c4c03e0b354753e4bf4313_unicast-sender-count-30T-191B.iotlab-m3
2021-09-05 16:44:57,162 :: INFO :: Control node : Start experiment
2021-09-05 16:44:57,218 :: INFO :: Control Node set time delay: 1892 us
2021-09-05 16:44:57,250 :: INFO :: Control node : profile configuration
2021-09-05 16:44:57,257 :: INFO :: Configure profile on Control Node
2021-09-05 16:44:57,336 :: INFO :: Start experiment succeeded
2021-09-05 17:46:03,337 :: INFO :: Gateway Manager : Stop experiment
2021-09-05 17:46:03,357 :: INFO :: Stop experiment
2021-09-05 17:46:03,378 :: INFO :: Control node : stop of the experiment
2021-09-05 17:46:03,395 :: INFO :: Control node : profile configuration
2021-09-05 17:46:03,411 :: INFO :: Configure profile on Control Node
2021-09-05 17:46:03,531 :: INFO :: Control node : start power of open node
2021-09-05 17:46:03,552 :: INFO :: Node OpenOCD: teardown of openocd node
2021-09-05 17:46:06,587 :: INFO :: openocd node debugger stop
2021-09-05 17:46:07,270 :: INFO :: Node OpenOCD: flash of openocd node
2021-09-05 17:46:07,277 :: INFO :: Flash firmware on OpenOCD: /usr/lib/python2.7/site-packages/gateway_code/static/m3_idle.elf
2021-09-05 17:46:09,782 :: INFO :: Control node : Stop control node serial interface
2021-09-05 17:46:09,787 :: INFO :: Control node : stop power of open node
2021-09-05 17:46:09,848 :: INFO :: Control node : reset
2021-09-05 17:46:09,854 :: INFO :: Reset Control Node
2021-09-05 17:46:12,742 :: INFO :: Stop experiment succeeded
