2021-09-05 16:44:44,178 :: INFO :: Start experiment: luna-276359
2021-09-05 16:44:44,181 :: INFO :: Control node : Starting of control node serial interface
2021-09-05 16:44:44,184 :: INFO :: Control node : reset
2021-09-05 16:44:44,187 :: INFO :: Reset Control Node
2021-09-05 16:44:47,142 :: INFO :: Control node : start power of open node
2021-09-05 16:44:47,197 :: INFO :: Node OpenOCD: Setup of openocd node
2021-09-05 16:44:50,237 :: INFO :: Node OpenOCD: flash of openocd node
2021-09-05 16:44:50,253 :: INFO :: Flash firmware on OpenOCD: /tmp/tmpYjQVgi--07af995c71c4c03e0b354753e4bf4313_unicast-sender-count-30T-191B.iotlab-m3
2021-09-05 16:44:57,104 :: INFO :: Control node : Start experiment
2021-09-05 16:44:57,164 :: INFO :: Control Node set time delay: 1343 us
2021-09-05 16:44:57,196 :: INFO :: Control node : profile configuration
2021-09-05 16:44:57,202 :: INFO :: Configure profile on Control Node
2021-09-05 16:44:57,281 :: INFO :: Start experiment succeeded
2021-09-05 17:46:03,304 :: INFO :: Gateway Manager : Stop experiment
2021-09-05 17:46:03,314 :: INFO :: Stop experiment
2021-09-05 17:46:03,322 :: INFO :: Control node : stop of the experiment
2021-09-05 17:46:03,330 :: INFO :: Control node : profile configuration
2021-09-05 17:46:03,337 :: INFO :: Configure profile on Control Node
2021-09-05 17:46:03,414 :: INFO :: Control node : start power of open node
2021-09-05 17:46:03,458 :: INFO :: Node OpenOCD: teardown of openocd node
2021-09-05 17:46:06,518 :: INFO :: openocd node debugger stop
2021-09-05 17:46:07,203 :: INFO :: Node OpenOCD: flash of openocd node
2021-09-05 17:46:07,210 :: INFO :: Flash firmware on OpenOCD: /usr/lib/python2.7/site-packages/gateway_code/static/m3_idle.elf
2021-09-05 17:46:09,666 :: INFO :: Control node : Stop control node serial interface
2021-09-05 17:46:09,674 :: INFO :: Control node : stop power of open node
2021-09-05 17:46:09,764 :: INFO :: Control node : reset
2021-09-05 17:46:09,770 :: INFO :: Reset Control Node
2021-09-05 17:46:12,663 :: INFO :: Stop experiment succeeded
