2021-09-05 16:44:44,156 :: INFO :: Start experiment: luna-276359
2021-09-05 16:44:44,160 :: INFO :: Control node : Starting of control node serial interface
2021-09-05 16:44:44,163 :: INFO :: Control node : reset
2021-09-05 16:44:44,165 :: INFO :: Reset Control Node
2021-09-05 16:44:47,122 :: INFO :: Control node : start power of open node
2021-09-05 16:44:47,175 :: INFO :: Node OpenOCD: Setup of openocd node
2021-09-05 16:44:50,214 :: INFO :: Node OpenOCD: flash of openocd node
2021-09-05 16:44:50,229 :: INFO :: Flash firmware on OpenOCD: /tmp/tmpsIQDQ_--07af995c71c4c03e0b354753e4bf4313_unicast-sender-count-30T-191B.iotlab-m3
2021-09-05 16:44:57,102 :: INFO :: Control node : Start experiment
2021-09-05 16:44:57,194 :: INFO :: Control Node set time delay: 1495 us
2021-09-05 16:44:57,210 :: INFO :: Control node : profile configuration
2021-09-05 16:44:57,217 :: INFO :: Configure profile on Control Node
2021-09-05 16:44:57,296 :: INFO :: Start experiment succeeded
2021-09-05 17:46:03,312 :: INFO :: Gateway Manager : Stop experiment
2021-09-05 17:46:03,321 :: INFO :: Stop experiment
2021-09-05 17:46:03,329 :: INFO :: Control node : stop of the experiment
2021-09-05 17:46:03,335 :: INFO :: Control node : profile configuration
2021-09-05 17:46:03,342 :: INFO :: Configure profile on Control Node
2021-09-05 17:46:03,413 :: INFO :: Control node : start power of open node
2021-09-05 17:46:03,454 :: INFO :: Node OpenOCD: teardown of openocd node
2021-09-05 17:46:06,496 :: INFO :: openocd node debugger stop
2021-09-05 17:46:07,182 :: INFO :: Node OpenOCD: flash of openocd node
2021-09-05 17:46:07,197 :: INFO :: Flash firmware on OpenOCD: /usr/lib/python2.7/site-packages/gateway_code/static/m3_idle.elf
2021-09-05 17:46:09,759 :: INFO :: Control node : Stop control node serial interface
2021-09-05 17:46:09,767 :: INFO :: Control node : stop power of open node
2021-09-05 17:46:09,879 :: INFO :: Control node : reset
2021-09-05 17:46:09,885 :: INFO :: Reset Control Node
2021-09-05 17:46:12,770 :: INFO :: Stop experiment succeeded
