2021-09-05 16:44:44,249 :: INFO :: Start experiment: luna-276359
2021-09-05 16:44:44,252 :: INFO :: Control node : Starting of control node serial interface
2021-09-05 16:44:44,255 :: INFO :: Control node : reset
2021-09-05 16:44:44,258 :: INFO :: Reset Control Node
2021-09-05 16:44:47,214 :: INFO :: Control node : start power of open node
2021-09-05 16:44:47,235 :: INFO :: Node OpenOCD: Setup of openocd node
2021-09-05 16:44:50,274 :: INFO :: Node OpenOCD: flash of openocd node
2021-09-05 16:44:50,292 :: INFO :: Flash firmware on OpenOCD: /tmp/tmpaKzJVh--07af995c71c4c03e0b354753e4bf4313_unicast-sender-count-30T-191B.iotlab-m3
2021-09-05 16:44:57,193 :: INFO :: Control node : Start experiment
2021-09-05 16:44:57,222 :: INFO :: Control Node set time delay: 1160 us
2021-09-05 16:44:57,255 :: INFO :: Control node : profile configuration
2021-09-05 16:44:57,262 :: INFO :: Configure profile on Control Node
2021-09-05 16:44:57,343 :: INFO :: Start experiment succeeded
2021-09-05 17:46:03,317 :: INFO :: Gateway Manager : Stop experiment
2021-09-05 17:46:03,327 :: INFO :: Stop experiment
2021-09-05 17:46:03,336 :: INFO :: Control node : stop of the experiment
2021-09-05 17:46:03,343 :: INFO :: Control node : profile configuration
2021-09-05 17:46:03,351 :: INFO :: Configure profile on Control Node
2021-09-05 17:46:03,428 :: INFO :: Control node : start power of open node
2021-09-05 17:46:03,473 :: INFO :: Node OpenOCD: teardown of openocd node
2021-09-05 17:46:06,523 :: INFO :: openocd node debugger stop
2021-09-05 17:46:07,206 :: INFO :: Node OpenOCD: flash of openocd node
2021-09-05 17:46:07,214 :: INFO :: Flash firmware on OpenOCD: /usr/lib/python2.7/site-packages/gateway_code/static/m3_idle.elf
2021-09-05 17:46:09,777 :: INFO :: Control node : Stop control node serial interface
2021-09-05 17:46:09,782 :: INFO :: Control node : stop power of open node
2021-09-05 17:46:09,845 :: INFO :: Control node : reset
2021-09-05 17:46:09,849 :: INFO :: Reset Control Node
2021-09-05 17:46:12,657 :: INFO :: Stop experiment succeeded
