2021-09-05 16:44:44,243 :: INFO :: Start experiment: luna-276359
2021-09-05 16:44:44,246 :: INFO :: Control node : Starting of control node serial interface
2021-09-05 16:44:44,249 :: INFO :: Control node : reset
2021-09-05 16:44:44,251 :: INFO :: Reset Control Node
2021-09-05 16:44:47,207 :: INFO :: Control node : start power of open node
2021-09-05 16:44:47,264 :: INFO :: Node OpenOCD: Setup of openocd node
2021-09-05 16:44:50,307 :: INFO :: Node OpenOCD: flash of openocd node
2021-09-05 16:44:50,322 :: INFO :: Flash firmware on OpenOCD: /tmp/tmpV5GuVm--07af995c71c4c03e0b354753e4bf4313_unicast-sender-count-30T-191B.iotlab-m3
2021-09-05 16:44:57,309 :: INFO :: Control node : Start experiment
2021-09-05 16:44:57,368 :: INFO :: Control Node set time delay: 1861 us
2021-09-05 16:44:57,385 :: INFO :: Control node : profile configuration
2021-09-05 16:44:57,388 :: INFO :: Configure profile on Control Node
2021-09-05 16:44:57,431 :: INFO :: Start experiment succeeded
2021-09-05 17:46:03,284 :: INFO :: Gateway Manager : Stop experiment
2021-09-05 17:46:03,293 :: INFO :: Stop experiment
2021-09-05 17:46:03,303 :: INFO :: Control node : stop of the experiment
2021-09-05 17:46:03,310 :: INFO :: Control node : profile configuration
2021-09-05 17:46:03,318 :: INFO :: Configure profile on Control Node
2021-09-05 17:46:03,395 :: INFO :: Control node : start power of open node
2021-09-05 17:46:03,440 :: INFO :: Node OpenOCD: teardown of openocd node
2021-09-05 17:46:06,494 :: INFO :: openocd node debugger stop
2021-09-05 17:46:07,187 :: INFO :: Node OpenOCD: flash of openocd node
2021-09-05 17:46:07,201 :: INFO :: Flash firmware on OpenOCD: /usr/lib/python2.7/site-packages/gateway_code/static/m3_idle.elf
2021-09-05 17:46:09,740 :: INFO :: Control node : Stop control node serial interface
2021-09-05 17:46:09,749 :: INFO :: Control node : stop power of open node
2021-09-05 17:46:09,852 :: INFO :: Control node : reset
2021-09-05 17:46:09,859 :: INFO :: Reset Control Node
2021-09-05 17:46:12,744 :: INFO :: Stop experiment succeeded
