2021-09-05 16:44:44,237 :: INFO :: Start experiment: luna-276359
2021-09-05 16:44:44,241 :: INFO :: Control node : Starting of control node serial interface
2021-09-05 16:44:44,243 :: INFO :: Control node : reset
2021-09-05 16:44:44,246 :: INFO :: Reset Control Node
2021-09-05 16:44:47,198 :: INFO :: Control node : start power of open node
2021-09-05 16:44:47,254 :: INFO :: Node OpenOCD: Setup of openocd node
2021-09-05 16:44:50,307 :: INFO :: Node OpenOCD: flash of openocd node
2021-09-05 16:44:50,322 :: INFO :: Flash firmware on OpenOCD: /tmp/tmpXoA4wD--07af995c71c4c03e0b354753e4bf4313_unicast-sender-count-30T-191B.iotlab-m3
2021-09-05 16:44:57,235 :: INFO :: Control node : Start experiment
2021-09-05 16:44:57,282 :: INFO :: Control Node set time delay: 1525 us
2021-09-05 16:44:57,311 :: INFO :: Control node : profile configuration
2021-09-05 16:44:57,315 :: INFO :: Configure profile on Control Node
2021-09-05 16:44:57,356 :: INFO :: Start experiment succeeded
2021-09-05 17:46:03,288 :: INFO :: Gateway Manager : Stop experiment
2021-09-05 17:46:03,296 :: INFO :: Stop experiment
2021-09-05 17:46:03,304 :: INFO :: Control node : stop of the experiment
2021-09-05 17:46:03,311 :: INFO :: Control node : profile configuration
2021-09-05 17:46:03,318 :: INFO :: Configure profile on Control Node
2021-09-05 17:46:03,392 :: INFO :: Control node : start power of open node
2021-09-05 17:46:03,435 :: INFO :: Node OpenOCD: teardown of openocd node
2021-09-05 17:46:06,491 :: INFO :: openocd node debugger stop
2021-09-05 17:46:07,176 :: INFO :: Node OpenOCD: flash of openocd node
2021-09-05 17:46:07,183 :: INFO :: Flash firmware on OpenOCD: /usr/lib/python2.7/site-packages/gateway_code/static/m3_idle.elf
2021-09-05 17:46:09,687 :: INFO :: Control node : Stop control node serial interface
2021-09-05 17:46:09,692 :: INFO :: Control node : stop power of open node
2021-09-05 17:46:09,747 :: INFO :: Control node : reset
2021-09-05 17:46:09,751 :: INFO :: Reset Control Node
2021-09-05 17:46:12,637 :: INFO :: Stop experiment succeeded
