2021-09-05 16:44:44,247 :: INFO :: Start experiment: luna-276359
2021-09-05 16:44:44,250 :: INFO :: Control node : Starting of control node serial interface
2021-09-05 16:44:44,253 :: INFO :: Control node : reset
2021-09-05 16:44:44,256 :: INFO :: Reset Control Node
2021-09-05 16:44:47,261 :: INFO :: Control node : start power of open node
2021-09-05 16:44:47,319 :: INFO :: Node OpenOCD: Setup of openocd node
2021-09-05 16:44:50,358 :: INFO :: Node OpenOCD: flash of openocd node
2021-09-05 16:44:50,372 :: INFO :: Flash firmware on OpenOCD: /tmp/tmpX4qxsE--07af995c71c4c03e0b354753e4bf4313_unicast-sender-count-30T-191B.iotlab-m3
2021-09-05 16:44:57,243 :: INFO :: Control node : Start experiment
2021-09-05 16:44:57,302 :: INFO :: Control Node set time delay: 1343 us
2021-09-05 16:44:57,335 :: INFO :: Control node : profile configuration
2021-09-05 16:44:57,341 :: INFO :: Configure profile on Control Node
2021-09-05 16:44:57,420 :: INFO :: Start experiment succeeded
2021-09-05 17:46:03,300 :: INFO :: Gateway Manager : Stop experiment
2021-09-05 17:46:03,309 :: INFO :: Stop experiment
2021-09-05 17:46:03,317 :: INFO :: Control node : stop of the experiment
2021-09-05 17:46:03,324 :: INFO :: Control node : profile configuration
2021-09-05 17:46:03,331 :: INFO :: Configure profile on Control Node
2021-09-05 17:46:03,406 :: INFO :: Control node : start power of open node
2021-09-05 17:46:03,448 :: INFO :: Node OpenOCD: teardown of openocd node
2021-09-05 17:46:06,498 :: INFO :: openocd node debugger stop
2021-09-05 17:46:07,187 :: INFO :: Node OpenOCD: flash of openocd node
2021-09-05 17:46:07,201 :: INFO :: Flash firmware on OpenOCD: /usr/lib/python2.7/site-packages/gateway_code/static/m3_idle.elf
2021-09-05 17:46:09,763 :: INFO :: Control node : Stop control node serial interface
2021-09-05 17:46:09,772 :: INFO :: Control node : stop power of open node
2021-09-05 17:46:09,867 :: INFO :: Control node : reset
2021-09-05 17:46:09,873 :: INFO :: Reset Control Node
2021-09-05 17:46:12,756 :: INFO :: Stop experiment succeeded
