2021-09-05 16:44:44,219 :: INFO :: Start experiment: luna-276359
2021-09-05 16:44:44,222 :: INFO :: Control node : Starting of control node serial interface
2021-09-05 16:44:44,225 :: INFO :: Control node : reset
2021-09-05 16:44:44,227 :: INFO :: Reset Control Node
2021-09-05 16:44:47,180 :: INFO :: Control node : start power of open node
2021-09-05 16:44:47,236 :: INFO :: Node OpenOCD: Setup of openocd node
2021-09-05 16:44:50,288 :: INFO :: Node OpenOCD: flash of openocd node
2021-09-05 16:44:50,300 :: INFO :: Flash firmware on OpenOCD: /tmp/tmpSP1Q1a--07af995c71c4c03e0b354753e4bf4313_unicast-sender-count-30T-191B.iotlab-m3
2021-09-05 16:44:57,200 :: INFO :: Control node : Start experiment
2021-09-05 16:44:57,257 :: INFO :: Control Node set time delay: 1618 us
2021-09-05 16:44:57,279 :: INFO :: Control node : profile configuration
2021-09-05 16:44:57,286 :: INFO :: Configure profile on Control Node
2021-09-05 16:44:57,337 :: INFO :: Start experiment succeeded
2021-09-05 17:46:03,306 :: INFO :: Gateway Manager : Stop experiment
2021-09-05 17:46:03,316 :: INFO :: Stop experiment
2021-09-05 17:46:03,324 :: INFO :: Control node : stop of the experiment
2021-09-05 17:46:03,332 :: INFO :: Control node : profile configuration
2021-09-05 17:46:03,342 :: INFO :: Configure profile on Control Node
2021-09-05 17:46:03,417 :: INFO :: Control node : start power of open node
2021-09-05 17:46:03,461 :: INFO :: Node OpenOCD: teardown of openocd node
2021-09-05 17:46:06,521 :: INFO :: openocd node debugger stop
2021-09-05 17:46:07,213 :: INFO :: Node OpenOCD: flash of openocd node
2021-09-05 17:46:07,227 :: INFO :: Flash firmware on OpenOCD: /usr/lib/python2.7/site-packages/gateway_code/static/m3_idle.elf
2021-09-05 17:46:09,848 :: INFO :: Control node : Stop control node serial interface
2021-09-05 17:46:09,856 :: INFO :: Control node : stop power of open node
2021-09-05 17:46:09,955 :: INFO :: Control node : reset
2021-09-05 17:46:09,961 :: INFO :: Reset Control Node
2021-09-05 17:46:12,850 :: INFO :: Stop experiment succeeded
