2021-09-05 16:44:44,261 :: INFO :: Start experiment: luna-276359
2021-09-05 16:44:44,264 :: INFO :: Control node : Starting of control node serial interface
2021-09-05 16:44:44,267 :: INFO :: Control node : reset
2021-09-05 16:44:44,270 :: INFO :: Reset Control Node
2021-09-05 16:44:47,273 :: INFO :: Control node : start power of open node
2021-09-05 16:44:47,330 :: INFO :: Node OpenOCD: Setup of openocd node
2021-09-05 16:44:50,371 :: INFO :: Node OpenOCD: flash of openocd node
2021-09-05 16:44:50,385 :: INFO :: Flash firmware on OpenOCD: /tmp/tmpsQzb5P--07af995c71c4c03e0b354753e4bf4313_unicast-sender-count-30T-191B.iotlab-m3
2021-09-05 16:44:57,321 :: INFO :: Control node : Start experiment
2021-09-05 16:44:57,348 :: INFO :: Control Node set time delay: 1007 us
2021-09-05 16:44:57,366 :: INFO :: Control node : profile configuration
2021-09-05 16:44:57,369 :: INFO :: Configure profile on Control Node
2021-09-05 16:44:57,413 :: INFO :: Start experiment succeeded
2021-09-05 17:46:03,319 :: INFO :: Gateway Manager : Stop experiment
2021-09-05 17:46:03,328 :: INFO :: Stop experiment
2021-09-05 17:46:03,336 :: INFO :: Control node : stop of the experiment
2021-09-05 17:46:03,343 :: INFO :: Control node : profile configuration
2021-09-05 17:46:03,353 :: INFO :: Configure profile on Control Node
2021-09-05 17:46:03,425 :: INFO :: Control node : start power of open node
2021-09-05 17:46:03,467 :: INFO :: Node OpenOCD: teardown of openocd node
2021-09-05 17:46:06,517 :: INFO :: openocd node debugger stop
2021-09-05 17:46:07,210 :: INFO :: Node OpenOCD: flash of openocd node
2021-09-05 17:46:07,224 :: INFO :: Flash firmware on OpenOCD: /usr/lib/python2.7/site-packages/gateway_code/static/m3_idle.elf
2021-09-05 17:46:09,742 :: INFO :: Control node : Stop control node serial interface
2021-09-05 17:46:09,751 :: INFO :: Control node : stop power of open node
2021-09-05 17:46:09,841 :: INFO :: Control node : reset
2021-09-05 17:46:09,848 :: INFO :: Reset Control Node
2021-09-05 17:46:12,732 :: INFO :: Stop experiment succeeded
