2021-09-05 16:44:44,261 :: INFO :: Start experiment: luna-276359
2021-09-05 16:44:44,265 :: INFO :: Control node : Starting of control node serial interface
2021-09-05 16:44:44,267 :: INFO :: Control node : reset
2021-09-05 16:44:44,270 :: INFO :: Reset Control Node
2021-09-05 16:44:47,279 :: INFO :: Control node : start power of open node
2021-09-05 16:44:47,338 :: INFO :: Node OpenOCD: Setup of openocd node
2021-09-05 16:44:50,376 :: INFO :: Node OpenOCD: flash of openocd node
2021-09-05 16:44:50,391 :: INFO :: Flash firmware on OpenOCD: /tmp/tmp98IYDz--07af995c71c4c03e0b354753e4bf4313_unicast-sender-count-30T-191B.iotlab-m3
2021-09-05 16:44:57,416 :: INFO :: Control node : Start experiment
2021-09-05 16:44:57,442 :: INFO :: Control Node set time delay: 1342 us
2021-09-05 16:44:57,459 :: INFO :: Control node : profile configuration
2021-09-05 16:44:57,463 :: INFO :: Configure profile on Control Node
2021-09-05 16:44:57,508 :: INFO :: Start experiment succeeded
2021-09-05 17:46:03,319 :: INFO :: Gateway Manager : Stop experiment
2021-09-05 17:46:03,329 :: INFO :: Stop experiment
2021-09-05 17:46:03,338 :: INFO :: Control node : stop of the experiment
2021-09-05 17:46:03,346 :: INFO :: Control node : profile configuration
2021-09-05 17:46:03,353 :: INFO :: Configure profile on Control Node
2021-09-05 17:46:03,428 :: INFO :: Control node : start power of open node
2021-09-05 17:46:03,473 :: INFO :: Node OpenOCD: teardown of openocd node
2021-09-05 17:46:06,521 :: INFO :: openocd node debugger stop
2021-09-05 17:46:07,209 :: INFO :: Node OpenOCD: flash of openocd node
2021-09-05 17:46:07,216 :: INFO :: Flash firmware on OpenOCD: /usr/lib/python2.7/site-packages/gateway_code/static/m3_idle.elf
2021-09-05 17:46:09,725 :: INFO :: Control node : Stop control node serial interface
2021-09-05 17:46:09,730 :: INFO :: Control node : stop power of open node
2021-09-05 17:46:09,805 :: INFO :: Control node : reset
2021-09-05 17:46:09,812 :: INFO :: Reset Control Node
2021-09-05 17:46:12,695 :: INFO :: Stop experiment succeeded
