2021-09-05 08:30:17,799 :: INFO :: Start experiment: luna-276351
2021-09-05 08:30:17,802 :: INFO :: Control node : Starting of control node serial interface
2021-09-05 08:30:17,805 :: INFO :: Control node : reset
2021-09-05 08:30:17,808 :: INFO :: Reset Control Node
2021-09-05 08:30:20,759 :: INFO :: Control node : start power of open node
2021-09-05 08:30:20,814 :: INFO :: Node OpenOCD: Setup of openocd node
2021-09-05 08:30:23,867 :: INFO :: Node OpenOCD: flash of openocd node
2021-09-05 08:30:23,882 :: INFO :: Flash firmware on OpenOCD: /tmp/tmpqcmOxF--11b39be0afbe655a47f82e084cf5704d_unicast-sender-count-60T-191B.iotlab-m3
2021-09-05 08:30:30,814 :: INFO :: Control node : Start experiment
2021-09-05 08:30:30,863 :: INFO :: Control Node set time delay: 1648 us
2021-09-05 08:30:30,898 :: INFO :: Control node : profile configuration
2021-09-05 08:30:30,904 :: INFO :: Configure profile on Control Node
2021-09-05 08:30:30,948 :: INFO :: Start experiment succeeded
2021-09-05 09:31:36,822 :: INFO :: Gateway Manager : Stop experiment
2021-09-05 09:31:36,831 :: INFO :: Stop experiment
2021-09-05 09:31:36,840 :: INFO :: Control node : stop of the experiment
2021-09-05 09:31:36,847 :: INFO :: Control node : profile configuration
2021-09-05 09:31:36,854 :: INFO :: Configure profile on Control Node
2021-09-05 09:31:36,928 :: INFO :: Control node : start power of open node
2021-09-05 09:31:36,970 :: INFO :: Node OpenOCD: teardown of openocd node
2021-09-05 09:31:40,027 :: INFO :: openocd node debugger stop
2021-09-05 09:31:40,723 :: INFO :: Node OpenOCD: flash of openocd node
2021-09-05 09:31:40,737 :: INFO :: Flash firmware on OpenOCD: /usr/lib/python2.7/site-packages/gateway_code/static/m3_idle.elf
2021-09-05 09:31:43,257 :: INFO :: Control node : Stop control node serial interface
2021-09-05 09:31:43,266 :: INFO :: Control node : stop power of open node
2021-09-05 09:31:43,373 :: INFO :: Control node : reset
2021-09-05 09:31:43,380 :: INFO :: Reset Control Node
2021-09-05 09:31:46,271 :: INFO :: Stop experiment succeeded
