2021-09-05 08:30:17,784 :: INFO :: Start experiment: luna-276351
2021-09-05 08:30:17,787 :: INFO :: Control node : Starting of control node serial interface
2021-09-05 08:30:17,790 :: INFO :: Control node : reset
2021-09-05 08:30:17,792 :: INFO :: Reset Control Node
2021-09-05 08:30:20,741 :: INFO :: Control node : start power of open node
2021-09-05 08:30:20,791 :: INFO :: Node OpenOCD: Setup of openocd node
2021-09-05 08:30:23,821 :: INFO :: Node OpenOCD: flash of openocd node
2021-09-05 08:30:23,839 :: INFO :: Flash firmware on OpenOCD: /tmp/tmpQwZfBV--11b39be0afbe655a47f82e084cf5704d_unicast-sender-count-60T-191B.iotlab-m3
2021-09-05 08:30:30,841 :: INFO :: Control node : Start experiment
2021-09-05 08:30:30,899 :: INFO :: Control Node set time delay: 1525 us
2021-09-05 08:30:30,922 :: INFO :: Control node : profile configuration
2021-09-05 08:30:30,925 :: INFO :: Configure profile on Control Node
2021-09-05 08:30:30,968 :: INFO :: Start experiment succeeded
2021-09-05 09:31:36,798 :: INFO :: Gateway Manager : Stop experiment
2021-09-05 09:31:36,808 :: INFO :: Stop experiment
2021-09-05 09:31:36,816 :: INFO :: Control node : stop of the experiment
2021-09-05 09:31:36,823 :: INFO :: Control node : profile configuration
2021-09-05 09:31:36,832 :: INFO :: Configure profile on Control Node
2021-09-05 09:31:36,903 :: INFO :: Control node : start power of open node
2021-09-05 09:31:36,945 :: INFO :: Node OpenOCD: teardown of openocd node
2021-09-05 09:31:40,009 :: INFO :: openocd node debugger stop
2021-09-05 09:31:40,700 :: INFO :: Node OpenOCD: flash of openocd node
2021-09-05 09:31:40,715 :: INFO :: Flash firmware on OpenOCD: /usr/lib/python2.7/site-packages/gateway_code/static/m3_idle.elf
2021-09-05 09:31:43,272 :: INFO :: Control node : Stop control node serial interface
2021-09-05 09:31:43,277 :: INFO :: Control node : stop power of open node
2021-09-05 09:31:43,329 :: INFO :: Control node : reset
2021-09-05 09:31:43,333 :: INFO :: Reset Control Node
2021-09-05 09:31:46,258 :: INFO :: Stop experiment succeeded
