2021-09-05 08:30:17,802 :: INFO :: Start experiment: luna-276351
2021-09-05 08:30:17,806 :: INFO :: Control node : Starting of control node serial interface
2021-09-05 08:30:17,809 :: INFO :: Control node : reset
2021-09-05 08:30:17,811 :: INFO :: Reset Control Node
2021-09-05 08:30:20,765 :: INFO :: Control node : start power of open node
2021-09-05 08:30:20,820 :: INFO :: Node OpenOCD: Setup of openocd node
2021-09-05 08:30:23,873 :: INFO :: Node OpenOCD: flash of openocd node
2021-09-05 08:30:23,887 :: INFO :: Flash firmware on OpenOCD: /tmp/tmpBMGJjK--11b39be0afbe655a47f82e084cf5704d_unicast-sender-count-60T-191B.iotlab-m3
2021-09-05 08:30:30,787 :: INFO :: Control node : Start experiment
2021-09-05 08:30:30,862 :: INFO :: Control Node set time delay: 1861 us
2021-09-05 08:30:30,888 :: INFO :: Control node : profile configuration
2021-09-05 08:30:30,895 :: INFO :: Configure profile on Control Node
2021-09-05 08:30:30,974 :: INFO :: Start experiment succeeded
2021-09-05 09:31:36,803 :: INFO :: Gateway Manager : Stop experiment
2021-09-05 09:31:36,813 :: INFO :: Stop experiment
2021-09-05 09:31:36,821 :: INFO :: Control node : stop of the experiment
2021-09-05 09:31:36,829 :: INFO :: Control node : profile configuration
2021-09-05 09:31:36,837 :: INFO :: Configure profile on Control Node
2021-09-05 09:31:36,916 :: INFO :: Control node : start power of open node
2021-09-05 09:31:36,960 :: INFO :: Node OpenOCD: teardown of openocd node
2021-09-05 09:31:40,009 :: INFO :: openocd node debugger stop
2021-09-05 09:31:40,700 :: INFO :: Node OpenOCD: flash of openocd node
2021-09-05 09:31:40,715 :: INFO :: Flash firmware on OpenOCD: /usr/lib/python2.7/site-packages/gateway_code/static/m3_idle.elf
2021-09-05 09:31:43,285 :: INFO :: Control node : Stop control node serial interface
2021-09-05 09:31:43,294 :: INFO :: Control node : stop power of open node
2021-09-05 09:31:43,391 :: INFO :: Control node : reset
2021-09-05 09:31:43,397 :: INFO :: Reset Control Node
2021-09-05 09:31:46,285 :: INFO :: Stop experiment succeeded
