2021-09-05 08:30:17,797 :: INFO :: Start experiment: luna-276351
2021-09-05 08:30:17,800 :: INFO :: Control node : Starting of control node serial interface
2021-09-05 08:30:17,803 :: INFO :: Control node : reset
2021-09-05 08:30:17,806 :: INFO :: Reset Control Node
2021-09-05 08:30:20,758 :: INFO :: Control node : start power of open node
2021-09-05 08:30:20,805 :: INFO :: Node OpenOCD: Setup of openocd node
2021-09-05 08:30:23,837 :: INFO :: Node OpenOCD: flash of openocd node
2021-09-05 08:30:23,855 :: INFO :: Flash firmware on OpenOCD: /tmp/tmpX1fJqu--11b39be0afbe655a47f82e084cf5704d_unicast-sender-count-60T-191B.iotlab-m3
2021-09-05 08:30:30,865 :: INFO :: Control node : Start experiment
2021-09-05 08:30:30,916 :: INFO :: Control Node set time delay: 1800 us
2021-09-05 08:30:30,942 :: INFO :: Control node : profile configuration
2021-09-05 08:30:30,945 :: INFO :: Configure profile on Control Node
2021-09-05 08:30:30,994 :: INFO :: Start experiment succeeded
2021-09-05 09:31:36,827 :: INFO :: Gateway Manager : Stop experiment
2021-09-05 09:31:36,846 :: INFO :: Stop experiment
2021-09-05 09:31:36,865 :: INFO :: Control node : stop of the experiment
2021-09-05 09:31:36,887 :: INFO :: Control node : profile configuration
2021-09-05 09:31:36,902 :: INFO :: Configure profile on Control Node
2021-09-05 09:31:37,062 :: INFO :: Control node : start power of open node
2021-09-05 09:31:37,082 :: INFO :: Node OpenOCD: teardown of openocd node
2021-09-05 09:31:40,127 :: INFO :: openocd node debugger stop
2021-09-05 09:31:40,809 :: INFO :: Node OpenOCD: flash of openocd node
2021-09-05 09:31:40,816 :: INFO :: Flash firmware on OpenOCD: /usr/lib/python2.7/site-packages/gateway_code/static/m3_idle.elf
2021-09-05 09:31:43,270 :: INFO :: Control node : Stop control node serial interface
2021-09-05 09:31:43,275 :: INFO :: Control node : stop power of open node
2021-09-05 09:31:43,326 :: INFO :: Control node : reset
2021-09-05 09:31:43,330 :: INFO :: Reset Control Node
2021-09-05 09:31:46,241 :: INFO :: Stop experiment succeeded
