2021-09-05 08:30:17,818 :: INFO :: Start experiment: luna-276351
2021-09-05 08:30:17,822 :: INFO :: Control node : Starting of control node serial interface
2021-09-05 08:30:17,825 :: INFO :: Control node : reset
2021-09-05 08:30:17,827 :: INFO :: Reset Control Node
2021-09-05 08:30:20,827 :: INFO :: Control node : start power of open node
2021-09-05 08:30:20,885 :: INFO :: Node OpenOCD: Setup of openocd node
2021-09-05 08:30:23,929 :: INFO :: Node OpenOCD: flash of openocd node
2021-09-05 08:30:23,943 :: INFO :: Flash firmware on OpenOCD: /tmp/tmpF_lESP--11b39be0afbe655a47f82e084cf5704d_unicast-sender-count-60T-191B.iotlab-m3
2021-09-05 08:30:30,821 :: INFO :: Control node : Start experiment
2021-09-05 08:30:30,874 :: INFO :: Control Node set time delay: 1281 us
2021-09-05 08:30:30,906 :: INFO :: Control node : profile configuration
2021-09-05 08:30:30,913 :: INFO :: Configure profile on Control Node
2021-09-05 08:30:30,991 :: INFO :: Start experiment succeeded
2021-09-05 09:31:36,794 :: INFO :: Gateway Manager : Stop experiment
2021-09-05 09:31:36,803 :: INFO :: Stop experiment
2021-09-05 09:31:36,812 :: INFO :: Control node : stop of the experiment
2021-09-05 09:31:36,820 :: INFO :: Control node : profile configuration
2021-09-05 09:31:36,828 :: INFO :: Configure profile on Control Node
2021-09-05 09:31:36,907 :: INFO :: Control node : start power of open node
2021-09-05 09:31:36,951 :: INFO :: Node OpenOCD: teardown of openocd node
2021-09-05 09:31:39,990 :: INFO :: openocd node debugger stop
2021-09-05 09:31:40,676 :: INFO :: Node OpenOCD: flash of openocd node
2021-09-05 09:31:40,691 :: INFO :: Flash firmware on OpenOCD: /usr/lib/python2.7/site-packages/gateway_code/static/m3_idle.elf
2021-09-05 09:31:43,260 :: INFO :: Control node : Stop control node serial interface
2021-09-05 09:31:43,269 :: INFO :: Control node : stop power of open node
2021-09-05 09:31:43,364 :: INFO :: Control node : reset
2021-09-05 09:31:43,371 :: INFO :: Reset Control Node
2021-09-05 09:31:46,210 :: INFO :: Stop experiment succeeded
